SAPointNet(
  (attn1): SelfAttention(
    (query): Linear(in_features=64, out_features=64, bias=True)
    (key): Linear(in_features=64, out_features=64, bias=True)
    (value): Linear(in_features=64, out_features=64, bias=True)
  )
  (attn2): SelfAttention(
    (query): Linear(in_features=64, out_features=64, bias=True)
    (key): Linear(in_features=64, out_features=64, bias=True)
    (value): Linear(in_features=64, out_features=64, bias=True)
  )
  (attn3): SelfAttention(
    (query): Linear(in_features=128, out_features=128, bias=True)
    (key): Linear(in_features=128, out_features=128, bias=True)
    (value): Linear(in_features=128, out_features=128, bias=True)
  )
  (conv1): Conv1d(3, 64, kernel_size=(1,), stride=(1,), bias=False)
  (conv2): Conv1d(64, 64, kernel_size=(1,), stride=(1,), bias=False)
  (conv3): Conv1d(64, 64, kernel_size=(1,), stride=(1,), bias=False)
  (conv4): Conv1d(64, 128, kernel_size=(1,), stride=(1,), bias=False)
  (conv5): Conv1d(128, 1024, kernel_size=(1,), stride=(1,), bias=False)
  (conv6): Conv1d(1024, 256, kernel_size=(1,), stride=(1,), bias=False)
  (bn1): BatchNorm1d(64, eps=1e-05, momentum=0.1, affine=True, track_running_stats=True)
  (bn2): BatchNorm1d(64, eps=1e-05, momentum=0.1, affine=True, track_running_stats=True)
  (bn3): BatchNorm1d(64, eps=1e-05, momentum=0.1, affine=True, track_running_stats=True)
  (bn4): BatchNorm1d(128, eps=1e-05, momentum=0.1, affine=True, track_running_stats=True)
  (bn5): BatchNorm1d(1024, eps=1e-05, momentum=0.1, affine=True, track_running_stats=True)
  (bn6): BatchNorm1d(256, eps=1e-05, momentum=0.1, affine=True, track_running_stats=True)
  (linear1): Linear(in_features=256, out_features=512, bias=False)
  (bn7): BatchNorm1d(512, eps=1e-05, momentum=0.1, affine=True, track_running_stats=True)
  (dp1): Dropout(p=0.5, inplace=False)
  (linear2): Linear(in_features=512, out_features=40, bias=True)
)
Train: 0, time: 12.057243, loss: 2.929395, train acc: 0.360595, train avg acc: 0.193335
Validation: 0, time: 12.057243, loss: 2.336433, validation acc: 0.573131, validation avg acc: 0.358509
Train: 1, time: 11.822813, loss: 2.444200, train acc: 0.539382, train avg acc: 0.348999
Validation: 1, time: 11.822813, loss: 2.063114, validation acc: 0.697725, validation avg acc: 0.504876
Train: 2, time: 11.850139, loss: 2.257818, train acc: 0.621050, train avg acc: 0.447710
Validation: 2, time: 11.850139, loss: 1.942801, validation acc: 0.730228, validation avg acc: 0.556304
Train: 3, time: 11.734538, loss: 2.135100, train acc: 0.665195, train avg acc: 0.506600
Validation: 3, time: 11.734538, loss: 1.848027, validation acc: 0.768147, validation avg acc: 0.610963
Train: 4, time: 12.061919, loss: 2.066223, train acc: 0.689475, train avg acc: 0.536492
Validation: 4, time: 12.061919, loss: 1.810206, validation acc: 0.781148, validation avg acc: 0.636831
Train: 5, time: 11.769321, loss: 2.000061, train acc: 0.714800, train avg acc: 0.571632
Validation: 5, time: 11.769321, loss: 1.770670, validation acc: 0.809859, validation avg acc: 0.690776
Train: 6, time: 12.232848, loss: 1.952554, train acc: 0.740125, train avg acc: 0.606019
Validation: 6, time: 12.232848, loss: 1.766371, validation acc: 0.796316, validation avg acc: 0.657947
Train: 7, time: 11.702460, loss: 1.932050, train acc: 0.742797, train avg acc: 0.615039
Validation: 7, time: 11.702460, loss: 1.733822, validation acc: 0.814735, validation avg acc: 0.694392
Train: 8, time: 11.970427, loss: 1.887145, train acc: 0.767309, train avg acc: 0.645199
Validation: 8, time: 11.970427, loss: 1.709508, validation acc: 0.837486, validation avg acc: 0.721504
Train: 9, time: 11.902589, loss: 1.873314, train acc: 0.765683, train avg acc: 0.643476
Validation: 9, time: 11.902589, loss: 1.682594, validation acc: 0.840195, validation avg acc: 0.739316
Train: 10, time: 11.964725, loss: 1.842132, train acc: 0.786478, train avg acc: 0.669904
Validation: 10, time: 11.964725, loss: 1.666625, validation acc: 0.842362, validation avg acc: 0.731160
Train: 11, time: 12.150037, loss: 1.826638, train acc: 0.784967, train avg acc: 0.673265
Validation: 11, time: 12.150037, loss: 1.658125, validation acc: 0.858072, validation avg acc: 0.761581
Train: 12, time: 12.053923, loss: 1.810240, train acc: 0.797630, train avg acc: 0.692022
Validation: 12, time: 12.053923, loss: 1.647263, validation acc: 0.859697, validation avg acc: 0.757759
Train: 13, time: 12.321913, loss: 1.796451, train acc: 0.801115, train avg acc: 0.698825
Validation: 13, time: 12.321913, loss: 1.640405, validation acc: 0.863489, validation avg acc: 0.781425
Train: 14, time: 12.201195, loss: 1.778116, train acc: 0.809712, train avg acc: 0.710196
Validation: 14, time: 12.201195, loss: 1.643680, validation acc: 0.860780, validation avg acc: 0.780731
Train: 15, time: 11.866980, loss: 1.758742, train acc: 0.821329, train avg acc: 0.727090
Validation: 15, time: 11.866980, loss: 1.624135, validation acc: 0.871073, validation avg acc: 0.793203
Train: 16, time: 12.044915, loss: 1.750940, train acc: 0.822026, train avg acc: 0.729481
Validation: 16, time: 12.044915, loss: 1.611015, validation acc: 0.879740, validation avg acc: 0.801349
Train: 17, time: 13.138604, loss: 1.738464, train acc: 0.827835, train avg acc: 0.736672
Validation: 17, time: 13.138604, loss: 1.612322, validation acc: 0.878115, validation avg acc: 0.802254
Train: 18, time: 13.171470, loss: 1.737649, train acc: 0.831436, train avg acc: 0.737320
Validation: 18, time: 13.171470, loss: 1.599700, validation acc: 0.878657, validation avg acc: 0.805456
Train: 19, time: 13.212262, loss: 1.717179, train acc: 0.836547, train avg acc: 0.749382
Validation: 19, time: 13.212262, loss: 1.590348, validation acc: 0.880823, validation avg acc: 0.803147
Train: 20, time: 13.309988, loss: 1.709013, train acc: 0.840381, train avg acc: 0.755777
Validation: 20, time: 13.309988, loss: 1.586409, validation acc: 0.878115, validation avg acc: 0.803822
Train: 21, time: 13.184133, loss: 1.701764, train acc: 0.840846, train avg acc: 0.755368
Validation: 21, time: 13.184133, loss: 1.585202, validation acc: 0.881907, validation avg acc: 0.808675
Train: 22, time: 12.947075, loss: 1.692257, train acc: 0.845841, train avg acc: 0.764116
Validation: 22, time: 12.947075, loss: 1.584530, validation acc: 0.887324, validation avg acc: 0.825920
Train: 23, time: 12.279680, loss: 1.685314, train acc: 0.849907, train avg acc: 0.771468
Validation: 23, time: 12.279680, loss: 1.575558, validation acc: 0.888407, validation avg acc: 0.811771
Train: 24, time: 13.069734, loss: 1.679659, train acc: 0.849210, train avg acc: 0.769292
Validation: 24, time: 13.069734, loss: 1.575747, validation acc: 0.884074, validation avg acc: 0.814326
Train: 25, time: 12.691195, loss: 1.667456, train acc: 0.857226, train avg acc: 0.779519
Validation: 25, time: 12.691195, loss: 1.564323, validation acc: 0.892741, validation avg acc: 0.827450
Train: 26, time: 13.003922, loss: 1.663729, train acc: 0.858968, train avg acc: 0.785071
Validation: 26, time: 13.003922, loss: 1.564480, validation acc: 0.887866, validation avg acc: 0.812459
Train: 27, time: 12.811676, loss: 1.652745, train acc: 0.863383, train avg acc: 0.791120
Validation: 27, time: 12.811676, loss: 1.568348, validation acc: 0.887324, validation avg acc: 0.818196
Train: 28, time: 13.000674, loss: 1.655557, train acc: 0.859085, train avg acc: 0.781362
Validation: 28, time: 13.000674, loss: 1.567324, validation acc: 0.890033, validation avg acc: 0.822289
Train: 29, time: 12.945455, loss: 1.642523, train acc: 0.868727, train avg acc: 0.797365
Validation: 29, time: 12.945455, loss: 1.546357, validation acc: 0.893824, validation avg acc: 0.826677
Train: 30, time: 12.780011, loss: 1.640433, train acc: 0.872096, train avg acc: 0.805254
Validation: 30, time: 12.780011, loss: 1.552142, validation acc: 0.893824, validation avg acc: 0.829721
Train: 31, time: 12.886734, loss: 1.635914, train acc: 0.870005, train avg acc: 0.799146
Validation: 31, time: 12.886734, loss: 1.547137, validation acc: 0.895991, validation avg acc: 0.834678
Train: 32, time: 12.858989, loss: 1.627534, train acc: 0.871166, train avg acc: 0.800666
Validation: 32, time: 12.858989, loss: 1.552781, validation acc: 0.897075, validation avg acc: 0.827570
Train: 33, time: 12.799056, loss: 1.625572, train acc: 0.875232, train avg acc: 0.807742
Validation: 33, time: 12.799056, loss: 1.555831, validation acc: 0.897075, validation avg acc: 0.827014
Train: 34, time: 13.018793, loss: 1.616467, train acc: 0.880460, train avg acc: 0.813944
Validation: 34, time: 13.018793, loss: 1.548411, validation acc: 0.897616, validation avg acc: 0.830910
Train: 35, time: 12.817649, loss: 1.616606, train acc: 0.877788, train avg acc: 0.815483
Validation: 35, time: 12.817649, loss: 1.544952, validation acc: 0.901408, validation avg acc: 0.846090
Train: 36, time: 12.578515, loss: 1.611514, train acc: 0.878950, train avg acc: 0.812634
Validation: 36, time: 12.578515, loss: 1.529411, validation acc: 0.905742, validation avg acc: 0.845625
Train: 37, time: 12.748139, loss: 1.605309, train acc: 0.883132, train avg acc: 0.820817
Validation: 37, time: 12.748139, loss: 1.536956, validation acc: 0.899783, validation avg acc: 0.838148
Train: 38, time: 12.561221, loss: 1.600430, train acc: 0.884642, train avg acc: 0.823851
Validation: 38, time: 12.561221, loss: 1.523876, validation acc: 0.905200, validation avg acc: 0.855833
Train: 39, time: 13.071281, loss: 1.599843, train acc: 0.881738, train avg acc: 0.817803
Validation: 39, time: 13.071281, loss: 1.525263, validation acc: 0.901950, validation avg acc: 0.846216
Train: 40, time: 12.871384, loss: 1.588767, train acc: 0.890915, train avg acc: 0.830272
Validation: 40, time: 12.871384, loss: 1.529711, validation acc: 0.901408, validation avg acc: 0.843037
Train: 41, time: 12.803873, loss: 1.592426, train acc: 0.888708, train avg acc: 0.830495
Validation: 41, time: 12.803873, loss: 1.530836, validation acc: 0.898158, validation avg acc: 0.835726
Train: 42, time: 12.952929, loss: 1.592750, train acc: 0.887430, train avg acc: 0.824354
Validation: 42, time: 12.952929, loss: 1.531543, validation acc: 0.904117, validation avg acc: 0.841864
Train: 43, time: 12.851243, loss: 1.585164, train acc: 0.891496, train avg acc: 0.830565
Validation: 43, time: 12.851243, loss: 1.538094, validation acc: 0.903575, validation avg acc: 0.848858
Train: 44, time: 13.012959, loss: 1.577071, train acc: 0.894981, train avg acc: 0.837299
Validation: 44, time: 13.012959, loss: 1.521774, validation acc: 0.902492, validation avg acc: 0.844207
Train: 45, time: 12.741553, loss: 1.580160, train acc: 0.893936, train avg acc: 0.836794
Validation: 45, time: 12.741553, loss: 1.527683, validation acc: 0.910618, validation avg acc: 0.856857
Train: 46, time: 13.060554, loss: 1.571750, train acc: 0.896027, train avg acc: 0.840050
Validation: 46, time: 13.060554, loss: 1.523626, validation acc: 0.902492, validation avg acc: 0.844113
Train: 47, time: 12.816680, loss: 1.572881, train acc: 0.894168, train avg acc: 0.836489
Validation: 47, time: 12.816680, loss: 1.515865, validation acc: 0.905200, validation avg acc: 0.848076
Train: 48, time: 12.680254, loss: 1.561288, train acc: 0.901719, train avg acc: 0.846120
Validation: 48, time: 12.680254, loss: 1.510221, validation acc: 0.909534, validation avg acc: 0.861066
Train: 49, time: 12.708679, loss: 1.569006, train acc: 0.899280, train avg acc: 0.844594
Validation: 49, time: 12.708679, loss: 1.509407, validation acc: 0.910618, validation avg acc: 0.858973
Train: 50, time: 12.997740, loss: 1.554922, train acc: 0.900906, train avg acc: 0.844325
Validation: 50, time: 12.997740, loss: 1.517397, validation acc: 0.907909, validation avg acc: 0.854144
Train: 51, time: 12.872260, loss: 1.557887, train acc: 0.903462, train avg acc: 0.852658
Validation: 51, time: 12.872260, loss: 1.516900, validation acc: 0.906826, validation avg acc: 0.849322
Train: 52, time: 12.870938, loss: 1.559258, train acc: 0.901487, train avg acc: 0.844365
Validation: 52, time: 12.870938, loss: 1.512070, validation acc: 0.905742, validation avg acc: 0.843833
Train: 53, time: 12.603910, loss: 1.554117, train acc: 0.904507, train avg acc: 0.851780
Validation: 53, time: 12.603910, loss: 1.511434, validation acc: 0.903575, validation avg acc: 0.846431
Train: 54, time: 13.238253, loss: 1.552490, train acc: 0.902765, train avg acc: 0.847830
Validation: 54, time: 13.238253, loss: 1.506819, validation acc: 0.908451, validation avg acc: 0.850431
Train: 55, time: 12.723058, loss: 1.547983, train acc: 0.906018, train avg acc: 0.856302
Validation: 55, time: 12.723058, loss: 1.509505, validation acc: 0.907909, validation avg acc: 0.845030
Train: 56, time: 12.944936, loss: 1.548963, train acc: 0.907179, train avg acc: 0.854533
Validation: 56, time: 12.944936, loss: 1.506199, validation acc: 0.908992, validation avg acc: 0.851469
Train: 57, time: 12.848698, loss: 1.544629, train acc: 0.906715, train avg acc: 0.858902
Validation: 57, time: 12.848698, loss: 1.508742, validation acc: 0.903575, validation avg acc: 0.849452
Train: 58, time: 13.005120, loss: 1.534948, train acc: 0.913917, train avg acc: 0.866562
Validation: 58, time: 13.005120, loss: 1.504921, validation acc: 0.913326, validation avg acc: 0.859736
Train: 59, time: 12.730848, loss: 1.537553, train acc: 0.911594, train avg acc: 0.861942
Validation: 59, time: 12.730848, loss: 1.510527, validation acc: 0.909534, validation avg acc: 0.844538
Train: 60, time: 12.941995, loss: 1.533990, train acc: 0.914847, train avg acc: 0.872174
Validation: 60, time: 12.941995, loss: 1.508422, validation acc: 0.909534, validation avg acc: 0.851909
Train: 61, time: 12.730482, loss: 1.532374, train acc: 0.914150, train avg acc: 0.866057
Validation: 61, time: 12.730482, loss: 1.499481, validation acc: 0.911159, validation avg acc: 0.860181
Train: 62, time: 13.066822, loss: 1.530901, train acc: 0.915776, train avg acc: 0.872384
Validation: 62, time: 13.066822, loss: 1.501192, validation acc: 0.913868, validation avg acc: 0.866093
Train: 63, time: 12.763659, loss: 1.518458, train acc: 0.920888, train avg acc: 0.879327
Validation: 63, time: 12.763659, loss: 1.503844, validation acc: 0.905200, validation avg acc: 0.846523
Train: 64, time: 13.027641, loss: 1.530534, train acc: 0.915428, train avg acc: 0.869572
Validation: 64, time: 13.027641, loss: 1.505090, validation acc: 0.914410, validation avg acc: 0.864247
Train: 65, time: 12.823193, loss: 1.526380, train acc: 0.913801, train avg acc: 0.868851
Validation: 65, time: 12.823193, loss: 1.503767, validation acc: 0.903575, validation avg acc: 0.851941
Train: 66, time: 12.888462, loss: 1.525651, train acc: 0.914847, train avg acc: 0.870123
Validation: 66, time: 12.888462, loss: 1.499618, validation acc: 0.912784, validation avg acc: 0.863881
Train: 67, time: 12.852902, loss: 1.522625, train acc: 0.914266, train avg acc: 0.867543
Validation: 67, time: 12.852902, loss: 1.499119, validation acc: 0.912784, validation avg acc: 0.859916
Train: 68, time: 12.896481, loss: 1.517396, train acc: 0.920539, train avg acc: 0.879759
Validation: 68, time: 12.896481, loss: 1.506018, validation acc: 0.908451, validation avg acc: 0.852874
Train: 69, time: 12.759275, loss: 1.513819, train acc: 0.921468, train avg acc: 0.879915
Validation: 69, time: 12.759275, loss: 1.495275, validation acc: 0.908451, validation avg acc: 0.857479
Train: 70, time: 12.438299, loss: 1.515487, train acc: 0.920888, train avg acc: 0.880307
Validation: 70, time: 12.438299, loss: 1.507374, validation acc: 0.903034, validation avg acc: 0.849555
Train: 71, time: 12.704376, loss: 1.511835, train acc: 0.923211, train avg acc: 0.882258
Validation: 71, time: 12.704376, loss: 1.497532, validation acc: 0.915493, validation avg acc: 0.864323
Train: 72, time: 12.939914, loss: 1.511784, train acc: 0.920423, train avg acc: 0.878263
Validation: 72, time: 12.939914, loss: 1.491082, validation acc: 0.913326, validation avg acc: 0.862622
Train: 73, time: 12.899538, loss: 1.508766, train acc: 0.926580, train avg acc: 0.886327
Validation: 73, time: 12.899538, loss: 1.493772, validation acc: 0.912784, validation avg acc: 0.865637
Train: 74, time: 12.802391, loss: 1.505644, train acc: 0.928206, train avg acc: 0.888696
Validation: 74, time: 12.802391, loss: 1.488190, validation acc: 0.915493, validation avg acc: 0.865661
Train: 75, time: 12.761356, loss: 1.506699, train acc: 0.923095, train avg acc: 0.884142
Validation: 75, time: 12.761356, loss: 1.497944, validation acc: 0.903575, validation avg acc: 0.846201
Train: 76, time: 12.943353, loss: 1.506369, train acc: 0.924489, train avg acc: 0.881885
Validation: 76, time: 12.943353, loss: 1.495546, validation acc: 0.907367, validation avg acc: 0.855780
Train: 77, time: 12.697525, loss: 1.501832, train acc: 0.925534, train avg acc: 0.886382
Validation: 77, time: 12.697525, loss: 1.496746, validation acc: 0.905742, validation avg acc: 0.850100
Train: 78, time: 13.083990, loss: 1.501723, train acc: 0.924954, train avg acc: 0.883483
Validation: 78, time: 13.083990, loss: 1.499433, validation acc: 0.901950, validation avg acc: 0.846134
Train: 79, time: 12.800375, loss: 1.499761, train acc: 0.925767, train avg acc: 0.884770
Validation: 79, time: 12.800375, loss: 1.498868, validation acc: 0.909534, validation avg acc: 0.857537
Train: 80, time: 12.870167, loss: 1.499241, train acc: 0.928787, train avg acc: 0.890800
Validation: 80, time: 12.870167, loss: 1.485703, validation acc: 0.912784, validation avg acc: 0.864213
Train: 81, time: 12.777151, loss: 1.495934, train acc: 0.928555, train avg acc: 0.890388
Validation: 81, time: 12.777151, loss: 1.496382, validation acc: 0.906826, validation avg acc: 0.854258
Train: 82, time: 13.004768, loss: 1.492557, train acc: 0.930297, train avg acc: 0.893358
Validation: 82, time: 13.004768, loss: 1.487337, validation acc: 0.906826, validation avg acc: 0.847521
Train: 83, time: 12.864827, loss: 1.496101, train acc: 0.929136, train avg acc: 0.890741
Validation: 83, time: 12.864827, loss: 1.504650, validation acc: 0.906284, validation avg acc: 0.847870
Train: 84, time: 12.772659, loss: 1.491442, train acc: 0.929368, train avg acc: 0.891377
Validation: 84, time: 12.772659, loss: 1.495664, validation acc: 0.906826, validation avg acc: 0.854712
Train: 85, time: 12.579466, loss: 1.492762, train acc: 0.930762, train avg acc: 0.893377
Validation: 85, time: 12.579466, loss: 1.484703, validation acc: 0.908451, validation avg acc: 0.859334
Train: 86, time: 13.021614, loss: 1.487917, train acc: 0.930878, train avg acc: 0.890953
Validation: 86, time: 13.021614, loss: 1.503994, validation acc: 0.906284, validation avg acc: 0.852796
Train: 87, time: 12.782841, loss: 1.488914, train acc: 0.929368, train avg acc: 0.892721
Validation: 87, time: 12.782841, loss: 1.482028, validation acc: 0.912243, validation avg acc: 0.857526
Train: 88, time: 13.087346, loss: 1.485994, train acc: 0.932853, train avg acc: 0.898769
Validation: 88, time: 13.087346, loss: 1.481579, validation acc: 0.917118, validation avg acc: 0.866314
Train: 89, time: 13.078125, loss: 1.483350, train acc: 0.933550, train avg acc: 0.897595
Validation: 89, time: 13.078125, loss: 1.485092, validation acc: 0.908992, validation avg acc: 0.864513
Train: 90, time: 12.879511, loss: 1.484392, train acc: 0.932737, train avg acc: 0.895565
Validation: 90, time: 12.879511, loss: 1.496692, validation acc: 0.908992, validation avg acc: 0.858973
Train: 91, time: 12.756281, loss: 1.483241, train acc: 0.936571, train avg acc: 0.903512
Validation: 91, time: 12.756281, loss: 1.481551, validation acc: 0.915493, validation avg acc: 0.868539
Train: 92, time: 12.933814, loss: 1.483923, train acc: 0.937384, train avg acc: 0.901432
Validation: 92, time: 12.933814, loss: 1.494686, validation acc: 0.907909, validation avg acc: 0.856871
Train: 93, time: 12.829841, loss: 1.481866, train acc: 0.935641, train avg acc: 0.899820
Validation: 93, time: 12.829841, loss: 1.494204, validation acc: 0.910076, validation avg acc: 0.854228
Train: 94, time: 12.885179, loss: 1.474748, train acc: 0.937616, train avg acc: 0.904628
Validation: 94, time: 12.885179, loss: 1.497696, validation acc: 0.908992, validation avg acc: 0.859639
Train: 95, time: 12.740144, loss: 1.476134, train acc: 0.935641, train avg acc: 0.901332
Validation: 95, time: 12.740144, loss: 1.489183, validation acc: 0.908992, validation avg acc: 0.855474
Train: 96, time: 13.058182, loss: 1.474454, train acc: 0.938313, train avg acc: 0.906403
Validation: 96, time: 13.058182, loss: 1.489198, validation acc: 0.908451, validation avg acc: 0.857026
Train: 97, time: 12.892773, loss: 1.473287, train acc: 0.938081, train avg acc: 0.905865
Validation: 97, time: 12.892773, loss: 1.493452, validation acc: 0.910076, validation avg acc: 0.864300
Train: 98, time: 12.970114, loss: 1.473822, train acc: 0.936222, train avg acc: 0.906818
Validation: 98, time: 12.970114, loss: 1.488328, validation acc: 0.918202, validation avg acc: 0.868414
Train: 99, time: 12.861728, loss: 1.473007, train acc: 0.936338, train avg acc: 0.902534
Validation: 99, time: 12.861728, loss: 1.481732, validation acc: 0.916576, validation avg acc: 0.871900
Train: 100, time: 12.815136, loss: 1.471883, train acc: 0.939823, train avg acc: 0.907920
Validation: 100, time: 12.815136, loss: 1.482436, validation acc: 0.916035, validation avg acc: 0.864980
Train: 101, time: 12.999922, loss: 1.468440, train acc: 0.942263, train avg acc: 0.912037
Validation: 101, time: 12.999922, loss: 1.489186, validation acc: 0.910618, validation avg acc: 0.862036
Train: 102, time: 12.908605, loss: 1.470858, train acc: 0.939591, train avg acc: 0.906864
Validation: 102, time: 12.908605, loss: 1.482563, validation acc: 0.912243, validation avg acc: 0.861186
Train: 103, time: 12.895501, loss: 1.462144, train acc: 0.942495, train avg acc: 0.911941
Validation: 103, time: 12.895501, loss: 1.489408, validation acc: 0.911159, validation avg acc: 0.861500
Train: 104, time: 12.785055, loss: 1.468746, train acc: 0.941798, train avg acc: 0.908968
Validation: 104, time: 12.785055, loss: 1.489492, validation acc: 0.916035, validation avg acc: 0.867452
Train: 105, time: 12.737781, loss: 1.467935, train acc: 0.939359, train avg acc: 0.904034
Validation: 105, time: 12.737781, loss: 1.484605, validation acc: 0.912243, validation avg acc: 0.865329
Train: 106, time: 12.694288, loss: 1.463094, train acc: 0.941334, train avg acc: 0.910135
Validation: 106, time: 12.694288, loss: 1.490155, validation acc: 0.911159, validation avg acc: 0.856252
Train: 107, time: 12.720868, loss: 1.461980, train acc: 0.944819, train avg acc: 0.914531
Validation: 107, time: 12.720868, loss: 1.484553, validation acc: 0.911701, validation avg acc: 0.867668
Train: 108, time: 12.896247, loss: 1.462879, train acc: 0.944703, train avg acc: 0.913606
Validation: 108, time: 12.896247, loss: 1.480517, validation acc: 0.917660, validation avg acc: 0.864969
Train: 109, time: 12.620057, loss: 1.460561, train acc: 0.940869, train avg acc: 0.911741
Validation: 109, time: 12.620057, loss: 1.488103, validation acc: 0.909534, validation avg acc: 0.854061
Train: 110, time: 12.827165, loss: 1.464167, train acc: 0.942960, train avg acc: 0.912652
Validation: 110, time: 12.827165, loss: 1.475625, validation acc: 0.910618, validation avg acc: 0.862497
Train: 111, time: 12.891880, loss: 1.461500, train acc: 0.943425, train avg acc: 0.910853
Validation: 111, time: 12.891880, loss: 1.490390, validation acc: 0.911701, validation avg acc: 0.865745
Train: 112, time: 12.845353, loss: 1.459819, train acc: 0.944470, train avg acc: 0.915717
Validation: 112, time: 12.845353, loss: 1.480615, validation acc: 0.910076, validation avg acc: 0.860401
Train: 113, time: 12.784787, loss: 1.457305, train acc: 0.945632, train avg acc: 0.915521
Validation: 113, time: 12.784787, loss: 1.491776, validation acc: 0.912784, validation avg acc: 0.863632
Train: 114, time: 13.043123, loss: 1.459606, train acc: 0.944935, train avg acc: 0.914620
Validation: 114, time: 13.043123, loss: 1.483236, validation acc: 0.911701, validation avg acc: 0.863924
Train: 115, time: 12.751312, loss: 1.455259, train acc: 0.944122, train avg acc: 0.915277
Validation: 115, time: 12.751312, loss: 1.487567, validation acc: 0.916576, validation avg acc: 0.873163
Train: 116, time: 12.997192, loss: 1.450828, train acc: 0.948769, train avg acc: 0.925297
Validation: 116, time: 12.997192, loss: 1.476475, validation acc: 0.915493, validation avg acc: 0.872247
Train: 117, time: 13.099242, loss: 1.454471, train acc: 0.946445, train avg acc: 0.918543
Validation: 117, time: 13.099242, loss: 1.483662, validation acc: 0.913326, validation avg acc: 0.862359
Train: 118, time: 12.996556, loss: 1.449162, train acc: 0.947491, train avg acc: 0.917446
Validation: 118, time: 12.996556, loss: 1.488304, validation acc: 0.913868, validation avg acc: 0.871104
Train: 119, time: 12.881957, loss: 1.450620, train acc: 0.948072, train avg acc: 0.919902
Validation: 119, time: 12.881957, loss: 1.478432, validation acc: 0.913326, validation avg acc: 0.868616
Train: 120, time: 12.818550, loss: 1.449330, train acc: 0.947955, train avg acc: 0.920675
Validation: 120, time: 12.818550, loss: 1.477831, validation acc: 0.912784, validation avg acc: 0.862562
Train: 121, time: 12.773969, loss: 1.448578, train acc: 0.948420, train avg acc: 0.919465
Validation: 121, time: 12.773969, loss: 1.481992, validation acc: 0.912784, validation avg acc: 0.864818
Train: 122, time: 13.069259, loss: 1.450920, train acc: 0.946097, train avg acc: 0.918296
Validation: 122, time: 13.069259, loss: 1.490265, validation acc: 0.913326, validation avg acc: 0.864668
Train: 123, time: 12.805888, loss: 1.446646, train acc: 0.948652, train avg acc: 0.921424
Validation: 123, time: 12.805888, loss: 1.480874, validation acc: 0.914410, validation avg acc: 0.866265
Train: 124, time: 12.969397, loss: 1.446329, train acc: 0.950279, train avg acc: 0.921372
Validation: 124, time: 12.969397, loss: 1.486462, validation acc: 0.913326, validation avg acc: 0.867546
Train: 125, time: 12.718602, loss: 1.447584, train acc: 0.946561, train avg acc: 0.918374
Validation: 125, time: 12.718602, loss: 1.481308, validation acc: 0.911159, validation avg acc: 0.858504
Train: 126, time: 12.860138, loss: 1.444507, train acc: 0.952138, train avg acc: 0.925848
Validation: 126, time: 12.860138, loss: 1.488967, validation acc: 0.914410, validation avg acc: 0.872897
Train: 127, time: 12.723183, loss: 1.447151, train acc: 0.949582, train avg acc: 0.922300
Validation: 127, time: 12.723183, loss: 1.475721, validation acc: 0.913868, validation avg acc: 0.864953
Train: 128, time: 12.893533, loss: 1.446562, train acc: 0.949466, train avg acc: 0.922390
Validation: 128, time: 12.893533, loss: 1.476171, validation acc: 0.913868, validation avg acc: 0.867818
Train: 129, time: 12.655612, loss: 1.440699, train acc: 0.953183, train avg acc: 0.928418
Validation: 129, time: 12.655612, loss: 1.470011, validation acc: 0.913326, validation avg acc: 0.865413
Train: 130, time: 12.876478, loss: 1.441067, train acc: 0.949233, train avg acc: 0.920371
Validation: 130, time: 12.876478, loss: 1.479118, validation acc: 0.913868, validation avg acc: 0.862809
Train: 131, time: 12.693009, loss: 1.438754, train acc: 0.952951, train avg acc: 0.927273
Validation: 131, time: 12.693009, loss: 1.488918, validation acc: 0.909534, validation avg acc: 0.860018
Train: 132, time: 12.915135, loss: 1.438611, train acc: 0.954229, train avg acc: 0.931109
Validation: 132, time: 12.915135, loss: 1.486332, validation acc: 0.908992, validation avg acc: 0.855915
Train: 133, time: 12.780383, loss: 1.442454, train acc: 0.951557, train avg acc: 0.922611
Validation: 133, time: 12.780383, loss: 1.484463, validation acc: 0.914951, validation avg acc: 0.869048
Train: 134, time: 12.820080, loss: 1.437716, train acc: 0.952138, train avg acc: 0.927151
Validation: 134, time: 12.820080, loss: 1.481635, validation acc: 0.911159, validation avg acc: 0.863599
Train: 135, time: 12.751531, loss: 1.437569, train acc: 0.952486, train avg acc: 0.925929
Validation: 135, time: 12.751531, loss: 1.482001, validation acc: 0.915493, validation avg acc: 0.864396
Train: 136, time: 12.877344, loss: 1.436217, train acc: 0.952718, train avg acc: 0.928688
Validation: 136, time: 12.877344, loss: 1.473299, validation acc: 0.915493, validation avg acc: 0.866762
Train: 137, time: 12.729044, loss: 1.436492, train acc: 0.952951, train avg acc: 0.928442
Validation: 137, time: 12.729044, loss: 1.477820, validation acc: 0.916035, validation avg acc: 0.866098
Train: 138, time: 12.850037, loss: 1.436143, train acc: 0.953299, train avg acc: 0.928909
Validation: 138, time: 12.850037, loss: 1.479495, validation acc: 0.912243, validation avg acc: 0.861309
Train: 139, time: 12.920108, loss: 1.433551, train acc: 0.955042, train avg acc: 0.932771
Validation: 139, time: 12.920108, loss: 1.477480, validation acc: 0.916035, validation avg acc: 0.872635
Train: 140, time: 12.918455, loss: 1.438733, train acc: 0.953183, train avg acc: 0.927206
Validation: 140, time: 12.918455, loss: 1.479386, validation acc: 0.916035, validation avg acc: 0.868274
Train: 141, time: 12.863047, loss: 1.432906, train acc: 0.955274, train avg acc: 0.932470
Validation: 141, time: 12.863047, loss: 1.492327, validation acc: 0.916035, validation avg acc: 0.866998
Train: 142, time: 12.924821, loss: 1.434288, train acc: 0.952718, train avg acc: 0.928946
Validation: 142, time: 12.924821, loss: 1.478514, validation acc: 0.914410, validation avg acc: 0.867514
Train: 143, time: 12.664820, loss: 1.428566, train acc: 0.957249, train avg acc: 0.932780
Validation: 143, time: 12.664820, loss: 1.482832, validation acc: 0.912784, validation avg acc: 0.864111
Train: 144, time: 12.798098, loss: 1.437415, train acc: 0.953183, train avg acc: 0.929178
Validation: 144, time: 12.798098, loss: 1.470885, validation acc: 0.921452, validation avg acc: 0.877824
Train: 145, time: 12.666253, loss: 1.432707, train acc: 0.955042, train avg acc: 0.932776
Validation: 145, time: 12.666253, loss: 1.479858, validation acc: 0.913326, validation avg acc: 0.861333
Train: 146, time: 12.950631, loss: 1.431310, train acc: 0.954229, train avg acc: 0.929641
Validation: 146, time: 12.950631, loss: 1.480096, validation acc: 0.914951, validation avg acc: 0.865600
Train: 147, time: 12.909647, loss: 1.432094, train acc: 0.954577, train avg acc: 0.930262
Validation: 147, time: 12.909647, loss: 1.486105, validation acc: 0.914410, validation avg acc: 0.865242
Train: 148, time: 12.898710, loss: 1.428954, train acc: 0.956784, train avg acc: 0.934774
Validation: 148, time: 12.898710, loss: 1.482637, validation acc: 0.916576, validation avg acc: 0.869053
Train: 149, time: 12.810239, loss: 1.425693, train acc: 0.956552, train avg acc: 0.934602
Validation: 149, time: 12.810239, loss: 1.480866, validation acc: 0.914951, validation avg acc: 0.868076
Train: 150, time: 12.861968, loss: 1.426258, train acc: 0.958643, train avg acc: 0.938039
Validation: 150, time: 12.861968, loss: 1.478508, validation acc: 0.913326, validation avg acc: 0.866172
Train: 151, time: 12.364684, loss: 1.425131, train acc: 0.955971, train avg acc: 0.933421
Validation: 151, time: 12.364684, loss: 1.479524, validation acc: 0.911701, validation avg acc: 0.857518
Train: 152, time: 12.577192, loss: 1.425221, train acc: 0.957830, train avg acc: 0.935542
Validation: 152, time: 12.577192, loss: 1.475693, validation acc: 0.914410, validation avg acc: 0.864127
Train: 153, time: 12.446174, loss: 1.426745, train acc: 0.956552, train avg acc: 0.931842
Validation: 153, time: 12.446174, loss: 1.485288, validation acc: 0.918202, validation avg acc: 0.875937
Train: 154, time: 12.984650, loss: 1.424556, train acc: 0.958875, train avg acc: 0.937383
Validation: 154, time: 12.984650, loss: 1.475261, validation acc: 0.912784, validation avg acc: 0.872498
Train: 155, time: 12.865119, loss: 1.426202, train acc: 0.956901, train avg acc: 0.934122
Validation: 155, time: 12.865119, loss: 1.465917, validation acc: 0.913868, validation avg acc: 0.866421
Train: 156, time: 12.903697, loss: 1.426330, train acc: 0.957946, train avg acc: 0.936005
Validation: 156, time: 12.903697, loss: 1.477610, validation acc: 0.912243, validation avg acc: 0.861686
Train: 157, time: 12.845309, loss: 1.424779, train acc: 0.959805, train avg acc: 0.940023
Validation: 157, time: 12.845309, loss: 1.479327, validation acc: 0.918743, validation avg acc: 0.874850
Train: 158, time: 13.068709, loss: 1.424147, train acc: 0.958295, train avg acc: 0.935127
Validation: 158, time: 13.068709, loss: 1.474995, validation acc: 0.914410, validation avg acc: 0.870567
Train: 159, time: 12.868030, loss: 1.421839, train acc: 0.959689, train avg acc: 0.938653
Validation: 159, time: 12.868030, loss: 1.487008, validation acc: 0.913868, validation avg acc: 0.872163
Train: 160, time: 12.984166, loss: 1.420145, train acc: 0.959572, train avg acc: 0.938416
Validation: 160, time: 12.984166, loss: 1.482595, validation acc: 0.912784, validation avg acc: 0.864848
Train: 161, time: 12.706872, loss: 1.420574, train acc: 0.959108, train avg acc: 0.935934
Validation: 161, time: 12.706872, loss: 1.486527, validation acc: 0.919827, validation avg acc: 0.880079
Train: 162, time: 12.921653, loss: 1.420816, train acc: 0.959921, train avg acc: 0.939635
Validation: 162, time: 12.921653, loss: 1.477156, validation acc: 0.912243, validation avg acc: 0.872507
Train: 163, time: 12.916904, loss: 1.418408, train acc: 0.960153, train avg acc: 0.939140
Validation: 163, time: 12.916904, loss: 1.476788, validation acc: 0.917660, validation avg acc: 0.876051
Train: 164, time: 12.960808, loss: 1.423204, train acc: 0.960153, train avg acc: 0.937019
Validation: 164, time: 12.960808, loss: 1.480427, validation acc: 0.918202, validation avg acc: 0.874615
Train: 165, time: 12.825347, loss: 1.422636, train acc: 0.958411, train avg acc: 0.937307
Validation: 165, time: 12.825347, loss: 1.473567, validation acc: 0.917118, validation avg acc: 0.873236
Train: 166, time: 12.929672, loss: 1.417063, train acc: 0.961896, train avg acc: 0.943481
Validation: 166, time: 12.929672, loss: 1.479281, validation acc: 0.916576, validation avg acc: 0.875370
Train: 167, time: 12.693648, loss: 1.419692, train acc: 0.959224, train avg acc: 0.935276
Validation: 167, time: 12.693648, loss: 1.479082, validation acc: 0.917660, validation avg acc: 0.867216
Train: 168, time: 12.939104, loss: 1.421286, train acc: 0.960618, train avg acc: 0.938961
Validation: 168, time: 12.939104, loss: 1.478128, validation acc: 0.911159, validation avg acc: 0.870055
Train: 169, time: 12.713436, loss: 1.416027, train acc: 0.962361, train avg acc: 0.941195
Validation: 169, time: 12.713436, loss: 1.472056, validation acc: 0.916035, validation avg acc: 0.875324
Train: 170, time: 12.950567, loss: 1.415862, train acc: 0.960386, train avg acc: 0.938899
Validation: 170, time: 12.950567, loss: 1.481981, validation acc: 0.914410, validation avg acc: 0.873094
Train: 171, time: 12.844357, loss: 1.417288, train acc: 0.961780, train avg acc: 0.942033
Validation: 171, time: 12.844357, loss: 1.474084, validation acc: 0.914951, validation avg acc: 0.872257
Train: 172, time: 12.751616, loss: 1.415546, train acc: 0.960734, train avg acc: 0.940723
Validation: 172, time: 12.751616, loss: 1.473109, validation acc: 0.912784, validation avg acc: 0.867528
Train: 173, time: 12.679382, loss: 1.412249, train acc: 0.964452, train avg acc: 0.947355
Validation: 173, time: 12.679382, loss: 1.474441, validation acc: 0.920910, validation avg acc: 0.881744
Train: 174, time: 12.797412, loss: 1.417523, train acc: 0.962361, train avg acc: 0.945729
Validation: 174, time: 12.797412, loss: 1.478409, validation acc: 0.913326, validation avg acc: 0.867365
Train: 175, time: 12.630993, loss: 1.412069, train acc: 0.964800, train avg acc: 0.944579
Validation: 175, time: 12.630993, loss: 1.479251, validation acc: 0.910076, validation avg acc: 0.867276
Train: 176, time: 12.902837, loss: 1.411887, train acc: 0.963058, train avg acc: 0.944821
Validation: 176, time: 12.902837, loss: 1.471989, validation acc: 0.917660, validation avg acc: 0.870720
Train: 177, time: 12.796179, loss: 1.414458, train acc: 0.962012, train avg acc: 0.943309
Validation: 177, time: 12.796179, loss: 1.477632, validation acc: 0.913868, validation avg acc: 0.868719
Train: 178, time: 12.861511, loss: 1.413210, train acc: 0.961896, train avg acc: 0.942821
Validation: 178, time: 12.861511, loss: 1.475127, validation acc: 0.919285, validation avg acc: 0.872479
Train: 179, time: 12.600034, loss: 1.412986, train acc: 0.963058, train avg acc: 0.943728
Validation: 179, time: 12.600034, loss: 1.477902, validation acc: 0.908451, validation avg acc: 0.862406
Train: 180, time: 13.034656, loss: 1.408756, train acc: 0.968053, train avg acc: 0.949725
Validation: 180, time: 13.034656, loss: 1.467392, validation acc: 0.918202, validation avg acc: 0.880184
Train: 181, time: 12.821661, loss: 1.410999, train acc: 0.961664, train avg acc: 0.942400
Validation: 181, time: 12.821661, loss: 1.476097, validation acc: 0.913326, validation avg acc: 0.869233
Train: 182, time: 12.829614, loss: 1.406696, train acc: 0.964568, train avg acc: 0.948276
Validation: 182, time: 12.829614, loss: 1.471189, validation acc: 0.913326, validation avg acc: 0.864224
Train: 183, time: 12.621522, loss: 1.407802, train acc: 0.965149, train avg acc: 0.949271
Validation: 183, time: 12.621522, loss: 1.474869, validation acc: 0.916035, validation avg acc: 0.869690
Train: 184, time: 12.751417, loss: 1.407203, train acc: 0.965033, train avg acc: 0.946302
Validation: 184, time: 12.751417, loss: 1.479996, validation acc: 0.916035, validation avg acc: 0.867740
Train: 185, time: 12.849245, loss: 1.407244, train acc: 0.966310, train avg acc: 0.947746
Validation: 185, time: 12.849245, loss: 1.471061, validation acc: 0.917660, validation avg acc: 0.874317
Train: 186, time: 12.834755, loss: 1.408227, train acc: 0.962825, train avg acc: 0.943586
Validation: 186, time: 12.834755, loss: 1.466332, validation acc: 0.915493, validation avg acc: 0.870177
Train: 187, time: 12.843122, loss: 1.407062, train acc: 0.965962, train avg acc: 0.946954
Validation: 187, time: 12.843122, loss: 1.480295, validation acc: 0.911701, validation avg acc: 0.863984
Train: 188, time: 12.558347, loss: 1.407627, train acc: 0.964800, train avg acc: 0.946078
Validation: 188, time: 12.558347, loss: 1.472783, validation acc: 0.916035, validation avg acc: 0.870135
Train: 189, time: 12.965918, loss: 1.406836, train acc: 0.962941, train avg acc: 0.943498
Validation: 189, time: 12.965918, loss: 1.472212, validation acc: 0.916576, validation avg acc: 0.870903
Train: 190, time: 12.838956, loss: 1.411453, train acc: 0.966891, train avg acc: 0.949031
Validation: 190, time: 12.838956, loss: 1.474057, validation acc: 0.918202, validation avg acc: 0.878067
Train: 191, time: 12.792667, loss: 1.405011, train acc: 0.966427, train avg acc: 0.951050
Validation: 191, time: 12.792667, loss: 1.490871, validation acc: 0.908451, validation avg acc: 0.862084
Train: 192, time: 12.718111, loss: 1.408099, train acc: 0.964219, train avg acc: 0.945135
Validation: 192, time: 12.718111, loss: 1.469518, validation acc: 0.919285, validation avg acc: 0.876460
Train: 193, time: 12.847171, loss: 1.406220, train acc: 0.963987, train avg acc: 0.944596
Validation: 193, time: 12.847171, loss: 1.486445, validation acc: 0.911159, validation avg acc: 0.859759
Train: 194, time: 12.971344, loss: 1.406710, train acc: 0.964336, train avg acc: 0.944536
Validation: 194, time: 12.971344, loss: 1.464998, validation acc: 0.919827, validation avg acc: 0.879379
Train: 195, time: 12.792449, loss: 1.404872, train acc: 0.965846, train avg acc: 0.949313
Validation: 195, time: 12.792449, loss: 1.480318, validation acc: 0.911701, validation avg acc: 0.867541
Train: 196, time: 13.046806, loss: 1.406558, train acc: 0.965149, train avg acc: 0.945592
Validation: 196, time: 13.046806, loss: 1.483188, validation acc: 0.910618, validation avg acc: 0.861679
Train: 197, time: 12.826733, loss: 1.402565, train acc: 0.967588, train avg acc: 0.951340
Validation: 197, time: 12.826733, loss: 1.479364, validation acc: 0.913868, validation avg acc: 0.870116
Train: 198, time: 12.923532, loss: 1.400506, train acc: 0.968053, train avg acc: 0.952397
Validation: 198, time: 12.923532, loss: 1.469547, validation acc: 0.916576, validation avg acc: 0.873742
Train: 199, time: 12.689839, loss: 1.406396, train acc: 0.963987, train avg acc: 0.944964
Validation: 199, time: 12.689839, loss: 1.477235, validation acc: 0.912243, validation avg acc: 0.871265
Train: 200, time: 12.977539, loss: 1.401926, train acc: 0.966543, train avg acc: 0.948950
Validation: 200, time: 12.977539, loss: 1.475691, validation acc: 0.912784, validation avg acc: 0.864167
Train: 201, time: 12.877002, loss: 1.402565, train acc: 0.966659, train avg acc: 0.950001
Validation: 201, time: 12.877002, loss: 1.482981, validation acc: 0.912784, validation avg acc: 0.875267
Train: 202, time: 12.841646, loss: 1.400897, train acc: 0.966427, train avg acc: 0.945789
Validation: 202, time: 12.841646, loss: 1.486199, validation acc: 0.912784, validation avg acc: 0.862138
Train: 203, time: 12.731168, loss: 1.400779, train acc: 0.966775, train avg acc: 0.948758
Validation: 203, time: 12.731168, loss: 1.476953, validation acc: 0.907909, validation avg acc: 0.856067
Train: 204, time: 13.107090, loss: 1.399342, train acc: 0.967704, train avg acc: 0.951664
Validation: 204, time: 13.107090, loss: 1.473930, validation acc: 0.919285, validation avg acc: 0.873771
Train: 205, time: 12.785777, loss: 1.402097, train acc: 0.964800, train avg acc: 0.946348
Validation: 205, time: 12.785777, loss: 1.465674, validation acc: 0.919285, validation avg acc: 0.876174
Train: 206, time: 13.065485, loss: 1.396136, train acc: 0.970841, train avg acc: 0.957079
Validation: 206, time: 13.065485, loss: 1.468819, validation acc: 0.916035, validation avg acc: 0.868425
Train: 207, time: 12.497116, loss: 1.399646, train acc: 0.967588, train avg acc: 0.949768
Validation: 207, time: 12.497116, loss: 1.473405, validation acc: 0.917118, validation avg acc: 0.875442
Train: 208, time: 13.160503, loss: 1.402345, train acc: 0.966427, train avg acc: 0.947725
Validation: 208, time: 13.160503, loss: 1.479836, validation acc: 0.913868, validation avg acc: 0.865951
Train: 209, time: 12.807344, loss: 1.397268, train acc: 0.968285, train avg acc: 0.952104
Validation: 209, time: 12.807344, loss: 1.472599, validation acc: 0.913326, validation avg acc: 0.860399
Train: 210, time: 12.930387, loss: 1.394725, train acc: 0.967472, train avg acc: 0.950696
Validation: 210, time: 12.930387, loss: 1.480005, validation acc: 0.916576, validation avg acc: 0.868638
Train: 211, time: 12.849709, loss: 1.395575, train acc: 0.970144, train avg acc: 0.954517
Validation: 211, time: 12.849709, loss: 1.463448, validation acc: 0.914951, validation avg acc: 0.867830
Train: 212, time: 12.652588, loss: 1.398995, train acc: 0.970493, train avg acc: 0.952396
Validation: 212, time: 12.652588, loss: 1.474517, validation acc: 0.915493, validation avg acc: 0.873970
Train: 213, time: 12.848940, loss: 1.397640, train acc: 0.965265, train avg acc: 0.947588
Validation: 213, time: 12.848940, loss: 1.473057, validation acc: 0.921993, validation avg acc: 0.884561
Train: 214, time: 12.590425, loss: 1.395176, train acc: 0.969099, train avg acc: 0.952341
Validation: 214, time: 12.590425, loss: 1.479397, validation acc: 0.916035, validation avg acc: 0.872716
Train: 215, time: 12.701370, loss: 1.395141, train acc: 0.968982, train avg acc: 0.952363
Validation: 215, time: 12.701370, loss: 1.480132, validation acc: 0.917118, validation avg acc: 0.871942
Train: 216, time: 12.792689, loss: 1.397439, train acc: 0.970957, train avg acc: 0.956924
Validation: 216, time: 12.792689, loss: 1.474941, validation acc: 0.911701, validation avg acc: 0.863977
Train: 217, time: 12.591567, loss: 1.395477, train acc: 0.970028, train avg acc: 0.954373
Validation: 217, time: 12.591567, loss: 1.472344, validation acc: 0.913868, validation avg acc: 0.866860
Train: 218, time: 12.972282, loss: 1.397976, train acc: 0.968401, train avg acc: 0.951323
Validation: 218, time: 12.972282, loss: 1.490495, validation acc: 0.905200, validation avg acc: 0.848542
Train: 219, time: 12.767122, loss: 1.393846, train acc: 0.970260, train avg acc: 0.954712
Validation: 219, time: 12.767122, loss: 1.474332, validation acc: 0.917660, validation avg acc: 0.870043
Train: 220, time: 13.276139, loss: 1.396482, train acc: 0.970144, train avg acc: 0.955106
Validation: 220, time: 13.276139, loss: 1.481536, validation acc: 0.910076, validation avg acc: 0.867180
Train: 221, time: 12.885959, loss: 1.394624, train acc: 0.968053, train avg acc: 0.952666
Validation: 221, time: 12.885959, loss: 1.475385, validation acc: 0.920910, validation avg acc: 0.879846
Train: 222, time: 12.879137, loss: 1.389236, train acc: 0.972584, train avg acc: 0.958033
Validation: 222, time: 12.879137, loss: 1.474883, validation acc: 0.913868, validation avg acc: 0.869227
Train: 223, time: 12.674148, loss: 1.391832, train acc: 0.971538, train avg acc: 0.957427
Validation: 223, time: 12.674148, loss: 1.472347, validation acc: 0.917660, validation avg acc: 0.874765
Train: 224, time: 12.951241, loss: 1.395935, train acc: 0.968169, train avg acc: 0.949300
Validation: 224, time: 12.951241, loss: 1.470017, validation acc: 0.914951, validation avg acc: 0.873880
Train: 225, time: 12.933818, loss: 1.393542, train acc: 0.972584, train avg acc: 0.959283
Validation: 225, time: 12.933818, loss: 1.483882, validation acc: 0.917118, validation avg acc: 0.873896
Train: 226, time: 12.878993, loss: 1.390115, train acc: 0.972003, train avg acc: 0.958429
Validation: 226, time: 12.878993, loss: 1.474181, validation acc: 0.913326, validation avg acc: 0.867531
Train: 227, time: 12.770903, loss: 1.394499, train acc: 0.967124, train avg acc: 0.950523
Validation: 227, time: 12.770903, loss: 1.481726, validation acc: 0.917660, validation avg acc: 0.875643
Train: 228, time: 12.967095, loss: 1.391627, train acc: 0.970376, train avg acc: 0.955701
Validation: 228, time: 12.967095, loss: 1.472339, validation acc: 0.914951, validation avg acc: 0.864490
Train: 229, time: 12.884821, loss: 1.390272, train acc: 0.970493, train avg acc: 0.955994
Validation: 229, time: 12.884821, loss: 1.475060, validation acc: 0.920910, validation avg acc: 0.881456
Train: 230, time: 13.139196, loss: 1.388324, train acc: 0.972119, train avg acc: 0.957268
Validation: 230, time: 13.139196, loss: 1.476796, validation acc: 0.917118, validation avg acc: 0.876676
Train: 231, time: 12.572708, loss: 1.393788, train acc: 0.970957, train avg acc: 0.956925
Validation: 231, time: 12.572708, loss: 1.479114, validation acc: 0.909534, validation avg acc: 0.859961
Train: 232, time: 12.753803, loss: 1.390158, train acc: 0.971306, train avg acc: 0.955484
Validation: 232, time: 12.753803, loss: 1.476938, validation acc: 0.914951, validation avg acc: 0.871942
Train: 233, time: 12.822452, loss: 1.393757, train acc: 0.970028, train avg acc: 0.956283
Validation: 233, time: 12.822452, loss: 1.469918, validation acc: 0.912243, validation avg acc: 0.867544
Train: 234, time: 12.777939, loss: 1.390336, train acc: 0.970493, train avg acc: 0.955685
Validation: 234, time: 12.777939, loss: 1.466589, validation acc: 0.919827, validation avg acc: 0.873322
Train: 235, time: 12.825275, loss: 1.391723, train acc: 0.972119, train avg acc: 0.956061
Validation: 235, time: 12.825275, loss: 1.478262, validation acc: 0.920368, validation avg acc: 0.873147
Train: 236, time: 12.863930, loss: 1.387450, train acc: 0.969447, train avg acc: 0.954655
Validation: 236, time: 12.863930, loss: 1.479709, validation acc: 0.916035, validation avg acc: 0.871725
Train: 237, time: 12.837509, loss: 1.393799, train acc: 0.969912, train avg acc: 0.954389
Validation: 237, time: 12.837509, loss: 1.477727, validation acc: 0.917660, validation avg acc: 0.871820
Train: 238, time: 12.946683, loss: 1.388938, train acc: 0.970725, train avg acc: 0.955817
Validation: 238, time: 12.946683, loss: 1.478868, validation acc: 0.914410, validation avg acc: 0.871895
Train: 239, time: 12.773584, loss: 1.386715, train acc: 0.971073, train avg acc: 0.955553
Validation: 239, time: 12.773584, loss: 1.477928, validation acc: 0.911701, validation avg acc: 0.862723
Train: 240, time: 12.834853, loss: 1.384105, train acc: 0.974326, train avg acc: 0.961830
Validation: 240, time: 12.834853, loss: 1.478607, validation acc: 0.911159, validation avg acc: 0.868755
Train: 241, time: 12.925343, loss: 1.386227, train acc: 0.972584, train avg acc: 0.957840
Validation: 241, time: 12.925343, loss: 1.469422, validation acc: 0.914951, validation avg acc: 0.871256
Train: 242, time: 12.806503, loss: 1.384738, train acc: 0.972235, train avg acc: 0.959406
Validation: 242, time: 12.806503, loss: 1.480570, validation acc: 0.914410, validation avg acc: 0.871623
Train: 243, time: 13.018777, loss: 1.386674, train acc: 0.972119, train avg acc: 0.957549
Validation: 243, time: 13.018777, loss: 1.480432, validation acc: 0.916035, validation avg acc: 0.869414
Train: 244, time: 12.730968, loss: 1.385228, train acc: 0.971887, train avg acc: 0.955725
Validation: 244, time: 12.730968, loss: 1.470395, validation acc: 0.914410, validation avg acc: 0.867833
Train: 245, time: 12.742935, loss: 1.388760, train acc: 0.972351, train avg acc: 0.957936
Validation: 245, time: 12.742935, loss: 1.486391, validation acc: 0.913326, validation avg acc: 0.868972
Train: 246, time: 12.902693, loss: 1.391090, train acc: 0.970725, train avg acc: 0.956165
Validation: 246, time: 12.902693, loss: 1.477542, validation acc: 0.915493, validation avg acc: 0.874384
Train: 247, time: 12.898124, loss: 1.387977, train acc: 0.970841, train avg acc: 0.955347
Validation: 247, time: 12.898124, loss: 1.478950, validation acc: 0.918743, validation avg acc: 0.883057
Train: 248, time: 12.646173, loss: 1.385797, train acc: 0.973862, train avg acc: 0.959980
Validation: 248, time: 12.646173, loss: 1.481054, validation acc: 0.913326, validation avg acc: 0.870463
Train: 249, time: 12.049111, loss: 1.386707, train acc: 0.971887, train avg acc: 0.956586
Validation: 249, time: 12.049111, loss: 1.485413, validation acc: 0.917660, validation avg acc: 0.869137
Train: 250, time: 12.576521, loss: 1.387565, train acc: 0.972700, train avg acc: 0.957029
Validation: 250, time: 12.576521, loss: 1.477512, validation acc: 0.914410, validation avg acc: 0.870181
Train: 251, time: 12.481728, loss: 1.385600, train acc: 0.970957, train avg acc: 0.956472
Validation: 251, time: 12.481728, loss: 1.476209, validation acc: 0.915493, validation avg acc: 0.868989
Train: 252, time: 12.732373, loss: 1.384161, train acc: 0.972816, train avg acc: 0.959746
Validation: 252, time: 12.732373, loss: 1.479080, validation acc: 0.915493, validation avg acc: 0.873039
Train: 253, time: 12.886837, loss: 1.388470, train acc: 0.972119, train avg acc: 0.958017
Validation: 253, time: 12.886837, loss: 1.478245, validation acc: 0.916035, validation avg acc: 0.868760
Train: 254, time: 12.631702, loss: 1.386234, train acc: 0.972351, train avg acc: 0.959668
Validation: 254, time: 12.631702, loss: 1.469436, validation acc: 0.923619, validation avg acc: 0.886288
Train: 255, time: 12.685451, loss: 1.385035, train acc: 0.972700, train avg acc: 0.958556
Validation: 255, time: 12.685451, loss: 1.472646, validation acc: 0.914410, validation avg acc: 0.873052
Train: 256, time: 12.930054, loss: 1.385033, train acc: 0.972816, train avg acc: 0.959747
Validation: 256, time: 12.930054, loss: 1.472539, validation acc: 0.914951, validation avg acc: 0.869330
Train: 257, time: 12.737038, loss: 1.383264, train acc: 0.975604, train avg acc: 0.962440
Validation: 257, time: 12.737038, loss: 1.469017, validation acc: 0.915493, validation avg acc: 0.870342
Train: 258, time: 13.013505, loss: 1.383651, train acc: 0.974210, train avg acc: 0.958340
Validation: 258, time: 13.013505, loss: 1.471850, validation acc: 0.917660, validation avg acc: 0.873765
Train: 259, time: 12.770005, loss: 1.383021, train acc: 0.972119, train avg acc: 0.955969
Validation: 259, time: 12.770005, loss: 1.477426, validation acc: 0.916035, validation avg acc: 0.880396
Train: 260, time: 12.845958, loss: 1.380542, train acc: 0.973397, train avg acc: 0.959350
Validation: 260, time: 12.845958, loss: 1.482613, validation acc: 0.917118, validation avg acc: 0.878624
Train: 261, time: 12.732048, loss: 1.381123, train acc: 0.974791, train avg acc: 0.962933
Validation: 261, time: 12.732048, loss: 1.469080, validation acc: 0.920910, validation avg acc: 0.879495
Train: 262, time: 12.861831, loss: 1.382722, train acc: 0.973862, train avg acc: 0.960391
Validation: 262, time: 12.861831, loss: 1.479433, validation acc: 0.913326, validation avg acc: 0.869665
Train: 263, time: 12.709044, loss: 1.382544, train acc: 0.972816, train avg acc: 0.959002
Validation: 263, time: 12.709044, loss: 1.473367, validation acc: 0.907367, validation avg acc: 0.860598
Train: 264, time: 12.860537, loss: 1.382229, train acc: 0.972003, train avg acc: 0.956809
Validation: 264, time: 12.860537, loss: 1.477861, validation acc: 0.916576, validation avg acc: 0.877580
Train: 265, time: 12.579316, loss: 1.376122, train acc: 0.974907, train avg acc: 0.961781
Validation: 265, time: 12.579316, loss: 1.483932, validation acc: 0.911159, validation avg acc: 0.875753
Train: 266, time: 12.940282, loss: 1.383289, train acc: 0.970841, train avg acc: 0.954061
Validation: 266, time: 12.940282, loss: 1.474751, validation acc: 0.912784, validation avg acc: 0.861384
Train: 267, time: 12.818424, loss: 1.384097, train acc: 0.972235, train avg acc: 0.958401
Validation: 267, time: 12.818424, loss: 1.472113, validation acc: 0.914410, validation avg acc: 0.870396
Train: 268, time: 12.894550, loss: 1.381155, train acc: 0.975139, train avg acc: 0.962082
Validation: 268, time: 12.894550, loss: 1.472393, validation acc: 0.916035, validation avg acc: 0.875540
Train: 269, time: 12.810262, loss: 1.380157, train acc: 0.975488, train avg acc: 0.962258
Validation: 269, time: 12.810262, loss: 1.478763, validation acc: 0.911701, validation avg acc: 0.867958
Train: 270, time: 12.879042, loss: 1.376263, train acc: 0.976301, train avg acc: 0.965956
Validation: 270, time: 12.879042, loss: 1.472989, validation acc: 0.912784, validation avg acc: 0.869087
Train: 271, time: 12.685766, loss: 1.375577, train acc: 0.977230, train avg acc: 0.965775
Validation: 271, time: 12.685766, loss: 1.479735, validation acc: 0.909534, validation avg acc: 0.864631
Train: 272, time: 12.879864, loss: 1.380610, train acc: 0.974326, train avg acc: 0.961302
Validation: 272, time: 12.879864, loss: 1.481817, validation acc: 0.914410, validation avg acc: 0.875949
Train: 273, time: 12.695027, loss: 1.378309, train acc: 0.975023, train avg acc: 0.962477
Validation: 273, time: 12.695027, loss: 1.474701, validation acc: 0.918743, validation avg acc: 0.873646
Train: 274, time: 12.903037, loss: 1.379589, train acc: 0.975139, train avg acc: 0.961793
Validation: 274, time: 12.903037, loss: 1.474852, validation acc: 0.916035, validation avg acc: 0.869586
Train: 275, time: 12.434070, loss: 1.378770, train acc: 0.975488, train avg acc: 0.962557
Validation: 275, time: 12.434070, loss: 1.471865, validation acc: 0.911701, validation avg acc: 0.864560
Train: 276, time: 13.077268, loss: 1.377988, train acc: 0.975023, train avg acc: 0.962184
Validation: 276, time: 13.077268, loss: 1.480311, validation acc: 0.914410, validation avg acc: 0.864956
Train: 277, time: 12.796419, loss: 1.378888, train acc: 0.972932, train avg acc: 0.957918
Validation: 277, time: 12.796419, loss: 1.476812, validation acc: 0.912243, validation avg acc: 0.865476
Train: 278, time: 12.861552, loss: 1.374058, train acc: 0.979438, train avg acc: 0.967799
Validation: 278, time: 12.861552, loss: 1.476294, validation acc: 0.913868, validation avg acc: 0.867063
Train: 279, time: 12.983765, loss: 1.374722, train acc: 0.976417, train avg acc: 0.962792
Validation: 279, time: 12.983765, loss: 1.471458, validation acc: 0.912243, validation avg acc: 0.864512
Train: 280, time: 12.924547, loss: 1.375986, train acc: 0.975139, train avg acc: 0.962016
Validation: 280, time: 12.924547, loss: 1.485084, validation acc: 0.919285, validation avg acc: 0.878929
Train: 281, time: 13.019733, loss: 1.373718, train acc: 0.977811, train avg acc: 0.966656
Validation: 281, time: 13.019733, loss: 1.473822, validation acc: 0.911701, validation avg acc: 0.866404
Train: 282, time: 12.748703, loss: 1.376691, train acc: 0.975372, train avg acc: 0.964176
Validation: 282, time: 12.748703, loss: 1.486031, validation acc: 0.917660, validation avg acc: 0.874183
Train: 283, time: 12.440490, loss: 1.375768, train acc: 0.975953, train avg acc: 0.964179
Validation: 283, time: 12.440490, loss: 1.480634, validation acc: 0.913868, validation avg acc: 0.870325
Train: 284, time: 12.129638, loss: 1.378459, train acc: 0.974442, train avg acc: 0.961437
Validation: 284, time: 12.129638, loss: 1.469270, validation acc: 0.919285, validation avg acc: 0.876632
Train: 285, time: 12.246678, loss: 1.378091, train acc: 0.975139, train avg acc: 0.962814
Validation: 285, time: 12.246678, loss: 1.478096, validation acc: 0.912784, validation avg acc: 0.867645
Train: 286, time: 12.900599, loss: 1.373049, train acc: 0.976998, train avg acc: 0.964225
Validation: 286, time: 12.900599, loss: 1.472372, validation acc: 0.919285, validation avg acc: 0.875847
Train: 287, time: 12.740454, loss: 1.376797, train acc: 0.974210, train avg acc: 0.962186
Validation: 287, time: 12.740454, loss: 1.479837, validation acc: 0.912243, validation avg acc: 0.866834
Train: 288, time: 12.959546, loss: 1.375573, train acc: 0.975023, train avg acc: 0.962503
Validation: 288, time: 12.959546, loss: 1.477211, validation acc: 0.915493, validation avg acc: 0.873513
Train: 289, time: 12.823143, loss: 1.373312, train acc: 0.978741, train avg acc: 0.965649
Validation: 289, time: 12.823143, loss: 1.483851, validation acc: 0.914410, validation avg acc: 0.871226
Train: 290, time: 13.048651, loss: 1.375758, train acc: 0.976417, train avg acc: 0.964546
Validation: 290, time: 13.048651, loss: 1.487482, validation acc: 0.912243, validation avg acc: 0.870687
Train: 291, time: 12.451020, loss: 1.374478, train acc: 0.975139, train avg acc: 0.962040
Validation: 291, time: 12.451020, loss: 1.477625, validation acc: 0.914951, validation avg acc: 0.870126
Train: 292, time: 12.497766, loss: 1.372486, train acc: 0.977695, train avg acc: 0.964453
Validation: 292, time: 12.497766, loss: 1.475073, validation acc: 0.919827, validation avg acc: 0.880211
Train: 293, time: 12.744334, loss: 1.371584, train acc: 0.977579, train avg acc: 0.965867
Validation: 293, time: 12.744334, loss: 1.468934, validation acc: 0.919285, validation avg acc: 0.876744
Train: 294, time: 12.885105, loss: 1.376228, train acc: 0.976998, train avg acc: 0.965377
Validation: 294, time: 12.885105, loss: 1.484603, validation acc: 0.914410, validation avg acc: 0.862325
Train: 295, time: 12.736549, loss: 1.374005, train acc: 0.976069, train avg acc: 0.964306
Validation: 295, time: 12.736549, loss: 1.475947, validation acc: 0.911701, validation avg acc: 0.865044
Train: 296, time: 12.934906, loss: 1.374034, train acc: 0.976882, train avg acc: 0.965145
Validation: 296, time: 12.934906, loss: 1.477763, validation acc: 0.914410, validation avg acc: 0.867107
Train: 297, time: 12.854318, loss: 1.375749, train acc: 0.975488, train avg acc: 0.964623
Validation: 297, time: 12.854318, loss: 1.472898, validation acc: 0.914951, validation avg acc: 0.868112
Train: 298, time: 12.947573, loss: 1.370753, train acc: 0.977695, train avg acc: 0.964498
Validation: 298, time: 12.947573, loss: 1.476358, validation acc: 0.912243, validation avg acc: 0.862556
Train: 299, time: 12.721643, loss: 1.373872, train acc: 0.976417, train avg acc: 0.962831
Validation: 299, time: 12.721643, loss: 1.479713, validation acc: 0.911701, validation avg acc: 0.874362
====================================================================
TEST:: test acc: 0.899838, test avg acc: 0.856431
