SAPointNet(
  (attn1): SelfAttention(
    (query): Linear(in_features=64, out_features=64, bias=True)
    (key): Linear(in_features=64, out_features=64, bias=True)
    (value): Linear(in_features=64, out_features=64, bias=True)
  )
  (attn2): SelfAttention(
    (query): Linear(in_features=64, out_features=64, bias=True)
    (key): Linear(in_features=64, out_features=64, bias=True)
    (value): Linear(in_features=64, out_features=64, bias=True)
  )
  (attn3): SelfAttention(
    (query): Linear(in_features=128, out_features=128, bias=True)
    (key): Linear(in_features=128, out_features=128, bias=True)
    (value): Linear(in_features=128, out_features=128, bias=True)
  )
  (conv1): Conv1d(3, 64, kernel_size=(1,), stride=(1,), bias=False)
  (conv2): Conv1d(64, 64, kernel_size=(1,), stride=(1,), bias=False)
  (conv3): Conv1d(64, 64, kernel_size=(1,), stride=(1,), bias=False)
  (conv4): Conv1d(64, 128, kernel_size=(1,), stride=(1,), bias=False)
  (conv5): Conv1d(128, 1024, kernel_size=(1,), stride=(1,), bias=False)
  (conv6): Conv1d(1024, 256, kernel_size=(1,), stride=(1,), bias=False)
  (bn1): BatchNorm1d(64, eps=1e-05, momentum=0.1, affine=True, track_running_stats=True)
  (bn2): BatchNorm1d(64, eps=1e-05, momentum=0.1, affine=True, track_running_stats=True)
  (bn3): BatchNorm1d(64, eps=1e-05, momentum=0.1, affine=True, track_running_stats=True)
  (bn4): BatchNorm1d(128, eps=1e-05, momentum=0.1, affine=True, track_running_stats=True)
  (bn5): BatchNorm1d(1024, eps=1e-05, momentum=0.1, affine=True, track_running_stats=True)
  (bn6): BatchNorm1d(256, eps=1e-05, momentum=0.1, affine=True, track_running_stats=True)
  (linear1): Linear(in_features=256, out_features=512, bias=False)
  (bn7): BatchNorm1d(512, eps=1e-05, momentum=0.1, affine=True, track_running_stats=True)
  (dp1): Dropout(p=0.5, inplace=False)
  (linear2): Linear(in_features=512, out_features=40, bias=True)
)
Train: 0, time: 6.260343, loss: 3.556927, train acc: 0.104754, train avg acc: 0.104699
Validation: 0, time: 6.260343, loss: 3.146619, validation acc: 0.366739, validation avg acc: 0.346011
Train: 1, time: 6.081063, loss: 3.224080, train acc: 0.213468, train avg acc: 0.213655
Validation: 1, time: 6.081063, loss: 2.851511, validation acc: 0.459372, validation avg acc: 0.429586
Train: 2, time: 6.227077, loss: 3.024635, train acc: 0.295335, train avg acc: 0.295661
Validation: 2, time: 6.227077, loss: 2.577251, validation acc: 0.568797, validation avg acc: 0.505125
Train: 3, time: 5.975333, loss: 2.873135, train acc: 0.352553, train avg acc: 0.353133
Validation: 3, time: 5.975333, loss: 2.432510, validation acc: 0.597508, validation avg acc: 0.540600
Train: 4, time: 6.148321, loss: 2.761108, train acc: 0.393926, train avg acc: 0.394087
Validation: 4, time: 6.148321, loss: 2.293328, validation acc: 0.667389, validation avg acc: 0.605077
Train: 5, time: 6.092750, loss: 2.656662, train acc: 0.449824, train avg acc: 0.450172
Validation: 5, time: 6.092750, loss: 2.231977, validation acc: 0.683099, validation avg acc: 0.622855
Train: 6, time: 6.197884, loss: 2.592074, train acc: 0.469190, train avg acc: 0.469055
Validation: 6, time: 6.197884, loss: 2.147205, validation acc: 0.709642, validation avg acc: 0.638521
Train: 7, time: 6.191551, loss: 2.527186, train acc: 0.497799, train avg acc: 0.497392
Validation: 7, time: 6.191551, loss: 2.085297, validation acc: 0.730769, validation avg acc: 0.668755
Train: 8, time: 6.391312, loss: 2.441512, train acc: 0.540493, train avg acc: 0.540570
Validation: 8, time: 6.391312, loss: 2.033957, validation acc: 0.739978, validation avg acc: 0.673738
Train: 9, time: 6.128442, loss: 2.394095, train acc: 0.570423, train avg acc: 0.570058
Validation: 9, time: 6.128442, loss: 2.014535, validation acc: 0.752438, validation avg acc: 0.692749
Train: 10, time: 6.067928, loss: 2.351672, train acc: 0.574384, train avg acc: 0.574652
Validation: 10, time: 6.067928, loss: 1.964518, validation acc: 0.752438, validation avg acc: 0.691695
Train: 11, time: 5.893265, loss: 2.305762, train acc: 0.590669, train avg acc: 0.590602
Validation: 11, time: 5.893265, loss: 1.926632, validation acc: 0.783315, validation avg acc: 0.720906
Train: 12, time: 6.376919, loss: 2.264680, train acc: 0.609155, train avg acc: 0.609265
Validation: 12, time: 6.376919, loss: 1.908051, validation acc: 0.783315, validation avg acc: 0.727102
Train: 13, time: 6.036950, loss: 2.235581, train acc: 0.627641, train avg acc: 0.628051
Validation: 13, time: 6.036950, loss: 1.893816, validation acc: 0.777356, validation avg acc: 0.722637
Train: 14, time: 6.339366, loss: 2.212464, train acc: 0.626761, train avg acc: 0.626810
Validation: 14, time: 6.339366, loss: 1.868363, validation acc: 0.797941, validation avg acc: 0.745420
Train: 15, time: 6.287221, loss: 2.158351, train acc: 0.644366, train avg acc: 0.644204
Validation: 15, time: 6.287221, loss: 1.851152, validation acc: 0.791983, validation avg acc: 0.742906
Train: 16, time: 6.417042, loss: 2.152277, train acc: 0.653609, train avg acc: 0.653501
Validation: 16, time: 6.417042, loss: 1.829266, validation acc: 0.799025, validation avg acc: 0.743386
Train: 17, time: 5.847258, loss: 2.147025, train acc: 0.655370, train avg acc: 0.655459
Validation: 17, time: 5.847258, loss: 1.828268, validation acc: 0.803900, validation avg acc: 0.760386
Train: 18, time: 5.973478, loss: 2.104912, train acc: 0.680458, train avg acc: 0.679957
Validation: 18, time: 5.973478, loss: 1.811358, validation acc: 0.809317, validation avg acc: 0.760982
Train: 19, time: 6.269991, loss: 2.086228, train acc: 0.693662, train avg acc: 0.693985
Validation: 19, time: 6.269991, loss: 1.801172, validation acc: 0.805525, validation avg acc: 0.759061
Train: 20, time: 6.189127, loss: 2.072592, train acc: 0.688380, train avg acc: 0.688203
Validation: 20, time: 6.189127, loss: 1.794733, validation acc: 0.817443, validation avg acc: 0.773115
Train: 21, time: 6.128673, loss: 2.044525, train acc: 0.707746, train avg acc: 0.707819
Validation: 21, time: 6.128673, loss: 1.781688, validation acc: 0.817985, validation avg acc: 0.773180
Train: 22, time: 5.950833, loss: 2.026120, train acc: 0.703785, train avg acc: 0.703645
Validation: 22, time: 5.950833, loss: 1.782910, validation acc: 0.809317, validation avg acc: 0.760537
Train: 23, time: 6.316836, loss: 2.022514, train acc: 0.698504, train avg acc: 0.698350
Validation: 23, time: 6.316836, loss: 1.792601, validation acc: 0.810401, validation avg acc: 0.766245
Train: 24, time: 6.435942, loss: 1.993693, train acc: 0.718310, train avg acc: 0.718233
Validation: 24, time: 6.435942, loss: 1.783122, validation acc: 0.814193, validation avg acc: 0.772074
Train: 25, time: 6.271748, loss: 1.979707, train acc: 0.735035, train avg acc: 0.734845
Validation: 25, time: 6.271748, loss: 1.764946, validation acc: 0.816360, validation avg acc: 0.778219
Train: 26, time: 6.368247, loss: 1.986429, train acc: 0.723151, train avg acc: 0.723315
Validation: 26, time: 6.368247, loss: 1.758123, validation acc: 0.823402, validation avg acc: 0.772537
Train: 27, time: 6.438271, loss: 1.974143, train acc: 0.726673, train avg acc: 0.726520
Validation: 27, time: 6.438271, loss: 1.760160, validation acc: 0.822319, validation avg acc: 0.780859
Train: 28, time: 6.575623, loss: 1.939989, train acc: 0.749560, train avg acc: 0.749538
Validation: 28, time: 6.575623, loss: 1.748831, validation acc: 0.823402, validation avg acc: 0.779064
Train: 29, time: 6.139325, loss: 1.954760, train acc: 0.742958, train avg acc: 0.742826
Validation: 29, time: 6.139325, loss: 1.744603, validation acc: 0.829361, validation avg acc: 0.788464
Train: 30, time: 5.728296, loss: 1.923026, train acc: 0.749560, train avg acc: 0.749541
Validation: 30, time: 5.728296, loss: 1.740940, validation acc: 0.830444, validation avg acc: 0.788799
Train: 31, time: 6.017865, loss: 1.916647, train acc: 0.759683, train avg acc: 0.759577
Validation: 31, time: 6.017865, loss: 1.746461, validation acc: 0.829361, validation avg acc: 0.789830
Train: 32, time: 6.378942, loss: 1.918959, train acc: 0.750440, train avg acc: 0.750281
Validation: 32, time: 6.378942, loss: 1.732863, validation acc: 0.835320, validation avg acc: 0.798759
Train: 33, time: 6.127109, loss: 1.900437, train acc: 0.766285, train avg acc: 0.766159
Validation: 33, time: 6.127109, loss: 1.731537, validation acc: 0.833694, validation avg acc: 0.790106
Train: 34, time: 6.179872, loss: 1.881365, train acc: 0.770687, train avg acc: 0.771068
Validation: 34, time: 6.179872, loss: 1.726644, validation acc: 0.834778, validation avg acc: 0.800248
Train: 35, time: 6.196913, loss: 1.885905, train acc: 0.772007, train avg acc: 0.771875
Validation: 35, time: 6.196913, loss: 1.729457, validation acc: 0.834778, validation avg acc: 0.792935
Train: 36, time: 6.554771, loss: 1.879619, train acc: 0.768926, train avg acc: 0.768831
Validation: 36, time: 6.554771, loss: 1.733739, validation acc: 0.834236, validation avg acc: 0.794516
Train: 37, time: 6.151095, loss: 1.870078, train acc: 0.779049, train avg acc: 0.779020
Validation: 37, time: 6.151095, loss: 1.709602, validation acc: 0.847237, validation avg acc: 0.798312
Train: 38, time: 6.317057, loss: 1.866824, train acc: 0.781690, train avg acc: 0.781963
Validation: 38, time: 6.317057, loss: 1.728777, validation acc: 0.830986, validation avg acc: 0.798149
Train: 39, time: 6.354867, loss: 1.858596, train acc: 0.770246, train avg acc: 0.770179
Validation: 39, time: 6.354867, loss: 1.723669, validation acc: 0.836945, validation avg acc: 0.804877
Train: 40, time: 6.549675, loss: 1.845668, train acc: 0.783891, train avg acc: 0.784046
Validation: 40, time: 6.549675, loss: 1.706561, validation acc: 0.847779, validation avg acc: 0.812857
Train: 41, time: 5.957918, loss: 1.832129, train acc: 0.798856, train avg acc: 0.799272
Validation: 41, time: 5.957918, loss: 1.710792, validation acc: 0.848321, validation avg acc: 0.814356
Train: 42, time: 6.049132, loss: 1.801247, train acc: 0.801937, train avg acc: 0.801880
Validation: 42, time: 6.049132, loss: 1.705658, validation acc: 0.844529, validation avg acc: 0.809208
Train: 43, time: 6.420163, loss: 1.829083, train acc: 0.801937, train avg acc: 0.802060
Validation: 43, time: 6.420163, loss: 1.697221, validation acc: 0.846154, validation avg acc: 0.814862
Train: 44, time: 6.396297, loss: 1.818863, train acc: 0.796215, train avg acc: 0.796584
Validation: 44, time: 6.396297, loss: 1.702170, validation acc: 0.847779, validation avg acc: 0.806703
Train: 45, time: 6.287378, loss: 1.813052, train acc: 0.795775, train avg acc: 0.795919
Validation: 45, time: 6.287378, loss: 1.705200, validation acc: 0.856446, validation avg acc: 0.821119
Train: 46, time: 6.177444, loss: 1.801007, train acc: 0.811180, train avg acc: 0.811284
Validation: 46, time: 6.177444, loss: 1.689848, validation acc: 0.859155, validation avg acc: 0.828978
Train: 47, time: 6.120847, loss: 1.808051, train acc: 0.794454, train avg acc: 0.794486
Validation: 47, time: 6.120847, loss: 1.692134, validation acc: 0.848321, validation avg acc: 0.811082
Train: 48, time: 6.409229, loss: 1.793064, train acc: 0.808979, train avg acc: 0.808748
Validation: 48, time: 6.409229, loss: 1.716630, validation acc: 0.839653, validation avg acc: 0.805642
Train: 49, time: 5.998202, loss: 1.785452, train acc: 0.806778, train avg acc: 0.806502
Validation: 49, time: 5.998202, loss: 1.696101, validation acc: 0.848862, validation avg acc: 0.819858
Train: 50, time: 6.186731, loss: 1.776024, train acc: 0.821303, train avg acc: 0.821295
Validation: 50, time: 6.186731, loss: 1.683540, validation acc: 0.853738, validation avg acc: 0.815768
Train: 51, time: 5.861722, loss: 1.788459, train acc: 0.810299, train avg acc: 0.810328
Validation: 51, time: 5.861722, loss: 1.685869, validation acc: 0.843987, validation avg acc: 0.813465
Train: 52, time: 6.063630, loss: 1.770372, train acc: 0.813380, train avg acc: 0.812876
Validation: 52, time: 6.063630, loss: 1.680062, validation acc: 0.854280, validation avg acc: 0.815095
Train: 53, time: 6.256286, loss: 1.769621, train acc: 0.819982, train avg acc: 0.820157
Validation: 53, time: 6.256286, loss: 1.683151, validation acc: 0.851029, validation avg acc: 0.815692
Train: 54, time: 6.123059, loss: 1.761851, train acc: 0.823944, train avg acc: 0.824037
Validation: 54, time: 6.123059, loss: 1.679900, validation acc: 0.855905, validation avg acc: 0.820673
Train: 55, time: 6.302902, loss: 1.756580, train acc: 0.829665, train avg acc: 0.829513
Validation: 55, time: 6.302902, loss: 1.692438, validation acc: 0.844529, validation avg acc: 0.810468
Train: 56, time: 6.254145, loss: 1.748817, train acc: 0.834067, train avg acc: 0.834093
Validation: 56, time: 6.254145, loss: 1.674015, validation acc: 0.852113, validation avg acc: 0.817231
Train: 57, time: 6.121147, loss: 1.755053, train acc: 0.817342, train avg acc: 0.817410
Validation: 57, time: 6.121147, loss: 1.677870, validation acc: 0.853196, validation avg acc: 0.818121
Train: 58, time: 6.099989, loss: 1.740542, train acc: 0.837588, train avg acc: 0.837563
Validation: 58, time: 6.099989, loss: 1.675343, validation acc: 0.854821, validation avg acc: 0.824935
Train: 59, time: 6.217236, loss: 1.728974, train acc: 0.839349, train avg acc: 0.839280
Validation: 59, time: 6.217236, loss: 1.661461, validation acc: 0.860238, validation avg acc: 0.820133
Train: 60, time: 6.690340, loss: 1.732222, train acc: 0.833187, train avg acc: 0.832887
Validation: 60, time: 6.690340, loss: 1.687297, validation acc: 0.850488, validation avg acc: 0.818908
Train: 61, time: 5.988637, loss: 1.729938, train acc: 0.838908, train avg acc: 0.838768
Validation: 61, time: 5.988637, loss: 1.690123, validation acc: 0.841820, validation avg acc: 0.807890
Train: 62, time: 6.193212, loss: 1.720492, train acc: 0.838468, train avg acc: 0.838667
Validation: 62, time: 6.193212, loss: 1.676085, validation acc: 0.851029, validation avg acc: 0.813416
Train: 63, time: 6.423025, loss: 1.725517, train acc: 0.834947, train avg acc: 0.835150
Validation: 63, time: 6.423025, loss: 1.672057, validation acc: 0.864030, validation avg acc: 0.827102
Train: 64, time: 6.258090, loss: 1.719066, train acc: 0.841549, train avg acc: 0.841642
Validation: 64, time: 6.258090, loss: 1.660351, validation acc: 0.866197, validation avg acc: 0.828962
Train: 65, time: 6.574501, loss: 1.719259, train acc: 0.840229, train avg acc: 0.840106
Validation: 65, time: 6.574501, loss: 1.651743, validation acc: 0.863489, validation avg acc: 0.830172
Train: 66, time: 6.151868, loss: 1.709025, train acc: 0.847271, train avg acc: 0.847360
Validation: 66, time: 6.151868, loss: 1.655951, validation acc: 0.867822, validation avg acc: 0.834189
Train: 67, time: 6.444439, loss: 1.709139, train acc: 0.843750, train avg acc: 0.843785
Validation: 67, time: 6.444439, loss: 1.664445, validation acc: 0.853196, validation avg acc: 0.818744
Train: 68, time: 6.544144, loss: 1.701718, train acc: 0.852113, train avg acc: 0.852006
Validation: 68, time: 6.544144, loss: 1.664300, validation acc: 0.861322, validation avg acc: 0.828582
Train: 69, time: 6.131488, loss: 1.694055, train acc: 0.853873, train avg acc: 0.853962
Validation: 69, time: 6.131488, loss: 1.656184, validation acc: 0.862405, validation avg acc: 0.826482
Train: 70, time: 6.446216, loss: 1.700912, train acc: 0.847711, train avg acc: 0.847533
Validation: 70, time: 6.446216, loss: 1.658968, validation acc: 0.864030, validation avg acc: 0.822296
Train: 71, time: 6.596003, loss: 1.694754, train acc: 0.849472, train avg acc: 0.849593
Validation: 71, time: 6.596003, loss: 1.656606, validation acc: 0.861322, validation avg acc: 0.824775
Train: 72, time: 6.360466, loss: 1.683439, train acc: 0.853873, train avg acc: 0.853835
Validation: 72, time: 6.360466, loss: 1.645598, validation acc: 0.861322, validation avg acc: 0.821650
Train: 73, time: 6.261399, loss: 1.695333, train acc: 0.857394, train avg acc: 0.857542
Validation: 73, time: 6.261399, loss: 1.657270, validation acc: 0.866197, validation avg acc: 0.829834
Train: 74, time: 6.186322, loss: 1.690245, train acc: 0.844630, train avg acc: 0.844649
Validation: 74, time: 6.186322, loss: 1.659147, validation acc: 0.863489, validation avg acc: 0.834344
Train: 75, time: 6.103018, loss: 1.673479, train acc: 0.858715, train avg acc: 0.858772
Validation: 75, time: 6.103018, loss: 1.655572, validation acc: 0.862405, validation avg acc: 0.832047
Train: 76, time: 6.218366, loss: 1.658069, train acc: 0.867518, train avg acc: 0.867693
Validation: 76, time: 6.218366, loss: 1.645549, validation acc: 0.859155, validation avg acc: 0.831519
Train: 77, time: 6.105834, loss: 1.671890, train acc: 0.860035, train avg acc: 0.860166
Validation: 77, time: 6.105834, loss: 1.646320, validation acc: 0.863489, validation avg acc: 0.831983
Train: 78, time: 6.262858, loss: 1.674354, train acc: 0.852553, train avg acc: 0.852647
Validation: 78, time: 6.262858, loss: 1.640763, validation acc: 0.868364, validation avg acc: 0.836419
Train: 79, time: 6.353414, loss: 1.668064, train acc: 0.865757, train avg acc: 0.866038
Validation: 79, time: 6.353414, loss: 1.647005, validation acc: 0.864572, validation avg acc: 0.826577
Train: 80, time: 6.214978, loss: 1.655090, train acc: 0.876761, train avg acc: 0.876593
Validation: 80, time: 6.214978, loss: 1.663338, validation acc: 0.855363, validation avg acc: 0.827958
Train: 81, time: 6.436104, loss: 1.674472, train acc: 0.854313, train avg acc: 0.854148
Validation: 81, time: 6.436104, loss: 1.648164, validation acc: 0.864030, validation avg acc: 0.826651
Train: 82, time: 6.178531, loss: 1.658849, train acc: 0.872799, train avg acc: 0.872901
Validation: 82, time: 6.178531, loss: 1.634030, validation acc: 0.873781, validation avg acc: 0.841045
Train: 83, time: 6.059767, loss: 1.667267, train acc: 0.863996, train avg acc: 0.864153
Validation: 83, time: 6.059767, loss: 1.659941, validation acc: 0.852654, validation avg acc: 0.818764
Train: 84, time: 6.385719, loss: 1.647255, train acc: 0.875440, train avg acc: 0.875587
Validation: 84, time: 6.385719, loss: 1.647937, validation acc: 0.864572, validation avg acc: 0.827956
Train: 85, time: 6.209148, loss: 1.645445, train acc: 0.872799, train avg acc: 0.873024
Validation: 85, time: 6.209148, loss: 1.639125, validation acc: 0.861322, validation avg acc: 0.825823
Train: 86, time: 6.320185, loss: 1.644390, train acc: 0.879401, train avg acc: 0.879488
Validation: 86, time: 6.320185, loss: 1.641724, validation acc: 0.866197, validation avg acc: 0.838316
Train: 87, time: 6.289950, loss: 1.646105, train acc: 0.874560, train avg acc: 0.874608
Validation: 87, time: 6.289950, loss: 1.648827, validation acc: 0.862405, validation avg acc: 0.831282
Train: 88, time: 6.463308, loss: 1.638459, train acc: 0.873680, train avg acc: 0.873810
Validation: 88, time: 6.463308, loss: 1.629646, validation acc: 0.872698, validation avg acc: 0.838328
Train: 89, time: 6.101660, loss: 1.645249, train acc: 0.878081, train avg acc: 0.878148
Validation: 89, time: 6.101660, loss: 1.641315, validation acc: 0.862947, validation avg acc: 0.826990
Train: 90, time: 6.537771, loss: 1.633532, train acc: 0.879401, train avg acc: 0.879550
Validation: 90, time: 6.537771, loss: 1.631168, validation acc: 0.873781, validation avg acc: 0.845992
Train: 91, time: 6.070381, loss: 1.636051, train acc: 0.880722, train avg acc: 0.880537
Validation: 91, time: 6.070381, loss: 1.641561, validation acc: 0.860238, validation avg acc: 0.831217
Train: 92, time: 6.188201, loss: 1.636627, train acc: 0.873239, train avg acc: 0.873237
Validation: 92, time: 6.188201, loss: 1.631331, validation acc: 0.870531, validation avg acc: 0.840376
Train: 93, time: 6.501554, loss: 1.625097, train acc: 0.883363, train avg acc: 0.883161
Validation: 93, time: 6.501554, loss: 1.639683, validation acc: 0.866739, validation avg acc: 0.837614
Train: 94, time: 6.628763, loss: 1.631335, train acc: 0.882042, train avg acc: 0.882132
Validation: 94, time: 6.628763, loss: 1.635945, validation acc: 0.871073, validation avg acc: 0.838633
Train: 95, time: 6.360485, loss: 1.619291, train acc: 0.894366, train avg acc: 0.894369
Validation: 95, time: 6.360485, loss: 1.642454, validation acc: 0.866197, validation avg acc: 0.833962
Train: 96, time: 6.506767, loss: 1.617446, train acc: 0.886004, train avg acc: 0.886097
Validation: 96, time: 6.506767, loss: 1.644804, validation acc: 0.859155, validation avg acc: 0.827317
Train: 97, time: 6.371740, loss: 1.621699, train acc: 0.887324, train avg acc: 0.887343
Validation: 97, time: 6.371740, loss: 1.629633, validation acc: 0.871614, validation avg acc: 0.843471
Train: 98, time: 6.381351, loss: 1.615224, train acc: 0.898768, train avg acc: 0.898730
Validation: 98, time: 6.381351, loss: 1.635880, validation acc: 0.867281, validation avg acc: 0.833907
Train: 99, time: 6.185417, loss: 1.614232, train acc: 0.886444, train avg acc: 0.886576
Validation: 99, time: 6.185417, loss: 1.622408, validation acc: 0.872698, validation avg acc: 0.840183
Train: 100, time: 6.651369, loss: 1.610141, train acc: 0.894366, train avg acc: 0.894461
Validation: 100, time: 6.651369, loss: 1.630108, validation acc: 0.868364, validation avg acc: 0.835440
Train: 101, time: 6.255328, loss: 1.607467, train acc: 0.892606, train avg acc: 0.892716
Validation: 101, time: 6.255328, loss: 1.640309, validation acc: 0.865655, validation avg acc: 0.831948
Train: 102, time: 6.692371, loss: 1.599790, train acc: 0.893046, train avg acc: 0.893128
Validation: 102, time: 6.692371, loss: 1.630329, validation acc: 0.868364, validation avg acc: 0.834668
Train: 103, time: 6.277463, loss: 1.609425, train acc: 0.889085, train avg acc: 0.888972
Validation: 103, time: 6.277463, loss: 1.637799, validation acc: 0.867822, validation avg acc: 0.842140
Train: 104, time: 6.465733, loss: 1.593124, train acc: 0.904489, train avg acc: 0.904580
Validation: 104, time: 6.465733, loss: 1.630562, validation acc: 0.870531, validation avg acc: 0.835097
Train: 105, time: 6.558391, loss: 1.596782, train acc: 0.904049, train avg acc: 0.903776
Validation: 105, time: 6.558391, loss: 1.620742, validation acc: 0.874323, validation avg acc: 0.837013
Train: 106, time: 6.510456, loss: 1.589585, train acc: 0.902729, train avg acc: 0.902679
Validation: 106, time: 6.510456, loss: 1.620819, validation acc: 0.871614, validation avg acc: 0.840740
Train: 107, time: 6.252546, loss: 1.594933, train acc: 0.900528, train avg acc: 0.900627
Validation: 107, time: 6.252546, loss: 1.636387, validation acc: 0.869447, validation avg acc: 0.837053
Train: 108, time: 6.509232, loss: 1.590616, train acc: 0.901408, train avg acc: 0.901331
Validation: 108, time: 6.509232, loss: 1.621690, validation acc: 0.871614, validation avg acc: 0.836736
Train: 109, time: 6.436970, loss: 1.592591, train acc: 0.901408, train avg acc: 0.901472
Validation: 109, time: 6.436970, loss: 1.630096, validation acc: 0.876490, validation avg acc: 0.847770
Train: 110, time: 6.258901, loss: 1.581849, train acc: 0.903609, train avg acc: 0.903846
Validation: 110, time: 6.258901, loss: 1.609882, validation acc: 0.874865, validation avg acc: 0.840772
Train: 111, time: 6.362115, loss: 1.584892, train acc: 0.908891, train avg acc: 0.908889
Validation: 111, time: 6.362115, loss: 1.635073, validation acc: 0.872156, validation avg acc: 0.839222
Train: 112, time: 6.502375, loss: 1.573093, train acc: 0.915493, train avg acc: 0.915335
Validation: 112, time: 6.502375, loss: 1.619473, validation acc: 0.870531, validation avg acc: 0.840699
Train: 113, time: 6.471363, loss: 1.583273, train acc: 0.911532, train avg acc: 0.911669
Validation: 113, time: 6.471363, loss: 1.616441, validation acc: 0.875406, validation avg acc: 0.844967
Train: 114, time: 6.360531, loss: 1.580648, train acc: 0.905370, train avg acc: 0.905655
Validation: 114, time: 6.360531, loss: 1.612711, validation acc: 0.873781, validation avg acc: 0.838312
Train: 115, time: 6.457923, loss: 1.571832, train acc: 0.909771, train avg acc: 0.909774
Validation: 115, time: 6.457923, loss: 1.614668, validation acc: 0.878115, validation avg acc: 0.848186
Train: 116, time: 6.604150, loss: 1.570918, train acc: 0.905370, train avg acc: 0.905451
Validation: 116, time: 6.604150, loss: 1.614640, validation acc: 0.871614, validation avg acc: 0.841103
Train: 117, time: 6.374861, loss: 1.578295, train acc: 0.901408, train avg acc: 0.901465
Validation: 117, time: 6.374861, loss: 1.607519, validation acc: 0.869447, validation avg acc: 0.832961
Train: 118, time: 6.441767, loss: 1.575608, train acc: 0.908451, train avg acc: 0.908419
Validation: 118, time: 6.441767, loss: 1.625304, validation acc: 0.881907, validation avg acc: 0.847764
Train: 119, time: 6.383584, loss: 1.574227, train acc: 0.916813, train avg acc: 0.916651
Validation: 119, time: 6.383584, loss: 1.620362, validation acc: 0.879198, validation avg acc: 0.849338
Train: 120, time: 6.379348, loss: 1.573230, train acc: 0.907130, train avg acc: 0.907331
Validation: 120, time: 6.379348, loss: 1.620039, validation acc: 0.877573, validation avg acc: 0.844914
Train: 121, time: 6.635410, loss: 1.565408, train acc: 0.919454, train avg acc: 0.919369
Validation: 121, time: 6.635410, loss: 1.624900, validation acc: 0.875406, validation avg acc: 0.843016
Train: 122, time: 6.399483, loss: 1.573836, train acc: 0.908891, train avg acc: 0.909007
Validation: 122, time: 6.399483, loss: 1.619751, validation acc: 0.870531, validation avg acc: 0.842832
Train: 123, time: 6.597303, loss: 1.559133, train acc: 0.914173, train avg acc: 0.914074
Validation: 123, time: 6.597303, loss: 1.609219, validation acc: 0.876490, validation avg acc: 0.845022
Train: 124, time: 6.481172, loss: 1.565582, train acc: 0.915933, train avg acc: 0.915860
Validation: 124, time: 6.481172, loss: 1.637234, validation acc: 0.871614, validation avg acc: 0.839634
Train: 125, time: 6.293293, loss: 1.566811, train acc: 0.908891, train avg acc: 0.909093
Validation: 125, time: 6.293293, loss: 1.615336, validation acc: 0.875948, validation avg acc: 0.841380
Train: 126, time: 6.417130, loss: 1.559046, train acc: 0.919894, train avg acc: 0.920081
Validation: 126, time: 6.417130, loss: 1.621858, validation acc: 0.867822, validation avg acc: 0.836361
Train: 127, time: 6.339483, loss: 1.551709, train acc: 0.922535, train avg acc: 0.922619
Validation: 127, time: 6.339483, loss: 1.607830, validation acc: 0.874323, validation avg acc: 0.840365
Train: 128, time: 6.296732, loss: 1.551937, train acc: 0.920335, train avg acc: 0.920235
Validation: 128, time: 6.296732, loss: 1.613117, validation acc: 0.872698, validation avg acc: 0.842611
Train: 129, time: 6.289072, loss: 1.564764, train acc: 0.915933, train avg acc: 0.915907
Validation: 129, time: 6.289072, loss: 1.630359, validation acc: 0.869447, validation avg acc: 0.842891
Train: 130, time: 6.570204, loss: 1.556148, train acc: 0.922535, train avg acc: 0.922641
Validation: 130, time: 6.570204, loss: 1.613780, validation acc: 0.873781, validation avg acc: 0.842107
Train: 131, time: 6.490495, loss: 1.548549, train acc: 0.923856, train avg acc: 0.923800
Validation: 131, time: 6.490495, loss: 1.632759, validation acc: 0.872698, validation avg acc: 0.843124
Train: 132, time: 6.426698, loss: 1.556038, train acc: 0.916813, train avg acc: 0.916698
Validation: 132, time: 6.426698, loss: 1.612617, validation acc: 0.880282, validation avg acc: 0.844767
Train: 133, time: 6.117958, loss: 1.552844, train acc: 0.918574, train avg acc: 0.918561
Validation: 133, time: 6.117958, loss: 1.625879, validation acc: 0.868906, validation avg acc: 0.832623
Train: 134, time: 6.453850, loss: 1.546303, train acc: 0.924736, train avg acc: 0.924726
Validation: 134, time: 6.453850, loss: 1.614159, validation acc: 0.873781, validation avg acc: 0.844861
Train: 135, time: 6.478531, loss: 1.543890, train acc: 0.929137, train avg acc: 0.929261
Validation: 135, time: 6.478531, loss: 1.601650, validation acc: 0.882990, validation avg acc: 0.851796
Train: 136, time: 6.435421, loss: 1.542192, train acc: 0.924296, train avg acc: 0.924389
Validation: 136, time: 6.435421, loss: 1.615077, validation acc: 0.875948, validation avg acc: 0.846971
Train: 137, time: 6.504172, loss: 1.548232, train acc: 0.919454, train avg acc: 0.919651
Validation: 137, time: 6.504172, loss: 1.615140, validation acc: 0.875948, validation avg acc: 0.845847
Train: 138, time: 6.469569, loss: 1.554619, train acc: 0.919894, train avg acc: 0.919940
Validation: 138, time: 6.469569, loss: 1.605609, validation acc: 0.878115, validation avg acc: 0.843160
Train: 139, time: 6.279191, loss: 1.542498, train acc: 0.928257, train avg acc: 0.928282
Validation: 139, time: 6.279191, loss: 1.613552, validation acc: 0.872698, validation avg acc: 0.839121
Train: 140, time: 6.373281, loss: 1.538251, train acc: 0.928257, train avg acc: 0.928336
Validation: 140, time: 6.373281, loss: 1.614802, validation acc: 0.877031, validation avg acc: 0.845127
Train: 141, time: 6.368675, loss: 1.537714, train acc: 0.925176, train avg acc: 0.925274
Validation: 141, time: 6.368675, loss: 1.611702, validation acc: 0.877573, validation avg acc: 0.846044
Train: 142, time: 6.270302, loss: 1.536297, train acc: 0.933539, train avg acc: 0.933661
Validation: 142, time: 6.270302, loss: 1.615936, validation acc: 0.873239, validation avg acc: 0.844128
Train: 143, time: 6.443889, loss: 1.530980, train acc: 0.927377, train avg acc: 0.927310
Validation: 143, time: 6.443889, loss: 1.619654, validation acc: 0.869989, validation avg acc: 0.840681
Train: 144, time: 6.206268, loss: 1.525655, train acc: 0.933979, train avg acc: 0.933811
Validation: 144, time: 6.206268, loss: 1.618915, validation acc: 0.870531, validation avg acc: 0.838772
Train: 145, time: 6.523467, loss: 1.517229, train acc: 0.932658, train avg acc: 0.932501
Validation: 145, time: 6.523467, loss: 1.604319, validation acc: 0.883532, validation avg acc: 0.853055
Train: 146, time: 6.456222, loss: 1.528876, train acc: 0.936180, train avg acc: 0.936090
Validation: 146, time: 6.456222, loss: 1.617262, validation acc: 0.873239, validation avg acc: 0.843616
Train: 147, time: 6.568707, loss: 1.533542, train acc: 0.926496, train avg acc: 0.926551
Validation: 147, time: 6.568707, loss: 1.618992, validation acc: 0.868906, validation avg acc: 0.838189
Train: 148, time: 6.659640, loss: 1.524094, train acc: 0.936620, train avg acc: 0.936709
Validation: 148, time: 6.659640, loss: 1.609724, validation acc: 0.878657, validation avg acc: 0.853673
Train: 149, time: 6.270236, loss: 1.522713, train acc: 0.930898, train avg acc: 0.931070
Validation: 149, time: 6.270236, loss: 1.609240, validation acc: 0.878115, validation avg acc: 0.849262
Train: 150, time: 6.468779, loss: 1.532559, train acc: 0.933099, train avg acc: 0.933145
Validation: 150, time: 6.468779, loss: 1.619135, validation acc: 0.868906, validation avg acc: 0.836315
Train: 151, time: 6.320308, loss: 1.520814, train acc: 0.935739, train avg acc: 0.935688
Validation: 151, time: 6.320308, loss: 1.597244, validation acc: 0.882990, validation avg acc: 0.849817
Train: 152, time: 6.524837, loss: 1.525479, train acc: 0.936180, train avg acc: 0.936035
Validation: 152, time: 6.524837, loss: 1.609718, validation acc: 0.874865, validation avg acc: 0.842111
Train: 153, time: 6.363096, loss: 1.523305, train acc: 0.934419, train avg acc: 0.934437
Validation: 153, time: 6.363096, loss: 1.608743, validation acc: 0.877573, validation avg acc: 0.847329
Train: 154, time: 6.389076, loss: 1.521403, train acc: 0.931778, train avg acc: 0.931743
Validation: 154, time: 6.389076, loss: 1.619785, validation acc: 0.875948, validation avg acc: 0.846353
Train: 155, time: 6.372973, loss: 1.518372, train acc: 0.937500, train avg acc: 0.937371
Validation: 155, time: 6.372973, loss: 1.599505, validation acc: 0.886782, validation avg acc: 0.857829
Train: 156, time: 6.367840, loss: 1.515134, train acc: 0.940581, train avg acc: 0.940633
Validation: 156, time: 6.367840, loss: 1.616953, validation acc: 0.884074, validation avg acc: 0.850764
Train: 157, time: 6.278751, loss: 1.517610, train acc: 0.937940, train avg acc: 0.937931
Validation: 157, time: 6.278751, loss: 1.604290, validation acc: 0.881907, validation avg acc: 0.854517
Train: 158, time: 6.463704, loss: 1.519194, train acc: 0.930898, train avg acc: 0.930772
Validation: 158, time: 6.463704, loss: 1.613306, validation acc: 0.878657, validation avg acc: 0.844643
Train: 159, time: 6.453317, loss: 1.512895, train acc: 0.936180, train avg acc: 0.936317
Validation: 159, time: 6.453317, loss: 1.618424, validation acc: 0.873239, validation avg acc: 0.848272
Train: 160, time: 6.599895, loss: 1.518359, train acc: 0.928697, train avg acc: 0.928642
Validation: 160, time: 6.599895, loss: 1.615814, validation acc: 0.869989, validation avg acc: 0.838059
Train: 161, time: 6.479407, loss: 1.517585, train acc: 0.935739, train avg acc: 0.935855
Validation: 161, time: 6.479407, loss: 1.617114, validation acc: 0.869447, validation avg acc: 0.843640
Train: 162, time: 6.576342, loss: 1.506943, train acc: 0.943662, train avg acc: 0.943609
Validation: 162, time: 6.576342, loss: 1.604272, validation acc: 0.873239, validation avg acc: 0.837754
Train: 163, time: 6.585652, loss: 1.511256, train acc: 0.932658, train avg acc: 0.932628
Validation: 163, time: 6.585652, loss: 1.609750, validation acc: 0.873239, validation avg acc: 0.839439
Train: 164, time: 6.269859, loss: 1.509230, train acc: 0.937940, train avg acc: 0.938064
Validation: 164, time: 6.269859, loss: 1.615896, validation acc: 0.875948, validation avg acc: 0.849657
Train: 165, time: 6.530470, loss: 1.511718, train acc: 0.940581, train avg acc: 0.940445
Validation: 165, time: 6.530470, loss: 1.598541, validation acc: 0.880282, validation avg acc: 0.846948
Train: 166, time: 6.356014, loss: 1.511061, train acc: 0.933099, train avg acc: 0.933192
Validation: 166, time: 6.356014, loss: 1.636986, validation acc: 0.866739, validation avg acc: 0.839243
Train: 167, time: 6.504339, loss: 1.502953, train acc: 0.940141, train avg acc: 0.940171
Validation: 167, time: 6.504339, loss: 1.617082, validation acc: 0.873239, validation avg acc: 0.841034
Train: 168, time: 6.472568, loss: 1.508060, train acc: 0.940141, train avg acc: 0.939991
Validation: 168, time: 6.472568, loss: 1.606706, validation acc: 0.881365, validation avg acc: 0.855474
Train: 169, time: 6.292959, loss: 1.503783, train acc: 0.940581, train avg acc: 0.940617
Validation: 169, time: 6.292959, loss: 1.602462, validation acc: 0.880823, validation avg acc: 0.846806
Train: 170, time: 6.355574, loss: 1.499999, train acc: 0.941021, train avg acc: 0.941040
Validation: 170, time: 6.355574, loss: 1.607641, validation acc: 0.873239, validation avg acc: 0.845012
Train: 171, time: 6.298246, loss: 1.504762, train acc: 0.938380, train avg acc: 0.938368
Validation: 171, time: 6.298246, loss: 1.598237, validation acc: 0.878657, validation avg acc: 0.840214
Train: 172, time: 6.458115, loss: 1.499923, train acc: 0.944102, train avg acc: 0.944212
Validation: 172, time: 6.458115, loss: 1.600879, validation acc: 0.881365, validation avg acc: 0.853609
Train: 173, time: 6.368261, loss: 1.503664, train acc: 0.939701, train avg acc: 0.939650
Validation: 173, time: 6.368261, loss: 1.605687, validation acc: 0.881365, validation avg acc: 0.850233
Train: 174, time: 6.261784, loss: 1.497916, train acc: 0.941901, train avg acc: 0.941839
Validation: 174, time: 6.261784, loss: 1.612920, validation acc: 0.878115, validation avg acc: 0.846463
Train: 175, time: 6.402973, loss: 1.504101, train acc: 0.937060, train avg acc: 0.937148
Validation: 175, time: 6.402973, loss: 1.611141, validation acc: 0.878115, validation avg acc: 0.845839
Train: 176, time: 6.371145, loss: 1.495429, train acc: 0.947183, train avg acc: 0.946837
Validation: 176, time: 6.371145, loss: 1.598823, validation acc: 0.876490, validation avg acc: 0.850653
Train: 177, time: 6.282339, loss: 1.503260, train acc: 0.935739, train avg acc: 0.935691
Validation: 177, time: 6.282339, loss: 1.625932, validation acc: 0.869989, validation avg acc: 0.839421
Train: 178, time: 6.305578, loss: 1.486654, train acc: 0.949824, train avg acc: 0.949818
Validation: 178, time: 6.305578, loss: 1.626036, validation acc: 0.871073, validation avg acc: 0.840023
Train: 179, time: 6.476444, loss: 1.494602, train acc: 0.945863, train avg acc: 0.945880
Validation: 179, time: 6.476444, loss: 1.600215, validation acc: 0.882449, validation avg acc: 0.851391
Train: 180, time: 6.635720, loss: 1.500929, train acc: 0.939701, train avg acc: 0.939693
Validation: 180, time: 6.635720, loss: 1.608019, validation acc: 0.878115, validation avg acc: 0.845394
Train: 181, time: 6.553464, loss: 1.487519, train acc: 0.949384, train avg acc: 0.949436
Validation: 181, time: 6.553464, loss: 1.592668, validation acc: 0.880823, validation avg acc: 0.843160
Train: 182, time: 6.380957, loss: 1.490804, train acc: 0.943662, train avg acc: 0.943734
Validation: 182, time: 6.380957, loss: 1.601557, validation acc: 0.877573, validation avg acc: 0.847037
Train: 183, time: 6.346004, loss: 1.483553, train acc: 0.948063, train avg acc: 0.948003
Validation: 183, time: 6.346004, loss: 1.601532, validation acc: 0.877573, validation avg acc: 0.843997
Train: 184, time: 6.479918, loss: 1.479204, train acc: 0.959067, train avg acc: 0.959163
Validation: 184, time: 6.479918, loss: 1.613164, validation acc: 0.875406, validation avg acc: 0.845724
Train: 185, time: 6.301192, loss: 1.492887, train acc: 0.943662, train avg acc: 0.943672
Validation: 185, time: 6.301192, loss: 1.649423, validation acc: 0.854280, validation avg acc: 0.823492
Train: 186, time: 6.182897, loss: 1.486883, train acc: 0.947183, train avg acc: 0.947202
Validation: 186, time: 6.182897, loss: 1.606470, validation acc: 0.878657, validation avg acc: 0.850258
Train: 187, time: 6.455911, loss: 1.490794, train acc: 0.941901, train avg acc: 0.941941
Validation: 187, time: 6.455911, loss: 1.604557, validation acc: 0.877573, validation avg acc: 0.847684
Train: 188, time: 5.973232, loss: 1.484160, train acc: 0.951585, train avg acc: 0.951574
Validation: 188, time: 5.973232, loss: 1.610516, validation acc: 0.878657, validation avg acc: 0.850530
Train: 189, time: 6.404268, loss: 1.482052, train acc: 0.954225, train avg acc: 0.954237
Validation: 189, time: 6.404268, loss: 1.616395, validation acc: 0.872698, validation avg acc: 0.844122
Train: 190, time: 6.430970, loss: 1.485638, train acc: 0.945423, train avg acc: 0.945395
Validation: 190, time: 6.430970, loss: 1.594378, validation acc: 0.879740, validation avg acc: 0.845266
Train: 191, time: 6.373331, loss: 1.483037, train acc: 0.945423, train avg acc: 0.945426
Validation: 191, time: 6.373331, loss: 1.610156, validation acc: 0.874865, validation avg acc: 0.845382
Train: 192, time: 6.393253, loss: 1.477627, train acc: 0.949824, train avg acc: 0.949812
Validation: 192, time: 6.393253, loss: 1.623503, validation acc: 0.874323, validation avg acc: 0.847082
Train: 193, time: 6.178775, loss: 1.490084, train acc: 0.945423, train avg acc: 0.945331
Validation: 193, time: 6.178775, loss: 1.591719, validation acc: 0.882990, validation avg acc: 0.853674
Train: 194, time: 6.268460, loss: 1.471976, train acc: 0.956426, train avg acc: 0.956452
Validation: 194, time: 6.268460, loss: 1.590350, validation acc: 0.880282, validation avg acc: 0.850310
Train: 195, time: 6.490347, loss: 1.490582, train acc: 0.945863, train avg acc: 0.945802
Validation: 195, time: 6.490347, loss: 1.606343, validation acc: 0.881907, validation avg acc: 0.844067
Train: 196, time: 6.352405, loss: 1.472036, train acc: 0.952465, train avg acc: 0.952428
Validation: 196, time: 6.352405, loss: 1.602315, validation acc: 0.881365, validation avg acc: 0.847272
Train: 197, time: 6.478559, loss: 1.466288, train acc: 0.956426, train avg acc: 0.956485
Validation: 197, time: 6.478559, loss: 1.613431, validation acc: 0.877573, validation avg acc: 0.853416
Train: 198, time: 6.591739, loss: 1.474999, train acc: 0.952025, train avg acc: 0.951995
Validation: 198, time: 6.591739, loss: 1.600917, validation acc: 0.878657, validation avg acc: 0.848660
Train: 199, time: 6.449823, loss: 1.475513, train acc: 0.953785, train avg acc: 0.953814
Validation: 199, time: 6.449823, loss: 1.605559, validation acc: 0.875948, validation avg acc: 0.852156
Train: 200, time: 6.580615, loss: 1.472826, train acc: 0.955106, train avg acc: 0.955122
Validation: 200, time: 6.580615, loss: 1.595703, validation acc: 0.885157, validation avg acc: 0.850078
Train: 201, time: 6.450096, loss: 1.475020, train acc: 0.950704, train avg acc: 0.950744
Validation: 201, time: 6.450096, loss: 1.595047, validation acc: 0.882449, validation avg acc: 0.855135
Train: 202, time: 6.508426, loss: 1.477367, train acc: 0.948944, train avg acc: 0.949004
Validation: 202, time: 6.508426, loss: 1.613266, validation acc: 0.872698, validation avg acc: 0.841211
Train: 203, time: 6.347071, loss: 1.474465, train acc: 0.953345, train avg acc: 0.953321
Validation: 203, time: 6.347071, loss: 1.593939, validation acc: 0.884615, validation avg acc: 0.855474
Train: 204, time: 6.231023, loss: 1.468600, train acc: 0.951585, train avg acc: 0.951582
Validation: 204, time: 6.231023, loss: 1.604735, validation acc: 0.879740, validation avg acc: 0.856391
Train: 205, time: 6.461788, loss: 1.470301, train acc: 0.955106, train avg acc: 0.955145
Validation: 205, time: 6.461788, loss: 1.604510, validation acc: 0.875948, validation avg acc: 0.850189
Train: 206, time: 6.207071, loss: 1.466060, train acc: 0.959507, train avg acc: 0.959485
Validation: 206, time: 6.207071, loss: 1.602464, validation acc: 0.874865, validation avg acc: 0.849466
Train: 207, time: 6.337524, loss: 1.468355, train acc: 0.958627, train avg acc: 0.958662
Validation: 207, time: 6.337524, loss: 1.631484, validation acc: 0.872156, validation avg acc: 0.841442
Train: 208, time: 6.359613, loss: 1.471970, train acc: 0.948944, train avg acc: 0.949013
Validation: 208, time: 6.359613, loss: 1.610288, validation acc: 0.880282, validation avg acc: 0.851332
Train: 209, time: 6.435616, loss: 1.468064, train acc: 0.958187, train avg acc: 0.958255
Validation: 209, time: 6.435616, loss: 1.607633, validation acc: 0.879740, validation avg acc: 0.856477
Train: 210, time: 6.314650, loss: 1.456932, train acc: 0.959507, train avg acc: 0.959484
Validation: 210, time: 6.314650, loss: 1.613074, validation acc: 0.873781, validation avg acc: 0.848119
Train: 211, time: 6.412487, loss: 1.469897, train acc: 0.951144, train avg acc: 0.951042
Validation: 211, time: 6.412487, loss: 1.598263, validation acc: 0.879740, validation avg acc: 0.853118
Train: 212, time: 6.438793, loss: 1.464103, train acc: 0.957306, train avg acc: 0.957299
Validation: 212, time: 6.438793, loss: 1.602147, validation acc: 0.879740, validation avg acc: 0.847848
Train: 213, time: 6.329376, loss: 1.465068, train acc: 0.955106, train avg acc: 0.955161
Validation: 213, time: 6.329376, loss: 1.595423, validation acc: 0.882449, validation avg acc: 0.850466
Train: 214, time: 6.358658, loss: 1.456348, train acc: 0.962148, train avg acc: 0.961997
Validation: 214, time: 6.358658, loss: 1.603781, validation acc: 0.878115, validation avg acc: 0.848987
Train: 215, time: 6.199971, loss: 1.461754, train acc: 0.956866, train avg acc: 0.956963
Validation: 215, time: 6.199971, loss: 1.611701, validation acc: 0.872698, validation avg acc: 0.843919
Train: 216, time: 6.353530, loss: 1.464953, train acc: 0.953785, train avg acc: 0.953845
Validation: 216, time: 6.353530, loss: 1.603806, validation acc: 0.879740, validation avg acc: 0.844736
Train: 217, time: 6.402179, loss: 1.450802, train acc: 0.960827, train avg acc: 0.960855
Validation: 217, time: 6.402179, loss: 1.588281, validation acc: 0.879198, validation avg acc: 0.844833
Train: 218, time: 6.350040, loss: 1.466036, train acc: 0.954225, train avg acc: 0.954205
Validation: 218, time: 6.350040, loss: 1.610402, validation acc: 0.874865, validation avg acc: 0.844445
Train: 219, time: 6.603792, loss: 1.460716, train acc: 0.959067, train avg acc: 0.959187
Validation: 219, time: 6.603792, loss: 1.601024, validation acc: 0.880823, validation avg acc: 0.856100
Train: 220, time: 6.437849, loss: 1.453920, train acc: 0.962148, train avg acc: 0.962124
Validation: 220, time: 6.437849, loss: 1.594230, validation acc: 0.880282, validation avg acc: 0.848141
Train: 221, time: 6.148124, loss: 1.455545, train acc: 0.958627, train avg acc: 0.958662
Validation: 221, time: 6.148124, loss: 1.597399, validation acc: 0.879740, validation avg acc: 0.845792
Train: 222, time: 6.427002, loss: 1.457295, train acc: 0.964789, train avg acc: 0.964802
Validation: 222, time: 6.427002, loss: 1.584896, validation acc: 0.879740, validation avg acc: 0.848139
Train: 223, time: 6.356125, loss: 1.453321, train acc: 0.966109, train avg acc: 0.966048
Validation: 223, time: 6.356125, loss: 1.602319, validation acc: 0.881907, validation avg acc: 0.852964
Train: 224, time: 6.386572, loss: 1.446973, train acc: 0.967870, train avg acc: 0.967935
Validation: 224, time: 6.386572, loss: 1.604314, validation acc: 0.877031, validation avg acc: 0.855501
Train: 225, time: 6.438204, loss: 1.452022, train acc: 0.960827, train avg acc: 0.960847
Validation: 225, time: 6.438204, loss: 1.606594, validation acc: 0.878115, validation avg acc: 0.850811
Train: 226, time: 6.388233, loss: 1.455317, train acc: 0.957306, train avg acc: 0.957362
Validation: 226, time: 6.388233, loss: 1.602105, validation acc: 0.876490, validation avg acc: 0.847607
Train: 227, time: 6.284192, loss: 1.454292, train acc: 0.964349, train avg acc: 0.964388
Validation: 227, time: 6.284192, loss: 1.594273, validation acc: 0.884615, validation avg acc: 0.853550
Train: 228, time: 6.413474, loss: 1.440862, train acc: 0.968310, train avg acc: 0.968271
Validation: 228, time: 6.413474, loss: 1.608852, validation acc: 0.874865, validation avg acc: 0.844260
Train: 229, time: 6.640110, loss: 1.447475, train acc: 0.960827, train avg acc: 0.960933
Validation: 229, time: 6.640110, loss: 1.601010, validation acc: 0.874323, validation avg acc: 0.846445
Train: 230, time: 6.593184, loss: 1.447523, train acc: 0.964349, train avg acc: 0.964309
Validation: 230, time: 6.593184, loss: 1.607123, validation acc: 0.877031, validation avg acc: 0.850902
Train: 231, time: 6.544421, loss: 1.448204, train acc: 0.959507, train avg acc: 0.959500
Validation: 231, time: 6.544421, loss: 1.601712, validation acc: 0.881907, validation avg acc: 0.850230
Train: 232, time: 6.393329, loss: 1.450378, train acc: 0.966109, train avg acc: 0.966069
Validation: 232, time: 6.393329, loss: 1.621819, validation acc: 0.869989, validation avg acc: 0.843454
Train: 233, time: 6.167393, loss: 1.448400, train acc: 0.965229, train avg acc: 0.965304
Validation: 233, time: 6.167393, loss: 1.596595, validation acc: 0.880282, validation avg acc: 0.849740
Train: 234, time: 6.278045, loss: 1.443798, train acc: 0.963468, train avg acc: 0.963471
Validation: 234, time: 6.278045, loss: 1.600184, validation acc: 0.881907, validation avg acc: 0.850569
Train: 235, time: 6.257053, loss: 1.452407, train acc: 0.960387, train avg acc: 0.960424
Validation: 235, time: 6.257053, loss: 1.598412, validation acc: 0.877031, validation avg acc: 0.840309
Train: 236, time: 6.452825, loss: 1.446907, train acc: 0.964789, train avg acc: 0.964833
Validation: 236, time: 6.452825, loss: 1.610898, validation acc: 0.871614, validation avg acc: 0.838561
Train: 237, time: 5.974197, loss: 1.439885, train acc: 0.966109, train avg acc: 0.966111
Validation: 237, time: 5.974197, loss: 1.587562, validation acc: 0.883532, validation avg acc: 0.845191
Train: 238, time: 6.204100, loss: 1.456829, train acc: 0.959947, train avg acc: 0.959939
Validation: 238, time: 6.204100, loss: 1.600065, validation acc: 0.881365, validation avg acc: 0.854235
Train: 239, time: 6.382422, loss: 1.447345, train acc: 0.961268, train avg acc: 0.961270
Validation: 239, time: 6.382422, loss: 1.604571, validation acc: 0.879740, validation avg acc: 0.848334
Train: 240, time: 6.281694, loss: 1.441034, train acc: 0.966109, train avg acc: 0.966094
Validation: 240, time: 6.281694, loss: 1.585099, validation acc: 0.883532, validation avg acc: 0.854566
Train: 241, time: 6.346329, loss: 1.447744, train acc: 0.964349, train avg acc: 0.964403
Validation: 241, time: 6.346329, loss: 1.600107, validation acc: 0.882449, validation avg acc: 0.847700
Train: 242, time: 6.273983, loss: 1.448435, train acc: 0.965229, train avg acc: 0.965226
Validation: 242, time: 6.273983, loss: 1.607859, validation acc: 0.877031, validation avg acc: 0.850090
Train: 243, time: 6.333527, loss: 1.448071, train acc: 0.961708, train avg acc: 0.961763
Validation: 243, time: 6.333527, loss: 1.602110, validation acc: 0.874323, validation avg acc: 0.845809
Train: 244, time: 6.130182, loss: 1.440305, train acc: 0.966549, train avg acc: 0.966541
Validation: 244, time: 6.130182, loss: 1.613150, validation acc: 0.875948, validation avg acc: 0.848212
Train: 245, time: 6.148493, loss: 1.442617, train acc: 0.965229, train avg acc: 0.965090
Validation: 245, time: 6.148493, loss: 1.595347, validation acc: 0.880823, validation avg acc: 0.849467
Train: 246, time: 6.184311, loss: 1.445435, train acc: 0.962148, train avg acc: 0.962108
Validation: 246, time: 6.184311, loss: 1.598881, validation acc: 0.880823, validation avg acc: 0.845121
Train: 247, time: 6.066566, loss: 1.446768, train acc: 0.962148, train avg acc: 0.962155
Validation: 247, time: 6.066566, loss: 1.610411, validation acc: 0.879740, validation avg acc: 0.848165
Train: 248, time: 6.294777, loss: 1.438925, train acc: 0.966989, train avg acc: 0.967011
Validation: 248, time: 6.294777, loss: 1.593923, validation acc: 0.881907, validation avg acc: 0.852522
Train: 249, time: 6.080161, loss: 1.432433, train acc: 0.968310, train avg acc: 0.968327
Validation: 249, time: 6.080161, loss: 1.591728, validation acc: 0.880823, validation avg acc: 0.851175
Train: 250, time: 6.186262, loss: 1.433631, train acc: 0.966989, train avg acc: 0.966980
Validation: 250, time: 6.186262, loss: 1.610883, validation acc: 0.873781, validation avg acc: 0.841679
Train: 251, time: 6.356865, loss: 1.441568, train acc: 0.965229, train avg acc: 0.965218
Validation: 251, time: 6.356865, loss: 1.587436, validation acc: 0.883532, validation avg acc: 0.852147
Train: 252, time: 6.206354, loss: 1.440396, train acc: 0.964789, train avg acc: 0.964818
Validation: 252, time: 6.206354, loss: 1.597510, validation acc: 0.879198, validation avg acc: 0.851922
Train: 253, time: 6.310963, loss: 1.436784, train acc: 0.964789, train avg acc: 0.964818
Validation: 253, time: 6.310963, loss: 1.596484, validation acc: 0.878657, validation avg acc: 0.848956
Train: 254, time: 6.376415, loss: 1.430607, train acc: 0.970511, train avg acc: 0.970393
Validation: 254, time: 6.376415, loss: 1.589662, validation acc: 0.878657, validation avg acc: 0.850551
Train: 255, time: 6.169444, loss: 1.432650, train acc: 0.968750, train avg acc: 0.968813
Validation: 255, time: 6.169444, loss: 1.608934, validation acc: 0.875948, validation avg acc: 0.847657
Train: 256, time: 6.476924, loss: 1.422103, train acc: 0.973151, train avg acc: 0.973135
Validation: 256, time: 6.476924, loss: 1.604846, validation acc: 0.874323, validation avg acc: 0.846843
Train: 257, time: 6.206544, loss: 1.439692, train acc: 0.966109, train avg acc: 0.966126
Validation: 257, time: 6.206544, loss: 1.617190, validation acc: 0.873239, validation avg acc: 0.846521
Train: 258, time: 6.143719, loss: 1.434168, train acc: 0.967430, train avg acc: 0.967536
Validation: 258, time: 6.143719, loss: 1.603930, validation acc: 0.879198, validation avg acc: 0.850223
Train: 259, time: 5.987290, loss: 1.432417, train acc: 0.962148, train avg acc: 0.962155
Validation: 259, time: 5.987290, loss: 1.600207, validation acc: 0.879740, validation avg acc: 0.851209
Train: 260, time: 6.257114, loss: 1.430003, train acc: 0.967430, train avg acc: 0.967457
Validation: 260, time: 6.257114, loss: 1.618161, validation acc: 0.869989, validation avg acc: 0.843232
Train: 261, time: 6.268075, loss: 1.426489, train acc: 0.967870, train avg acc: 0.967904
Validation: 261, time: 6.268075, loss: 1.602633, validation acc: 0.878115, validation avg acc: 0.846835
Train: 262, time: 6.194898, loss: 1.441108, train acc: 0.959067, train avg acc: 0.959164
Validation: 262, time: 6.194898, loss: 1.611451, validation acc: 0.869989, validation avg acc: 0.842298
Train: 263, time: 6.305135, loss: 1.441037, train acc: 0.961268, train avg acc: 0.961262
Validation: 263, time: 6.305135, loss: 1.604339, validation acc: 0.879198, validation avg acc: 0.849224
Train: 264, time: 6.427968, loss: 1.434184, train acc: 0.965229, train avg acc: 0.965296
Validation: 264, time: 6.427968, loss: 1.601561, validation acc: 0.880823, validation avg acc: 0.853956
Train: 265, time: 6.152776, loss: 1.431275, train acc: 0.967430, train avg acc: 0.967520
Validation: 265, time: 6.152776, loss: 1.591234, validation acc: 0.884615, validation avg acc: 0.857595
Train: 266, time: 6.397817, loss: 1.427166, train acc: 0.969630, train avg acc: 0.969682
Validation: 266, time: 6.397817, loss: 1.589464, validation acc: 0.886241, validation avg acc: 0.860023
Train: 267, time: 6.367881, loss: 1.432172, train acc: 0.970951, train avg acc: 0.970943
Validation: 267, time: 6.367881, loss: 1.598031, validation acc: 0.883532, validation avg acc: 0.852556
Train: 268, time: 6.094777, loss: 1.430979, train acc: 0.969190, train avg acc: 0.969118
Validation: 268, time: 6.094777, loss: 1.615453, validation acc: 0.871073, validation avg acc: 0.846986
Train: 269, time: 6.099477, loss: 1.427591, train acc: 0.974032, train avg acc: 0.974004
Validation: 269, time: 6.099477, loss: 1.589218, validation acc: 0.881907, validation avg acc: 0.851420
Train: 270, time: 6.327722, loss: 1.423287, train acc: 0.971391, train avg acc: 0.971436
Validation: 270, time: 6.327722, loss: 1.602302, validation acc: 0.879198, validation avg acc: 0.848577
Train: 271, time: 6.059626, loss: 1.433521, train acc: 0.966549, train avg acc: 0.966541
Validation: 271, time: 6.059626, loss: 1.608677, validation acc: 0.873239, validation avg acc: 0.841466
Train: 272, time: 6.379601, loss: 1.430105, train acc: 0.971831, train avg acc: 0.971781
Validation: 272, time: 6.379601, loss: 1.595176, validation acc: 0.877573, validation avg acc: 0.848275
Train: 273, time: 6.458132, loss: 1.423827, train acc: 0.972271, train avg acc: 0.972297
Validation: 273, time: 6.458132, loss: 1.586913, validation acc: 0.882990, validation avg acc: 0.854624
Train: 274, time: 6.378948, loss: 1.427010, train acc: 0.969630, train avg acc: 0.969659
Validation: 274, time: 6.378948, loss: 1.599199, validation acc: 0.884074, validation avg acc: 0.853412
Train: 275, time: 6.198824, loss: 1.425432, train acc: 0.966989, train avg acc: 0.966988
Validation: 275, time: 6.198824, loss: 1.613669, validation acc: 0.864572, validation avg acc: 0.833896
Train: 276, time: 6.357505, loss: 1.426820, train acc: 0.970511, train avg acc: 0.970417
Validation: 276, time: 6.357505, loss: 1.594628, validation acc: 0.880823, validation avg acc: 0.849368
Train: 277, time: 6.524832, loss: 1.426150, train acc: 0.968750, train avg acc: 0.968734
Validation: 277, time: 6.524832, loss: 1.597183, validation acc: 0.882449, validation avg acc: 0.853509
Train: 278, time: 6.508784, loss: 1.422878, train acc: 0.967430, train avg acc: 0.967466
Validation: 278, time: 6.508784, loss: 1.582317, validation acc: 0.885157, validation avg acc: 0.852013
Train: 279, time: 6.475281, loss: 1.422799, train acc: 0.969630, train avg acc: 0.969674
Validation: 279, time: 6.475281, loss: 1.621926, validation acc: 0.872156, validation avg acc: 0.840577
Train: 280, time: 6.578792, loss: 1.425191, train acc: 0.974032, train avg acc: 0.973982
Validation: 280, time: 6.578792, loss: 1.601170, validation acc: 0.880282, validation avg acc: 0.857095
Train: 281, time: 6.394050, loss: 1.421012, train acc: 0.973151, train avg acc: 0.973151
Validation: 281, time: 6.394050, loss: 1.607229, validation acc: 0.873239, validation avg acc: 0.848527
Train: 282, time: 6.456755, loss: 1.425344, train acc: 0.976232, train avg acc: 0.976292
Validation: 282, time: 6.456755, loss: 1.599900, validation acc: 0.878115, validation avg acc: 0.848907
Train: 283, time: 6.278256, loss: 1.425657, train acc: 0.970070, train avg acc: 0.970121
Validation: 283, time: 6.278256, loss: 1.597946, validation acc: 0.884074, validation avg acc: 0.855001
Train: 284, time: 6.300603, loss: 1.421592, train acc: 0.968310, train avg acc: 0.968296
Validation: 284, time: 6.300603, loss: 1.591692, validation acc: 0.881907, validation avg acc: 0.853490
Train: 285, time: 6.233472, loss: 1.417796, train acc: 0.974032, train avg acc: 0.974068
Validation: 285, time: 6.233472, loss: 1.606929, validation acc: 0.882449, validation avg acc: 0.852004
Train: 286, time: 6.275824, loss: 1.412512, train acc: 0.974472, train avg acc: 0.974420
Validation: 286, time: 6.275824, loss: 1.587873, validation acc: 0.881907, validation avg acc: 0.848832
Train: 287, time: 6.382145, loss: 1.426066, train acc: 0.972271, train avg acc: 0.972345
Validation: 287, time: 6.382145, loss: 1.591423, validation acc: 0.878657, validation avg acc: 0.844211
Train: 288, time: 6.479381, loss: 1.420868, train acc: 0.971831, train avg acc: 0.971812
Validation: 288, time: 6.479381, loss: 1.594706, validation acc: 0.881365, validation avg acc: 0.852142
Train: 289, time: 6.253663, loss: 1.418445, train acc: 0.978873, train avg acc: 0.978822
Validation: 289, time: 6.253663, loss: 1.590443, validation acc: 0.875948, validation avg acc: 0.839918
Train: 290, time: 6.576062, loss: 1.420410, train acc: 0.971831, train avg acc: 0.971914
Validation: 290, time: 6.576062, loss: 1.598966, validation acc: 0.882449, validation avg acc: 0.854064
Train: 291, time: 6.431749, loss: 1.416795, train acc: 0.976673, train avg acc: 0.976707
Validation: 291, time: 6.431749, loss: 1.593063, validation acc: 0.878657, validation avg acc: 0.849439
Train: 292, time: 6.439779, loss: 1.414272, train acc: 0.975792, train avg acc: 0.975815
Validation: 292, time: 6.439779, loss: 1.599383, validation acc: 0.881365, validation avg acc: 0.846254
Train: 293, time: 6.418511, loss: 1.422805, train acc: 0.969190, train avg acc: 0.969204
Validation: 293, time: 6.418511, loss: 1.595108, validation acc: 0.884615, validation avg acc: 0.851998
Train: 294, time: 6.620216, loss: 1.416080, train acc: 0.971831, train avg acc: 0.971781
Validation: 294, time: 6.620216, loss: 1.604311, validation acc: 0.878115, validation avg acc: 0.843864
Train: 295, time: 6.374824, loss: 1.417630, train acc: 0.976673, train avg acc: 0.976645
Validation: 295, time: 6.374824, loss: 1.609620, validation acc: 0.875948, validation avg acc: 0.842627
Train: 296, time: 6.352890, loss: 1.419643, train acc: 0.970511, train avg acc: 0.970495
Validation: 296, time: 6.352890, loss: 1.597726, validation acc: 0.879740, validation avg acc: 0.850560
Train: 297, time: 6.305918, loss: 1.412804, train acc: 0.973151, train avg acc: 0.973143
Validation: 297, time: 6.305918, loss: 1.597982, validation acc: 0.881907, validation avg acc: 0.852222
Train: 298, time: 6.547089, loss: 1.413089, train acc: 0.974472, train avg acc: 0.974411
Validation: 298, time: 6.547089, loss: 1.605368, validation acc: 0.876490, validation avg acc: 0.843408
Train: 299, time: 6.450636, loss: 1.406664, train acc: 0.977553, train avg acc: 0.977467
Validation: 299, time: 6.450636, loss: 1.607753, validation acc: 0.880823, validation avg acc: 0.855981
====================================================================
TEST:: test acc: 0.871684, test avg acc: 0.847740
