PointNet(
  (conv1): Conv1d(3, 64, kernel_size=(1,), stride=(1,), bias=False)
  (conv2): Conv1d(64, 64, kernel_size=(1,), stride=(1,), bias=False)
  (conv3): Conv1d(64, 64, kernel_size=(1,), stride=(1,), bias=False)
  (conv4): Conv1d(64, 128, kernel_size=(1,), stride=(1,), bias=False)
  (conv5): Conv1d(128, 1024, kernel_size=(1,), stride=(1,), bias=False)
  (bn1): BatchNorm1d(64, eps=1e-05, momentum=0.1, affine=True, track_running_stats=True)
  (bn2): BatchNorm1d(64, eps=1e-05, momentum=0.1, affine=True, track_running_stats=True)
  (bn3): BatchNorm1d(64, eps=1e-05, momentum=0.1, affine=True, track_running_stats=True)
  (bn4): BatchNorm1d(128, eps=1e-05, momentum=0.1, affine=True, track_running_stats=True)
  (bn5): BatchNorm1d(1024, eps=1e-05, momentum=0.1, affine=True, track_running_stats=True)
  (linear1): Linear(in_features=1024, out_features=512, bias=False)
  (bn6): BatchNorm1d(512, eps=1e-05, momentum=0.1, affine=True, track_running_stats=True)
  (dp1): Dropout(p=0.5, inplace=False)
  (linear2): Linear(in_features=512, out_features=40, bias=True)
)
Train: 0, time: 6.840424, loss: 2.887273, train acc: 0.375349, train avg acc: 0.210332
Validation: 0, time: 6.840424, loss: 2.305675, validation acc: 0.588299, validation avg acc: 0.385956
Train: 1, time: 6.733205, loss: 2.464901, train acc: 0.523350, train avg acc: 0.345269
Validation: 1, time: 6.733205, loss: 2.065999, validation acc: 0.683099, validation avg acc: 0.492900
Train: 2, time: 6.682952, loss: 2.293241, train acc: 0.600720, train avg acc: 0.431287
Validation: 2, time: 6.682952, loss: 1.967139, validation acc: 0.730769, validation avg acc: 0.565635
Train: 3, time: 6.564282, loss: 2.204452, train acc: 0.635455, train avg acc: 0.473989
Validation: 3, time: 6.564282, loss: 1.906609, validation acc: 0.744312, validation avg acc: 0.592944
Train: 4, time: 6.529746, loss: 2.142460, train acc: 0.654740, train avg acc: 0.500820
Validation: 4, time: 6.529746, loss: 1.853288, validation acc: 0.763272, validation avg acc: 0.622288
Train: 5, time: 7.273895, loss: 2.095849, train acc: 0.674721, train avg acc: 0.521133
Validation: 5, time: 7.273895, loss: 1.829452, validation acc: 0.796316, validation avg acc: 0.669822
Train: 6, time: 6.838927, loss: 2.057899, train acc: 0.692960, train avg acc: 0.547437
Validation: 6, time: 6.838927, loss: 1.805673, validation acc: 0.794150, validation avg acc: 0.658478
Train: 7, time: 6.809903, loss: 2.020301, train acc: 0.706087, train avg acc: 0.565502
Validation: 7, time: 6.809903, loss: 1.782657, validation acc: 0.807692, validation avg acc: 0.685689
Train: 8, time: 6.823722, loss: 2.008708, train acc: 0.709689, train avg acc: 0.569924
Validation: 8, time: 6.823722, loss: 1.790375, validation acc: 0.795775, validation avg acc: 0.682801
Train: 9, time: 6.953132, loss: 1.984582, train acc: 0.723164, train avg acc: 0.587696
Validation: 9, time: 6.953132, loss: 1.738649, validation acc: 0.826652, validation avg acc: 0.726436
Train: 10, time: 6.651822, loss: 1.964566, train acc: 0.735595, train avg acc: 0.603904
Validation: 10, time: 6.651822, loss: 1.746225, validation acc: 0.811484, validation avg acc: 0.681943
Train: 11, time: 6.863887, loss: 1.953870, train acc: 0.738499, train avg acc: 0.611417
Validation: 11, time: 6.863887, loss: 1.732024, validation acc: 0.822860, validation avg acc: 0.715607
Train: 12, time: 6.869850, loss: 1.935388, train acc: 0.748257, train avg acc: 0.625201
Validation: 12, time: 6.869850, loss: 1.730975, validation acc: 0.835861, validation avg acc: 0.723497
Train: 13, time: 6.861958, loss: 1.920115, train acc: 0.750813, train avg acc: 0.633153
Validation: 13, time: 6.861958, loss: 1.720009, validation acc: 0.840195, validation avg acc: 0.731657
Train: 14, time: 6.778412, loss: 1.909034, train acc: 0.757551, train avg acc: 0.632315
Validation: 14, time: 6.778412, loss: 1.706694, validation acc: 0.835320, validation avg acc: 0.735373
Train: 15, time: 6.685504, loss: 1.900960, train acc: 0.763592, train avg acc: 0.647532
Validation: 15, time: 6.685504, loss: 1.710715, validation acc: 0.834778, validation avg acc: 0.742305
Train: 16, time: 6.796117, loss: 1.883115, train acc: 0.767774, train avg acc: 0.650828
Validation: 16, time: 6.796117, loss: 1.728186, validation acc: 0.828277, validation avg acc: 0.731952
Train: 17, time: 6.854423, loss: 1.878202, train acc: 0.769168, train avg acc: 0.653659
Validation: 17, time: 6.854423, loss: 1.685123, validation acc: 0.847237, validation avg acc: 0.738690
Train: 18, time: 6.987346, loss: 1.878075, train acc: 0.768936, train avg acc: 0.652232
Validation: 18, time: 6.987346, loss: 1.725637, validation acc: 0.834778, validation avg acc: 0.738515
Train: 19, time: 6.892534, loss: 1.866925, train acc: 0.772770, train avg acc: 0.660068
Validation: 19, time: 6.892534, loss: 1.678875, validation acc: 0.845612, validation avg acc: 0.745845
Train: 20, time: 6.795981, loss: 1.860761, train acc: 0.775441, train avg acc: 0.661560
Validation: 20, time: 6.795981, loss: 1.697715, validation acc: 0.841820, validation avg acc: 0.756652
Train: 21, time: 7.181378, loss: 1.853643, train acc: 0.780088, train avg acc: 0.670545
Validation: 21, time: 7.181378, loss: 1.687807, validation acc: 0.839653, validation avg acc: 0.725152
Train: 22, time: 6.713992, loss: 1.847408, train acc: 0.778113, train avg acc: 0.667761
Validation: 22, time: 6.713992, loss: 1.657108, validation acc: 0.846696, validation avg acc: 0.760493
Train: 23, time: 6.820508, loss: 1.846866, train acc: 0.782296, train avg acc: 0.676795
Validation: 23, time: 6.820508, loss: 1.648050, validation acc: 0.863489, validation avg acc: 0.790375
Train: 24, time: 6.861906, loss: 1.832727, train acc: 0.785664, train avg acc: 0.678128
Validation: 24, time: 6.861906, loss: 1.652092, validation acc: 0.867281, validation avg acc: 0.772514
Train: 25, time: 6.481295, loss: 1.822257, train acc: 0.790660, train avg acc: 0.683030
Validation: 25, time: 6.481295, loss: 1.666458, validation acc: 0.854280, validation avg acc: 0.760188
Train: 26, time: 6.684189, loss: 1.822514, train acc: 0.794261, train avg acc: 0.691788
Validation: 26, time: 6.684189, loss: 1.677947, validation acc: 0.848862, validation avg acc: 0.762132
Train: 27, time: 6.548174, loss: 1.818818, train acc: 0.791008, train avg acc: 0.679128
Validation: 27, time: 6.548174, loss: 1.681729, validation acc: 0.849404, validation avg acc: 0.774180
Train: 28, time: 6.634016, loss: 1.816069, train acc: 0.793332, train avg acc: 0.692272
Validation: 28, time: 6.634016, loss: 1.656132, validation acc: 0.855363, validation avg acc: 0.756761
Train: 29, time: 6.639724, loss: 1.811220, train acc: 0.796120, train avg acc: 0.693734
Validation: 29, time: 6.639724, loss: 1.653901, validation acc: 0.857530, validation avg acc: 0.763256
Train: 30, time: 6.806568, loss: 1.815504, train acc: 0.789963, train avg acc: 0.686133
Validation: 30, time: 6.806568, loss: 1.629657, validation acc: 0.866197, validation avg acc: 0.782116
Train: 31, time: 6.557824, loss: 1.805494, train acc: 0.795655, train avg acc: 0.695166
Validation: 31, time: 6.557824, loss: 1.626575, validation acc: 0.870531, validation avg acc: 0.787189
Train: 32, time: 6.386479, loss: 1.805027, train acc: 0.796701, train avg acc: 0.691922
Validation: 32, time: 6.386479, loss: 1.651574, validation acc: 0.855905, validation avg acc: 0.765422
Train: 33, time: 6.586809, loss: 1.799392, train acc: 0.802974, train avg acc: 0.707510
Validation: 33, time: 6.586809, loss: 1.626741, validation acc: 0.872156, validation avg acc: 0.798947
Train: 34, time: 6.554114, loss: 1.799172, train acc: 0.800767, train avg acc: 0.699519
Validation: 34, time: 6.554114, loss: 1.644203, validation acc: 0.861322, validation avg acc: 0.763997
Train: 35, time: 6.619020, loss: 1.791826, train acc: 0.803322, train avg acc: 0.704293
Validation: 35, time: 6.619020, loss: 1.668496, validation acc: 0.856446, validation avg acc: 0.771378
Train: 36, time: 6.743651, loss: 1.782207, train acc: 0.807737, train avg acc: 0.710455
Validation: 36, time: 6.743651, loss: 1.621922, validation acc: 0.873781, validation avg acc: 0.799401
Train: 37, time: 6.604580, loss: 1.786432, train acc: 0.804949, train avg acc: 0.709367
Validation: 37, time: 6.604580, loss: 1.632686, validation acc: 0.863489, validation avg acc: 0.788995
Train: 38, time: 6.618049, loss: 1.774370, train acc: 0.813894, train avg acc: 0.718378
Validation: 38, time: 6.618049, loss: 1.619621, validation acc: 0.871614, validation avg acc: 0.795392
Train: 39, time: 6.657533, loss: 1.778192, train acc: 0.805994, train avg acc: 0.704516
Validation: 39, time: 6.657533, loss: 1.616940, validation acc: 0.877031, validation avg acc: 0.796668
Train: 40, time: 7.193011, loss: 1.772114, train acc: 0.812268, train avg acc: 0.715879
Validation: 40, time: 7.193011, loss: 1.627895, validation acc: 0.866197, validation avg acc: 0.782818
Train: 41, time: 6.864437, loss: 1.765776, train acc: 0.816914, train avg acc: 0.720169
Validation: 41, time: 6.864437, loss: 1.634550, validation acc: 0.866197, validation avg acc: 0.779850
Train: 42, time: 7.125318, loss: 1.758544, train acc: 0.817263, train avg acc: 0.721218
Validation: 42, time: 7.125318, loss: 1.616865, validation acc: 0.872698, validation avg acc: 0.781237
Train: 43, time: 7.659120, loss: 1.770657, train acc: 0.813081, train avg acc: 0.715275
Validation: 43, time: 7.659120, loss: 1.600951, validation acc: 0.880823, validation avg acc: 0.812604
Train: 44, time: 6.669089, loss: 1.761641, train acc: 0.818657, train avg acc: 0.724974
Validation: 44, time: 6.669089, loss: 1.610524, validation acc: 0.872156, validation avg acc: 0.792787
Train: 45, time: 6.850643, loss: 1.768653, train acc: 0.814126, train avg acc: 0.720865
Validation: 45, time: 6.850643, loss: 1.619622, validation acc: 0.865114, validation avg acc: 0.783240
Train: 46, time: 6.763003, loss: 1.749185, train acc: 0.820864, train avg acc: 0.730623
Validation: 46, time: 6.763003, loss: 1.604764, validation acc: 0.876490, validation avg acc: 0.808091
Train: 47, time: 6.625250, loss: 1.761956, train acc: 0.817263, train avg acc: 0.724255
Validation: 47, time: 6.625250, loss: 1.609173, validation acc: 0.878115, validation avg acc: 0.795890
Train: 48, time: 6.763013, loss: 1.752241, train acc: 0.819586, train avg acc: 0.724752
Validation: 48, time: 6.763013, loss: 1.604963, validation acc: 0.877031, validation avg acc: 0.801179
Train: 49, time: 6.899697, loss: 1.753246, train acc: 0.816682, train avg acc: 0.720095
Validation: 49, time: 6.899697, loss: 1.619755, validation acc: 0.856988, validation avg acc: 0.768277
Train: 50, time: 6.510558, loss: 1.742096, train acc: 0.825163, train avg acc: 0.733954
Validation: 50, time: 6.510558, loss: 1.613170, validation acc: 0.873239, validation avg acc: 0.783763
Train: 51, time: 6.574708, loss: 1.748034, train acc: 0.820980, train avg acc: 0.726828
Validation: 51, time: 6.574708, loss: 1.599564, validation acc: 0.874323, validation avg acc: 0.786407
Train: 52, time: 6.736210, loss: 1.741869, train acc: 0.829693, train avg acc: 0.740617
Validation: 52, time: 6.736210, loss: 1.614803, validation acc: 0.877031, validation avg acc: 0.814494
Train: 53, time: 6.504875, loss: 1.743843, train acc: 0.820632, train avg acc: 0.726865
Validation: 53, time: 6.504875, loss: 1.614362, validation acc: 0.867822, validation avg acc: 0.786140
Train: 54, time: 6.963763, loss: 1.737562, train acc: 0.825743, train avg acc: 0.738643
Validation: 54, time: 6.963763, loss: 1.615735, validation acc: 0.870531, validation avg acc: 0.794781
Train: 55, time: 6.454473, loss: 1.744815, train acc: 0.825860, train avg acc: 0.739757
Validation: 55, time: 6.454473, loss: 1.617807, validation acc: 0.871073, validation avg acc: 0.801559
Train: 56, time: 6.607891, loss: 1.725438, train acc: 0.830623, train avg acc: 0.741472
Validation: 56, time: 6.607891, loss: 1.586868, validation acc: 0.886241, validation avg acc: 0.818190
Train: 57, time: 6.762573, loss: 1.742913, train acc: 0.820051, train avg acc: 0.724710
Validation: 57, time: 6.762573, loss: 1.623202, validation acc: 0.871614, validation avg acc: 0.797623
Train: 58, time: 6.483636, loss: 1.733581, train acc: 0.828648, train avg acc: 0.740284
Validation: 58, time: 6.483636, loss: 1.600199, validation acc: 0.875406, validation avg acc: 0.805262
Train: 59, time: 6.439588, loss: 1.733195, train acc: 0.829577, train avg acc: 0.745147
Validation: 59, time: 6.439588, loss: 1.584471, validation acc: 0.884615, validation avg acc: 0.812232
Train: 60, time: 6.622554, loss: 1.729265, train acc: 0.827370, train avg acc: 0.740964
Validation: 60, time: 6.622554, loss: 1.592911, validation acc: 0.880823, validation avg acc: 0.816737
Train: 61, time: 6.716856, loss: 1.728455, train acc: 0.832133, train avg acc: 0.745962
Validation: 61, time: 6.716856, loss: 1.602195, validation acc: 0.867822, validation avg acc: 0.796150
Train: 62, time: 6.833357, loss: 1.723012, train acc: 0.831204, train avg acc: 0.745797
Validation: 62, time: 6.833357, loss: 1.595109, validation acc: 0.880282, validation avg acc: 0.814995
Train: 63, time: 6.910442, loss: 1.713290, train acc: 0.841194, train avg acc: 0.755297
Validation: 63, time: 6.910442, loss: 1.585567, validation acc: 0.885157, validation avg acc: 0.818843
Train: 64, time: 6.536581, loss: 1.735668, train acc: 0.825627, train avg acc: 0.737907
Validation: 64, time: 6.536581, loss: 1.589705, validation acc: 0.889491, validation avg acc: 0.818441
Train: 65, time: 6.625142, loss: 1.714923, train acc: 0.839219, train avg acc: 0.757151
Validation: 65, time: 6.625142, loss: 1.579643, validation acc: 0.882990, validation avg acc: 0.803472
Train: 66, time: 6.744891, loss: 1.720309, train acc: 0.832133, train avg acc: 0.744447
Validation: 66, time: 6.744891, loss: 1.591954, validation acc: 0.880823, validation avg acc: 0.803045
Train: 67, time: 6.568286, loss: 1.725488, train acc: 0.827835, train avg acc: 0.744108
Validation: 67, time: 6.568286, loss: 1.583197, validation acc: 0.881365, validation avg acc: 0.814862
Train: 68, time: 6.774657, loss: 1.718880, train acc: 0.833527, train avg acc: 0.746792
Validation: 68, time: 6.774657, loss: 1.602649, validation acc: 0.874323, validation avg acc: 0.806756
Train: 69, time: 6.657328, loss: 1.711949, train acc: 0.836199, train avg acc: 0.749799
Validation: 69, time: 6.657328, loss: 1.574164, validation acc: 0.879198, validation avg acc: 0.809843
Train: 70, time: 6.404010, loss: 1.715049, train acc: 0.833527, train avg acc: 0.748224
Validation: 70, time: 6.404010, loss: 1.589065, validation acc: 0.879198, validation avg acc: 0.801358
Train: 71, time: 6.582347, loss: 1.711884, train acc: 0.833643, train avg acc: 0.747361
Validation: 71, time: 6.582347, loss: 1.593106, validation acc: 0.875406, validation avg acc: 0.797213
Train: 72, time: 6.876948, loss: 1.710798, train acc: 0.835967, train avg acc: 0.747632
Validation: 72, time: 6.876948, loss: 1.572066, validation acc: 0.886782, validation avg acc: 0.827147
Train: 73, time: 6.615270, loss: 1.709506, train acc: 0.837825, train avg acc: 0.757833
Validation: 73, time: 6.615270, loss: 1.578185, validation acc: 0.894366, validation avg acc: 0.825397
Train: 74, time: 6.637173, loss: 1.706448, train acc: 0.836431, train avg acc: 0.747868
Validation: 74, time: 6.637173, loss: 1.586324, validation acc: 0.887866, validation avg acc: 0.811174
Train: 75, time: 6.512667, loss: 1.712552, train acc: 0.833062, train avg acc: 0.746422
Validation: 75, time: 6.512667, loss: 1.581712, validation acc: 0.878657, validation avg acc: 0.810182
Train: 76, time: 6.774375, loss: 1.707589, train acc: 0.839916, train avg acc: 0.756164
Validation: 76, time: 6.774375, loss: 1.576665, validation acc: 0.881907, validation avg acc: 0.802247
Train: 77, time: 6.776058, loss: 1.705228, train acc: 0.839568, train avg acc: 0.755221
Validation: 77, time: 6.776058, loss: 1.572500, validation acc: 0.882449, validation avg acc: 0.819778
Train: 78, time: 6.765209, loss: 1.705695, train acc: 0.842588, train avg acc: 0.759243
Validation: 78, time: 6.765209, loss: 1.611027, validation acc: 0.875948, validation avg acc: 0.795706
Train: 79, time: 6.719789, loss: 1.704105, train acc: 0.839219, train avg acc: 0.758314
Validation: 79, time: 6.719789, loss: 1.585884, validation acc: 0.886241, validation avg acc: 0.816817
Train: 80, time: 6.572822, loss: 1.699250, train acc: 0.839568, train avg acc: 0.759909
Validation: 80, time: 6.572822, loss: 1.563835, validation acc: 0.887324, validation avg acc: 0.814585
Train: 81, time: 6.713047, loss: 1.705215, train acc: 0.839916, train avg acc: 0.756169
Validation: 81, time: 6.713047, loss: 1.600573, validation acc: 0.876490, validation avg acc: 0.799482
Train: 82, time: 6.874858, loss: 1.698806, train acc: 0.841775, train avg acc: 0.759284
Validation: 82, time: 6.874858, loss: 1.601312, validation acc: 0.874865, validation avg acc: 0.804291
Train: 83, time: 6.684171, loss: 1.691859, train acc: 0.844796, train avg acc: 0.763728
Validation: 83, time: 6.684171, loss: 1.567527, validation acc: 0.889491, validation avg acc: 0.809788
Train: 84, time: 6.842489, loss: 1.700046, train acc: 0.840381, train avg acc: 0.759687
Validation: 84, time: 6.842489, loss: 1.586738, validation acc: 0.874865, validation avg acc: 0.794622
Train: 85, time: 6.779742, loss: 1.695830, train acc: 0.847003, train avg acc: 0.768955
Validation: 85, time: 6.779742, loss: 1.567245, validation acc: 0.888949, validation avg acc: 0.831919
Train: 86, time: 6.855473, loss: 1.695583, train acc: 0.846073, train avg acc: 0.765506
Validation: 86, time: 6.855473, loss: 1.576203, validation acc: 0.885699, validation avg acc: 0.824122
Train: 87, time: 6.806000, loss: 1.684416, train acc: 0.846306, train avg acc: 0.765748
Validation: 87, time: 6.806000, loss: 1.600679, validation acc: 0.880823, validation avg acc: 0.806253
Train: 88, time: 6.658189, loss: 1.685114, train acc: 0.847584, train avg acc: 0.769586
Validation: 88, time: 6.658189, loss: 1.568789, validation acc: 0.883532, validation avg acc: 0.818941
Train: 89, time: 7.067539, loss: 1.684796, train acc: 0.854205, train avg acc: 0.777682
Validation: 89, time: 7.067539, loss: 1.567913, validation acc: 0.888407, validation avg acc: 0.824074
Train: 90, time: 6.674081, loss: 1.689830, train acc: 0.845957, train avg acc: 0.769231
Validation: 90, time: 6.674081, loss: 1.577090, validation acc: 0.885699, validation avg acc: 0.816838
Train: 91, time: 6.656748, loss: 1.688167, train acc: 0.845725, train avg acc: 0.765827
Validation: 91, time: 6.656748, loss: 1.577724, validation acc: 0.884615, validation avg acc: 0.817641
Train: 92, time: 6.602337, loss: 1.692883, train acc: 0.845609, train avg acc: 0.765718
Validation: 92, time: 6.602337, loss: 1.593047, validation acc: 0.882449, validation avg acc: 0.799414
Train: 93, time: 6.694903, loss: 1.690511, train acc: 0.845841, train avg acc: 0.768019
Validation: 93, time: 6.694903, loss: 1.586885, validation acc: 0.886782, validation avg acc: 0.813825
Train: 94, time: 6.625246, loss: 1.685834, train acc: 0.848281, train avg acc: 0.770438
Validation: 94, time: 6.625246, loss: 1.558565, validation acc: 0.893283, validation avg acc: 0.829256
Train: 95, time: 6.819818, loss: 1.682682, train acc: 0.850953, train avg acc: 0.772996
Validation: 95, time: 6.819818, loss: 1.560242, validation acc: 0.888949, validation avg acc: 0.833288
Train: 96, time: 6.647989, loss: 1.682612, train acc: 0.850953, train avg acc: 0.776881
Validation: 96, time: 6.647989, loss: 1.565055, validation acc: 0.886241, validation avg acc: 0.824339
Train: 97, time: 6.579138, loss: 1.683410, train acc: 0.846422, train avg acc: 0.768198
Validation: 97, time: 6.579138, loss: 1.576110, validation acc: 0.882990, validation avg acc: 0.801273
Train: 98, time: 6.769221, loss: 1.678741, train acc: 0.846887, train avg acc: 0.767602
Validation: 98, time: 6.769221, loss: 1.559713, validation acc: 0.892741, validation avg acc: 0.827309
Train: 99, time: 6.592859, loss: 1.683279, train acc: 0.845725, train avg acc: 0.767187
Validation: 99, time: 6.592859, loss: 1.590805, validation acc: 0.881907, validation avg acc: 0.806896
Train: 100, time: 6.781362, loss: 1.673173, train acc: 0.852347, train avg acc: 0.779760
Validation: 100, time: 6.781362, loss: 1.572913, validation acc: 0.882449, validation avg acc: 0.815119
Train: 101, time: 6.554110, loss: 1.683627, train acc: 0.843750, train avg acc: 0.765737
Validation: 101, time: 6.554110, loss: 1.568369, validation acc: 0.893824, validation avg acc: 0.840188
Train: 102, time: 6.675206, loss: 1.677865, train acc: 0.852811, train avg acc: 0.776010
Validation: 102, time: 6.675206, loss: 1.560670, validation acc: 0.892199, validation avg acc: 0.828344
Train: 103, time: 6.588244, loss: 1.679264, train acc: 0.848281, train avg acc: 0.770934
Validation: 103, time: 6.588244, loss: 1.556799, validation acc: 0.896533, validation avg acc: 0.832810
Train: 104, time: 6.798552, loss: 1.676240, train acc: 0.849326, train avg acc: 0.770017
Validation: 104, time: 6.798552, loss: 1.559867, validation acc: 0.890033, validation avg acc: 0.822943
Train: 105, time: 7.056666, loss: 1.676657, train acc: 0.854089, train avg acc: 0.777864
Validation: 105, time: 7.056666, loss: 1.571123, validation acc: 0.889491, validation avg acc: 0.820707
Train: 106, time: 6.598267, loss: 1.672134, train acc: 0.853276, train avg acc: 0.782751
Validation: 106, time: 6.598267, loss: 1.559783, validation acc: 0.895450, validation avg acc: 0.828786
Train: 107, time: 6.376826, loss: 1.676618, train acc: 0.854902, train avg acc: 0.780648
Validation: 107, time: 6.376826, loss: 1.576598, validation acc: 0.884615, validation avg acc: 0.817633
Train: 108, time: 6.535829, loss: 1.675266, train acc: 0.851185, train avg acc: 0.770722
Validation: 108, time: 6.535829, loss: 1.546913, validation acc: 0.895991, validation avg acc: 0.835072
Train: 109, time: 6.811023, loss: 1.675402, train acc: 0.852114, train avg acc: 0.776905
Validation: 109, time: 6.811023, loss: 1.550739, validation acc: 0.893283, validation avg acc: 0.828498
Train: 110, time: 7.009120, loss: 1.675011, train acc: 0.851185, train avg acc: 0.774764
Validation: 110, time: 7.009120, loss: 1.563713, validation acc: 0.886241, validation avg acc: 0.827540
Train: 111, time: 6.741873, loss: 1.672933, train acc: 0.850372, train avg acc: 0.773325
Validation: 111, time: 6.741873, loss: 1.555858, validation acc: 0.894908, validation avg acc: 0.835240
Train: 112, time: 7.132576, loss: 1.675454, train acc: 0.856413, train avg acc: 0.780613
Validation: 112, time: 7.132576, loss: 1.570482, validation acc: 0.883532, validation avg acc: 0.809741
Train: 113, time: 6.563716, loss: 1.664175, train acc: 0.854670, train avg acc: 0.778879
Validation: 113, time: 6.563716, loss: 1.578622, validation acc: 0.886782, validation avg acc: 0.808809
Train: 114, time: 6.730287, loss: 1.669540, train acc: 0.851301, train avg acc: 0.772585
Validation: 114, time: 6.730287, loss: 1.560573, validation acc: 0.885157, validation avg acc: 0.809155
Train: 115, time: 6.695127, loss: 1.667889, train acc: 0.855251, train avg acc: 0.783340
Validation: 115, time: 6.695127, loss: 1.560359, validation acc: 0.892741, validation avg acc: 0.823046
Train: 116, time: 6.651362, loss: 1.667401, train acc: 0.853276, train avg acc: 0.777010
Validation: 116, time: 6.651362, loss: 1.550200, validation acc: 0.892741, validation avg acc: 0.821880
Train: 117, time: 6.598683, loss: 1.669921, train acc: 0.853625, train avg acc: 0.776806
Validation: 117, time: 6.598683, loss: 1.551041, validation acc: 0.889491, validation avg acc: 0.828595
Train: 118, time: 6.606586, loss: 1.667771, train acc: 0.854786, train avg acc: 0.778707
Validation: 118, time: 6.606586, loss: 1.562134, validation acc: 0.888407, validation avg acc: 0.836347
Train: 119, time: 6.749716, loss: 1.663796, train acc: 0.854089, train avg acc: 0.778676
Validation: 119, time: 6.749716, loss: 1.549525, validation acc: 0.892199, validation avg acc: 0.831134
Train: 120, time: 6.586714, loss: 1.662629, train acc: 0.857110, train avg acc: 0.785143
Validation: 120, time: 6.586714, loss: 1.567433, validation acc: 0.888407, validation avg acc: 0.824399
Train: 121, time: 6.592062, loss: 1.660719, train acc: 0.857807, train avg acc: 0.783780
Validation: 121, time: 6.592062, loss: 1.558229, validation acc: 0.889491, validation avg acc: 0.823226
Train: 122, time: 6.680081, loss: 1.667817, train acc: 0.852811, train avg acc: 0.774509
Validation: 122, time: 6.680081, loss: 1.569161, validation acc: 0.882990, validation avg acc: 0.805278
Train: 123, time: 6.496388, loss: 1.662580, train acc: 0.857458, train avg acc: 0.785835
Validation: 123, time: 6.496388, loss: 1.557929, validation acc: 0.897075, validation avg acc: 0.833758
Train: 124, time: 6.509239, loss: 1.661236, train acc: 0.857807, train avg acc: 0.788261
Validation: 124, time: 6.509239, loss: 1.553961, validation acc: 0.893824, validation avg acc: 0.828977
Train: 125, time: 6.716851, loss: 1.657048, train acc: 0.860595, train avg acc: 0.789830
Validation: 125, time: 6.716851, loss: 1.548983, validation acc: 0.901950, validation avg acc: 0.849594
Train: 126, time: 6.378272, loss: 1.661992, train acc: 0.860595, train avg acc: 0.784803
Validation: 126, time: 6.378272, loss: 1.549724, validation acc: 0.895991, validation avg acc: 0.825183
Train: 127, time: 6.835936, loss: 1.659695, train acc: 0.853741, train avg acc: 0.776363
Validation: 127, time: 6.835936, loss: 1.541095, validation acc: 0.897075, validation avg acc: 0.832237
Train: 128, time: 6.816919, loss: 1.657466, train acc: 0.859898, train avg acc: 0.785531
Validation: 128, time: 6.816919, loss: 1.551451, validation acc: 0.892199, validation avg acc: 0.824543
Train: 129, time: 6.632165, loss: 1.657433, train acc: 0.858388, train avg acc: 0.786051
Validation: 129, time: 6.632165, loss: 1.582932, validation acc: 0.884615, validation avg acc: 0.822327
Train: 130, time: 6.763071, loss: 1.654369, train acc: 0.860246, train avg acc: 0.788227
Validation: 130, time: 6.763071, loss: 1.552521, validation acc: 0.898158, validation avg acc: 0.838704
Train: 131, time: 6.580934, loss: 1.657698, train acc: 0.857923, train avg acc: 0.782772
Validation: 131, time: 6.580934, loss: 1.561071, validation acc: 0.889491, validation avg acc: 0.815568
Train: 132, time: 6.949244, loss: 1.655957, train acc: 0.859085, train avg acc: 0.782499
Validation: 132, time: 6.949244, loss: 1.550059, validation acc: 0.896533, validation avg acc: 0.843290
Train: 133, time: 6.764339, loss: 1.656512, train acc: 0.860595, train avg acc: 0.791019
Validation: 133, time: 6.764339, loss: 1.553600, validation acc: 0.892199, validation avg acc: 0.822796
Train: 134, time: 6.620490, loss: 1.651062, train acc: 0.862105, train avg acc: 0.792475
Validation: 134, time: 6.620490, loss: 1.568742, validation acc: 0.891116, validation avg acc: 0.814746
Train: 135, time: 6.742145, loss: 1.661721, train acc: 0.854902, train avg acc: 0.779884
Validation: 135, time: 6.742145, loss: 1.556908, validation acc: 0.894908, validation avg acc: 0.842447
Train: 136, time: 6.616578, loss: 1.657441, train acc: 0.858504, train avg acc: 0.782586
Validation: 136, time: 6.616578, loss: 1.555500, validation acc: 0.895450, validation avg acc: 0.841835
Train: 137, time: 6.627782, loss: 1.658615, train acc: 0.859898, train avg acc: 0.786359
Validation: 137, time: 6.627782, loss: 1.566912, validation acc: 0.885699, validation avg acc: 0.815777
Train: 138, time: 6.728848, loss: 1.650783, train acc: 0.860479, train avg acc: 0.789018
Validation: 138, time: 6.728848, loss: 1.561229, validation acc: 0.901408, validation avg acc: 0.835626
Train: 139, time: 6.574571, loss: 1.650085, train acc: 0.859898, train avg acc: 0.786321
Validation: 139, time: 6.574571, loss: 1.562272, validation acc: 0.894908, validation avg acc: 0.830518
Train: 140, time: 6.650059, loss: 1.650989, train acc: 0.863615, train avg acc: 0.794324
Validation: 140, time: 6.650059, loss: 1.556384, validation acc: 0.894366, validation avg acc: 0.830416
Train: 141, time: 6.743568, loss: 1.655586, train acc: 0.862337, train avg acc: 0.791514
Validation: 141, time: 6.743568, loss: 1.545949, validation acc: 0.894908, validation avg acc: 0.839051
Train: 142, time: 6.650113, loss: 1.647867, train acc: 0.868378, train avg acc: 0.798313
Validation: 142, time: 6.650113, loss: 1.543694, validation acc: 0.898700, validation avg acc: 0.834622
Train: 143, time: 6.677396, loss: 1.645002, train acc: 0.863731, train avg acc: 0.792842
Validation: 143, time: 6.677396, loss: 1.557319, validation acc: 0.885699, validation avg acc: 0.830866
Train: 144, time: 6.488449, loss: 1.652105, train acc: 0.861757, train avg acc: 0.790373
Validation: 144, time: 6.488449, loss: 1.550500, validation acc: 0.895450, validation avg acc: 0.829069
Train: 145, time: 6.624532, loss: 1.646059, train acc: 0.862802, train avg acc: 0.791515
Validation: 145, time: 6.624532, loss: 1.537963, validation acc: 0.898158, validation avg acc: 0.835466
Train: 146, time: 6.728781, loss: 1.645587, train acc: 0.865706, train avg acc: 0.795677
Validation: 146, time: 6.728781, loss: 1.555965, validation acc: 0.893824, validation avg acc: 0.824919
Train: 147, time: 6.728905, loss: 1.648771, train acc: 0.858155, train avg acc: 0.783374
Validation: 147, time: 6.728905, loss: 1.559500, validation acc: 0.892741, validation avg acc: 0.830109
Train: 148, time: 6.562419, loss: 1.650561, train acc: 0.863964, train avg acc: 0.798218
Validation: 148, time: 6.562419, loss: 1.537855, validation acc: 0.896533, validation avg acc: 0.840005
Train: 149, time: 6.647477, loss: 1.650593, train acc: 0.859898, train avg acc: 0.789726
Validation: 149, time: 6.647477, loss: 1.559965, validation acc: 0.886782, validation avg acc: 0.828981
Train: 150, time: 6.566414, loss: 1.646274, train acc: 0.864312, train avg acc: 0.794847
Validation: 150, time: 6.566414, loss: 1.549789, validation acc: 0.888949, validation avg acc: 0.828420
Train: 151, time: 6.686394, loss: 1.641425, train acc: 0.865822, train avg acc: 0.798206
Validation: 151, time: 6.686394, loss: 1.553842, validation acc: 0.897075, validation avg acc: 0.834015
Train: 152, time: 6.678695, loss: 1.641937, train acc: 0.866984, train avg acc: 0.796407
Validation: 152, time: 6.678695, loss: 1.543534, validation acc: 0.898700, validation avg acc: 0.844424
Train: 153, time: 6.690314, loss: 1.643107, train acc: 0.863848, train avg acc: 0.791744
Validation: 153, time: 6.690314, loss: 1.544452, validation acc: 0.897616, validation avg acc: 0.842873
Train: 154, time: 6.559285, loss: 1.641433, train acc: 0.865358, train avg acc: 0.794833
Validation: 154, time: 6.559285, loss: 1.549165, validation acc: 0.893283, validation avg acc: 0.819529
Train: 155, time: 6.689640, loss: 1.643898, train acc: 0.860362, train avg acc: 0.787539
Validation: 155, time: 6.689640, loss: 1.567560, validation acc: 0.884615, validation avg acc: 0.808302
Train: 156, time: 6.679522, loss: 1.648948, train acc: 0.862221, train avg acc: 0.793429
Validation: 156, time: 6.679522, loss: 1.553843, validation acc: 0.900325, validation avg acc: 0.836100
Train: 157, time: 7.208218, loss: 1.643459, train acc: 0.862337, train avg acc: 0.794103
Validation: 157, time: 7.208218, loss: 1.546787, validation acc: 0.899783, validation avg acc: 0.844752
Train: 158, time: 6.891107, loss: 1.636742, train acc: 0.871747, train avg acc: 0.805605
Validation: 158, time: 6.891107, loss: 1.540789, validation acc: 0.901950, validation avg acc: 0.846003
Train: 159, time: 7.154007, loss: 1.644175, train acc: 0.862221, train avg acc: 0.789763
Validation: 159, time: 7.154007, loss: 1.550870, validation acc: 0.899242, validation avg acc: 0.838305
Train: 160, time: 6.673426, loss: 1.638080, train acc: 0.873141, train avg acc: 0.804916
Validation: 160, time: 6.673426, loss: 1.559009, validation acc: 0.892199, validation avg acc: 0.818436
Train: 161, time: 6.699774, loss: 1.640822, train acc: 0.865822, train avg acc: 0.794965
Validation: 161, time: 6.699774, loss: 1.543744, validation acc: 0.894366, validation avg acc: 0.838353
Train: 162, time: 6.571913, loss: 1.646079, train acc: 0.863964, train avg acc: 0.792501
Validation: 162, time: 6.571913, loss: 1.546003, validation acc: 0.898700, validation avg acc: 0.823493
Train: 163, time: 6.499049, loss: 1.632650, train acc: 0.872212, train avg acc: 0.807216
Validation: 163, time: 6.499049, loss: 1.540225, validation acc: 0.891658, validation avg acc: 0.837410
Train: 164, time: 6.789327, loss: 1.637028, train acc: 0.865125, train avg acc: 0.795183
Validation: 164, time: 6.789327, loss: 1.545770, validation acc: 0.896533, validation avg acc: 0.838873
Train: 165, time: 6.539751, loss: 1.648542, train acc: 0.861524, train avg acc: 0.792206
Validation: 165, time: 6.539751, loss: 1.566682, validation acc: 0.881907, validation avg acc: 0.811895
Train: 166, time: 6.786510, loss: 1.634649, train acc: 0.868262, train avg acc: 0.798733
Validation: 166, time: 6.786510, loss: 1.554635, validation acc: 0.898158, validation avg acc: 0.826707
Train: 167, time: 6.595549, loss: 1.635337, train acc: 0.867681, train avg acc: 0.799976
Validation: 167, time: 6.595549, loss: 1.545016, validation acc: 0.901408, validation avg acc: 0.843513
Train: 168, time: 6.708304, loss: 1.635333, train acc: 0.868843, train avg acc: 0.796972
Validation: 168, time: 6.708304, loss: 1.540234, validation acc: 0.897616, validation avg acc: 0.833783
Train: 169, time: 6.659417, loss: 1.639038, train acc: 0.865242, train avg acc: 0.796761
Validation: 169, time: 6.659417, loss: 1.552904, validation acc: 0.893283, validation avg acc: 0.832624
Train: 170, time: 6.476470, loss: 1.645843, train acc: 0.863034, train avg acc: 0.794200
Validation: 170, time: 6.476470, loss: 1.543730, validation acc: 0.890033, validation avg acc: 0.824267
Train: 171, time: 6.916738, loss: 1.638152, train acc: 0.864080, train avg acc: 0.793067
Validation: 171, time: 6.916738, loss: 1.568243, validation acc: 0.890033, validation avg acc: 0.836904
Train: 172, time: 6.601763, loss: 1.636520, train acc: 0.868030, train avg acc: 0.799479
Validation: 172, time: 6.601763, loss: 1.556328, validation acc: 0.895991, validation avg acc: 0.825386
Train: 173, time: 6.754553, loss: 1.639891, train acc: 0.865009, train avg acc: 0.794856
Validation: 173, time: 6.754553, loss: 1.526802, validation acc: 0.901408, validation avg acc: 0.839544
Train: 174, time: 6.957347, loss: 1.637214, train acc: 0.869772, train avg acc: 0.800740
Validation: 174, time: 6.957347, loss: 1.540677, validation acc: 0.891116, validation avg acc: 0.827291
Train: 175, time: 6.744583, loss: 1.632958, train acc: 0.866055, train avg acc: 0.795248
Validation: 175, time: 6.744583, loss: 1.548540, validation acc: 0.893824, validation avg acc: 0.832309
Train: 176, time: 6.651410, loss: 1.632310, train acc: 0.868146, train avg acc: 0.797041
Validation: 176, time: 6.651410, loss: 1.545910, validation acc: 0.894366, validation avg acc: 0.833553
Train: 177, time: 6.655926, loss: 1.624745, train acc: 0.874071, train avg acc: 0.812666
Validation: 177, time: 6.655926, loss: 1.543192, validation acc: 0.903575, validation avg acc: 0.847568
Train: 178, time: 6.769561, loss: 1.632443, train acc: 0.865590, train avg acc: 0.799240
Validation: 178, time: 6.769561, loss: 1.537656, validation acc: 0.900325, validation avg acc: 0.842030
Train: 179, time: 6.866296, loss: 1.635612, train acc: 0.866984, train avg acc: 0.796175
Validation: 179, time: 6.866296, loss: 1.552024, validation acc: 0.885157, validation avg acc: 0.822566
Train: 180, time: 6.591209, loss: 1.629813, train acc: 0.871166, train avg acc: 0.803643
Validation: 180, time: 6.591209, loss: 1.537657, validation acc: 0.899242, validation avg acc: 0.840842
Train: 181, time: 6.702874, loss: 1.632549, train acc: 0.870237, train avg acc: 0.803938
Validation: 181, time: 6.702874, loss: 1.570554, validation acc: 0.892199, validation avg acc: 0.820243
Train: 182, time: 6.575222, loss: 1.628239, train acc: 0.871980, train avg acc: 0.803666
Validation: 182, time: 6.575222, loss: 1.556821, validation acc: 0.901408, validation avg acc: 0.838627
Train: 183, time: 6.681751, loss: 1.627891, train acc: 0.870353, train avg acc: 0.804247
Validation: 183, time: 6.681751, loss: 1.534988, validation acc: 0.893283, validation avg acc: 0.843699
Train: 184, time: 6.801403, loss: 1.632717, train acc: 0.867681, train avg acc: 0.799725
Validation: 184, time: 6.801403, loss: 1.557097, validation acc: 0.891116, validation avg acc: 0.836317
Train: 185, time: 6.633342, loss: 1.629333, train acc: 0.871050, train avg acc: 0.807643
Validation: 185, time: 6.633342, loss: 1.541203, validation acc: 0.889491, validation avg acc: 0.821637
Train: 186, time: 6.682653, loss: 1.629014, train acc: 0.870005, train avg acc: 0.800704
Validation: 186, time: 6.682653, loss: 1.548787, validation acc: 0.894366, validation avg acc: 0.833605
Train: 187, time: 6.758712, loss: 1.632847, train acc: 0.868611, train avg acc: 0.803433
Validation: 187, time: 6.758712, loss: 1.556867, validation acc: 0.894366, validation avg acc: 0.819213
Train: 188, time: 6.681444, loss: 1.627672, train acc: 0.866520, train avg acc: 0.797002
Validation: 188, time: 6.681444, loss: 1.548103, validation acc: 0.896533, validation avg acc: 0.828242
Train: 189, time: 6.492490, loss: 1.628013, train acc: 0.874651, train avg acc: 0.810735
Validation: 189, time: 6.492490, loss: 1.538447, validation acc: 0.894366, validation avg acc: 0.824718
Train: 190, time: 6.683396, loss: 1.628893, train acc: 0.871631, train avg acc: 0.804784
Validation: 190, time: 6.683396, loss: 1.537739, validation acc: 0.900867, validation avg acc: 0.844585
Train: 191, time: 6.812642, loss: 1.630513, train acc: 0.869308, train avg acc: 0.799497
Validation: 191, time: 6.812642, loss: 1.529343, validation acc: 0.897075, validation avg acc: 0.833789
Train: 192, time: 6.685452, loss: 1.625314, train acc: 0.871050, train avg acc: 0.805565
Validation: 192, time: 6.685452, loss: 1.528031, validation acc: 0.900867, validation avg acc: 0.842032
Train: 193, time: 6.754029, loss: 1.628247, train acc: 0.868611, train avg acc: 0.799279
Validation: 193, time: 6.754029, loss: 1.533453, validation acc: 0.899242, validation avg acc: 0.840659
Train: 194, time: 6.568594, loss: 1.624124, train acc: 0.873257, train avg acc: 0.805913
Validation: 194, time: 6.568594, loss: 1.528474, validation acc: 0.901408, validation avg acc: 0.846969
Train: 195, time: 6.803936, loss: 1.625890, train acc: 0.872909, train avg acc: 0.806786
Validation: 195, time: 6.803936, loss: 1.533619, validation acc: 0.903034, validation avg acc: 0.847945
Train: 196, time: 6.777363, loss: 1.631031, train acc: 0.869308, train avg acc: 0.802238
Validation: 196, time: 6.777363, loss: 1.537142, validation acc: 0.896533, validation avg acc: 0.833526
Train: 197, time: 6.906235, loss: 1.632762, train acc: 0.866055, train avg acc: 0.801764
Validation: 197, time: 6.906235, loss: 1.554795, validation acc: 0.889491, validation avg acc: 0.833216
Train: 198, time: 6.846333, loss: 1.621279, train acc: 0.874535, train avg acc: 0.810739
Validation: 198, time: 6.846333, loss: 1.549125, validation acc: 0.897616, validation avg acc: 0.821811
Train: 199, time: 6.645677, loss: 1.627105, train acc: 0.872909, train avg acc: 0.808380
Validation: 199, time: 6.645677, loss: 1.540058, validation acc: 0.891116, validation avg acc: 0.829148
====================================================================
TEST:: test acc: 0.897672, test avg acc: 0.847645
