PointNet(
  (conv1): Conv1d(3, 64, kernel_size=(1,), stride=(1,), bias=False)
  (conv2): Conv1d(64, 64, kernel_size=(1,), stride=(1,), bias=False)
  (conv3): Conv1d(64, 64, kernel_size=(1,), stride=(1,), bias=False)
  (conv4): Conv1d(64, 128, kernel_size=(1,), stride=(1,), bias=False)
  (conv5): Conv1d(128, 1024, kernel_size=(1,), stride=(1,), bias=False)
  (bn1): BatchNorm1d(64, eps=1e-05, momentum=0.1, affine=True, track_running_stats=True)
  (bn2): BatchNorm1d(64, eps=1e-05, momentum=0.1, affine=True, track_running_stats=True)
  (bn3): BatchNorm1d(64, eps=1e-05, momentum=0.1, affine=True, track_running_stats=True)
  (bn4): BatchNorm1d(128, eps=1e-05, momentum=0.1, affine=True, track_running_stats=True)
  (bn5): BatchNorm1d(1024, eps=1e-05, momentum=0.1, affine=True, track_running_stats=True)
  (linear1): Linear(in_features=1024, out_features=512, bias=False)
  (bn6): BatchNorm1d(512, eps=1e-05, momentum=0.1, affine=True, track_running_stats=True)
  (dp1): Dropout(p=0.5, inplace=False)
  (linear2): Linear(in_features=512, out_features=40, bias=True)
)
Train: 0, time: 7.574728, loss: 2.578594, train acc: 0.482691, train avg acc: 0.318265
Validation: 0, time: 7.574728, loss: 2.165287, validation acc: 0.633261, validation avg acc: 0.464507
Train: 1, time: 7.521861, loss: 2.248270, train acc: 0.608968, train avg acc: 0.453178
Validation: 1, time: 7.521861, loss: 1.992156, validation acc: 0.711268, validation avg acc: 0.546851
Train: 2, time: 7.563863, loss: 2.146812, train acc: 0.651719, train avg acc: 0.508650
Validation: 2, time: 7.563863, loss: 1.909340, validation acc: 0.747562, validation avg acc: 0.595957
Train: 3, time: 7.724600, loss: 2.087356, train acc: 0.682969, train avg acc: 0.542187
Validation: 3, time: 7.724600, loss: 1.864717, validation acc: 0.765439, validation avg acc: 0.604832
Train: 4, time: 7.484596, loss: 2.055359, train acc: 0.691450, train avg acc: 0.556352
Validation: 4, time: 7.484596, loss: 1.918356, validation acc: 0.772481, validation avg acc: 0.659626
Train: 5, time: 7.478206, loss: 2.020880, train acc: 0.708062, train avg acc: 0.576420
Validation: 5, time: 7.478206, loss: 1.809185, validation acc: 0.795775, validation avg acc: 0.679035
Train: 6, time: 7.645411, loss: 1.994833, train acc: 0.720493, train avg acc: 0.589332
Validation: 6, time: 7.645411, loss: 1.775272, validation acc: 0.800108, validation avg acc: 0.696783
Train: 7, time: 7.467562, loss: 1.978521, train acc: 0.728044, train avg acc: 0.603838
Validation: 7, time: 7.467562, loss: 1.782452, validation acc: 0.794691, validation avg acc: 0.677353
Train: 8, time: 7.504173, loss: 1.959471, train acc: 0.730599, train avg acc: 0.610927
Validation: 8, time: 7.504173, loss: 1.776689, validation acc: 0.827194, validation avg acc: 0.702578
Train: 9, time: 7.594410, loss: 1.934050, train acc: 0.745469, train avg acc: 0.624043
Validation: 9, time: 7.594410, loss: 1.780419, validation acc: 0.815276, validation avg acc: 0.698656
Train: 10, time: 7.679350, loss: 1.940950, train acc: 0.738151, train avg acc: 0.615486
Validation: 10, time: 7.679350, loss: 1.786548, validation acc: 0.813109, validation avg acc: 0.711447
Train: 11, time: 7.516814, loss: 1.923535, train acc: 0.749651, train avg acc: 0.632943
Validation: 11, time: 7.516814, loss: 1.766362, validation acc: 0.821235, validation avg acc: 0.708129
Train: 12, time: 7.490106, loss: 1.916307, train acc: 0.750929, train avg acc: 0.634515
Validation: 12, time: 7.490106, loss: 1.699742, validation acc: 0.838028, validation avg acc: 0.731149
Train: 13, time: 7.393139, loss: 1.906709, train acc: 0.754066, train avg acc: 0.637421
Validation: 13, time: 7.393139, loss: 1.750612, validation acc: 0.816901, validation avg acc: 0.701604
Train: 14, time: 7.568906, loss: 1.902429, train acc: 0.757783, train avg acc: 0.641202
Validation: 14, time: 7.568906, loss: 1.844136, validation acc: 0.765439, validation avg acc: 0.648324
Train: 15, time: 7.566491, loss: 1.888666, train acc: 0.764289, train avg acc: 0.654422
Validation: 15, time: 7.566491, loss: 1.746051, validation acc: 0.816901, validation avg acc: 0.720377
Train: 16, time: 7.589683, loss: 1.883213, train acc: 0.762430, train avg acc: 0.648924
Validation: 16, time: 7.589683, loss: 1.803323, validation acc: 0.812568, validation avg acc: 0.696817
Train: 17, time: 7.465354, loss: 1.868447, train acc: 0.769865, train avg acc: 0.656037
Validation: 17, time: 7.465354, loss: 1.674514, validation acc: 0.858072, validation avg acc: 0.768121
Train: 18, time: 7.469158, loss: 1.871868, train acc: 0.771492, train avg acc: 0.656947
Validation: 18, time: 7.469158, loss: 1.731335, validation acc: 0.821235, validation avg acc: 0.715223
Train: 19, time: 7.595398, loss: 1.875425, train acc: 0.767542, train avg acc: 0.654387
Validation: 19, time: 7.595398, loss: 1.689220, validation acc: 0.833694, validation avg acc: 0.731809
Train: 20, time: 7.412116, loss: 1.871579, train acc: 0.771375, train avg acc: 0.666605
Validation: 20, time: 7.412116, loss: 1.714825, validation acc: 0.846696, validation avg acc: 0.763750
Train: 21, time: 7.717030, loss: 1.861612, train acc: 0.774512, train avg acc: 0.670306
Validation: 21, time: 7.717030, loss: 1.699005, validation acc: 0.831528, validation avg acc: 0.734615
Train: 22, time: 7.608875, loss: 1.858727, train acc: 0.776022, train avg acc: 0.668449
Validation: 22, time: 7.608875, loss: 1.671878, validation acc: 0.845612, validation avg acc: 0.746580
Train: 23, time: 7.665402, loss: 1.853948, train acc: 0.776603, train avg acc: 0.667458
Validation: 23, time: 7.665402, loss: 1.685547, validation acc: 0.845612, validation avg acc: 0.751354
Train: 24, time: 7.641837, loss: 1.842181, train acc: 0.783806, train avg acc: 0.682496
Validation: 24, time: 7.641837, loss: 1.699882, validation acc: 0.835861, validation avg acc: 0.728020
Train: 25, time: 7.339171, loss: 1.842321, train acc: 0.785781, train avg acc: 0.679839
Validation: 25, time: 7.339171, loss: 1.652603, validation acc: 0.854821, validation avg acc: 0.769760
Train: 26, time: 7.678460, loss: 1.837481, train acc: 0.783922, train avg acc: 0.683066
Validation: 26, time: 7.678460, loss: 1.695841, validation acc: 0.832069, validation avg acc: 0.732343
Train: 27, time: 7.650947, loss: 1.834665, train acc: 0.788569, train avg acc: 0.686643
Validation: 27, time: 7.650947, loss: 1.658203, validation acc: 0.863489, validation avg acc: 0.777702
Train: 28, time: 7.492914, loss: 1.833793, train acc: 0.786594, train avg acc: 0.681551
Validation: 28, time: 7.492914, loss: 1.674896, validation acc: 0.858072, validation avg acc: 0.758585
Train: 29, time: 7.471471, loss: 1.828048, train acc: 0.785897, train avg acc: 0.681650
Validation: 29, time: 7.471471, loss: 1.658296, validation acc: 0.866197, validation avg acc: 0.788433
Train: 30, time: 7.454574, loss: 1.825153, train acc: 0.791705, train avg acc: 0.694101
Validation: 30, time: 7.454574, loss: 1.700033, validation acc: 0.836945, validation avg acc: 0.749115
Train: 31, time: 7.590666, loss: 1.826326, train acc: 0.792635, train avg acc: 0.690930
Validation: 31, time: 7.590666, loss: 1.654861, validation acc: 0.866739, validation avg acc: 0.771008
Train: 32, time: 7.486370, loss: 1.821182, train acc: 0.791241, train avg acc: 0.683148
Validation: 32, time: 7.486370, loss: 1.677611, validation acc: 0.837486, validation avg acc: 0.740747
Train: 33, time: 7.570390, loss: 1.818192, train acc: 0.790428, train avg acc: 0.689563
Validation: 33, time: 7.570390, loss: 1.647775, validation acc: 0.866197, validation avg acc: 0.791018
Train: 34, time: 7.490281, loss: 1.813400, train acc: 0.793216, train avg acc: 0.689080
Validation: 34, time: 7.490281, loss: 1.678079, validation acc: 0.848321, validation avg acc: 0.773303
Train: 35, time: 7.571064, loss: 1.811958, train acc: 0.798676, train avg acc: 0.698749
Validation: 35, time: 7.571064, loss: 1.650559, validation acc: 0.860780, validation avg acc: 0.767111
Train: 36, time: 7.486942, loss: 1.809039, train acc: 0.798908, train avg acc: 0.699558
Validation: 36, time: 7.486942, loss: 1.646726, validation acc: 0.860238, validation avg acc: 0.776063
Train: 37, time: 7.675575, loss: 1.816920, train acc: 0.790892, train avg acc: 0.690220
Validation: 37, time: 7.675575, loss: 1.638654, validation acc: 0.858613, validation avg acc: 0.777490
Train: 38, time: 7.494921, loss: 1.808132, train acc: 0.799140, train avg acc: 0.697617
Validation: 38, time: 7.494921, loss: 1.655091, validation acc: 0.867281, validation avg acc: 0.778965
Train: 39, time: 7.586597, loss: 1.807731, train acc: 0.798443, train avg acc: 0.698493
Validation: 39, time: 7.586597, loss: 1.629625, validation acc: 0.860238, validation avg acc: 0.774993
Train: 40, time: 7.634650, loss: 1.804257, train acc: 0.796236, train avg acc: 0.695059
Validation: 40, time: 7.634650, loss: 1.666826, validation acc: 0.864030, validation avg acc: 0.771854
Train: 41, time: 7.494561, loss: 1.808541, train acc: 0.796236, train avg acc: 0.696320
Validation: 41, time: 7.494561, loss: 1.656650, validation acc: 0.861322, validation avg acc: 0.783433
Train: 42, time: 7.498914, loss: 1.798410, train acc: 0.798327, train avg acc: 0.697311
Validation: 42, time: 7.498914, loss: 1.659941, validation acc: 0.841820, validation avg acc: 0.762708
Train: 43, time: 7.652998, loss: 1.798312, train acc: 0.802161, train avg acc: 0.701168
Validation: 43, time: 7.652998, loss: 1.659180, validation acc: 0.852113, validation avg acc: 0.773187
Train: 44, time: 7.488550, loss: 1.804272, train acc: 0.799140, train avg acc: 0.703255
Validation: 44, time: 7.488550, loss: 1.646355, validation acc: 0.851029, validation avg acc: 0.777348
Train: 45, time: 7.674197, loss: 1.794997, train acc: 0.803555, train avg acc: 0.703114
Validation: 45, time: 7.674197, loss: 1.643974, validation acc: 0.855363, validation avg acc: 0.774466
Train: 46, time: 7.504037, loss: 1.789043, train acc: 0.807388, train avg acc: 0.708972
Validation: 46, time: 7.504037, loss: 1.657063, validation acc: 0.858613, validation avg acc: 0.779382
Train: 47, time: 7.757998, loss: 1.801610, train acc: 0.799024, train avg acc: 0.697756
Validation: 47, time: 7.757998, loss: 1.631880, validation acc: 0.865655, validation avg acc: 0.779652
Train: 48, time: 7.675789, loss: 1.795153, train acc: 0.805530, train avg acc: 0.705032
Validation: 48, time: 7.675789, loss: 1.637016, validation acc: 0.861322, validation avg acc: 0.789122
Train: 49, time: 7.262676, loss: 1.782200, train acc: 0.809247, train avg acc: 0.714408
Validation: 49, time: 7.262676, loss: 1.630688, validation acc: 0.863489, validation avg acc: 0.772402
Train: 50, time: 7.504778, loss: 1.785760, train acc: 0.807156, train avg acc: 0.714796
Validation: 50, time: 7.504778, loss: 1.620729, validation acc: 0.864030, validation avg acc: 0.790225
Train: 51, time: 7.486162, loss: 1.782977, train acc: 0.803206, train avg acc: 0.708650
Validation: 51, time: 7.486162, loss: 1.635846, validation acc: 0.854280, validation avg acc: 0.782382
Train: 52, time: 7.504158, loss: 1.781776, train acc: 0.809480, train avg acc: 0.717020
Validation: 52, time: 7.504158, loss: 1.642529, validation acc: 0.860780, validation avg acc: 0.769285
Train: 53, time: 7.639889, loss: 1.785151, train acc: 0.807388, train avg acc: 0.714703
Validation: 53, time: 7.639889, loss: 1.623145, validation acc: 0.873781, validation avg acc: 0.804776
Train: 54, time: 7.466066, loss: 1.779344, train acc: 0.809480, train avg acc: 0.714740
Validation: 54, time: 7.466066, loss: 1.632076, validation acc: 0.869989, validation avg acc: 0.801831
Train: 55, time: 7.501514, loss: 1.777380, train acc: 0.813778, train avg acc: 0.721160
Validation: 55, time: 7.501514, loss: 1.634116, validation acc: 0.858613, validation avg acc: 0.784365
Train: 56, time: 7.381222, loss: 1.781728, train acc: 0.809828, train avg acc: 0.714703
Validation: 56, time: 7.381222, loss: 1.605526, validation acc: 0.876490, validation avg acc: 0.794700
Train: 57, time: 7.562021, loss: 1.780098, train acc: 0.807388, train avg acc: 0.713540
Validation: 57, time: 7.562021, loss: 1.634508, validation acc: 0.860780, validation avg acc: 0.781363
Train: 58, time: 7.485261, loss: 1.783963, train acc: 0.806227, train avg acc: 0.713477
Validation: 58, time: 7.485261, loss: 1.627970, validation acc: 0.866197, validation avg acc: 0.799285
Train: 59, time: 7.456028, loss: 1.778205, train acc: 0.808434, train avg acc: 0.717603
Validation: 59, time: 7.456028, loss: 1.616650, validation acc: 0.869447, validation avg acc: 0.783857
Train: 60, time: 7.407712, loss: 1.773035, train acc: 0.812849, train avg acc: 0.718193
Validation: 60, time: 7.407712, loss: 1.629459, validation acc: 0.878115, validation avg acc: 0.809568
Train: 61, time: 7.368661, loss: 1.785113, train acc: 0.806111, train avg acc: 0.708841
Validation: 61, time: 7.368661, loss: 1.622228, validation acc: 0.868906, validation avg acc: 0.792518
Train: 62, time: 7.480606, loss: 1.783300, train acc: 0.808783, train avg acc: 0.716112
Validation: 62, time: 7.480606, loss: 1.628515, validation acc: 0.864572, validation avg acc: 0.789062
Train: 63, time: 7.480122, loss: 1.759911, train acc: 0.817031, train avg acc: 0.728029
Validation: 63, time: 7.480122, loss: 1.602482, validation acc: 0.874323, validation avg acc: 0.795140
Train: 64, time: 7.652689, loss: 1.760687, train acc: 0.814940, train avg acc: 0.728323
Validation: 64, time: 7.652689, loss: 1.628664, validation acc: 0.871614, validation avg acc: 0.794932
Train: 65, time: 7.487770, loss: 1.768143, train acc: 0.818076, train avg acc: 0.730716
Validation: 65, time: 7.487770, loss: 1.632684, validation acc: 0.864572, validation avg acc: 0.773067
Train: 66, time: 7.498948, loss: 1.770444, train acc: 0.813197, train avg acc: 0.718688
Validation: 66, time: 7.498948, loss: 1.613199, validation acc: 0.872156, validation avg acc: 0.797590
Train: 67, time: 7.587626, loss: 1.768528, train acc: 0.815869, train avg acc: 0.721487
Validation: 67, time: 7.587626, loss: 1.619804, validation acc: 0.875948, validation avg acc: 0.805011
Train: 68, time: 7.563849, loss: 1.760268, train acc: 0.815172, train avg acc: 0.723446
Validation: 68, time: 7.563849, loss: 1.610942, validation acc: 0.878115, validation avg acc: 0.801854
Train: 69, time: 7.568902, loss: 1.753434, train acc: 0.819354, train avg acc: 0.727115
Validation: 69, time: 7.568902, loss: 1.613002, validation acc: 0.864030, validation avg acc: 0.784335
Train: 70, time: 7.490521, loss: 1.769887, train acc: 0.812965, train avg acc: 0.723276
Validation: 70, time: 7.490521, loss: 1.606430, validation acc: 0.869989, validation avg acc: 0.802025
Train: 71, time: 7.495584, loss: 1.763670, train acc: 0.818773, train avg acc: 0.731603
Validation: 71, time: 7.495584, loss: 1.602051, validation acc: 0.879198, validation avg acc: 0.797153
Train: 72, time: 7.597575, loss: 1.763058, train acc: 0.817960, train avg acc: 0.725757
Validation: 72, time: 7.597575, loss: 1.608032, validation acc: 0.874865, validation avg acc: 0.800103
Train: 73, time: 7.677205, loss: 1.767223, train acc: 0.813894, train avg acc: 0.723446
Validation: 73, time: 7.677205, loss: 1.613553, validation acc: 0.874323, validation avg acc: 0.791276
Train: 74, time: 7.572448, loss: 1.762205, train acc: 0.817147, train avg acc: 0.723859
Validation: 74, time: 7.572448, loss: 1.622006, validation acc: 0.873781, validation avg acc: 0.783463
Train: 75, time: 7.583367, loss: 1.757203, train acc: 0.821561, train avg acc: 0.733597
Validation: 75, time: 7.583367, loss: 1.609633, validation acc: 0.874865, validation avg acc: 0.814882
Train: 76, time: 7.645800, loss: 1.758849, train acc: 0.817612, train avg acc: 0.726486
Validation: 76, time: 7.645800, loss: 1.616664, validation acc: 0.865114, validation avg acc: 0.788675
Train: 77, time: 7.557481, loss: 1.759828, train acc: 0.815172, train avg acc: 0.719316
Validation: 77, time: 7.557481, loss: 1.609218, validation acc: 0.873781, validation avg acc: 0.792998
Train: 78, time: 7.530336, loss: 1.755683, train acc: 0.819122, train avg acc: 0.730440
Validation: 78, time: 7.530336, loss: 1.598107, validation acc: 0.877031, validation avg acc: 0.799040
Train: 79, time: 7.645715, loss: 1.757884, train acc: 0.816682, train avg acc: 0.727885
Validation: 79, time: 7.645715, loss: 1.625096, validation acc: 0.873781, validation avg acc: 0.787449
Train: 80, time: 7.610898, loss: 1.756075, train acc: 0.818657, train avg acc: 0.730759
Validation: 80, time: 7.610898, loss: 1.592877, validation acc: 0.882449, validation avg acc: 0.808540
Train: 81, time: 7.655208, loss: 1.756801, train acc: 0.820748, train avg acc: 0.727189
Validation: 81, time: 7.655208, loss: 1.625891, validation acc: 0.871614, validation avg acc: 0.787365
Train: 82, time: 7.682899, loss: 1.755186, train acc: 0.817844, train avg acc: 0.729017
Validation: 82, time: 7.682899, loss: 1.619384, validation acc: 0.862947, validation avg acc: 0.794008
Train: 83, time: 7.602975, loss: 1.757014, train acc: 0.817379, train avg acc: 0.724511
Validation: 83, time: 7.602975, loss: 1.673935, validation acc: 0.860238, validation avg acc: 0.782803
Train: 84, time: 7.673986, loss: 1.756050, train acc: 0.821678, train avg acc: 0.735886
Validation: 84, time: 7.673986, loss: 1.596984, validation acc: 0.875406, validation avg acc: 0.797012
Train: 85, time: 7.479445, loss: 1.753608, train acc: 0.821097, train avg acc: 0.731445
Validation: 85, time: 7.479445, loss: 1.635064, validation acc: 0.865114, validation avg acc: 0.787634
Train: 86, time: 7.537184, loss: 1.747221, train acc: 0.822607, train avg acc: 0.734404
Validation: 86, time: 7.537184, loss: 1.623677, validation acc: 0.874865, validation avg acc: 0.806536
Train: 87, time: 7.492683, loss: 1.747472, train acc: 0.819006, train avg acc: 0.729581
Validation: 87, time: 7.492683, loss: 1.619953, validation acc: 0.868364, validation avg acc: 0.798514
Train: 88, time: 7.683718, loss: 1.752847, train acc: 0.823072, train avg acc: 0.730628
Validation: 88, time: 7.683718, loss: 1.599084, validation acc: 0.874865, validation avg acc: 0.822050
Train: 89, time: 7.485209, loss: 1.749838, train acc: 0.820748, train avg acc: 0.732750
Validation: 89, time: 7.485209, loss: 1.592233, validation acc: 0.879740, validation avg acc: 0.806449
Train: 90, time: 7.432017, loss: 1.745289, train acc: 0.822607, train avg acc: 0.728705
Validation: 90, time: 7.432017, loss: 1.596917, validation acc: 0.878657, validation avg acc: 0.806043
Train: 91, time: 7.496662, loss: 1.744203, train acc: 0.821910, train avg acc: 0.735975
Validation: 91, time: 7.496662, loss: 1.614763, validation acc: 0.871073, validation avg acc: 0.788360
Train: 92, time: 7.533773, loss: 1.745463, train acc: 0.822955, train avg acc: 0.737767
Validation: 92, time: 7.533773, loss: 1.609178, validation acc: 0.878657, validation avg acc: 0.810811
Train: 93, time: 7.551399, loss: 1.748929, train acc: 0.825279, train avg acc: 0.734984
Validation: 93, time: 7.551399, loss: 1.603216, validation acc: 0.878115, validation avg acc: 0.823548
Train: 94, time: 7.327635, loss: 1.750882, train acc: 0.820400, train avg acc: 0.731106
Validation: 94, time: 7.327635, loss: 1.593461, validation acc: 0.877031, validation avg acc: 0.808293
Train: 95, time: 7.437305, loss: 1.748913, train acc: 0.822491, train avg acc: 0.738829
Validation: 95, time: 7.437305, loss: 1.601590, validation acc: 0.872156, validation avg acc: 0.795270
Train: 96, time: 7.488153, loss: 1.743317, train acc: 0.827370, train avg acc: 0.740683
Validation: 96, time: 7.488153, loss: 1.595191, validation acc: 0.882990, validation avg acc: 0.827079
Train: 97, time: 7.440450, loss: 1.751341, train acc: 0.816217, train avg acc: 0.724549
Validation: 97, time: 7.440450, loss: 1.592693, validation acc: 0.874865, validation avg acc: 0.792496
Train: 98, time: 7.593918, loss: 1.739627, train acc: 0.825046, train avg acc: 0.737989
Validation: 98, time: 7.593918, loss: 1.619849, validation acc: 0.864030, validation avg acc: 0.785471
Train: 99, time: 7.485358, loss: 1.744157, train acc: 0.824001, train avg acc: 0.735169
Validation: 99, time: 7.485358, loss: 1.598371, validation acc: 0.875948, validation avg acc: 0.809268
Train: 100, time: 7.568387, loss: 1.741121, train acc: 0.825860, train avg acc: 0.735709
Validation: 100, time: 7.568387, loss: 1.600214, validation acc: 0.875406, validation avg acc: 0.801966
Train: 101, time: 7.508708, loss: 1.749210, train acc: 0.821794, train avg acc: 0.727479
Validation: 101, time: 7.508708, loss: 1.583402, validation acc: 0.879198, validation avg acc: 0.804166
Train: 102, time: 7.654520, loss: 1.744078, train acc: 0.824117, train avg acc: 0.733942
Validation: 102, time: 7.654520, loss: 1.583437, validation acc: 0.877573, validation avg acc: 0.803141
Train: 103, time: 7.493779, loss: 1.739542, train acc: 0.823188, train avg acc: 0.735124
Validation: 103, time: 7.493779, loss: 1.599458, validation acc: 0.871614, validation avg acc: 0.796778
Train: 104, time: 7.554008, loss: 1.746715, train acc: 0.822491, train avg acc: 0.735845
Validation: 104, time: 7.554008, loss: 1.609373, validation acc: 0.872156, validation avg acc: 0.796899
Train: 105, time: 7.475729, loss: 1.748124, train acc: 0.822142, train avg acc: 0.729195
Validation: 105, time: 7.475729, loss: 1.594493, validation acc: 0.872698, validation avg acc: 0.781626
Train: 106, time: 7.459194, loss: 1.743640, train acc: 0.820980, train avg acc: 0.733386
Validation: 106, time: 7.459194, loss: 1.604968, validation acc: 0.873239, validation avg acc: 0.797481
Train: 107, time: 7.502603, loss: 1.740857, train acc: 0.824349, train avg acc: 0.733695
Validation: 107, time: 7.502603, loss: 1.640352, validation acc: 0.868364, validation avg acc: 0.790855
Train: 108, time: 7.476100, loss: 1.737838, train acc: 0.827021, train avg acc: 0.736534
Validation: 108, time: 7.476100, loss: 1.591054, validation acc: 0.880282, validation avg acc: 0.806458
Train: 109, time: 7.415594, loss: 1.739462, train acc: 0.824117, train avg acc: 0.733895
Validation: 109, time: 7.415594, loss: 1.581556, validation acc: 0.880282, validation avg acc: 0.804600
Train: 110, time: 7.642680, loss: 1.737399, train acc: 0.825395, train avg acc: 0.738522
Validation: 110, time: 7.642680, loss: 1.603499, validation acc: 0.880823, validation avg acc: 0.804258
Train: 111, time: 7.536658, loss: 1.733179, train acc: 0.823769, train avg acc: 0.736122
Validation: 111, time: 7.536658, loss: 1.636205, validation acc: 0.856988, validation avg acc: 0.785975
Train: 112, time: 7.549183, loss: 1.740017, train acc: 0.824930, train avg acc: 0.738557
Validation: 112, time: 7.549183, loss: 1.587045, validation acc: 0.883532, validation avg acc: 0.818151
Train: 113, time: 7.467941, loss: 1.739396, train acc: 0.826092, train avg acc: 0.736543
Validation: 113, time: 7.467941, loss: 1.613348, validation acc: 0.874323, validation avg acc: 0.798416
Train: 114, time: 7.764512, loss: 1.740901, train acc: 0.823652, train avg acc: 0.737400
Validation: 114, time: 7.764512, loss: 1.592435, validation acc: 0.886241, validation avg acc: 0.817077
Train: 115, time: 7.459777, loss: 1.736571, train acc: 0.826208, train avg acc: 0.736737
Validation: 115, time: 7.459777, loss: 1.603549, validation acc: 0.874323, validation avg acc: 0.796434
Train: 116, time: 7.502186, loss: 1.740701, train acc: 0.822955, train avg acc: 0.736553
Validation: 116, time: 7.502186, loss: 1.593989, validation acc: 0.877031, validation avg acc: 0.814893
Train: 117, time: 7.504842, loss: 1.741683, train acc: 0.823536, train avg acc: 0.735874
Validation: 117, time: 7.504842, loss: 1.609572, validation acc: 0.873781, validation avg acc: 0.787989
Train: 118, time: 7.582915, loss: 1.738517, train acc: 0.827138, train avg acc: 0.736179
Validation: 118, time: 7.582915, loss: 1.600823, validation acc: 0.879740, validation avg acc: 0.807474
Train: 119, time: 7.566982, loss: 1.740489, train acc: 0.823188, train avg acc: 0.732813
Validation: 119, time: 7.566982, loss: 1.588862, validation acc: 0.873781, validation avg acc: 0.792485
Train: 120, time: 7.395867, loss: 1.738747, train acc: 0.824698, train avg acc: 0.739181
Validation: 120, time: 7.395867, loss: 1.624891, validation acc: 0.876490, validation avg acc: 0.811293
Train: 121, time: 7.332161, loss: 1.736939, train acc: 0.824814, train avg acc: 0.737578
Validation: 121, time: 7.332161, loss: 1.590783, validation acc: 0.878115, validation avg acc: 0.814946
Train: 122, time: 7.509668, loss: 1.725833, train acc: 0.831552, train avg acc: 0.746742
Validation: 122, time: 7.509668, loss: 1.577144, validation acc: 0.887324, validation avg acc: 0.817007
Train: 123, time: 7.486730, loss: 1.736342, train acc: 0.826905, train avg acc: 0.739746
Validation: 123, time: 7.486730, loss: 1.592915, validation acc: 0.878115, validation avg acc: 0.799828
Train: 124, time: 7.619592, loss: 1.728775, train acc: 0.828532, train avg acc: 0.743106
Validation: 124, time: 7.619592, loss: 1.605230, validation acc: 0.872698, validation avg acc: 0.804770
Train: 125, time: 7.494606, loss: 1.731546, train acc: 0.830042, train avg acc: 0.740385
Validation: 125, time: 7.494606, loss: 1.618783, validation acc: 0.869447, validation avg acc: 0.807619
Train: 126, time: 7.497002, loss: 1.729632, train acc: 0.831320, train avg acc: 0.745928
Validation: 126, time: 7.497002, loss: 1.584969, validation acc: 0.875406, validation avg acc: 0.801494
Train: 127, time: 7.484744, loss: 1.735174, train acc: 0.825511, train avg acc: 0.740486
Validation: 127, time: 7.484744, loss: 1.610125, validation acc: 0.877573, validation avg acc: 0.813359
Train: 128, time: 7.467135, loss: 1.733408, train acc: 0.824466, train avg acc: 0.740501
Validation: 128, time: 7.467135, loss: 1.588267, validation acc: 0.881907, validation avg acc: 0.819501
Train: 129, time: 7.509920, loss: 1.732661, train acc: 0.827951, train avg acc: 0.740455
Validation: 129, time: 7.509920, loss: 1.597833, validation acc: 0.882449, validation avg acc: 0.822431
Train: 130, time: 7.571888, loss: 1.728041, train acc: 0.827370, train avg acc: 0.739760
Validation: 130, time: 7.571888, loss: 1.584886, validation acc: 0.879740, validation avg acc: 0.811075
Train: 131, time: 7.555003, loss: 1.731902, train acc: 0.827602, train avg acc: 0.744186
Validation: 131, time: 7.555003, loss: 1.590252, validation acc: 0.882449, validation avg acc: 0.808895
Train: 132, time: 7.290146, loss: 1.732336, train acc: 0.832365, train avg acc: 0.749694
Validation: 132, time: 7.290146, loss: 1.610201, validation acc: 0.874323, validation avg acc: 0.800957
Train: 133, time: 7.504458, loss: 1.722294, train acc: 0.828648, train avg acc: 0.741278
Validation: 133, time: 7.504458, loss: 1.595752, validation acc: 0.883532, validation avg acc: 0.808108
Train: 134, time: 7.467323, loss: 1.735582, train acc: 0.827370, train avg acc: 0.738465
Validation: 134, time: 7.467323, loss: 1.603223, validation acc: 0.882449, validation avg acc: 0.818661
Train: 135, time: 7.572534, loss: 1.727907, train acc: 0.827602, train avg acc: 0.738007
Validation: 135, time: 7.572534, loss: 1.601889, validation acc: 0.879198, validation avg acc: 0.807101
Train: 136, time: 7.474559, loss: 1.722610, train acc: 0.832598, train avg acc: 0.748944
Validation: 136, time: 7.474559, loss: 1.591360, validation acc: 0.881907, validation avg acc: 0.817137
Train: 137, time: 7.396160, loss: 1.726163, train acc: 0.832017, train avg acc: 0.744750
Validation: 137, time: 7.396160, loss: 1.610355, validation acc: 0.880823, validation avg acc: 0.822691
Train: 138, time: 7.451470, loss: 1.721838, train acc: 0.833643, train avg acc: 0.748363
Validation: 138, time: 7.451470, loss: 1.603202, validation acc: 0.870531, validation avg acc: 0.802559
Train: 139, time: 7.540434, loss: 1.733633, train acc: 0.829926, train avg acc: 0.745267
Validation: 139, time: 7.540434, loss: 1.583130, validation acc: 0.887324, validation avg acc: 0.818202
Train: 140, time: 7.531992, loss: 1.730086, train acc: 0.827138, train avg acc: 0.739784
Validation: 140, time: 7.531992, loss: 1.586285, validation acc: 0.882449, validation avg acc: 0.825625
Train: 141, time: 7.390998, loss: 1.723938, train acc: 0.829809, train avg acc: 0.748988
Validation: 141, time: 7.390998, loss: 1.631948, validation acc: 0.874865, validation avg acc: 0.802253
Train: 142, time: 7.360446, loss: 1.729584, train acc: 0.830042, train avg acc: 0.743535
Validation: 142, time: 7.360446, loss: 1.574784, validation acc: 0.884615, validation avg acc: 0.821074
Train: 143, time: 7.433511, loss: 1.721294, train acc: 0.834805, train avg acc: 0.748185
Validation: 143, time: 7.433511, loss: 1.590391, validation acc: 0.882449, validation avg acc: 0.816988
Train: 144, time: 7.527221, loss: 1.726358, train acc: 0.828067, train avg acc: 0.738867
Validation: 144, time: 7.527221, loss: 1.585736, validation acc: 0.880282, validation avg acc: 0.805002
Train: 145, time: 7.483744, loss: 1.723749, train acc: 0.830274, train avg acc: 0.745390
Validation: 145, time: 7.483744, loss: 1.607609, validation acc: 0.875948, validation avg acc: 0.820763
Train: 146, time: 7.489365, loss: 1.723393, train acc: 0.830507, train avg acc: 0.745833
Validation: 146, time: 7.489365, loss: 1.588495, validation acc: 0.877573, validation avg acc: 0.805590
Train: 147, time: 7.569935, loss: 1.724943, train acc: 0.834456, train avg acc: 0.750222
Validation: 147, time: 7.569935, loss: 1.625075, validation acc: 0.879740, validation avg acc: 0.821360
Train: 148, time: 7.511953, loss: 1.716662, train acc: 0.833527, train avg acc: 0.750186
Validation: 148, time: 7.511953, loss: 1.585764, validation acc: 0.881365, validation avg acc: 0.809769
Train: 149, time: 7.642682, loss: 1.726095, train acc: 0.830507, train avg acc: 0.748521
Validation: 149, time: 7.642682, loss: 1.610953, validation acc: 0.865114, validation avg acc: 0.795102
Train: 150, time: 7.454602, loss: 1.724149, train acc: 0.828183, train avg acc: 0.740848
Validation: 150, time: 7.454602, loss: 1.598297, validation acc: 0.883532, validation avg acc: 0.820855
Train: 151, time: 7.505715, loss: 1.715254, train acc: 0.838987, train avg acc: 0.758495
Validation: 151, time: 7.505715, loss: 1.619047, validation acc: 0.873239, validation avg acc: 0.804399
Train: 152, time: 7.504739, loss: 1.729089, train acc: 0.833295, train avg acc: 0.751284
Validation: 152, time: 7.504739, loss: 1.576449, validation acc: 0.887866, validation avg acc: 0.826883
Train: 153, time: 7.569895, loss: 1.719573, train acc: 0.829577, train avg acc: 0.743470
Validation: 153, time: 7.569895, loss: 1.596706, validation acc: 0.882449, validation avg acc: 0.805541
Train: 154, time: 7.486705, loss: 1.722871, train acc: 0.830390, train avg acc: 0.745073
Validation: 154, time: 7.486705, loss: 1.601014, validation acc: 0.884615, validation avg acc: 0.831725
Train: 155, time: 7.618043, loss: 1.716488, train acc: 0.830739, train avg acc: 0.741104
Validation: 155, time: 7.618043, loss: 1.606036, validation acc: 0.880823, validation avg acc: 0.817602
Train: 156, time: 7.620729, loss: 1.724316, train acc: 0.831320, train avg acc: 0.745869
Validation: 156, time: 7.620729, loss: 1.600858, validation acc: 0.881365, validation avg acc: 0.807060
Train: 157, time: 7.469414, loss: 1.714607, train acc: 0.837012, train avg acc: 0.755575
Validation: 157, time: 7.469414, loss: 1.584310, validation acc: 0.879198, validation avg acc: 0.809565
Train: 158, time: 7.499623, loss: 1.724852, train acc: 0.828764, train avg acc: 0.744311
Validation: 158, time: 7.499623, loss: 1.590918, validation acc: 0.890033, validation avg acc: 0.822778
Train: 159, time: 7.495010, loss: 1.720251, train acc: 0.831668, train avg acc: 0.743917
Validation: 159, time: 7.495010, loss: 1.583559, validation acc: 0.883532, validation avg acc: 0.813531
Train: 160, time: 7.540544, loss: 1.725322, train acc: 0.831901, train avg acc: 0.750178
Validation: 160, time: 7.540544, loss: 1.606168, validation acc: 0.877573, validation avg acc: 0.809496
Train: 161, time: 7.396681, loss: 1.721074, train acc: 0.832830, train avg acc: 0.745611
Validation: 161, time: 7.396681, loss: 1.615730, validation acc: 0.885157, validation avg acc: 0.824322
Train: 162, time: 7.480295, loss: 1.722005, train acc: 0.830390, train avg acc: 0.743172
Validation: 162, time: 7.480295, loss: 1.601280, validation acc: 0.872698, validation avg acc: 0.793922
Train: 163, time: 7.494979, loss: 1.720750, train acc: 0.830390, train avg acc: 0.741765
Validation: 163, time: 7.494979, loss: 1.578169, validation acc: 0.885699, validation avg acc: 0.810743
Train: 164, time: 7.460760, loss: 1.720411, train acc: 0.832365, train avg acc: 0.746766
Validation: 164, time: 7.460760, loss: 1.605945, validation acc: 0.879198, validation avg acc: 0.809359
Train: 165, time: 7.381209, loss: 1.718722, train acc: 0.837361, train avg acc: 0.752009
Validation: 165, time: 7.381209, loss: 1.590543, validation acc: 0.881907, validation avg acc: 0.810931
Train: 166, time: 7.620625, loss: 1.716411, train acc: 0.831668, train avg acc: 0.745673
Validation: 166, time: 7.620625, loss: 1.580230, validation acc: 0.886241, validation avg acc: 0.819897
Train: 167, time: 7.548098, loss: 1.717087, train acc: 0.836547, train avg acc: 0.748600
Validation: 167, time: 7.548098, loss: 1.599509, validation acc: 0.892741, validation avg acc: 0.824473
Train: 168, time: 7.465627, loss: 1.728192, train acc: 0.830507, train avg acc: 0.743789
Validation: 168, time: 7.465627, loss: 1.606045, validation acc: 0.877573, validation avg acc: 0.808047
Train: 169, time: 7.551662, loss: 1.721531, train acc: 0.831320, train avg acc: 0.747114
Validation: 169, time: 7.551662, loss: 1.598891, validation acc: 0.873781, validation avg acc: 0.801327
Train: 170, time: 7.602372, loss: 1.718281, train acc: 0.833875, train avg acc: 0.749932
Validation: 170, time: 7.602372, loss: 1.581351, validation acc: 0.873781, validation avg acc: 0.804680
Train: 171, time: 7.609643, loss: 1.723453, train acc: 0.828996, train avg acc: 0.740645
Validation: 171, time: 7.609643, loss: 1.585468, validation acc: 0.879740, validation avg acc: 0.824158
Train: 172, time: 7.657558, loss: 1.717656, train acc: 0.828648, train avg acc: 0.740036
Validation: 172, time: 7.657558, loss: 1.590401, validation acc: 0.883532, validation avg acc: 0.823348
Train: 173, time: 7.570459, loss: 1.709618, train acc: 0.836083, train avg acc: 0.753499
Validation: 173, time: 7.570459, loss: 1.594852, validation acc: 0.881365, validation avg acc: 0.809356
Train: 174, time: 7.593775, loss: 1.727791, train acc: 0.830274, train avg acc: 0.746251
Validation: 174, time: 7.593775, loss: 1.630659, validation acc: 0.877031, validation avg acc: 0.809376
Train: 175, time: 7.596106, loss: 1.716260, train acc: 0.833062, train avg acc: 0.746094
Validation: 175, time: 7.596106, loss: 1.583582, validation acc: 0.884615, validation avg acc: 0.820371
Train: 176, time: 7.581506, loss: 1.711065, train acc: 0.837709, train avg acc: 0.755400
Validation: 176, time: 7.581506, loss: 1.586718, validation acc: 0.883532, validation avg acc: 0.812861
Train: 177, time: 7.543967, loss: 1.713634, train acc: 0.833295, train avg acc: 0.747943
Validation: 177, time: 7.543967, loss: 1.622147, validation acc: 0.879740, validation avg acc: 0.813832
Train: 178, time: 7.362931, loss: 1.720199, train acc: 0.833411, train avg acc: 0.747232
Validation: 178, time: 7.362931, loss: 1.591112, validation acc: 0.885157, validation avg acc: 0.818238
Train: 179, time: 7.393803, loss: 1.718262, train acc: 0.828996, train avg acc: 0.741553
Validation: 179, time: 7.393803, loss: 1.588911, validation acc: 0.874865, validation avg acc: 0.790322
Train: 180, time: 7.471004, loss: 1.715448, train acc: 0.833411, train avg acc: 0.750004
Validation: 180, time: 7.471004, loss: 1.571006, validation acc: 0.883532, validation avg acc: 0.823850
Train: 181, time: 7.583002, loss: 1.709111, train acc: 0.840613, train avg acc: 0.760179
Validation: 181, time: 7.583002, loss: 1.581281, validation acc: 0.893824, validation avg acc: 0.831813
Train: 182, time: 7.470783, loss: 1.713556, train acc: 0.832714, train avg acc: 0.744582
Validation: 182, time: 7.470783, loss: 1.599712, validation acc: 0.894908, validation avg acc: 0.826592
Train: 183, time: 7.493922, loss: 1.713005, train acc: 0.833759, train avg acc: 0.749103
Validation: 183, time: 7.493922, loss: 1.593587, validation acc: 0.881907, validation avg acc: 0.817352
Train: 184, time: 7.402298, loss: 1.723041, train acc: 0.827138, train avg acc: 0.741968
Validation: 184, time: 7.402298, loss: 1.629054, validation acc: 0.862405, validation avg acc: 0.805215
Train: 185, time: 7.596254, loss: 1.715436, train acc: 0.835618, train avg acc: 0.749692
Validation: 185, time: 7.596254, loss: 1.586737, validation acc: 0.886241, validation avg acc: 0.824730
Train: 186, time: 7.357204, loss: 1.718725, train acc: 0.831320, train avg acc: 0.739320
Validation: 186, time: 7.357204, loss: 1.583918, validation acc: 0.884615, validation avg acc: 0.819346
Train: 187, time: 7.546536, loss: 1.714526, train acc: 0.837825, train avg acc: 0.757854
Validation: 187, time: 7.546536, loss: 1.616279, validation acc: 0.881907, validation avg acc: 0.806830
Train: 188, time: 7.597194, loss: 1.711637, train acc: 0.838638, train avg acc: 0.758724
Validation: 188, time: 7.597194, loss: 1.600113, validation acc: 0.882449, validation avg acc: 0.827621
Train: 189, time: 7.490104, loss: 1.713560, train acc: 0.834805, train avg acc: 0.753504
Validation: 189, time: 7.490104, loss: 1.587946, validation acc: 0.877031, validation avg acc: 0.803868
Train: 190, time: 7.352252, loss: 1.712581, train acc: 0.832946, train avg acc: 0.750476
Validation: 190, time: 7.352252, loss: 1.617125, validation acc: 0.879198, validation avg acc: 0.807586
Train: 191, time: 7.488135, loss: 1.707395, train acc: 0.836664, train avg acc: 0.755013
Validation: 191, time: 7.488135, loss: 1.575118, validation acc: 0.887866, validation avg acc: 0.825813
Train: 192, time: 7.464972, loss: 1.716022, train acc: 0.832133, train avg acc: 0.747637
Validation: 192, time: 7.464972, loss: 1.564324, validation acc: 0.885699, validation avg acc: 0.822822
Train: 193, time: 7.522811, loss: 1.715581, train acc: 0.833875, train avg acc: 0.752502
Validation: 193, time: 7.522811, loss: 1.571543, validation acc: 0.882449, validation avg acc: 0.803636
Train: 194, time: 7.582189, loss: 1.706875, train acc: 0.838638, train avg acc: 0.758442
Validation: 194, time: 7.582189, loss: 1.590923, validation acc: 0.884074, validation avg acc: 0.818714
Train: 195, time: 7.551689, loss: 1.706011, train acc: 0.838755, train avg acc: 0.753575
Validation: 195, time: 7.551689, loss: 1.612501, validation acc: 0.873781, validation avg acc: 0.798083
Train: 196, time: 7.494840, loss: 1.714894, train acc: 0.835153, train avg acc: 0.750651
Validation: 196, time: 7.494840, loss: 1.606660, validation acc: 0.877031, validation avg acc: 0.810774
Train: 197, time: 7.571010, loss: 1.717625, train acc: 0.832481, train avg acc: 0.750442
Validation: 197, time: 7.571010, loss: 1.581795, validation acc: 0.880282, validation avg acc: 0.808005
Train: 198, time: 7.561821, loss: 1.712825, train acc: 0.835270, train avg acc: 0.750146
Validation: 198, time: 7.561821, loss: 1.567948, validation acc: 0.887866, validation avg acc: 0.812520
Train: 199, time: 7.499342, loss: 1.711265, train acc: 0.837128, train avg acc: 0.756900
Validation: 199, time: 7.499342, loss: 1.576343, validation acc: 0.887866, validation avg acc: 0.821081
Train: 200, time: 7.473441, loss: 1.713074, train acc: 0.833178, train avg acc: 0.748045
Validation: 200, time: 7.473441, loss: 1.599168, validation acc: 0.873781, validation avg acc: 0.795881
Train: 201, time: 7.472965, loss: 1.713465, train acc: 0.834689, train avg acc: 0.748764
Validation: 201, time: 7.472965, loss: 1.593721, validation acc: 0.874865, validation avg acc: 0.811956
Train: 202, time: 7.523367, loss: 1.705644, train acc: 0.841310, train avg acc: 0.758307
Validation: 202, time: 7.523367, loss: 1.599163, validation acc: 0.880823, validation avg acc: 0.817520
Train: 203, time: 7.495701, loss: 1.704396, train acc: 0.839336, train avg acc: 0.758532
Validation: 203, time: 7.495701, loss: 1.605771, validation acc: 0.886241, validation avg acc: 0.822136
Train: 204, time: 7.615513, loss: 1.710269, train acc: 0.835618, train avg acc: 0.747321
Validation: 204, time: 7.615513, loss: 1.619967, validation acc: 0.867822, validation avg acc: 0.796702
Train: 205, time: 7.500221, loss: 1.711364, train acc: 0.837128, train avg acc: 0.754894
Validation: 205, time: 7.500221, loss: 1.591467, validation acc: 0.882990, validation avg acc: 0.809335
Train: 206, time: 7.484022, loss: 1.716304, train acc: 0.835153, train avg acc: 0.755340
Validation: 206, time: 7.484022, loss: 1.584173, validation acc: 0.887866, validation avg acc: 0.827319
Train: 207, time: 7.584207, loss: 1.714302, train acc: 0.833992, train avg acc: 0.749259
Validation: 207, time: 7.584207, loss: 1.582668, validation acc: 0.882990, validation avg acc: 0.818931
Train: 208, time: 7.569074, loss: 1.716061, train acc: 0.835502, train avg acc: 0.756201
Validation: 208, time: 7.569074, loss: 1.599804, validation acc: 0.884615, validation avg acc: 0.824023
Train: 209, time: 7.573530, loss: 1.706439, train acc: 0.835850, train avg acc: 0.752837
Validation: 209, time: 7.573530, loss: 1.597106, validation acc: 0.877031, validation avg acc: 0.802812
Train: 210, time: 7.476262, loss: 1.714280, train acc: 0.834108, train avg acc: 0.745659
Validation: 210, time: 7.476262, loss: 1.563858, validation acc: 0.891116, validation avg acc: 0.821844
Train: 211, time: 7.470348, loss: 1.708315, train acc: 0.840730, train avg acc: 0.760783
Validation: 211, time: 7.470348, loss: 1.595053, validation acc: 0.869989, validation avg acc: 0.800719
Train: 212, time: 7.494691, loss: 1.709733, train acc: 0.838174, train avg acc: 0.754308
Validation: 212, time: 7.494691, loss: 1.599904, validation acc: 0.876490, validation avg acc: 0.822079
Train: 213, time: 7.388205, loss: 1.709568, train acc: 0.838406, train avg acc: 0.756125
Validation: 213, time: 7.388205, loss: 1.578905, validation acc: 0.878115, validation avg acc: 0.802429
Train: 214, time: 7.560079, loss: 1.712529, train acc: 0.837244, train avg acc: 0.755601
Validation: 214, time: 7.560079, loss: 1.595537, validation acc: 0.878115, validation avg acc: 0.807132
Train: 215, time: 7.503117, loss: 1.707089, train acc: 0.840381, train avg acc: 0.756721
Validation: 215, time: 7.503117, loss: 1.600144, validation acc: 0.873239, validation avg acc: 0.797844
Train: 216, time: 7.662454, loss: 1.711476, train acc: 0.837012, train avg acc: 0.753728
Validation: 216, time: 7.662454, loss: 1.583738, validation acc: 0.889491, validation avg acc: 0.818196
Train: 217, time: 7.474586, loss: 1.709372, train acc: 0.838290, train avg acc: 0.756873
Validation: 217, time: 7.474586, loss: 1.588701, validation acc: 0.873781, validation avg acc: 0.817175
Train: 218, time: 7.594199, loss: 1.712490, train acc: 0.835502, train avg acc: 0.751507
Validation: 218, time: 7.594199, loss: 1.590618, validation acc: 0.871614, validation avg acc: 0.787868
Train: 219, time: 7.353383, loss: 1.712373, train acc: 0.833759, train avg acc: 0.748432
Validation: 219, time: 7.353383, loss: 1.589842, validation acc: 0.876490, validation avg acc: 0.813800
Train: 220, time: 7.382128, loss: 1.713185, train acc: 0.837244, train avg acc: 0.755683
Validation: 220, time: 7.382128, loss: 1.590155, validation acc: 0.880823, validation avg acc: 0.813099
Train: 221, time: 7.381307, loss: 1.698457, train acc: 0.841310, train avg acc: 0.759824
Validation: 221, time: 7.381307, loss: 1.595081, validation acc: 0.886241, validation avg acc: 0.820599
Train: 222, time: 7.735007, loss: 1.708359, train acc: 0.840033, train avg acc: 0.756101
Validation: 222, time: 7.735007, loss: 1.578980, validation acc: 0.881365, validation avg acc: 0.814636
Train: 223, time: 7.556248, loss: 1.703025, train acc: 0.837361, train avg acc: 0.756123
Validation: 223, time: 7.556248, loss: 1.604345, validation acc: 0.879740, validation avg acc: 0.807195
Train: 224, time: 7.478744, loss: 1.706732, train acc: 0.838871, train avg acc: 0.754042
Validation: 224, time: 7.478744, loss: 1.608611, validation acc: 0.877573, validation avg acc: 0.805076
Train: 225, time: 7.568425, loss: 1.709896, train acc: 0.834224, train avg acc: 0.747421
Validation: 225, time: 7.568425, loss: 1.597666, validation acc: 0.879198, validation avg acc: 0.806468
Train: 226, time: 7.470675, loss: 1.707500, train acc: 0.834921, train avg acc: 0.753902
Validation: 226, time: 7.470675, loss: 1.588126, validation acc: 0.879740, validation avg acc: 0.807014
Train: 227, time: 7.669452, loss: 1.701284, train acc: 0.841543, train avg acc: 0.764781
Validation: 227, time: 7.669452, loss: 1.594344, validation acc: 0.874865, validation avg acc: 0.792281
Train: 228, time: 7.508251, loss: 1.704179, train acc: 0.839336, train avg acc: 0.756856
Validation: 228, time: 7.508251, loss: 1.585915, validation acc: 0.887866, validation avg acc: 0.821734
Train: 229, time: 7.469469, loss: 1.710189, train acc: 0.837244, train avg acc: 0.757025
Validation: 229, time: 7.469469, loss: 1.575385, validation acc: 0.884074, validation avg acc: 0.809301
Train: 230, time: 7.462051, loss: 1.704291, train acc: 0.840613, train avg acc: 0.758354
Validation: 230, time: 7.462051, loss: 1.587264, validation acc: 0.883532, validation avg acc: 0.811257
Train: 231, time: 7.300508, loss: 1.707319, train acc: 0.839452, train avg acc: 0.758264
Validation: 231, time: 7.300508, loss: 1.604766, validation acc: 0.882449, validation avg acc: 0.826310
Train: 232, time: 7.476628, loss: 1.713647, train acc: 0.834340, train avg acc: 0.753347
Validation: 232, time: 7.476628, loss: 1.578544, validation acc: 0.891658, validation avg acc: 0.828982
Train: 233, time: 7.566448, loss: 1.704208, train acc: 0.838871, train avg acc: 0.755803
Validation: 233, time: 7.566448, loss: 1.601420, validation acc: 0.873781, validation avg acc: 0.794540
Train: 234, time: 7.461604, loss: 1.703107, train acc: 0.839916, train avg acc: 0.761336
Validation: 234, time: 7.461604, loss: 1.581572, validation acc: 0.882990, validation avg acc: 0.806732
Train: 235, time: 7.606614, loss: 1.705571, train acc: 0.839800, train avg acc: 0.757552
Validation: 235, time: 7.606614, loss: 1.589242, validation acc: 0.877573, validation avg acc: 0.805729
Train: 236, time: 7.456425, loss: 1.711181, train acc: 0.835270, train avg acc: 0.749466
Validation: 236, time: 7.456425, loss: 1.601915, validation acc: 0.876490, validation avg acc: 0.791910
Train: 237, time: 7.584823, loss: 1.706569, train acc: 0.834921, train avg acc: 0.745914
Validation: 237, time: 7.584823, loss: 1.602947, validation acc: 0.886241, validation avg acc: 0.810690
Train: 238, time: 7.491764, loss: 1.708500, train acc: 0.838174, train avg acc: 0.753868
Validation: 238, time: 7.491764, loss: 1.576026, validation acc: 0.887866, validation avg acc: 0.827744
Train: 239, time: 7.341988, loss: 1.704584, train acc: 0.835502, train avg acc: 0.756253
Validation: 239, time: 7.341988, loss: 1.583881, validation acc: 0.887324, validation avg acc: 0.809441
Train: 240, time: 7.426476, loss: 1.707381, train acc: 0.838290, train avg acc: 0.754586
Validation: 240, time: 7.426476, loss: 1.581877, validation acc: 0.883532, validation avg acc: 0.811027
Train: 241, time: 7.565957, loss: 1.700354, train acc: 0.840613, train avg acc: 0.757940
Validation: 241, time: 7.565957, loss: 1.587774, validation acc: 0.885157, validation avg acc: 0.816911
Train: 242, time: 7.459505, loss: 1.700146, train acc: 0.840962, train avg acc: 0.760769
Validation: 242, time: 7.459505, loss: 1.621769, validation acc: 0.872156, validation avg acc: 0.809824
Train: 243, time: 7.475944, loss: 1.706428, train acc: 0.836547, train avg acc: 0.754041
Validation: 243, time: 7.475944, loss: 1.603547, validation acc: 0.876490, validation avg acc: 0.798260
Train: 244, time: 7.387788, loss: 1.699330, train acc: 0.840497, train avg acc: 0.754740
Validation: 244, time: 7.387788, loss: 1.574483, validation acc: 0.884074, validation avg acc: 0.818111
Train: 245, time: 7.395245, loss: 1.704481, train acc: 0.840730, train avg acc: 0.758448
Validation: 245, time: 7.395245, loss: 1.560808, validation acc: 0.892199, validation avg acc: 0.828345
Train: 246, time: 7.606709, loss: 1.705401, train acc: 0.835386, train avg acc: 0.752571
Validation: 246, time: 7.606709, loss: 1.598745, validation acc: 0.885157, validation avg acc: 0.822510
Train: 247, time: 7.539942, loss: 1.702772, train acc: 0.838522, train avg acc: 0.753256
Validation: 247, time: 7.539942, loss: 1.603054, validation acc: 0.884615, validation avg acc: 0.827885
Train: 248, time: 7.418501, loss: 1.706535, train acc: 0.839452, train avg acc: 0.755077
Validation: 248, time: 7.418501, loss: 1.584490, validation acc: 0.881365, validation avg acc: 0.819068
Train: 249, time: 7.667143, loss: 1.705292, train acc: 0.839103, train avg acc: 0.758758
Validation: 249, time: 7.667143, loss: 1.584164, validation acc: 0.886782, validation avg acc: 0.826224
Train: 250, time: 7.386981, loss: 1.705632, train acc: 0.838871, train avg acc: 0.761548
Validation: 250, time: 7.386981, loss: 1.569306, validation acc: 0.884615, validation avg acc: 0.806916
Train: 251, time: 7.445325, loss: 1.711378, train acc: 0.836199, train avg acc: 0.748425
Validation: 251, time: 7.445325, loss: 1.558806, validation acc: 0.894908, validation avg acc: 0.831267
Train: 252, time: 7.623148, loss: 1.701803, train acc: 0.841427, train avg acc: 0.755938
Validation: 252, time: 7.623148, loss: 1.592491, validation acc: 0.880823, validation avg acc: 0.819484
Train: 253, time: 7.564783, loss: 1.703782, train acc: 0.841194, train avg acc: 0.758704
Validation: 253, time: 7.564783, loss: 1.588764, validation acc: 0.879740, validation avg acc: 0.811454
Train: 254, time: 7.594592, loss: 1.698968, train acc: 0.842356, train avg acc: 0.760031
Validation: 254, time: 7.594592, loss: 1.587928, validation acc: 0.879198, validation avg acc: 0.813226
Train: 255, time: 7.553512, loss: 1.698158, train acc: 0.840962, train avg acc: 0.758960
Validation: 255, time: 7.553512, loss: 1.592341, validation acc: 0.882990, validation avg acc: 0.812313
Train: 256, time: 7.461413, loss: 1.712849, train acc: 0.834805, train avg acc: 0.751590
Validation: 256, time: 7.461413, loss: 1.568214, validation acc: 0.888949, validation avg acc: 0.828794
Train: 257, time: 7.485879, loss: 1.716116, train acc: 0.832598, train avg acc: 0.747609
Validation: 257, time: 7.485879, loss: 1.585561, validation acc: 0.878657, validation avg acc: 0.806938
Train: 258, time: 7.376917, loss: 1.699417, train acc: 0.841310, train avg acc: 0.760328
Validation: 258, time: 7.376917, loss: 1.587414, validation acc: 0.876490, validation avg acc: 0.811090
Train: 259, time: 7.346612, loss: 1.697609, train acc: 0.841659, train avg acc: 0.758816
Validation: 259, time: 7.346612, loss: 1.605263, validation acc: 0.871614, validation avg acc: 0.798535
Train: 260, time: 7.710917, loss: 1.690930, train acc: 0.843866, train avg acc: 0.757817
Validation: 260, time: 7.710917, loss: 1.611721, validation acc: 0.873781, validation avg acc: 0.804111
Train: 261, time: 7.480769, loss: 1.707528, train acc: 0.842356, train avg acc: 0.761362
Validation: 261, time: 7.480769, loss: 1.583294, validation acc: 0.883532, validation avg acc: 0.808328
Train: 262, time: 7.479010, loss: 1.705821, train acc: 0.835037, train avg acc: 0.754740
Validation: 262, time: 7.479010, loss: 1.581793, validation acc: 0.875948, validation avg acc: 0.802300
Train: 263, time: 7.412164, loss: 1.708818, train acc: 0.836547, train avg acc: 0.756602
Validation: 263, time: 7.412164, loss: 1.577375, validation acc: 0.882449, validation avg acc: 0.817929
Train: 264, time: 7.527646, loss: 1.704205, train acc: 0.837477, train avg acc: 0.758214
Validation: 264, time: 7.527646, loss: 1.590072, validation acc: 0.880823, validation avg acc: 0.807102
Train: 265, time: 7.429713, loss: 1.699812, train acc: 0.843285, train avg acc: 0.762782
Validation: 265, time: 7.429713, loss: 1.585323, validation acc: 0.878115, validation avg acc: 0.802133
Train: 266, time: 7.548151, loss: 1.704511, train acc: 0.838871, train avg acc: 0.758936
Validation: 266, time: 7.548151, loss: 1.583476, validation acc: 0.887866, validation avg acc: 0.820654
Train: 267, time: 7.482576, loss: 1.695100, train acc: 0.843750, train avg acc: 0.765070
Validation: 267, time: 7.482576, loss: 1.618770, validation acc: 0.877573, validation avg acc: 0.815272
Train: 268, time: 7.382663, loss: 1.711497, train acc: 0.834456, train avg acc: 0.751043
Validation: 268, time: 7.382663, loss: 1.559665, validation acc: 0.894908, validation avg acc: 0.828651
Train: 269, time: 7.394788, loss: 1.697952, train acc: 0.842588, train avg acc: 0.762516
Validation: 269, time: 7.394788, loss: 1.586791, validation acc: 0.884074, validation avg acc: 0.815330
Train: 270, time: 7.467135, loss: 1.702612, train acc: 0.840846, train avg acc: 0.759717
Validation: 270, time: 7.467135, loss: 1.592917, validation acc: 0.886241, validation avg acc: 0.827178
Train: 271, time: 7.580726, loss: 1.701383, train acc: 0.838755, train avg acc: 0.756432
Validation: 271, time: 7.580726, loss: 1.594312, validation acc: 0.882990, validation avg acc: 0.821054
Train: 272, time: 7.459139, loss: 1.699741, train acc: 0.841427, train avg acc: 0.761633
Validation: 272, time: 7.459139, loss: 1.573232, validation acc: 0.888407, validation avg acc: 0.817753
Train: 273, time: 7.492195, loss: 1.702406, train acc: 0.835386, train avg acc: 0.751249
Validation: 273, time: 7.492195, loss: 1.613231, validation acc: 0.868364, validation avg acc: 0.800448
Train: 274, time: 7.376167, loss: 1.699284, train acc: 0.841194, train avg acc: 0.758892
Validation: 274, time: 7.376167, loss: 1.580739, validation acc: 0.891116, validation avg acc: 0.823818
Train: 275, time: 7.473543, loss: 1.712718, train acc: 0.836315, train avg acc: 0.750562
Validation: 275, time: 7.473543, loss: 1.599343, validation acc: 0.876490, validation avg acc: 0.807276
Train: 276, time: 7.493580, loss: 1.702956, train acc: 0.838522, train avg acc: 0.758990
Validation: 276, time: 7.493580, loss: 1.605917, validation acc: 0.886241, validation avg acc: 0.817681
Train: 277, time: 7.424663, loss: 1.699839, train acc: 0.838290, train avg acc: 0.753949
Validation: 277, time: 7.424663, loss: 1.588749, validation acc: 0.883532, validation avg acc: 0.809007
Train: 278, time: 7.496653, loss: 1.703514, train acc: 0.842240, train avg acc: 0.759345
Validation: 278, time: 7.496653, loss: 1.586597, validation acc: 0.873781, validation avg acc: 0.795448
Train: 279, time: 7.281424, loss: 1.708509, train acc: 0.833875, train avg acc: 0.745871
Validation: 279, time: 7.281424, loss: 1.579791, validation acc: 0.882990, validation avg acc: 0.820972
Train: 280, time: 7.524305, loss: 1.700826, train acc: 0.837825, train avg acc: 0.753953
Validation: 280, time: 7.524305, loss: 1.584723, validation acc: 0.881907, validation avg acc: 0.800320
Train: 281, time: 7.503195, loss: 1.703111, train acc: 0.838058, train avg acc: 0.755465
Validation: 281, time: 7.503195, loss: 1.570932, validation acc: 0.888407, validation avg acc: 0.825586
Train: 282, time: 7.430735, loss: 1.696484, train acc: 0.841891, train avg acc: 0.757437
Validation: 282, time: 7.430735, loss: 1.596391, validation acc: 0.884615, validation avg acc: 0.812182
Train: 283, time: 7.478371, loss: 1.700429, train acc: 0.838871, train avg acc: 0.756777
Validation: 283, time: 7.478371, loss: 1.585161, validation acc: 0.887866, validation avg acc: 0.818173
Train: 284, time: 7.371100, loss: 1.699087, train acc: 0.842472, train avg acc: 0.761547
Validation: 284, time: 7.371100, loss: 1.574532, validation acc: 0.885699, validation avg acc: 0.814135
Train: 285, time: 7.492556, loss: 1.698233, train acc: 0.845144, train avg acc: 0.762624
Validation: 285, time: 7.492556, loss: 1.599860, validation acc: 0.884074, validation avg acc: 0.819797
Train: 286, time: 7.582285, loss: 1.703808, train acc: 0.835850, train avg acc: 0.753897
Validation: 286, time: 7.582285, loss: 1.587426, validation acc: 0.889491, validation avg acc: 0.829559
Train: 287, time: 7.375695, loss: 1.704545, train acc: 0.838638, train avg acc: 0.756306
Validation: 287, time: 7.375695, loss: 1.584132, validation acc: 0.888407, validation avg acc: 0.824720
Train: 288, time: 7.516159, loss: 1.707427, train acc: 0.835502, train avg acc: 0.751294
Validation: 288, time: 7.516159, loss: 1.591640, validation acc: 0.877573, validation avg acc: 0.804434
Train: 289, time: 7.348292, loss: 1.700434, train acc: 0.838058, train avg acc: 0.754266
Validation: 289, time: 7.348292, loss: 1.576270, validation acc: 0.891116, validation avg acc: 0.830562
Train: 290, time: 7.554616, loss: 1.699575, train acc: 0.837593, train avg acc: 0.755631
Validation: 290, time: 7.554616, loss: 1.602067, validation acc: 0.887324, validation avg acc: 0.836066
Train: 291, time: 7.575159, loss: 1.696107, train acc: 0.840149, train avg acc: 0.758687
Validation: 291, time: 7.575159, loss: 1.586452, validation acc: 0.881365, validation avg acc: 0.826162
Train: 292, time: 7.587450, loss: 1.699860, train acc: 0.844912, train avg acc: 0.770318
Validation: 292, time: 7.587450, loss: 1.570062, validation acc: 0.886241, validation avg acc: 0.823359
Train: 293, time: 7.572182, loss: 1.695569, train acc: 0.840846, train avg acc: 0.755566
Validation: 293, time: 7.572182, loss: 1.576700, validation acc: 0.881907, validation avg acc: 0.809696
Train: 294, time: 7.289156, loss: 1.697204, train acc: 0.844099, train avg acc: 0.763384
Validation: 294, time: 7.289156, loss: 1.576942, validation acc: 0.884074, validation avg acc: 0.813376
Train: 295, time: 7.118635, loss: 1.695338, train acc: 0.837941, train avg acc: 0.755709
Validation: 295, time: 7.118635, loss: 1.596342, validation acc: 0.878115, validation avg acc: 0.808372
Train: 296, time: 7.062514, loss: 1.697094, train acc: 0.841891, train avg acc: 0.758857
Validation: 296, time: 7.062514, loss: 1.575841, validation acc: 0.887866, validation avg acc: 0.819698
Train: 297, time: 7.360497, loss: 1.704423, train acc: 0.838058, train avg acc: 0.753846
Validation: 297, time: 7.360497, loss: 1.570190, validation acc: 0.887324, validation avg acc: 0.825800
Train: 298, time: 7.471350, loss: 1.695925, train acc: 0.843982, train avg acc: 0.764305
Validation: 298, time: 7.471350, loss: 1.586741, validation acc: 0.879198, validation avg acc: 0.814259
Train: 299, time: 7.180949, loss: 1.694289, train acc: 0.844215, train avg acc: 0.765396
Validation: 299, time: 7.180949, loss: 1.566639, validation acc: 0.882990, validation avg acc: 0.816027
====================================================================
TEST:: test acc: 0.882512, test avg acc: 0.826787
