MAPointNet(
  (attn1): MultiHeadSelfAttention(
    (query): Linear(in_features=64, out_features=64, bias=True)
    (key): Linear(in_features=64, out_features=64, bias=True)
    (value): Linear(in_features=64, out_features=64, bias=True)
    (fc_out): Linear(in_features=64, out_features=64, bias=True)
  )
  (attn2): MultiHeadSelfAttention(
    (query): Linear(in_features=64, out_features=64, bias=True)
    (key): Linear(in_features=64, out_features=64, bias=True)
    (value): Linear(in_features=64, out_features=64, bias=True)
    (fc_out): Linear(in_features=64, out_features=64, bias=True)
  )
  (attn3): MultiHeadSelfAttention(
    (query): Linear(in_features=128, out_features=128, bias=True)
    (key): Linear(in_features=128, out_features=128, bias=True)
    (value): Linear(in_features=128, out_features=128, bias=True)
    (fc_out): Linear(in_features=128, out_features=128, bias=True)
  )
  (conv1): Conv1d(3, 64, kernel_size=(1,), stride=(1,), bias=False)
  (conv2): Conv1d(64, 64, kernel_size=(1,), stride=(1,), bias=False)
  (conv3): Conv1d(64, 64, kernel_size=(1,), stride=(1,), bias=False)
  (conv4): Conv1d(64, 128, kernel_size=(1,), stride=(1,), bias=False)
  (conv5): Conv1d(128, 1024, kernel_size=(1,), stride=(1,), bias=False)
  (bn1): BatchNorm1d(64, eps=1e-05, momentum=0.1, affine=True, track_running_stats=True)
  (bn2): BatchNorm1d(64, eps=1e-05, momentum=0.1, affine=True, track_running_stats=True)
  (bn3): BatchNorm1d(64, eps=1e-05, momentum=0.1, affine=True, track_running_stats=True)
  (bn4): BatchNorm1d(128, eps=1e-05, momentum=0.1, affine=True, track_running_stats=True)
  (bn5): BatchNorm1d(1024, eps=1e-05, momentum=0.1, affine=True, track_running_stats=True)
  (bn6): BatchNorm1d(512, eps=1e-05, momentum=0.1, affine=True, track_running_stats=True)
  (linear1): Linear(in_features=1024, out_features=512, bias=False)
  (dp1): Dropout(p=0.5, inplace=False)
  (linear2): Linear(in_features=512, out_features=40, bias=True)
)
Train: 0, time: 34.592928, loss: 2.879672, train acc: 0.375116, train avg acc: 0.209818
Validation: 0, time: 34.592928, loss: 2.282792, validation acc: 0.594800, validation avg acc: 0.384696
Train: 1, time: 34.433321, loss: 2.399214, train acc: 0.560525, train avg acc: 0.376084
Validation: 1, time: 34.433321, loss: 2.041237, validation acc: 0.705850, validation avg acc: 0.529163
Train: 2, time: 34.962232, loss: 2.196124, train acc: 0.643936, train avg acc: 0.477966
Validation: 2, time: 34.962232, loss: 1.911378, validation acc: 0.752438, validation avg acc: 0.604870
Train: 3, time: 34.866861, loss: 2.083845, train acc: 0.691217, train avg acc: 0.539028
Validation: 3, time: 34.866861, loss: 1.828582, validation acc: 0.781148, validation avg acc: 0.659545
Train: 4, time: 35.016096, loss: 2.005954, train acc: 0.717124, train avg acc: 0.573961
Validation: 4, time: 35.016096, loss: 1.780966, validation acc: 0.797941, validation avg acc: 0.673362
Train: 5, time: 34.898718, loss: 1.950610, train acc: 0.742565, train avg acc: 0.610186
Validation: 5, time: 34.898718, loss: 1.751248, validation acc: 0.820693, validation avg acc: 0.713380
Train: 6, time: 35.035727, loss: 1.903004, train acc: 0.758132, train avg acc: 0.632970
Validation: 6, time: 35.035727, loss: 1.734377, validation acc: 0.822860, validation avg acc: 0.735277
Train: 7, time: 35.169453, loss: 1.878826, train acc: 0.769981, train avg acc: 0.652526
Validation: 7, time: 35.169453, loss: 1.715640, validation acc: 0.827736, validation avg acc: 0.733034
Train: 8, time: 35.044581, loss: 1.833754, train acc: 0.790544, train avg acc: 0.679709
Validation: 8, time: 35.044581, loss: 1.687877, validation acc: 0.845070, validation avg acc: 0.759649
Train: 9, time: 35.146932, loss: 1.813648, train acc: 0.795191, train avg acc: 0.688885
Validation: 9, time: 35.146932, loss: 1.664171, validation acc: 0.856446, validation avg acc: 0.760447
Train: 10, time: 35.237517, loss: 1.792391, train acc: 0.800651, train avg acc: 0.698381
Validation: 10, time: 35.237517, loss: 1.665445, validation acc: 0.852654, validation avg acc: 0.770749
Train: 11, time: 34.933244, loss: 1.771507, train acc: 0.814475, train avg acc: 0.718586
Validation: 11, time: 34.933244, loss: 1.647778, validation acc: 0.854280, validation avg acc: 0.762133
Train: 12, time: 35.288029, loss: 1.759051, train acc: 0.820400, train avg acc: 0.725513
Validation: 12, time: 35.288029, loss: 1.635059, validation acc: 0.865655, validation avg acc: 0.784880
Train: 13, time: 35.074619, loss: 1.741423, train acc: 0.823536, train avg acc: 0.729627
Validation: 13, time: 35.074619, loss: 1.626846, validation acc: 0.869447, validation avg acc: 0.794308
Train: 14, time: 34.523996, loss: 1.725560, train acc: 0.830855, train avg acc: 0.746258
Validation: 14, time: 34.523996, loss: 1.618911, validation acc: 0.868364, validation avg acc: 0.786113
Train: 15, time: 34.578531, loss: 1.724473, train acc: 0.833295, train avg acc: 0.744113
Validation: 15, time: 34.578531, loss: 1.619975, validation acc: 0.877573, validation avg acc: 0.814542
Train: 16, time: 34.562750, loss: 1.706538, train acc: 0.840497, train avg acc: 0.759865
Validation: 16, time: 34.562750, loss: 1.616304, validation acc: 0.872156, validation avg acc: 0.804795
Train: 17, time: 34.546184, loss: 1.696081, train acc: 0.843518, train avg acc: 0.764431
Validation: 17, time: 34.546184, loss: 1.616393, validation acc: 0.877573, validation avg acc: 0.803036
Train: 18, time: 34.400922, loss: 1.686852, train acc: 0.848629, train avg acc: 0.770416
Validation: 18, time: 34.400922, loss: 1.610556, validation acc: 0.873239, validation avg acc: 0.797542
Train: 19, time: 34.481672, loss: 1.677348, train acc: 0.849442, train avg acc: 0.775461
Validation: 19, time: 34.481672, loss: 1.598636, validation acc: 0.875948, validation avg acc: 0.788897
Train: 20, time: 34.172748, loss: 1.673761, train acc: 0.855367, train avg acc: 0.779158
Validation: 20, time: 34.172748, loss: 1.585673, validation acc: 0.885699, validation avg acc: 0.814641
Train: 21, time: 34.599273, loss: 1.657527, train acc: 0.858852, train avg acc: 0.784144
Validation: 21, time: 34.599273, loss: 1.577769, validation acc: 0.886782, validation avg acc: 0.812543
Train: 22, time: 34.342983, loss: 1.653106, train acc: 0.863267, train avg acc: 0.793251
Validation: 22, time: 34.342983, loss: 1.588640, validation acc: 0.878657, validation avg acc: 0.809236
Train: 23, time: 34.263967, loss: 1.647789, train acc: 0.862802, train avg acc: 0.789428
Validation: 23, time: 34.263967, loss: 1.560341, validation acc: 0.895450, validation avg acc: 0.838498
Train: 24, time: 34.379050, loss: 1.637873, train acc: 0.868146, train avg acc: 0.797022
Validation: 24, time: 34.379050, loss: 1.563581, validation acc: 0.892199, validation avg acc: 0.827811
Train: 25, time: 34.645813, loss: 1.631387, train acc: 0.873257, train avg acc: 0.809430
Validation: 25, time: 34.645813, loss: 1.547315, validation acc: 0.899783, validation avg acc: 0.835401
Train: 26, time: 34.219611, loss: 1.627180, train acc: 0.874651, train avg acc: 0.810375
Validation: 26, time: 34.219611, loss: 1.558671, validation acc: 0.897616, validation avg acc: 0.842310
Train: 27, time: 34.142348, loss: 1.621731, train acc: 0.876975, train avg acc: 0.812953
Validation: 27, time: 34.142348, loss: 1.555766, validation acc: 0.893824, validation avg acc: 0.826653
Train: 28, time: 34.326357, loss: 1.608823, train acc: 0.884061, train avg acc: 0.823338
Validation: 28, time: 34.326357, loss: 1.566644, validation acc: 0.894366, validation avg acc: 0.839514
Train: 29, time: 34.477300, loss: 1.601630, train acc: 0.883480, train avg acc: 0.822744
Validation: 29, time: 34.477300, loss: 1.554613, validation acc: 0.886241, validation avg acc: 0.828907
Train: 30, time: 34.466378, loss: 1.604156, train acc: 0.880692, train avg acc: 0.817705
Validation: 30, time: 34.466378, loss: 1.561329, validation acc: 0.893824, validation avg acc: 0.845927
Train: 31, time: 34.198872, loss: 1.597865, train acc: 0.883829, train avg acc: 0.825548
Validation: 31, time: 34.198872, loss: 1.554086, validation acc: 0.894366, validation avg acc: 0.827514
Train: 32, time: 34.482622, loss: 1.592724, train acc: 0.890102, train avg acc: 0.831539
Validation: 32, time: 34.482622, loss: 1.536629, validation acc: 0.902492, validation avg acc: 0.851660
Train: 33, time: 34.319203, loss: 1.592718, train acc: 0.886152, train avg acc: 0.825341
Validation: 33, time: 34.319203, loss: 1.541859, validation acc: 0.899242, validation avg acc: 0.845636
Train: 34, time: 34.205373, loss: 1.578580, train acc: 0.892658, train avg acc: 0.834951
Validation: 34, time: 34.205373, loss: 1.539326, validation acc: 0.905742, validation avg acc: 0.841094
Train: 35, time: 34.409757, loss: 1.567482, train acc: 0.901138, train avg acc: 0.851772
Validation: 35, time: 34.409757, loss: 1.547411, validation acc: 0.893283, validation avg acc: 0.836955
Train: 36, time: 34.187691, loss: 1.575014, train acc: 0.894052, train avg acc: 0.838506
Validation: 36, time: 34.187691, loss: 1.531161, validation acc: 0.900867, validation avg acc: 0.841457
Train: 37, time: 34.251832, loss: 1.566095, train acc: 0.899280, train avg acc: 0.844299
Validation: 37, time: 34.251832, loss: 1.519363, validation acc: 0.909534, validation avg acc: 0.856775
Train: 38, time: 34.384737, loss: 1.560603, train acc: 0.899280, train avg acc: 0.846979
Validation: 38, time: 34.384737, loss: 1.531993, validation acc: 0.894366, validation avg acc: 0.828093
Train: 39, time: 34.340238, loss: 1.565598, train acc: 0.899396, train avg acc: 0.848101
Validation: 39, time: 34.340238, loss: 1.530651, validation acc: 0.903575, validation avg acc: 0.846098
Train: 40, time: 34.329319, loss: 1.558927, train acc: 0.905321, train avg acc: 0.854357
Validation: 40, time: 34.329319, loss: 1.538315, validation acc: 0.898158, validation avg acc: 0.840811
Train: 41, time: 34.612640, loss: 1.552950, train acc: 0.904391, train avg acc: 0.854326
Validation: 41, time: 34.612640, loss: 1.519976, validation acc: 0.905742, validation avg acc: 0.850577
Train: 42, time: 34.306773, loss: 1.550241, train acc: 0.904391, train avg acc: 0.854656
Validation: 42, time: 34.306773, loss: 1.527582, validation acc: 0.901408, validation avg acc: 0.839307
Train: 43, time: 34.158648, loss: 1.546728, train acc: 0.905204, train avg acc: 0.852097
Validation: 43, time: 34.158648, loss: 1.524001, validation acc: 0.902492, validation avg acc: 0.850251
Train: 44, time: 34.395265, loss: 1.542720, train acc: 0.906250, train avg acc: 0.854383
Validation: 44, time: 34.395265, loss: 1.528146, validation acc: 0.901950, validation avg acc: 0.858081
Train: 45, time: 34.306868, loss: 1.538996, train acc: 0.910084, train avg acc: 0.867244
Validation: 45, time: 34.306868, loss: 1.536776, validation acc: 0.905742, validation avg acc: 0.862864
Train: 46, time: 34.142719, loss: 1.536999, train acc: 0.913453, train avg acc: 0.867979
Validation: 46, time: 34.142719, loss: 1.517484, validation acc: 0.904659, validation avg acc: 0.855036
Train: 47, time: 34.346566, loss: 1.532870, train acc: 0.913569, train avg acc: 0.863623
Validation: 47, time: 34.346566, loss: 1.526878, validation acc: 0.899783, validation avg acc: 0.851404
Train: 48, time: 34.523260, loss: 1.527487, train acc: 0.915079, train avg acc: 0.870410
Validation: 48, time: 34.523260, loss: 1.514373, validation acc: 0.904659, validation avg acc: 0.855113
Train: 49, time: 34.248135, loss: 1.530834, train acc: 0.914498, train avg acc: 0.869615
Validation: 49, time: 34.248135, loss: 1.511079, validation acc: 0.907367, validation avg acc: 0.852266
Train: 50, time: 34.569279, loss: 1.525819, train acc: 0.917286, train avg acc: 0.872325
Validation: 50, time: 34.569279, loss: 1.509741, validation acc: 0.905200, validation avg acc: 0.859193
Train: 51, time: 34.108884, loss: 1.517920, train acc: 0.920655, train avg acc: 0.879339
Validation: 51, time: 34.108884, loss: 1.512722, validation acc: 0.905742, validation avg acc: 0.856569
Train: 52, time: 34.464125, loss: 1.517454, train acc: 0.921468, train avg acc: 0.879575
Validation: 52, time: 34.464125, loss: 1.500802, validation acc: 0.913326, validation avg acc: 0.870610
Train: 53, time: 34.558160, loss: 1.511700, train acc: 0.922514, train avg acc: 0.883752
Validation: 53, time: 34.558160, loss: 1.514546, validation acc: 0.901950, validation avg acc: 0.853406
Train: 54, time: 34.212772, loss: 1.519390, train acc: 0.918448, train avg acc: 0.875226
Validation: 54, time: 34.212772, loss: 1.512559, validation acc: 0.909534, validation avg acc: 0.861624
Train: 55, time: 34.151965, loss: 1.511334, train acc: 0.919145, train avg acc: 0.874952
Validation: 55, time: 34.151965, loss: 1.503249, validation acc: 0.908992, validation avg acc: 0.862192
Train: 56, time: 34.011255, loss: 1.507527, train acc: 0.921468, train avg acc: 0.881742
Validation: 56, time: 34.011255, loss: 1.509404, validation acc: 0.908451, validation avg acc: 0.852026
Train: 57, time: 34.000045, loss: 1.503243, train acc: 0.924837, train avg acc: 0.884832
Validation: 57, time: 34.000045, loss: 1.517297, validation acc: 0.907367, validation avg acc: 0.853879
Train: 58, time: 33.982075, loss: 1.502444, train acc: 0.922746, train avg acc: 0.882862
Validation: 58, time: 33.982075, loss: 1.495361, validation acc: 0.908451, validation avg acc: 0.862462
Train: 59, time: 33.981581, loss: 1.499819, train acc: 0.927742, train avg acc: 0.893446
Validation: 59, time: 33.981581, loss: 1.515608, validation acc: 0.906284, validation avg acc: 0.856061
Train: 60, time: 34.139830, loss: 1.494154, train acc: 0.929136, train avg acc: 0.891234
Validation: 60, time: 34.139830, loss: 1.526913, validation acc: 0.894908, validation avg acc: 0.836379
Train: 61, time: 34.366260, loss: 1.494297, train acc: 0.928903, train avg acc: 0.888213
Validation: 61, time: 34.366260, loss: 1.513273, validation acc: 0.908992, validation avg acc: 0.863901
Train: 62, time: 34.283529, loss: 1.491070, train acc: 0.931111, train avg acc: 0.894379
Validation: 62, time: 34.283529, loss: 1.508496, validation acc: 0.898700, validation avg acc: 0.846178
Train: 63, time: 34.141498, loss: 1.495413, train acc: 0.929833, train avg acc: 0.891965
Validation: 63, time: 34.141498, loss: 1.501478, validation acc: 0.911701, validation avg acc: 0.865151
Train: 64, time: 34.092152, loss: 1.492881, train acc: 0.932040, train avg acc: 0.895056
Validation: 64, time: 34.092152, loss: 1.500219, validation acc: 0.904659, validation avg acc: 0.855846
Train: 65, time: 34.157393, loss: 1.484182, train acc: 0.935293, train avg acc: 0.900900
Validation: 65, time: 34.157393, loss: 1.504695, validation acc: 0.906284, validation avg acc: 0.859198
Train: 66, time: 34.318807, loss: 1.483327, train acc: 0.935641, train avg acc: 0.900088
Validation: 66, time: 34.318807, loss: 1.500301, validation acc: 0.908451, validation avg acc: 0.861126
Train: 67, time: 34.271157, loss: 1.487883, train acc: 0.933202, train avg acc: 0.895989
Validation: 67, time: 34.271157, loss: 1.506620, validation acc: 0.902492, validation avg acc: 0.847550
Train: 68, time: 33.970485, loss: 1.483391, train acc: 0.929717, train avg acc: 0.892913
Validation: 68, time: 33.970485, loss: 1.502031, validation acc: 0.905742, validation avg acc: 0.852285
Train: 69, time: 34.080351, loss: 1.476081, train acc: 0.937849, train avg acc: 0.903610
Validation: 69, time: 34.080351, loss: 1.507822, validation acc: 0.907909, validation avg acc: 0.860136
Train: 70, time: 33.959322, loss: 1.478472, train acc: 0.937151, train avg acc: 0.902035
Validation: 70, time: 33.959322, loss: 1.509206, validation acc: 0.912243, validation avg acc: 0.865851
Train: 71, time: 34.586274, loss: 1.482897, train acc: 0.932737, train avg acc: 0.894856
Validation: 71, time: 34.586274, loss: 1.497381, validation acc: 0.914410, validation avg acc: 0.868625
Train: 72, time: 34.218709, loss: 1.476387, train acc: 0.936106, train avg acc: 0.903729
Validation: 72, time: 34.218709, loss: 1.521749, validation acc: 0.908992, validation avg acc: 0.869188
Train: 73, time: 34.279218, loss: 1.471224, train acc: 0.940056, train avg acc: 0.909192
Validation: 73, time: 34.279218, loss: 1.510752, validation acc: 0.908451, validation avg acc: 0.864307
Train: 74, time: 34.252106, loss: 1.471640, train acc: 0.940172, train avg acc: 0.907363
Validation: 74, time: 34.252106, loss: 1.506443, validation acc: 0.907367, validation avg acc: 0.857490
Train: 75, time: 34.247211, loss: 1.469478, train acc: 0.938429, train avg acc: 0.906836
Validation: 75, time: 34.247211, loss: 1.506203, validation acc: 0.913326, validation avg acc: 0.866756
Train: 76, time: 34.257403, loss: 1.463708, train acc: 0.939126, train avg acc: 0.908243
Validation: 76, time: 34.257403, loss: 1.497071, validation acc: 0.913326, validation avg acc: 0.871487
Train: 77, time: 34.318135, loss: 1.464734, train acc: 0.940404, train avg acc: 0.908407
Validation: 77, time: 34.318135, loss: 1.506595, validation acc: 0.905200, validation avg acc: 0.862741
Train: 78, time: 34.306988, loss: 1.462637, train acc: 0.944470, train avg acc: 0.914976
Validation: 78, time: 34.306988, loss: 1.496683, validation acc: 0.911701, validation avg acc: 0.868773
Train: 79, time: 33.992104, loss: 1.464560, train acc: 0.941450, train avg acc: 0.906979
Validation: 79, time: 33.992104, loss: 1.509363, validation acc: 0.905742, validation avg acc: 0.859213
Train: 80, time: 34.144711, loss: 1.458994, train acc: 0.945167, train avg acc: 0.915169
Validation: 80, time: 34.144711, loss: 1.499279, validation acc: 0.910618, validation avg acc: 0.869108
Train: 81, time: 34.166778, loss: 1.456642, train acc: 0.945400, train avg acc: 0.915732
Validation: 81, time: 34.166778, loss: 1.485801, validation acc: 0.908992, validation avg acc: 0.867055
Train: 82, time: 34.174263, loss: 1.459957, train acc: 0.942844, train avg acc: 0.913555
Validation: 82, time: 34.174263, loss: 1.490707, validation acc: 0.907367, validation avg acc: 0.856028
Train: 83, time: 34.194242, loss: 1.459289, train acc: 0.944238, train avg acc: 0.915502
Validation: 83, time: 34.194242, loss: 1.497211, validation acc: 0.916035, validation avg acc: 0.869690
Train: 84, time: 34.127851, loss: 1.452997, train acc: 0.945748, train avg acc: 0.914968
Validation: 84, time: 34.127851, loss: 1.485515, validation acc: 0.913868, validation avg acc: 0.866226
Train: 85, time: 34.023690, loss: 1.453797, train acc: 0.945864, train avg acc: 0.919455
Validation: 85, time: 34.023690, loss: 1.485824, validation acc: 0.913326, validation avg acc: 0.866745
Train: 86, time: 34.209473, loss: 1.451942, train acc: 0.947839, train avg acc: 0.920027
Validation: 86, time: 34.209473, loss: 1.492282, validation acc: 0.916035, validation avg acc: 0.866658
Train: 87, time: 34.038613, loss: 1.453086, train acc: 0.947026, train avg acc: 0.920091
Validation: 87, time: 34.038613, loss: 1.500494, validation acc: 0.905742, validation avg acc: 0.852636
Train: 88, time: 34.021275, loss: 1.449833, train acc: 0.948885, train avg acc: 0.921137
Validation: 88, time: 34.021275, loss: 1.493348, validation acc: 0.912784, validation avg acc: 0.867183
Train: 89, time: 34.158213, loss: 1.445022, train acc: 0.948072, train avg acc: 0.919195
Validation: 89, time: 34.158213, loss: 1.507112, validation acc: 0.912784, validation avg acc: 0.863595
Train: 90, time: 34.018567, loss: 1.446791, train acc: 0.949582, train avg acc: 0.920946
Validation: 90, time: 34.018567, loss: 1.493964, validation acc: 0.906826, validation avg acc: 0.856020
Train: 91, time: 33.930350, loss: 1.445895, train acc: 0.947026, train avg acc: 0.918988
Validation: 91, time: 33.930350, loss: 1.495547, validation acc: 0.910618, validation avg acc: 0.870186
Train: 92, time: 33.875899, loss: 1.445108, train acc: 0.951092, train avg acc: 0.925693
Validation: 92, time: 33.875899, loss: 1.532069, validation acc: 0.906284, validation avg acc: 0.854224
Train: 93, time: 34.070221, loss: 1.445045, train acc: 0.950627, train avg acc: 0.924553
Validation: 93, time: 34.070221, loss: 1.502305, validation acc: 0.904659, validation avg acc: 0.863702
Train: 94, time: 33.996827, loss: 1.442759, train acc: 0.951557, train avg acc: 0.926130
Validation: 94, time: 33.996827, loss: 1.484722, validation acc: 0.916576, validation avg acc: 0.871617
Train: 95, time: 34.226935, loss: 1.439676, train acc: 0.950279, train avg acc: 0.923113
Validation: 95, time: 34.226935, loss: 1.487517, validation acc: 0.911701, validation avg acc: 0.864320
Train: 96, time: 34.352871, loss: 1.437343, train acc: 0.953996, train avg acc: 0.931290
Validation: 96, time: 34.352871, loss: 1.526083, validation acc: 0.904117, validation avg acc: 0.854233
Train: 97, time: 34.302755, loss: 1.440309, train acc: 0.953415, train avg acc: 0.927517
Validation: 97, time: 34.302755, loss: 1.488574, validation acc: 0.908992, validation avg acc: 0.865461
Train: 98, time: 34.181683, loss: 1.436200, train acc: 0.953067, train avg acc: 0.928306
Validation: 98, time: 34.181683, loss: 1.491030, validation acc: 0.910076, validation avg acc: 0.865657
Train: 99, time: 34.093648, loss: 1.435021, train acc: 0.953415, train avg acc: 0.928565
Validation: 99, time: 34.093648, loss: 1.480037, validation acc: 0.909534, validation avg acc: 0.867977
Train: 100, time: 33.976966, loss: 1.431210, train acc: 0.954809, train avg acc: 0.930654
Validation: 100, time: 33.976966, loss: 1.502157, validation acc: 0.910076, validation avg acc: 0.864012
Train: 101, time: 33.963709, loss: 1.433271, train acc: 0.956436, train avg acc: 0.930222
Validation: 101, time: 33.963709, loss: 1.501116, validation acc: 0.911159, validation avg acc: 0.862464
Train: 102, time: 34.422626, loss: 1.428464, train acc: 0.955971, train avg acc: 0.930218
Validation: 102, time: 34.422626, loss: 1.496975, validation acc: 0.912243, validation avg acc: 0.868573
Train: 103, time: 34.211935, loss: 1.432614, train acc: 0.954112, train avg acc: 0.930153
Validation: 103, time: 34.211935, loss: 1.500292, validation acc: 0.908992, validation avg acc: 0.867883
Train: 104, time: 34.016552, loss: 1.430742, train acc: 0.957714, train avg acc: 0.934844
Validation: 104, time: 34.016552, loss: 1.480594, validation acc: 0.911159, validation avg acc: 0.868996
Train: 105, time: 34.020795, loss: 1.429257, train acc: 0.955623, train avg acc: 0.931074
Validation: 105, time: 34.020795, loss: 1.486557, validation acc: 0.914410, validation avg acc: 0.872137
Train: 106, time: 34.402828, loss: 1.431125, train acc: 0.955739, train avg acc: 0.932118
Validation: 106, time: 34.402828, loss: 1.491656, validation acc: 0.915493, validation avg acc: 0.873293
Train: 107, time: 34.176958, loss: 1.425815, train acc: 0.958992, train avg acc: 0.936292
Validation: 107, time: 34.176958, loss: 1.513774, validation acc: 0.906826, validation avg acc: 0.860581
Train: 108, time: 34.497301, loss: 1.426721, train acc: 0.954926, train avg acc: 0.930563
Validation: 108, time: 34.497301, loss: 1.509814, validation acc: 0.900325, validation avg acc: 0.846808
Train: 109, time: 33.925735, loss: 1.426228, train acc: 0.959921, train avg acc: 0.938242
Validation: 109, time: 33.925735, loss: 1.492879, validation acc: 0.913326, validation avg acc: 0.859506
Train: 110, time: 34.048481, loss: 1.425268, train acc: 0.959456, train avg acc: 0.937249
Validation: 110, time: 34.048481, loss: 1.496603, validation acc: 0.911701, validation avg acc: 0.861000
Train: 111, time: 34.291621, loss: 1.421540, train acc: 0.958527, train avg acc: 0.935291
Validation: 111, time: 34.291621, loss: 1.493299, validation acc: 0.913326, validation avg acc: 0.863069
Train: 112, time: 34.068105, loss: 1.420253, train acc: 0.959572, train avg acc: 0.938475
Validation: 112, time: 34.068105, loss: 1.498684, validation acc: 0.912784, validation avg acc: 0.860347
Train: 113, time: 34.248365, loss: 1.419986, train acc: 0.961315, train avg acc: 0.940801
Validation: 113, time: 34.248365, loss: 1.497292, validation acc: 0.917118, validation avg acc: 0.869919
Train: 114, time: 33.998698, loss: 1.423787, train acc: 0.959224, train avg acc: 0.939803
Validation: 114, time: 33.998698, loss: 1.507688, validation acc: 0.914951, validation avg acc: 0.863455
Train: 115, time: 34.036290, loss: 1.417860, train acc: 0.964103, train avg acc: 0.943487
Validation: 115, time: 34.036290, loss: 1.495725, validation acc: 0.914410, validation avg acc: 0.872856
Train: 116, time: 34.192860, loss: 1.419916, train acc: 0.959689, train avg acc: 0.937873
Validation: 116, time: 34.192860, loss: 1.484575, validation acc: 0.914410, validation avg acc: 0.864729
Train: 117, time: 34.292595, loss: 1.418347, train acc: 0.962012, train avg acc: 0.941716
Validation: 117, time: 34.292595, loss: 1.477468, validation acc: 0.913326, validation avg acc: 0.869805
Train: 118, time: 34.104797, loss: 1.422265, train acc: 0.957481, train avg acc: 0.934958
Validation: 118, time: 34.104797, loss: 1.494405, validation acc: 0.912243, validation avg acc: 0.866350
Train: 119, time: 34.057163, loss: 1.417036, train acc: 0.960967, train avg acc: 0.938449
Validation: 119, time: 34.057163, loss: 1.489498, validation acc: 0.910076, validation avg acc: 0.871832
Train: 120, time: 34.170735, loss: 1.416826, train acc: 0.962128, train avg acc: 0.944078
Validation: 120, time: 34.170735, loss: 1.510500, validation acc: 0.906826, validation avg acc: 0.861966
Train: 121, time: 34.110524, loss: 1.412257, train acc: 0.963406, train avg acc: 0.942639
Validation: 121, time: 34.110524, loss: 1.484290, validation acc: 0.912784, validation avg acc: 0.868742
Train: 122, time: 34.540637, loss: 1.413817, train acc: 0.962361, train avg acc: 0.941309
Validation: 122, time: 34.540637, loss: 1.487521, validation acc: 0.911701, validation avg acc: 0.857531
Train: 123, time: 34.329129, loss: 1.412351, train acc: 0.961547, train avg acc: 0.939832
Validation: 123, time: 34.329129, loss: 1.494104, validation acc: 0.911159, validation avg acc: 0.868721
Train: 124, time: 34.236549, loss: 1.413827, train acc: 0.962244, train avg acc: 0.942533
Validation: 124, time: 34.236549, loss: 1.485514, validation acc: 0.914410, validation avg acc: 0.867744
Train: 125, time: 34.182935, loss: 1.412231, train acc: 0.962593, train avg acc: 0.939723
Validation: 125, time: 34.182935, loss: 1.488797, validation acc: 0.910618, validation avg acc: 0.867090
Train: 126, time: 34.175324, loss: 1.411362, train acc: 0.963174, train avg acc: 0.945941
Validation: 126, time: 34.175324, loss: 1.487151, validation acc: 0.910076, validation avg acc: 0.856882
Train: 127, time: 34.172191, loss: 1.413139, train acc: 0.962477, train avg acc: 0.940559
Validation: 127, time: 34.172191, loss: 1.510746, validation acc: 0.911701, validation avg acc: 0.865224
Train: 128, time: 34.201936, loss: 1.408894, train acc: 0.963290, train avg acc: 0.943548
Validation: 128, time: 34.201936, loss: 1.481812, validation acc: 0.915493, validation avg acc: 0.875141
Train: 129, time: 34.600259, loss: 1.410084, train acc: 0.962825, train avg acc: 0.944610
Validation: 129, time: 34.600259, loss: 1.513555, validation acc: 0.907367, validation avg acc: 0.852176
Train: 130, time: 34.068440, loss: 1.407162, train acc: 0.965730, train avg acc: 0.946680
Validation: 130, time: 34.068440, loss: 1.491386, validation acc: 0.912784, validation avg acc: 0.868293
Train: 131, time: 34.156737, loss: 1.406465, train acc: 0.965613, train avg acc: 0.947447
Validation: 131, time: 34.156737, loss: 1.490955, validation acc: 0.912784, validation avg acc: 0.861161
Train: 132, time: 34.079206, loss: 1.408055, train acc: 0.963871, train avg acc: 0.944621
Validation: 132, time: 34.079206, loss: 1.491807, validation acc: 0.918743, validation avg acc: 0.878914
Train: 133, time: 34.122759, loss: 1.404905, train acc: 0.964219, train avg acc: 0.944467
Validation: 133, time: 34.122759, loss: 1.493150, validation acc: 0.907909, validation avg acc: 0.850935
Train: 134, time: 34.072917, loss: 1.407531, train acc: 0.966194, train avg acc: 0.949526
Validation: 134, time: 34.072917, loss: 1.489697, validation acc: 0.911159, validation avg acc: 0.859549
Train: 135, time: 34.270876, loss: 1.404426, train acc: 0.967356, train avg acc: 0.950620
Validation: 135, time: 34.270876, loss: 1.494056, validation acc: 0.913326, validation avg acc: 0.876191
Train: 136, time: 34.386195, loss: 1.406634, train acc: 0.967356, train avg acc: 0.949097
Validation: 136, time: 34.386195, loss: 1.485020, validation acc: 0.916035, validation avg acc: 0.872018
Train: 137, time: 34.240157, loss: 1.405368, train acc: 0.965149, train avg acc: 0.948512
Validation: 137, time: 34.240157, loss: 1.500343, validation acc: 0.906284, validation avg acc: 0.857550
Train: 138, time: 34.212545, loss: 1.402269, train acc: 0.966543, train avg acc: 0.946706
Validation: 138, time: 34.212545, loss: 1.491124, validation acc: 0.911701, validation avg acc: 0.865509
Train: 139, time: 34.310484, loss: 1.399818, train acc: 0.967588, train avg acc: 0.950912
Validation: 139, time: 34.310484, loss: 1.493819, validation acc: 0.912243, validation avg acc: 0.861372
Train: 140, time: 34.187889, loss: 1.400849, train acc: 0.968169, train avg acc: 0.949265
Validation: 140, time: 34.187889, loss: 1.489942, validation acc: 0.912784, validation avg acc: 0.873717
Train: 141, time: 34.205522, loss: 1.403641, train acc: 0.968401, train avg acc: 0.951696
Validation: 141, time: 34.205522, loss: 1.492211, validation acc: 0.911701, validation avg acc: 0.869412
Train: 142, time: 34.524420, loss: 1.399929, train acc: 0.968169, train avg acc: 0.950152
Validation: 142, time: 34.524420, loss: 1.490507, validation acc: 0.910076, validation avg acc: 0.854003
Train: 143, time: 34.210557, loss: 1.403382, train acc: 0.967937, train avg acc: 0.951159
Validation: 143, time: 34.210557, loss: 1.489526, validation acc: 0.910618, validation avg acc: 0.864716
Train: 144, time: 34.281733, loss: 1.401673, train acc: 0.966775, train avg acc: 0.947783
Validation: 144, time: 34.281733, loss: 1.509188, validation acc: 0.910076, validation avg acc: 0.859617
Train: 145, time: 34.509411, loss: 1.398524, train acc: 0.967588, train avg acc: 0.949189
Validation: 145, time: 34.509411, loss: 1.481661, validation acc: 0.907909, validation avg acc: 0.862232
Train: 146, time: 34.500456, loss: 1.398186, train acc: 0.970725, train avg acc: 0.951532
Validation: 146, time: 34.500456, loss: 1.483502, validation acc: 0.910076, validation avg acc: 0.860955
Train: 147, time: 34.637420, loss: 1.399884, train acc: 0.965962, train avg acc: 0.948534
Validation: 147, time: 34.637420, loss: 1.485334, validation acc: 0.911159, validation avg acc: 0.872205
Train: 148, time: 34.868642, loss: 1.397165, train acc: 0.969912, train avg acc: 0.955107
Validation: 148, time: 34.868642, loss: 1.478489, validation acc: 0.908992, validation avg acc: 0.861138
Train: 149, time: 34.842096, loss: 1.395497, train acc: 0.966775, train avg acc: 0.950205
Validation: 149, time: 34.842096, loss: 1.502407, validation acc: 0.914410, validation avg acc: 0.875466
Train: 150, time: 34.943681, loss: 1.395400, train acc: 0.970493, train avg acc: 0.954596
Validation: 150, time: 34.943681, loss: 1.494411, validation acc: 0.914951, validation avg acc: 0.871266
Train: 151, time: 35.027381, loss: 1.393448, train acc: 0.970028, train avg acc: 0.954666
Validation: 151, time: 35.027381, loss: 1.491467, validation acc: 0.912243, validation avg acc: 0.860045
Train: 152, time: 35.105441, loss: 1.391987, train acc: 0.971770, train avg acc: 0.955473
Validation: 152, time: 35.105441, loss: 1.517254, validation acc: 0.899242, validation avg acc: 0.853549
Train: 153, time: 34.749416, loss: 1.392735, train acc: 0.970841, train avg acc: 0.954487
Validation: 153, time: 34.749416, loss: 1.488391, validation acc: 0.917118, validation avg acc: 0.876675
Train: 154, time: 34.643340, loss: 1.392927, train acc: 0.968634, train avg acc: 0.953313
Validation: 154, time: 34.643340, loss: 1.482172, validation acc: 0.908451, validation avg acc: 0.866563
Train: 155, time: 34.807658, loss: 1.394001, train acc: 0.970028, train avg acc: 0.955040
Validation: 155, time: 34.807658, loss: 1.489468, validation acc: 0.908992, validation avg acc: 0.861534
Train: 156, time: 34.783412, loss: 1.394904, train acc: 0.967821, train avg acc: 0.949135
Validation: 156, time: 34.783412, loss: 1.480840, validation acc: 0.916576, validation avg acc: 0.871023
Train: 157, time: 34.690777, loss: 1.390594, train acc: 0.970260, train avg acc: 0.952185
Validation: 157, time: 34.690777, loss: 1.490417, validation acc: 0.911159, validation avg acc: 0.864017
Train: 158, time: 34.690339, loss: 1.390016, train acc: 0.972003, train avg acc: 0.957530
Validation: 158, time: 34.690339, loss: 1.483209, validation acc: 0.909534, validation avg acc: 0.863327
Train: 159, time: 34.994312, loss: 1.392069, train acc: 0.971887, train avg acc: 0.956483
Validation: 159, time: 34.994312, loss: 1.480862, validation acc: 0.916035, validation avg acc: 0.867943
Train: 160, time: 34.932094, loss: 1.390222, train acc: 0.972932, train avg acc: 0.957058
Validation: 160, time: 34.932094, loss: 1.481694, validation acc: 0.913326, validation avg acc: 0.865212
Train: 161, time: 34.884275, loss: 1.391546, train acc: 0.971887, train avg acc: 0.955317
Validation: 161, time: 34.884275, loss: 1.495216, validation acc: 0.914951, validation avg acc: 0.870525
Train: 162, time: 34.734094, loss: 1.390630, train acc: 0.970841, train avg acc: 0.953414
Validation: 162, time: 34.734094, loss: 1.487548, validation acc: 0.912243, validation avg acc: 0.860867
Train: 163, time: 34.599030, loss: 1.386730, train acc: 0.973048, train avg acc: 0.957222
Validation: 163, time: 34.599030, loss: 1.478902, validation acc: 0.910618, validation avg acc: 0.865946
Train: 164, time: 34.556365, loss: 1.384419, train acc: 0.972932, train avg acc: 0.958495
Validation: 164, time: 34.556365, loss: 1.481774, validation acc: 0.914410, validation avg acc: 0.870298
Train: 165, time: 34.662188, loss: 1.389007, train acc: 0.971073, train avg acc: 0.955732
Validation: 165, time: 34.662188, loss: 1.497525, validation acc: 0.914410, validation avg acc: 0.873302
Train: 166, time: 34.752442, loss: 1.388139, train acc: 0.971306, train avg acc: 0.956446
Validation: 166, time: 34.752442, loss: 1.488428, validation acc: 0.914410, validation avg acc: 0.865763
Train: 167, time: 34.974712, loss: 1.386350, train acc: 0.972700, train avg acc: 0.958254
Validation: 167, time: 34.974712, loss: 1.480653, validation acc: 0.913868, validation avg acc: 0.869040
Train: 168, time: 35.188842, loss: 1.386382, train acc: 0.974210, train avg acc: 0.958937
Validation: 168, time: 35.188842, loss: 1.481708, validation acc: 0.912784, validation avg acc: 0.867369
Train: 169, time: 34.851254, loss: 1.386545, train acc: 0.973048, train avg acc: 0.958197
Validation: 169, time: 34.851254, loss: 1.488158, validation acc: 0.912243, validation avg acc: 0.869525
Train: 170, time: 34.862273, loss: 1.383708, train acc: 0.973862, train avg acc: 0.960451
Validation: 170, time: 34.862273, loss: 1.480320, validation acc: 0.914951, validation avg acc: 0.877988
Train: 171, time: 34.983270, loss: 1.382901, train acc: 0.972235, train avg acc: 0.958497
Validation: 171, time: 34.983270, loss: 1.502426, validation acc: 0.908992, validation avg acc: 0.864601
Train: 172, time: 34.918889, loss: 1.383652, train acc: 0.974210, train avg acc: 0.958436
Validation: 172, time: 34.918889, loss: 1.489856, validation acc: 0.911701, validation avg acc: 0.865698
Train: 173, time: 34.487990, loss: 1.382404, train acc: 0.973978, train avg acc: 0.958635
Validation: 173, time: 34.487990, loss: 1.473144, validation acc: 0.917660, validation avg acc: 0.874722
Train: 174, time: 34.784989, loss: 1.379551, train acc: 0.975023, train avg acc: 0.959145
Validation: 174, time: 34.784989, loss: 1.507502, validation acc: 0.900325, validation avg acc: 0.858123
Train: 175, time: 35.015499, loss: 1.383981, train acc: 0.971306, train avg acc: 0.956514
Validation: 175, time: 35.015499, loss: 1.475396, validation acc: 0.916035, validation avg acc: 0.867163
Train: 176, time: 34.995641, loss: 1.380310, train acc: 0.974791, train avg acc: 0.960244
Validation: 176, time: 34.995641, loss: 1.481938, validation acc: 0.916576, validation avg acc: 0.873848
Train: 177, time: 34.394448, loss: 1.379935, train acc: 0.975139, train avg acc: 0.959251
Validation: 177, time: 34.394448, loss: 1.494700, validation acc: 0.912243, validation avg acc: 0.872385
Train: 178, time: 34.763367, loss: 1.380323, train acc: 0.975720, train avg acc: 0.962151
Validation: 178, time: 34.763367, loss: 1.474934, validation acc: 0.915493, validation avg acc: 0.867004
Train: 179, time: 34.564286, loss: 1.384462, train acc: 0.973862, train avg acc: 0.961805
Validation: 179, time: 34.564286, loss: 1.480211, validation acc: 0.911701, validation avg acc: 0.868909
Train: 180, time: 34.785751, loss: 1.384769, train acc: 0.972816, train avg acc: 0.959929
Validation: 180, time: 34.785751, loss: 1.501918, validation acc: 0.908451, validation avg acc: 0.863867
Train: 181, time: 34.910601, loss: 1.382225, train acc: 0.973397, train avg acc: 0.958668
Validation: 181, time: 34.910601, loss: 1.491052, validation acc: 0.913326, validation avg acc: 0.869601
Train: 182, time: 34.675291, loss: 1.377928, train acc: 0.977230, train avg acc: 0.965744
Validation: 182, time: 34.675291, loss: 1.483542, validation acc: 0.910076, validation avg acc: 0.861325
Train: 183, time: 34.750882, loss: 1.379304, train acc: 0.976185, train avg acc: 0.962320
Validation: 183, time: 34.750882, loss: 1.486412, validation acc: 0.914410, validation avg acc: 0.868478
Train: 184, time: 34.676043, loss: 1.380518, train acc: 0.974094, train avg acc: 0.959587
Validation: 184, time: 34.676043, loss: 1.483764, validation acc: 0.912243, validation avg acc: 0.868126
Train: 185, time: 34.565151, loss: 1.377677, train acc: 0.976533, train avg acc: 0.965129
Validation: 185, time: 34.565151, loss: 1.502136, validation acc: 0.908451, validation avg acc: 0.855735
Train: 186, time: 34.786037, loss: 1.374869, train acc: 0.978160, train avg acc: 0.966006
Validation: 186, time: 34.786037, loss: 1.484689, validation acc: 0.914951, validation avg acc: 0.872720
Train: 187, time: 34.526497, loss: 1.377723, train acc: 0.974791, train avg acc: 0.960862
Validation: 187, time: 34.526497, loss: 1.493360, validation acc: 0.912784, validation avg acc: 0.867485
Train: 188, time: 34.870091, loss: 1.379486, train acc: 0.976069, train avg acc: 0.963624
Validation: 188, time: 34.870091, loss: 1.482162, validation acc: 0.913326, validation avg acc: 0.871175
Train: 189, time: 34.467544, loss: 1.376567, train acc: 0.976998, train avg acc: 0.965359
Validation: 189, time: 34.467544, loss: 1.495835, validation acc: 0.912784, validation avg acc: 0.868015
Train: 190, time: 34.622815, loss: 1.375471, train acc: 0.975604, train avg acc: 0.960909
Validation: 190, time: 34.622815, loss: 1.501487, validation acc: 0.906826, validation avg acc: 0.865755
Train: 191, time: 34.898770, loss: 1.374665, train acc: 0.978508, train avg acc: 0.967045
Validation: 191, time: 34.898770, loss: 1.491962, validation acc: 0.912243, validation avg acc: 0.867611
Train: 192, time: 34.886765, loss: 1.376342, train acc: 0.977347, train avg acc: 0.967242
Validation: 192, time: 34.886765, loss: 1.490897, validation acc: 0.911701, validation avg acc: 0.871308
Train: 193, time: 34.847850, loss: 1.378794, train acc: 0.976533, train avg acc: 0.962658
Validation: 193, time: 34.847850, loss: 1.500737, validation acc: 0.910076, validation avg acc: 0.859790
Train: 194, time: 34.654645, loss: 1.376996, train acc: 0.974907, train avg acc: 0.960018
Validation: 194, time: 34.654645, loss: 1.486891, validation acc: 0.912784, validation avg acc: 0.864918
Train: 195, time: 34.859297, loss: 1.373153, train acc: 0.975953, train avg acc: 0.963145
Validation: 195, time: 34.859297, loss: 1.484691, validation acc: 0.908451, validation avg acc: 0.863526
Train: 196, time: 34.715483, loss: 1.373167, train acc: 0.978508, train avg acc: 0.967791
Validation: 196, time: 34.715483, loss: 1.496470, validation acc: 0.907909, validation avg acc: 0.865655
Train: 197, time: 34.729865, loss: 1.373048, train acc: 0.977579, train avg acc: 0.965904
Validation: 197, time: 34.729865, loss: 1.492114, validation acc: 0.916035, validation avg acc: 0.874646
Train: 198, time: 34.486716, loss: 1.370436, train acc: 0.979670, train avg acc: 0.969676
Validation: 198, time: 34.486716, loss: 1.510156, validation acc: 0.911701, validation avg acc: 0.871804
Train: 199, time: 34.518792, loss: 1.373965, train acc: 0.977347, train avg acc: 0.964930
Validation: 199, time: 34.518792, loss: 1.525813, validation acc: 0.906284, validation avg acc: 0.854745
Train: 200, time: 34.789886, loss: 1.374183, train acc: 0.977463, train avg acc: 0.966002
Validation: 200, time: 34.789886, loss: 1.484445, validation acc: 0.912784, validation avg acc: 0.873848
Train: 201, time: 34.974998, loss: 1.376603, train acc: 0.974559, train avg acc: 0.959881
Validation: 201, time: 34.974998, loss: 1.491517, validation acc: 0.911701, validation avg acc: 0.864483
Train: 202, time: 34.965825, loss: 1.370732, train acc: 0.977463, train avg acc: 0.964401
Validation: 202, time: 34.965825, loss: 1.491377, validation acc: 0.911701, validation avg acc: 0.866491
Train: 203, time: 35.061439, loss: 1.370976, train acc: 0.976533, train avg acc: 0.963752
Validation: 203, time: 35.061439, loss: 1.497184, validation acc: 0.903575, validation avg acc: 0.847093
Train: 204, time: 34.849376, loss: 1.368326, train acc: 0.979902, train avg acc: 0.967998
Validation: 204, time: 34.849376, loss: 1.482007, validation acc: 0.914951, validation avg acc: 0.868115
Train: 205, time: 34.650151, loss: 1.372655, train acc: 0.977811, train avg acc: 0.964002
Validation: 205, time: 34.650151, loss: 1.497217, validation acc: 0.906826, validation avg acc: 0.851270
Train: 206, time: 35.019541, loss: 1.371609, train acc: 0.979205, train avg acc: 0.967049
Validation: 206, time: 35.019541, loss: 1.494245, validation acc: 0.913326, validation avg acc: 0.864260
Train: 207, time: 34.845651, loss: 1.371244, train acc: 0.978044, train avg acc: 0.966487
Validation: 207, time: 34.845651, loss: 1.483493, validation acc: 0.910618, validation avg acc: 0.869373
Train: 208, time: 34.660065, loss: 1.369443, train acc: 0.977230, train avg acc: 0.966261
Validation: 208, time: 34.660065, loss: 1.476274, validation acc: 0.915493, validation avg acc: 0.864647
Train: 209, time: 34.974308, loss: 1.368683, train acc: 0.978625, train avg acc: 0.966866
Validation: 209, time: 34.974308, loss: 1.504144, validation acc: 0.908451, validation avg acc: 0.868713
Train: 210, time: 34.627951, loss: 1.368427, train acc: 0.979786, train avg acc: 0.967869
Validation: 210, time: 34.627951, loss: 1.486831, validation acc: 0.913326, validation avg acc: 0.868813
Train: 211, time: 34.897092, loss: 1.368054, train acc: 0.979670, train avg acc: 0.966533
Validation: 211, time: 34.897092, loss: 1.487573, validation acc: 0.914951, validation avg acc: 0.875206
Train: 212, time: 34.763134, loss: 1.365302, train acc: 0.981180, train avg acc: 0.970628
Validation: 212, time: 34.763134, loss: 1.476807, validation acc: 0.911701, validation avg acc: 0.865384
Train: 213, time: 34.789012, loss: 1.367382, train acc: 0.978857, train avg acc: 0.967224
Validation: 213, time: 34.789012, loss: 1.488908, validation acc: 0.911701, validation avg acc: 0.865043
Train: 214, time: 34.850782, loss: 1.370386, train acc: 0.977928, train avg acc: 0.965188
Validation: 214, time: 34.850782, loss: 1.511762, validation acc: 0.903034, validation avg acc: 0.843866
Train: 215, time: 34.493594, loss: 1.368730, train acc: 0.979322, train avg acc: 0.967734
Validation: 215, time: 34.493594, loss: 1.474145, validation acc: 0.914951, validation avg acc: 0.876361
Train: 216, time: 34.960637, loss: 1.366850, train acc: 0.978857, train avg acc: 0.969933
Validation: 216, time: 34.960637, loss: 1.508114, validation acc: 0.906826, validation avg acc: 0.854446
Train: 217, time: 34.859511, loss: 1.369636, train acc: 0.976998, train avg acc: 0.963816
Validation: 217, time: 34.859511, loss: 1.491004, validation acc: 0.912784, validation avg acc: 0.869811
Train: 218, time: 35.158334, loss: 1.369190, train acc: 0.976766, train avg acc: 0.963122
Validation: 218, time: 35.158334, loss: 1.484499, validation acc: 0.907909, validation avg acc: 0.855060
Train: 219, time: 34.896612, loss: 1.367845, train acc: 0.978741, train avg acc: 0.966836
Validation: 219, time: 34.896612, loss: 1.491631, validation acc: 0.914410, validation avg acc: 0.865803
Train: 220, time: 34.813742, loss: 1.365340, train acc: 0.982342, train avg acc: 0.973076
Validation: 220, time: 34.813742, loss: 1.494808, validation acc: 0.914410, validation avg acc: 0.863469
Train: 221, time: 34.283127, loss: 1.365660, train acc: 0.977695, train avg acc: 0.966005
Validation: 221, time: 34.283127, loss: 1.515938, validation acc: 0.911159, validation avg acc: 0.868567
Train: 222, time: 34.497009, loss: 1.366813, train acc: 0.979438, train avg acc: 0.969924
Validation: 222, time: 34.497009, loss: 1.503770, validation acc: 0.910618, validation avg acc: 0.869041
Train: 223, time: 34.698700, loss: 1.365064, train acc: 0.980251, train avg acc: 0.969998
Validation: 223, time: 34.698700, loss: 1.481000, validation acc: 0.911159, validation avg acc: 0.867163
Train: 224, time: 34.469062, loss: 1.365257, train acc: 0.980948, train avg acc: 0.970791
Validation: 224, time: 34.469062, loss: 1.505571, validation acc: 0.904659, validation avg acc: 0.855276
Train: 225, time: 34.751135, loss: 1.366084, train acc: 0.979670, train avg acc: 0.968438
Validation: 225, time: 34.751135, loss: 1.481585, validation acc: 0.913326, validation avg acc: 0.867032
Train: 226, time: 34.378321, loss: 1.362847, train acc: 0.981064, train avg acc: 0.970140
Validation: 226, time: 34.378321, loss: 1.486836, validation acc: 0.914410, validation avg acc: 0.873261
Train: 227, time: 34.464226, loss: 1.363106, train acc: 0.980948, train avg acc: 0.968279
Validation: 227, time: 34.464226, loss: 1.492959, validation acc: 0.916576, validation avg acc: 0.877177
Train: 228, time: 34.658182, loss: 1.361680, train acc: 0.981529, train avg acc: 0.971111
Validation: 228, time: 34.658182, loss: 1.501632, validation acc: 0.910618, validation avg acc: 0.858952
Train: 229, time: 34.684436, loss: 1.364194, train acc: 0.978508, train avg acc: 0.967346
Validation: 229, time: 34.684436, loss: 1.474528, validation acc: 0.910076, validation avg acc: 0.859991
Train: 230, time: 34.690737, loss: 1.363871, train acc: 0.979786, train avg acc: 0.967288
Validation: 230, time: 34.690737, loss: 1.492491, validation acc: 0.917660, validation avg acc: 0.874795
Train: 231, time: 34.339948, loss: 1.361299, train acc: 0.980367, train avg acc: 0.970587
Validation: 231, time: 34.339948, loss: 1.486602, validation acc: 0.912784, validation avg acc: 0.869579
Train: 232, time: 34.340300, loss: 1.361362, train acc: 0.982342, train avg acc: 0.972711
Validation: 232, time: 34.340300, loss: 1.477007, validation acc: 0.912243, validation avg acc: 0.867522
Train: 233, time: 34.634736, loss: 1.361812, train acc: 0.982458, train avg acc: 0.971599
Validation: 233, time: 34.634736, loss: 1.499929, validation acc: 0.912243, validation avg acc: 0.866787
Train: 234, time: 34.743520, loss: 1.360570, train acc: 0.982691, train avg acc: 0.973696
Validation: 234, time: 34.743520, loss: 1.489208, validation acc: 0.911701, validation avg acc: 0.870849
Train: 235, time: 34.755434, loss: 1.363309, train acc: 0.981529, train avg acc: 0.971625
Validation: 235, time: 34.755434, loss: 1.514183, validation acc: 0.905742, validation avg acc: 0.862746
Train: 236, time: 34.308708, loss: 1.362769, train acc: 0.981529, train avg acc: 0.971484
Validation: 236, time: 34.308708, loss: 1.492510, validation acc: 0.915493, validation avg acc: 0.873863
Train: 237, time: 34.663427, loss: 1.360822, train acc: 0.981296, train avg acc: 0.972603
Validation: 237, time: 34.663427, loss: 1.512355, validation acc: 0.913868, validation avg acc: 0.866286
Train: 238, time: 34.563831, loss: 1.361619, train acc: 0.980948, train avg acc: 0.970843
Validation: 238, time: 34.563831, loss: 1.489784, validation acc: 0.913326, validation avg acc: 0.871060
Train: 239, time: 34.480984, loss: 1.358940, train acc: 0.983271, train avg acc: 0.974612
Validation: 239, time: 34.480984, loss: 1.491050, validation acc: 0.912243, validation avg acc: 0.873387
Train: 240, time: 35.040407, loss: 1.360181, train acc: 0.981296, train avg acc: 0.971340
Validation: 240, time: 35.040407, loss: 1.481616, validation acc: 0.914410, validation avg acc: 0.871791
Train: 241, time: 34.370077, loss: 1.360288, train acc: 0.982923, train avg acc: 0.972460
Validation: 241, time: 34.370077, loss: 1.484845, validation acc: 0.913326, validation avg acc: 0.874223
Train: 242, time: 35.004652, loss: 1.360322, train acc: 0.982342, train avg acc: 0.974197
Validation: 242, time: 35.004652, loss: 1.499951, validation acc: 0.912243, validation avg acc: 0.868824
Train: 243, time: 34.826691, loss: 1.358468, train acc: 0.982458, train avg acc: 0.972289
Validation: 243, time: 34.826691, loss: 1.468981, validation acc: 0.913326, validation avg acc: 0.869767
Train: 244, time: 34.748530, loss: 1.358344, train acc: 0.983736, train avg acc: 0.975473
Validation: 244, time: 34.748530, loss: 1.474590, validation acc: 0.912784, validation avg acc: 0.867352
Train: 245, time: 35.044943, loss: 1.359591, train acc: 0.980716, train avg acc: 0.969161
Validation: 245, time: 35.044943, loss: 1.499046, validation acc: 0.908992, validation avg acc: 0.856981
Train: 246, time: 35.332309, loss: 1.358954, train acc: 0.981993, train avg acc: 0.971573
Validation: 246, time: 35.332309, loss: 1.484376, validation acc: 0.911159, validation avg acc: 0.867844
Train: 247, time: 35.121177, loss: 1.361839, train acc: 0.982110, train avg acc: 0.972453
Validation: 247, time: 35.121177, loss: 1.477571, validation acc: 0.914951, validation avg acc: 0.874687
Train: 248, time: 34.907421, loss: 1.356165, train acc: 0.984549, train avg acc: 0.976489
Validation: 248, time: 34.907421, loss: 1.491398, validation acc: 0.917118, validation avg acc: 0.869368
Train: 249, time: 34.620526, loss: 1.357033, train acc: 0.981761, train avg acc: 0.974145
Validation: 249, time: 34.620526, loss: 1.494897, validation acc: 0.913326, validation avg acc: 0.874862
Train: 250, time: 34.557970, loss: 1.357924, train acc: 0.981877, train avg acc: 0.971505
Validation: 250, time: 34.557970, loss: 1.484956, validation acc: 0.911701, validation avg acc: 0.875126
Train: 251, time: 34.470172, loss: 1.357568, train acc: 0.981877, train avg acc: 0.972786
Validation: 251, time: 34.470172, loss: 1.478307, validation acc: 0.915493, validation avg acc: 0.868530
Train: 252, time: 34.666608, loss: 1.354337, train acc: 0.984433, train avg acc: 0.976373
Validation: 252, time: 34.666608, loss: 1.497725, validation acc: 0.911159, validation avg acc: 0.868750
Train: 253, time: 34.783776, loss: 1.354099, train acc: 0.984782, train avg acc: 0.976097
Validation: 253, time: 34.783776, loss: 1.475368, validation acc: 0.916035, validation avg acc: 0.873263
Train: 254, time: 34.903247, loss: 1.355448, train acc: 0.984549, train avg acc: 0.976856
Validation: 254, time: 34.903247, loss: 1.493655, validation acc: 0.906826, validation avg acc: 0.865378
Train: 255, time: 34.738702, loss: 1.357132, train acc: 0.983155, train avg acc: 0.974633
Validation: 255, time: 34.738702, loss: 1.477801, validation acc: 0.916576, validation avg acc: 0.867029
Train: 256, time: 34.805886, loss: 1.353873, train acc: 0.985014, train avg acc: 0.975906
Validation: 256, time: 34.805886, loss: 1.475297, validation acc: 0.917660, validation avg acc: 0.875340
Train: 257, time: 34.816832, loss: 1.357452, train acc: 0.985014, train avg acc: 0.976761
Validation: 257, time: 34.816832, loss: 1.479883, validation acc: 0.918743, validation avg acc: 0.874568
Train: 258, time: 34.533238, loss: 1.356711, train acc: 0.982691, train avg acc: 0.972649
Validation: 258, time: 34.533238, loss: 1.488458, validation acc: 0.918743, validation avg acc: 0.877602
Train: 259, time: 34.861746, loss: 1.354398, train acc: 0.983852, train avg acc: 0.974512
Validation: 259, time: 34.861746, loss: 1.480602, validation acc: 0.912784, validation avg acc: 0.867323
Train: 260, time: 34.764483, loss: 1.356398, train acc: 0.982691, train avg acc: 0.972865
Validation: 260, time: 34.764483, loss: 1.490038, validation acc: 0.911701, validation avg acc: 0.863468
Train: 261, time: 34.805517, loss: 1.355565, train acc: 0.983271, train avg acc: 0.973619
Validation: 261, time: 34.805517, loss: 1.484235, validation acc: 0.918743, validation avg acc: 0.869823
Train: 262, time: 34.628506, loss: 1.354747, train acc: 0.981645, train avg acc: 0.970462
Validation: 262, time: 34.628506, loss: 1.479581, validation acc: 0.916035, validation avg acc: 0.873591
Train: 263, time: 34.426134, loss: 1.353020, train acc: 0.982923, train avg acc: 0.973277
Validation: 263, time: 34.426134, loss: 1.476430, validation acc: 0.920368, validation avg acc: 0.883491
Train: 264, time: 34.391135, loss: 1.354536, train acc: 0.983968, train avg acc: 0.975517
Validation: 264, time: 34.391135, loss: 1.476650, validation acc: 0.913326, validation avg acc: 0.867321
Train: 265, time: 34.588447, loss: 1.354339, train acc: 0.983968, train avg acc: 0.975616
Validation: 265, time: 34.588447, loss: 1.493559, validation acc: 0.912784, validation avg acc: 0.864731
Train: 266, time: 34.908791, loss: 1.354666, train acc: 0.984433, train avg acc: 0.975776
Validation: 266, time: 34.908791, loss: 1.492962, validation acc: 0.908992, validation avg acc: 0.848205
Train: 267, time: 34.689164, loss: 1.353014, train acc: 0.985246, train avg acc: 0.978328
Validation: 267, time: 34.689164, loss: 1.525216, validation acc: 0.909534, validation avg acc: 0.860226
Train: 268, time: 35.123354, loss: 1.354524, train acc: 0.984085, train avg acc: 0.974864
Validation: 268, time: 35.123354, loss: 1.484261, validation acc: 0.913326, validation avg acc: 0.870476
Train: 269, time: 35.017979, loss: 1.352279, train acc: 0.984898, train avg acc: 0.978934
Validation: 269, time: 35.017979, loss: 1.505347, validation acc: 0.916576, validation avg acc: 0.868754
Train: 270, time: 34.999017, loss: 1.351798, train acc: 0.983504, train avg acc: 0.973718
Validation: 270, time: 34.999017, loss: 1.475864, validation acc: 0.917660, validation avg acc: 0.875433
Train: 271, time: 34.566938, loss: 1.352333, train acc: 0.984665, train avg acc: 0.977668
Validation: 271, time: 34.566938, loss: 1.492097, validation acc: 0.913326, validation avg acc: 0.874051
Train: 272, time: 34.412509, loss: 1.352473, train acc: 0.985827, train avg acc: 0.978224
Validation: 272, time: 34.412509, loss: 1.477873, validation acc: 0.920368, validation avg acc: 0.880878
Train: 273, time: 34.381801, loss: 1.352952, train acc: 0.983388, train avg acc: 0.974596
Validation: 273, time: 34.381801, loss: 1.496786, validation acc: 0.914951, validation avg acc: 0.874779
Train: 274, time: 34.417479, loss: 1.352103, train acc: 0.984549, train avg acc: 0.976139
Validation: 274, time: 34.417479, loss: 1.486107, validation acc: 0.911701, validation avg acc: 0.863249
Train: 275, time: 34.337292, loss: 1.351606, train acc: 0.985595, train avg acc: 0.978161
Validation: 275, time: 34.337292, loss: 1.496931, validation acc: 0.913326, validation avg acc: 0.873289
Train: 276, time: 34.459929, loss: 1.352871, train acc: 0.984201, train avg acc: 0.974229
Validation: 276, time: 34.459929, loss: 1.479269, validation acc: 0.911159, validation avg acc: 0.869140
Train: 277, time: 34.202496, loss: 1.352014, train acc: 0.981993, train avg acc: 0.973351
Validation: 277, time: 34.202496, loss: 1.485322, validation acc: 0.913868, validation avg acc: 0.870362
Train: 278, time: 34.570380, loss: 1.350726, train acc: 0.985711, train avg acc: 0.978965
Validation: 278, time: 34.570380, loss: 1.486376, validation acc: 0.907909, validation avg acc: 0.857521
Train: 279, time: 34.632053, loss: 1.352577, train acc: 0.983271, train avg acc: 0.974095
Validation: 279, time: 34.632053, loss: 1.485199, validation acc: 0.914410, validation avg acc: 0.871128
Train: 280, time: 34.526292, loss: 1.349276, train acc: 0.984665, train avg acc: 0.977927
Validation: 280, time: 34.526292, loss: 1.521161, validation acc: 0.913868, validation avg acc: 0.873287
Train: 281, time: 34.317763, loss: 1.349212, train acc: 0.985827, train avg acc: 0.976909
Validation: 281, time: 34.317763, loss: 1.466873, validation acc: 0.917660, validation avg acc: 0.874130
Train: 282, time: 34.649588, loss: 1.349237, train acc: 0.985014, train avg acc: 0.978010
Validation: 282, time: 34.649588, loss: 1.483007, validation acc: 0.912784, validation avg acc: 0.869000
Train: 283, time: 34.445270, loss: 1.349897, train acc: 0.984085, train avg acc: 0.975677
Validation: 283, time: 34.445270, loss: 1.489104, validation acc: 0.913326, validation avg acc: 0.871733
Train: 284, time: 34.407363, loss: 1.352185, train acc: 0.984317, train avg acc: 0.976920
Validation: 284, time: 34.407363, loss: 1.516147, validation acc: 0.905200, validation avg acc: 0.853326
Train: 285, time: 34.326139, loss: 1.349370, train acc: 0.986408, train avg acc: 0.979594
Validation: 285, time: 34.326139, loss: 1.504754, validation acc: 0.917118, validation avg acc: 0.870025
Train: 286, time: 34.581322, loss: 1.351559, train acc: 0.983504, train avg acc: 0.973732
Validation: 286, time: 34.581322, loss: 1.483074, validation acc: 0.913326, validation avg acc: 0.867543
Train: 287, time: 34.362154, loss: 1.349807, train acc: 0.985014, train avg acc: 0.977313
Validation: 287, time: 34.362154, loss: 1.496749, validation acc: 0.913326, validation avg acc: 0.869245
Train: 288, time: 34.403634, loss: 1.351632, train acc: 0.984317, train avg acc: 0.974636
Validation: 288, time: 34.403634, loss: 1.497147, validation acc: 0.916035, validation avg acc: 0.872549
Train: 289, time: 34.297147, loss: 1.350632, train acc: 0.983736, train avg acc: 0.976331
Validation: 289, time: 34.297147, loss: 1.484858, validation acc: 0.914951, validation avg acc: 0.873568
Train: 290, time: 34.622257, loss: 1.348021, train acc: 0.984317, train avg acc: 0.977741
Validation: 290, time: 34.622257, loss: 1.475702, validation acc: 0.910076, validation avg acc: 0.866372
Train: 291, time: 34.512264, loss: 1.347067, train acc: 0.986524, train avg acc: 0.979762
Validation: 291, time: 34.512264, loss: 1.484828, validation acc: 0.912243, validation avg acc: 0.873244
Train: 292, time: 34.293834, loss: 1.348741, train acc: 0.984782, train avg acc: 0.977674
Validation: 292, time: 34.293834, loss: 1.479350, validation acc: 0.917660, validation avg acc: 0.873566
Train: 293, time: 34.546771, loss: 1.349271, train acc: 0.985943, train avg acc: 0.978884
Validation: 293, time: 34.546771, loss: 1.486300, validation acc: 0.912243, validation avg acc: 0.864129
Train: 294, time: 34.425822, loss: 1.346895, train acc: 0.985014, train avg acc: 0.975943
Validation: 294, time: 34.425822, loss: 1.494374, validation acc: 0.912243, validation avg acc: 0.863362
Train: 295, time: 34.698668, loss: 1.348989, train acc: 0.984433, train avg acc: 0.974167
Validation: 295, time: 34.698668, loss: 1.474608, validation acc: 0.919285, validation avg acc: 0.877703
Train: 296, time: 34.221662, loss: 1.348464, train acc: 0.984782, train avg acc: 0.974813
Validation: 296, time: 34.221662, loss: 1.481127, validation acc: 0.916576, validation avg acc: 0.873629
Train: 297, time: 34.504118, loss: 1.346873, train acc: 0.986989, train avg acc: 0.980567
Validation: 297, time: 34.504118, loss: 1.481511, validation acc: 0.914951, validation avg acc: 0.875859
Train: 298, time: 34.345587, loss: 1.345015, train acc: 0.986292, train avg acc: 0.978379
Validation: 298, time: 34.345587, loss: 1.472651, validation acc: 0.914410, validation avg acc: 0.868717
Train: 299, time: 34.530515, loss: 1.347078, train acc: 0.985943, train avg acc: 0.977748
Validation: 299, time: 34.530515, loss: 1.497374, validation acc: 0.911701, validation avg acc: 0.863682
====================================================================
TEST:: test acc: 0.903086, test avg acc: 0.861320
