PointNet(
  (conv1): Conv1d(3, 64, kernel_size=(1,), stride=(1,), bias=False)
  (conv2): Conv1d(64, 64, kernel_size=(1,), stride=(1,), bias=False)
  (conv3): Conv1d(64, 64, kernel_size=(1,), stride=(1,), bias=False)
  (conv4): Conv1d(64, 128, kernel_size=(1,), stride=(1,), bias=False)
  (conv5): Conv1d(128, 1024, kernel_size=(1,), stride=(1,), bias=False)
  (bn1): BatchNorm1d(64, eps=1e-05, momentum=0.1, affine=True, track_running_stats=True)
  (bn2): BatchNorm1d(64, eps=1e-05, momentum=0.1, affine=True, track_running_stats=True)
  (bn3): BatchNorm1d(64, eps=1e-05, momentum=0.1, affine=True, track_running_stats=True)
  (bn4): BatchNorm1d(128, eps=1e-05, momentum=0.1, affine=True, track_running_stats=True)
  (bn5): BatchNorm1d(1024, eps=1e-05, momentum=0.1, affine=True, track_running_stats=True)
  (linear1): Linear(in_features=1024, out_features=512, bias=False)
  (bn6): BatchNorm1d(512, eps=1e-05, momentum=0.1, affine=True, track_running_stats=True)
  (dp1): Dropout(p=0.5, inplace=False)
  (linear2): Linear(in_features=512, out_features=40, bias=True)
)
Train: 0, time: 4.136549, loss: 3.449344, train acc: 0.130722, train avg acc: 0.130795
Validation: 0, time: 4.136549, loss: 3.008265, validation acc: 0.427411, validation avg acc: 0.386874
Train: 1, time: 3.932015, loss: 3.096638, train acc: 0.261004, train avg acc: 0.260755
Validation: 1, time: 3.932015, loss: 2.664023, validation acc: 0.539003, validation avg acc: 0.463949
Train: 2, time: 3.981205, loss: 2.919948, train acc: 0.334067, train avg acc: 0.334555
Validation: 2, time: 3.981205, loss: 2.478548, validation acc: 0.576381, validation avg acc: 0.531688
Train: 3, time: 3.828182, loss: 2.810819, train acc: 0.375000, train avg acc: 0.375298
Validation: 3, time: 3.828182, loss: 2.369626, validation acc: 0.628386, validation avg acc: 0.577420
Train: 4, time: 4.203542, loss: 2.737217, train acc: 0.410211, train avg acc: 0.410326
Validation: 4, time: 4.203542, loss: 2.250021, validation acc: 0.683640, validation avg acc: 0.623994
Train: 5, time: 3.782693, loss: 2.635604, train acc: 0.442782, train avg acc: 0.442442
Validation: 5, time: 3.782693, loss: 2.180454, validation acc: 0.667389, validation avg acc: 0.606311
Train: 6, time: 3.792816, loss: 2.575829, train acc: 0.474472, train avg acc: 0.474377
Validation: 6, time: 3.792816, loss: 2.153203, validation acc: 0.700975, validation avg acc: 0.656486
Train: 7, time: 3.878647, loss: 2.525142, train acc: 0.500880, train avg acc: 0.500901
Validation: 7, time: 3.878647, loss: 2.069916, validation acc: 0.714518, validation avg acc: 0.667392
Train: 8, time: 4.071734, loss: 2.497774, train acc: 0.498239, train avg acc: 0.498567
Validation: 8, time: 4.071734, loss: 2.026781, validation acc: 0.748646, validation avg acc: 0.678256
Train: 9, time: 3.760262, loss: 2.447516, train acc: 0.510563, train avg acc: 0.510623
Validation: 9, time: 3.760262, loss: 2.026754, validation acc: 0.724810, validation avg acc: 0.680917
Train: 10, time: 3.668281, loss: 2.438441, train acc: 0.522887, train avg acc: 0.522962
Validation: 10, time: 3.668281, loss: 2.005604, validation acc: 0.755146, validation avg acc: 0.696754
Train: 11, time: 3.884451, loss: 2.387355, train acc: 0.542694, train avg acc: 0.542654
Validation: 11, time: 3.884451, loss: 1.969736, validation acc: 0.742687, validation avg acc: 0.686196
Train: 12, time: 3.890460, loss: 2.357183, train acc: 0.555898, train avg acc: 0.556366
Validation: 12, time: 3.890460, loss: 1.955503, validation acc: 0.748104, validation avg acc: 0.692371
Train: 13, time: 4.151623, loss: 2.323164, train acc: 0.579225, train avg acc: 0.578908
Validation: 13, time: 4.151623, loss: 1.904887, validation acc: 0.775190, validation avg acc: 0.704817
Train: 14, time: 3.780858, loss: 2.304210, train acc: 0.578785, train avg acc: 0.578705
Validation: 14, time: 3.780858, loss: 1.934307, validation acc: 0.761105, validation avg acc: 0.716453
Train: 15, time: 3.685737, loss: 2.276296, train acc: 0.595070, train avg acc: 0.595034
Validation: 15, time: 3.685737, loss: 1.936439, validation acc: 0.756771, validation avg acc: 0.722504
Train: 16, time: 3.773885, loss: 2.271364, train acc: 0.608715, train avg acc: 0.608897
Validation: 16, time: 3.773885, loss: 1.884668, validation acc: 0.773564, validation avg acc: 0.710668
Train: 17, time: 3.675848, loss: 2.275639, train acc: 0.583187, train avg acc: 0.583545
Validation: 17, time: 3.675848, loss: 1.899964, validation acc: 0.765439, validation avg acc: 0.717478
Train: 18, time: 3.694271, loss: 2.225163, train acc: 0.629401, train avg acc: 0.629551
Validation: 18, time: 3.694271, loss: 1.869981, validation acc: 0.791441, validation avg acc: 0.736735
Train: 19, time: 3.866157, loss: 2.236008, train acc: 0.614437, train avg acc: 0.614095
Validation: 19, time: 3.866157, loss: 1.858032, validation acc: 0.798483, validation avg acc: 0.746649
Train: 20, time: 4.211233, loss: 2.189787, train acc: 0.612236, train avg acc: 0.612398
Validation: 20, time: 4.211233, loss: 1.859773, validation acc: 0.797941, validation avg acc: 0.753374
Train: 21, time: 3.828066, loss: 2.196847, train acc: 0.619718, train avg acc: 0.619792
Validation: 21, time: 3.828066, loss: 1.855917, validation acc: 0.790358, validation avg acc: 0.732842
Train: 22, time: 3.707355, loss: 2.169760, train acc: 0.628961, train avg acc: 0.628932
Validation: 22, time: 3.707355, loss: 1.880542, validation acc: 0.777898, validation avg acc: 0.730810
Train: 23, time: 3.688501, loss: 2.178312, train acc: 0.625880, train avg acc: 0.626054
Validation: 23, time: 3.688501, loss: 1.854544, validation acc: 0.789274, validation avg acc: 0.736604
Train: 24, time: 3.878730, loss: 2.141703, train acc: 0.648768, train avg acc: 0.648973
Validation: 24, time: 3.878730, loss: 1.835212, validation acc: 0.802275, validation avg acc: 0.745682
Train: 25, time: 3.700446, loss: 2.155193, train acc: 0.645246, train avg acc: 0.645222
Validation: 25, time: 3.700446, loss: 1.860048, validation acc: 0.792524, validation avg acc: 0.749089
Train: 26, time: 3.605584, loss: 2.144088, train acc: 0.646567, train avg acc: 0.646758
Validation: 26, time: 3.605584, loss: 1.843722, validation acc: 0.786566, validation avg acc: 0.742677
Train: 27, time: 3.750876, loss: 2.130854, train acc: 0.656690, train avg acc: 0.656924
Validation: 27, time: 3.750876, loss: 1.816148, validation acc: 0.803900, validation avg acc: 0.732698
Train: 28, time: 3.978058, loss: 2.133459, train acc: 0.645687, train avg acc: 0.645658
Validation: 28, time: 3.978058, loss: 1.842570, validation acc: 0.797400, validation avg acc: 0.750390
Train: 29, time: 3.712059, loss: 2.119551, train acc: 0.654930, train avg acc: 0.654958
Validation: 29, time: 3.712059, loss: 1.813744, validation acc: 0.808776, validation avg acc: 0.758152
Train: 30, time: 3.719567, loss: 2.108824, train acc: 0.666813, train avg acc: 0.667021
Validation: 30, time: 3.719567, loss: 1.825246, validation acc: 0.794691, validation avg acc: 0.746500
Train: 31, time: 3.670362, loss: 2.113281, train acc: 0.658011, train avg acc: 0.658271
Validation: 31, time: 3.670362, loss: 1.828463, validation acc: 0.800108, validation avg acc: 0.753790
Train: 32, time: 3.703011, loss: 2.096816, train acc: 0.669454, train avg acc: 0.669751
Validation: 32, time: 3.703011, loss: 1.808105, validation acc: 0.804984, validation avg acc: 0.767575
Train: 33, time: 3.749654, loss: 2.080975, train acc: 0.670775, train avg acc: 0.670587
Validation: 33, time: 3.749654, loss: 1.791104, validation acc: 0.816360, validation avg acc: 0.768337
Train: 34, time: 3.954484, loss: 2.080740, train acc: 0.676056, train avg acc: 0.676355
Validation: 34, time: 3.954484, loss: 1.809046, validation acc: 0.809317, validation avg acc: 0.763450
Train: 35, time: 3.972065, loss: 2.068470, train acc: 0.682658, train avg acc: 0.682542
Validation: 35, time: 3.972065, loss: 1.815572, validation acc: 0.794691, validation avg acc: 0.759176
Train: 36, time: 3.799268, loss: 2.065320, train acc: 0.685299, train avg acc: 0.685331
Validation: 36, time: 3.799268, loss: 1.830456, validation acc: 0.805525, validation avg acc: 0.757284
Train: 37, time: 3.948877, loss: 2.050320, train acc: 0.696743, train avg acc: 0.696632
Validation: 37, time: 3.948877, loss: 1.846578, validation acc: 0.784940, validation avg acc: 0.754352
Train: 38, time: 3.820400, loss: 2.046043, train acc: 0.691021, train avg acc: 0.690742
Validation: 38, time: 3.820400, loss: 1.786165, validation acc: 0.821777, validation avg acc: 0.765586
Train: 39, time: 4.266657, loss: 2.063925, train acc: 0.667694, train avg acc: 0.667933
Validation: 39, time: 4.266657, loss: 1.779965, validation acc: 0.814193, validation avg acc: 0.765278
Train: 40, time: 3.794420, loss: 2.040489, train acc: 0.695423, train avg acc: 0.695249
Validation: 40, time: 3.794420, loss: 1.834411, validation acc: 0.798483, validation avg acc: 0.753661
Train: 41, time: 3.708781, loss: 2.052393, train acc: 0.680458, train avg acc: 0.680077
Validation: 41, time: 3.708781, loss: 1.771983, validation acc: 0.820152, validation avg acc: 0.766764
Train: 42, time: 3.657676, loss: 2.018160, train acc: 0.701585, train avg acc: 0.701880
Validation: 42, time: 3.657676, loss: 1.771817, validation acc: 0.827194, validation avg acc: 0.780122
Train: 43, time: 3.873235, loss: 2.023208, train acc: 0.697623, train avg acc: 0.697705
Validation: 43, time: 3.873235, loss: 1.765275, validation acc: 0.837486, validation avg acc: 0.797800
Train: 44, time: 3.832145, loss: 2.037395, train acc: 0.691021, train avg acc: 0.691189
Validation: 44, time: 3.832145, loss: 1.763803, validation acc: 0.821235, validation avg acc: 0.773289
Train: 45, time: 3.802705, loss: 2.014758, train acc: 0.702465, train avg acc: 0.702052
Validation: 45, time: 3.802705, loss: 1.804626, validation acc: 0.822860, validation avg acc: 0.774031
Train: 46, time: 3.843594, loss: 2.001387, train acc: 0.700704, train avg acc: 0.700884
Validation: 46, time: 3.843594, loss: 1.782487, validation acc: 0.817985, validation avg acc: 0.775345
Train: 47, time: 4.018118, loss: 2.004207, train acc: 0.708627, train avg acc: 0.708326
Validation: 47, time: 4.018118, loss: 1.761232, validation acc: 0.832069, validation avg acc: 0.792526
Train: 48, time: 3.722436, loss: 2.007015, train acc: 0.698944, train avg acc: 0.698747
Validation: 48, time: 3.722436, loss: 1.776443, validation acc: 0.814735, validation avg acc: 0.777609
Train: 49, time: 3.853132, loss: 1.996180, train acc: 0.706866, train avg acc: 0.706927
Validation: 49, time: 3.853132, loss: 1.766626, validation acc: 0.815818, validation avg acc: 0.780596
Train: 50, time: 3.866176, loss: 2.010810, train acc: 0.706866, train avg acc: 0.707135
Validation: 50, time: 3.866176, loss: 1.784979, validation acc: 0.813109, validation avg acc: 0.779939
Train: 51, time: 4.110860, loss: 1.987690, train acc: 0.712148, train avg acc: 0.712054
Validation: 51, time: 4.110860, loss: 1.756433, validation acc: 0.821235, validation avg acc: 0.774317
Train: 52, time: 3.757328, loss: 2.002525, train acc: 0.707746, train avg acc: 0.707582
Validation: 52, time: 3.757328, loss: 1.776950, validation acc: 0.823944, validation avg acc: 0.781062
Train: 53, time: 3.791420, loss: 1.971995, train acc: 0.725792, train avg acc: 0.725580
Validation: 53, time: 3.791420, loss: 1.749814, validation acc: 0.836945, validation avg acc: 0.791168
Train: 54, time: 3.731657, loss: 1.994321, train acc: 0.706866, train avg acc: 0.707093
Validation: 54, time: 3.731657, loss: 1.784525, validation acc: 0.817985, validation avg acc: 0.775927
Train: 55, time: 3.663454, loss: 1.977793, train acc: 0.723151, train avg acc: 0.723000
Validation: 55, time: 3.663454, loss: 1.771798, validation acc: 0.818527, validation avg acc: 0.772693
Train: 56, time: 4.045051, loss: 1.971941, train acc: 0.726673, train avg acc: 0.726558
Validation: 56, time: 4.045051, loss: 1.745099, validation acc: 0.829902, validation avg acc: 0.794182
Train: 57, time: 3.671016, loss: 1.982246, train acc: 0.718310, train avg acc: 0.718187
Validation: 57, time: 3.671016, loss: 1.725964, validation acc: 0.843445, validation avg acc: 0.791729
Train: 58, time: 3.692481, loss: 1.967336, train acc: 0.733715, train avg acc: 0.733577
Validation: 58, time: 3.692481, loss: 1.747130, validation acc: 0.832611, validation avg acc: 0.791964
Train: 59, time: 3.858803, loss: 1.957138, train acc: 0.723151, train avg acc: 0.722791
Validation: 59, time: 3.858803, loss: 1.749714, validation acc: 0.823402, validation avg acc: 0.776715
Train: 60, time: 3.843728, loss: 1.960560, train acc: 0.735915, train avg acc: 0.736020
Validation: 60, time: 3.843728, loss: 1.754476, validation acc: 0.816901, validation avg acc: 0.781187
Train: 61, time: 4.001601, loss: 1.949225, train acc: 0.727113, train avg acc: 0.726801
Validation: 61, time: 4.001601, loss: 1.741847, validation acc: 0.835861, validation avg acc: 0.780222
Train: 62, time: 3.736889, loss: 1.949210, train acc: 0.742077, train avg acc: 0.742480
Validation: 62, time: 3.736889, loss: 1.740583, validation acc: 0.841820, validation avg acc: 0.796848
Train: 63, time: 4.070352, loss: 1.961029, train acc: 0.729313, train avg acc: 0.729208
Validation: 63, time: 4.070352, loss: 1.747115, validation acc: 0.828819, validation avg acc: 0.791812
Train: 64, time: 3.787965, loss: 1.976269, train acc: 0.723592, train avg acc: 0.723551
Validation: 64, time: 3.787965, loss: 1.759171, validation acc: 0.821235, validation avg acc: 0.783131
Train: 65, time: 4.137313, loss: 1.978361, train acc: 0.718750, train avg acc: 0.718849
Validation: 65, time: 4.137313, loss: 1.761951, validation acc: 0.821777, validation avg acc: 0.777231
Train: 66, time: 3.818265, loss: 1.933025, train acc: 0.747359, train avg acc: 0.747556
Validation: 66, time: 3.818265, loss: 1.730380, validation acc: 0.832611, validation avg acc: 0.791008
Train: 67, time: 3.776816, loss: 1.928795, train acc: 0.749120, train avg acc: 0.748896
Validation: 67, time: 3.776816, loss: 1.739443, validation acc: 0.829902, validation avg acc: 0.792190
Train: 68, time: 3.685353, loss: 1.931522, train acc: 0.739437, train avg acc: 0.739689
Validation: 68, time: 3.685353, loss: 1.737227, validation acc: 0.830444, validation avg acc: 0.790139
Train: 69, time: 3.789470, loss: 1.948827, train acc: 0.732394, train avg acc: 0.732533
Validation: 69, time: 3.789470, loss: 1.745744, validation acc: 0.833153, validation avg acc: 0.789406
Train: 70, time: 3.870708, loss: 1.936624, train acc: 0.737676, train avg acc: 0.737837
Validation: 70, time: 3.870708, loss: 1.732255, validation acc: 0.838028, validation avg acc: 0.801027
Train: 71, time: 3.669509, loss: 1.928591, train acc: 0.749560, train avg acc: 0.749802
Validation: 71, time: 3.669509, loss: 1.764283, validation acc: 0.827736, validation avg acc: 0.800369
Train: 72, time: 3.901420, loss: 1.916928, train acc: 0.753961, train avg acc: 0.753728
Validation: 72, time: 3.901420, loss: 1.728177, validation acc: 0.820152, validation avg acc: 0.769955
Train: 73, time: 4.402183, loss: 1.926182, train acc: 0.742958, train avg acc: 0.743239
Validation: 73, time: 4.402183, loss: 1.740415, validation acc: 0.842362, validation avg acc: 0.812791
Train: 74, time: 4.014200, loss: 1.916855, train acc: 0.744278, train avg acc: 0.744306
Validation: 74, time: 4.014200, loss: 1.755342, validation acc: 0.830444, validation avg acc: 0.795392
Train: 75, time: 4.318740, loss: 1.918527, train acc: 0.753961, train avg acc: 0.754206
Validation: 75, time: 4.318740, loss: 1.769229, validation acc: 0.815818, validation avg acc: 0.781037
Train: 76, time: 3.917393, loss: 1.930269, train acc: 0.739877, train avg acc: 0.739897
Validation: 76, time: 3.917393, loss: 1.721978, validation acc: 0.839653, validation avg acc: 0.800845
Train: 77, time: 4.250982, loss: 1.926687, train acc: 0.736796, train avg acc: 0.736908
Validation: 77, time: 4.250982, loss: 1.731590, validation acc: 0.828819, validation avg acc: 0.783081
Train: 78, time: 3.734143, loss: 1.912347, train acc: 0.751320, train avg acc: 0.751277
Validation: 78, time: 3.734143, loss: 1.776233, validation acc: 0.811484, validation avg acc: 0.781924
Train: 79, time: 4.240038, loss: 1.923977, train acc: 0.740317, train avg acc: 0.740440
Validation: 79, time: 4.240038, loss: 1.730055, validation acc: 0.834778, validation avg acc: 0.798907
Train: 80, time: 4.037214, loss: 1.914715, train acc: 0.743838, train avg acc: 0.744204
Validation: 80, time: 4.037214, loss: 1.747018, validation acc: 0.835861, validation avg acc: 0.794888
Train: 81, time: 3.827404, loss: 1.913067, train acc: 0.756162, train avg acc: 0.756367
Validation: 81, time: 3.827404, loss: 1.713316, validation acc: 0.837486, validation avg acc: 0.797402
Train: 82, time: 3.839392, loss: 1.891869, train acc: 0.761444, train avg acc: 0.761793
Validation: 82, time: 3.839392, loss: 1.715723, validation acc: 0.839112, validation avg acc: 0.792799
Train: 83, time: 3.742143, loss: 1.916201, train acc: 0.735915, train avg acc: 0.735652
Validation: 83, time: 3.742143, loss: 1.728158, validation acc: 0.835320, validation avg acc: 0.793182
Train: 84, time: 3.866865, loss: 1.899008, train acc: 0.753081, train avg acc: 0.752967
Validation: 84, time: 3.866865, loss: 1.717456, validation acc: 0.836945, validation avg acc: 0.799959
Train: 85, time: 3.818959, loss: 1.903166, train acc: 0.748239, train avg acc: 0.748214
Validation: 85, time: 3.818959, loss: 1.741280, validation acc: 0.836945, validation avg acc: 0.793399
Train: 86, time: 3.934877, loss: 1.890347, train acc: 0.756602, train avg acc: 0.756405
Validation: 86, time: 3.934877, loss: 1.717718, validation acc: 0.829902, validation avg acc: 0.795166
Train: 87, time: 3.987642, loss: 1.900536, train acc: 0.756162, train avg acc: 0.756310
Validation: 87, time: 3.987642, loss: 1.702139, validation acc: 0.837486, validation avg acc: 0.807802
Train: 88, time: 3.855061, loss: 1.887276, train acc: 0.757482, train avg acc: 0.757417
Validation: 88, time: 3.855061, loss: 1.738421, validation acc: 0.827736, validation avg acc: 0.794137
Train: 89, time: 3.879393, loss: 1.889065, train acc: 0.755722, train avg acc: 0.755788
Validation: 89, time: 3.879393, loss: 1.705355, validation acc: 0.842904, validation avg acc: 0.806127
Train: 90, time: 3.662863, loss: 1.892668, train acc: 0.760563, train avg acc: 0.760644
Validation: 90, time: 3.662863, loss: 1.709098, validation acc: 0.839653, validation avg acc: 0.795559
Train: 91, time: 3.880296, loss: 1.883531, train acc: 0.764965, train avg acc: 0.764970
Validation: 91, time: 3.880296, loss: 1.706128, validation acc: 0.847237, validation avg acc: 0.812120
Train: 92, time: 3.854614, loss: 1.896154, train acc: 0.756162, train avg acc: 0.756110
Validation: 92, time: 3.854614, loss: 1.768075, validation acc: 0.817985, validation avg acc: 0.774786
Train: 93, time: 3.908912, loss: 1.897043, train acc: 0.761884, train avg acc: 0.761717
Validation: 93, time: 3.908912, loss: 1.731508, validation acc: 0.833153, validation avg acc: 0.796843
Train: 94, time: 3.969713, loss: 1.881001, train acc: 0.766725, train avg acc: 0.766784
Validation: 94, time: 3.969713, loss: 1.711002, validation acc: 0.839112, validation avg acc: 0.805039
Train: 95, time: 3.725029, loss: 1.862804, train acc: 0.776849, train avg acc: 0.777074
Validation: 95, time: 3.725029, loss: 1.716994, validation acc: 0.835320, validation avg acc: 0.793661
Train: 96, time: 3.959229, loss: 1.877064, train acc: 0.768486, train avg acc: 0.768456
Validation: 96, time: 3.959229, loss: 1.737749, validation acc: 0.826652, validation avg acc: 0.784496
Train: 97, time: 3.776680, loss: 1.883768, train acc: 0.762324, train avg acc: 0.762093
Validation: 97, time: 3.776680, loss: 1.738417, validation acc: 0.831528, validation avg acc: 0.811750
Train: 98, time: 3.699778, loss: 1.872636, train acc: 0.761444, train avg acc: 0.761552
Validation: 98, time: 3.699778, loss: 1.734543, validation acc: 0.829361, validation avg acc: 0.798208
Train: 99, time: 3.809426, loss: 1.859724, train acc: 0.786972, train avg acc: 0.786905
Validation: 99, time: 3.809426, loss: 1.689794, validation acc: 0.848321, validation avg acc: 0.802509
Train: 100, time: 3.823810, loss: 1.865385, train acc: 0.769366, train avg acc: 0.769424
Validation: 100, time: 3.823810, loss: 1.694675, validation acc: 0.840195, validation avg acc: 0.797266
Train: 101, time: 4.015769, loss: 1.853852, train acc: 0.775088, train avg acc: 0.775226
Validation: 101, time: 4.015769, loss: 1.720432, validation acc: 0.825569, validation avg acc: 0.795653
Train: 102, time: 3.655579, loss: 1.860498, train acc: 0.770246, train avg acc: 0.770089
Validation: 102, time: 3.655579, loss: 1.711822, validation acc: 0.836403, validation avg acc: 0.802749
Train: 103, time: 3.768126, loss: 1.866038, train acc: 0.762324, train avg acc: 0.762171
Validation: 103, time: 3.768126, loss: 1.697297, validation acc: 0.854280, validation avg acc: 0.810726
Train: 104, time: 4.145010, loss: 1.858634, train acc: 0.778609, train avg acc: 0.778527
Validation: 104, time: 4.145010, loss: 1.702765, validation acc: 0.840737, validation avg acc: 0.803361
Train: 105, time: 3.823541, loss: 1.853054, train acc: 0.777289, train avg acc: 0.777232
Validation: 105, time: 3.823541, loss: 1.745189, validation acc: 0.831528, validation avg acc: 0.806253
Train: 106, time: 3.678640, loss: 1.852273, train acc: 0.785211, train avg acc: 0.785282
Validation: 106, time: 3.678640, loss: 1.702835, validation acc: 0.845612, validation avg acc: 0.804927
Train: 107, time: 3.683145, loss: 1.852150, train acc: 0.780370, train avg acc: 0.780056
Validation: 107, time: 3.683145, loss: 1.724074, validation acc: 0.831528, validation avg acc: 0.789399
Train: 108, time: 3.818936, loss: 1.849585, train acc: 0.778609, train avg acc: 0.778783
Validation: 108, time: 3.818936, loss: 1.711613, validation acc: 0.846696, validation avg acc: 0.809949
Train: 109, time: 3.856691, loss: 1.850373, train acc: 0.775968, train avg acc: 0.775635
Validation: 109, time: 3.856691, loss: 1.726498, validation acc: 0.830444, validation avg acc: 0.793733
Train: 110, time: 3.754318, loss: 1.843533, train acc: 0.775968, train avg acc: 0.775564
Validation: 110, time: 3.754318, loss: 1.713242, validation acc: 0.838028, validation avg acc: 0.801194
Train: 111, time: 4.012650, loss: 1.855752, train acc: 0.783891, train avg acc: 0.783101
Validation: 111, time: 4.012650, loss: 1.731135, validation acc: 0.826652, validation avg acc: 0.791069
Train: 112, time: 3.888492, loss: 1.856830, train acc: 0.773327, train avg acc: 0.773473
Validation: 112, time: 3.888492, loss: 1.694037, validation acc: 0.839653, validation avg acc: 0.808975
Train: 113, time: 3.745530, loss: 1.854885, train acc: 0.774648, train avg acc: 0.775086
Validation: 113, time: 3.745530, loss: 1.686850, validation acc: 0.854821, validation avg acc: 0.812875
Train: 114, time: 3.882479, loss: 1.840471, train acc: 0.781690, train avg acc: 0.781963
Validation: 114, time: 3.882479, loss: 1.707351, validation acc: 0.840737, validation avg acc: 0.801250
Train: 115, time: 3.887293, loss: 1.845880, train acc: 0.785211, train avg acc: 0.785410
Validation: 115, time: 3.887293, loss: 1.710369, validation acc: 0.848321, validation avg acc: 0.816516
Train: 116, time: 3.761038, loss: 1.847213, train acc: 0.777729, train avg acc: 0.777726
Validation: 116, time: 3.761038, loss: 1.705292, validation acc: 0.840195, validation avg acc: 0.797410
Train: 117, time: 3.792940, loss: 1.821907, train acc: 0.781690, train avg acc: 0.781837
Validation: 117, time: 3.792940, loss: 1.685851, validation acc: 0.841820, validation avg acc: 0.803047
Train: 118, time: 3.771254, loss: 1.849727, train acc: 0.774208, train avg acc: 0.774452
Validation: 118, time: 3.771254, loss: 1.702478, validation acc: 0.849404, validation avg acc: 0.812550
Train: 119, time: 3.699418, loss: 1.844691, train acc: 0.780370, train avg acc: 0.780300
Validation: 119, time: 3.699418, loss: 1.707381, validation acc: 0.836945, validation avg acc: 0.792883
Train: 120, time: 3.960838, loss: 1.848552, train acc: 0.777289, train avg acc: 0.777224
Validation: 120, time: 3.960838, loss: 1.724414, validation acc: 0.825569, validation avg acc: 0.797939
Train: 121, time: 3.649761, loss: 1.840420, train acc: 0.781250, train avg acc: 0.781078
Validation: 121, time: 3.649761, loss: 1.675055, validation acc: 0.857530, validation avg acc: 0.818645
Train: 122, time: 3.910269, loss: 1.834241, train acc: 0.786532, train avg acc: 0.786465
Validation: 122, time: 3.910269, loss: 1.684306, validation acc: 0.848862, validation avg acc: 0.818888
Train: 123, time: 4.134391, loss: 1.830840, train acc: 0.780370, train avg acc: 0.780473
Validation: 123, time: 4.134391, loss: 1.695897, validation acc: 0.855363, validation avg acc: 0.819638
Train: 124, time: 3.760477, loss: 1.833100, train acc: 0.789613, train avg acc: 0.789737
Validation: 124, time: 3.760477, loss: 1.687438, validation acc: 0.853196, validation avg acc: 0.824195
Train: 125, time: 4.381291, loss: 1.840879, train acc: 0.790493, train avg acc: 0.790427
Validation: 125, time: 4.381291, loss: 1.698419, validation acc: 0.835861, validation avg acc: 0.791889
Train: 126, time: 3.793224, loss: 1.834322, train acc: 0.779930, train avg acc: 0.779874
Validation: 126, time: 3.793224, loss: 1.709130, validation acc: 0.840195, validation avg acc: 0.799485
Train: 127, time: 4.190793, loss: 1.831278, train acc: 0.781250, train avg acc: 0.781007
Validation: 127, time: 4.190793, loss: 1.686254, validation acc: 0.853196, validation avg acc: 0.821179
Train: 128, time: 3.941070, loss: 1.837192, train acc: 0.785651, train avg acc: 0.785534
Validation: 128, time: 3.941070, loss: 1.738762, validation acc: 0.826111, validation avg acc: 0.795391
Train: 129, time: 4.514095, loss: 1.813289, train acc: 0.795335, train avg acc: 0.795368
Validation: 129, time: 4.514095, loss: 1.705987, validation acc: 0.838028, validation avg acc: 0.798842
Train: 130, time: 3.957217, loss: 1.826091, train acc: 0.787412, train avg acc: 0.787633
Validation: 130, time: 3.957217, loss: 1.705990, validation acc: 0.842362, validation avg acc: 0.804090
Train: 131, time: 3.933063, loss: 1.825103, train acc: 0.784331, train avg acc: 0.784593
Validation: 131, time: 3.933063, loss: 1.697759, validation acc: 0.852113, validation avg acc: 0.815891
Train: 132, time: 3.833534, loss: 1.833887, train acc: 0.776408, train avg acc: 0.776369
Validation: 132, time: 3.833534, loss: 1.697743, validation acc: 0.847237, validation avg acc: 0.815149
Train: 133, time: 3.900221, loss: 1.816960, train acc: 0.789613, train avg acc: 0.789889
Validation: 133, time: 3.900221, loss: 1.704467, validation acc: 0.842362, validation avg acc: 0.805369
Train: 134, time: 3.810008, loss: 1.813524, train acc: 0.796215, train avg acc: 0.796162
Validation: 134, time: 3.810008, loss: 1.688926, validation acc: 0.845612, validation avg acc: 0.818164
Train: 135, time: 4.054473, loss: 1.819010, train acc: 0.796655, train avg acc: 0.796564
Validation: 135, time: 4.054473, loss: 1.718325, validation acc: 0.825569, validation avg acc: 0.789244
Train: 136, time: 3.826765, loss: 1.819336, train acc: 0.789613, train avg acc: 0.789650
Validation: 136, time: 3.826765, loss: 1.672338, validation acc: 0.850488, validation avg acc: 0.807732
Train: 137, time: 3.898072, loss: 1.812646, train acc: 0.796655, train avg acc: 0.796789
Validation: 137, time: 3.898072, loss: 1.697042, validation acc: 0.840195, validation avg acc: 0.805294
Train: 138, time: 3.738248, loss: 1.814537, train acc: 0.785651, train avg acc: 0.785581
Validation: 138, time: 3.738248, loss: 1.701227, validation acc: 0.830444, validation avg acc: 0.803515
Train: 139, time: 3.710497, loss: 1.811828, train acc: 0.792254, train avg acc: 0.792549
Validation: 139, time: 3.710497, loss: 1.695646, validation acc: 0.836403, validation avg acc: 0.799382
Train: 140, time: 3.807999, loss: 1.812169, train acc: 0.786972, train avg acc: 0.786717
Validation: 140, time: 3.807999, loss: 1.674040, validation acc: 0.848321, validation avg acc: 0.818384
Train: 141, time: 3.961236, loss: 1.812879, train acc: 0.790493, train avg acc: 0.790664
Validation: 141, time: 3.961236, loss: 1.675862, validation acc: 0.851571, validation avg acc: 0.808930
Train: 142, time: 3.901579, loss: 1.803930, train acc: 0.803257, train avg acc: 0.803062
Validation: 142, time: 3.901579, loss: 1.716738, validation acc: 0.840737, validation avg acc: 0.800935
Train: 143, time: 3.981082, loss: 1.814484, train acc: 0.794894, train avg acc: 0.794409
Validation: 143, time: 3.981082, loss: 1.727638, validation acc: 0.826111, validation avg acc: 0.800240
Train: 144, time: 4.158115, loss: 1.815075, train acc: 0.788292, train avg acc: 0.788353
Validation: 144, time: 4.158115, loss: 1.710994, validation acc: 0.837486, validation avg acc: 0.809065
Train: 145, time: 4.834104, loss: 1.808492, train acc: 0.802377, train avg acc: 0.802519
Validation: 145, time: 4.834104, loss: 1.661884, validation acc: 0.858613, validation avg acc: 0.828805
Train: 146, time: 4.750206, loss: 1.806857, train acc: 0.795335, train avg acc: 0.795685
Validation: 146, time: 4.750206, loss: 1.678292, validation acc: 0.853196, validation avg acc: 0.812674
Train: 147, time: 4.857370, loss: 1.813150, train acc: 0.782130, train avg acc: 0.782002
Validation: 147, time: 4.857370, loss: 1.683813, validation acc: 0.855363, validation avg acc: 0.814794
Train: 148, time: 4.988187, loss: 1.795504, train acc: 0.797095, train avg acc: 0.796883
Validation: 148, time: 4.988187, loss: 1.667992, validation acc: 0.858072, validation avg acc: 0.816971
Train: 149, time: 5.007489, loss: 1.811213, train acc: 0.794454, train avg acc: 0.794345
Validation: 149, time: 5.007489, loss: 1.684206, validation acc: 0.851029, validation avg acc: 0.826128
Train: 150, time: 4.981413, loss: 1.805705, train acc: 0.797095, train avg acc: 0.797212
Validation: 150, time: 4.981413, loss: 1.673583, validation acc: 0.849404, validation avg acc: 0.810577
Train: 151, time: 4.445196, loss: 1.800786, train acc: 0.793574, train avg acc: 0.793374
Validation: 151, time: 4.445196, loss: 1.714475, validation acc: 0.829902, validation avg acc: 0.798149
Train: 152, time: 4.616623, loss: 1.812704, train acc: 0.791813, train avg acc: 0.792050
Validation: 152, time: 4.616623, loss: 1.669967, validation acc: 0.858072, validation avg acc: 0.814935
Train: 153, time: 4.070802, loss: 1.788101, train acc: 0.804137, train avg acc: 0.803928
Validation: 153, time: 4.070802, loss: 1.705030, validation acc: 0.840195, validation avg acc: 0.803343
Train: 154, time: 4.993271, loss: 1.795307, train acc: 0.804577, train avg acc: 0.804488
Validation: 154, time: 4.993271, loss: 1.700377, validation acc: 0.843987, validation avg acc: 0.807599
Train: 155, time: 4.962915, loss: 1.799446, train acc: 0.796215, train avg acc: 0.796166
Validation: 155, time: 4.962915, loss: 1.667511, validation acc: 0.854280, validation avg acc: 0.822108
Train: 156, time: 4.546424, loss: 1.810124, train acc: 0.781690, train avg acc: 0.781472
Validation: 156, time: 4.546424, loss: 1.715122, validation acc: 0.817985, validation avg acc: 0.786136
Train: 157, time: 4.692330, loss: 1.793734, train acc: 0.797095, train avg acc: 0.797032
Validation: 157, time: 4.692330, loss: 1.666840, validation acc: 0.852654, validation avg acc: 0.810043
Train: 158, time: 4.909706, loss: 1.805012, train acc: 0.797535, train avg acc: 0.797259
Validation: 158, time: 4.909706, loss: 1.677765, validation acc: 0.855905, validation avg acc: 0.826503
Train: 159, time: 4.364290, loss: 1.795338, train acc: 0.792694, train avg acc: 0.792701
Validation: 159, time: 4.364290, loss: 1.699725, validation acc: 0.839112, validation avg acc: 0.803370
Train: 160, time: 4.389951, loss: 1.769017, train acc: 0.808979, train avg acc: 0.809077
Validation: 160, time: 4.389951, loss: 1.663953, validation acc: 0.862405, validation avg acc: 0.827157
Train: 161, time: 4.529722, loss: 1.780898, train acc: 0.803697, train avg acc: 0.803660
Validation: 161, time: 4.529722, loss: 1.696785, validation acc: 0.839112, validation avg acc: 0.809324
Train: 162, time: 4.702675, loss: 1.798975, train acc: 0.799296, train avg acc: 0.799582
Validation: 162, time: 4.702675, loss: 1.658060, validation acc: 0.862405, validation avg acc: 0.836026
Train: 163, time: 4.558494, loss: 1.783512, train acc: 0.808979, train avg acc: 0.808576
Validation: 163, time: 4.558494, loss: 1.675427, validation acc: 0.848321, validation avg acc: 0.812094
Train: 164, time: 5.060334, loss: 1.793709, train acc: 0.816901, train avg acc: 0.817144
Validation: 164, time: 5.060334, loss: 1.662230, validation acc: 0.849946, validation avg acc: 0.809656
Train: 165, time: 4.608799, loss: 1.796961, train acc: 0.799736, train avg acc: 0.799742
Validation: 165, time: 4.608799, loss: 1.692939, validation acc: 0.847779, validation avg acc: 0.816457
Train: 166, time: 4.509170, loss: 1.779045, train acc: 0.803697, train avg acc: 0.803360
Validation: 166, time: 4.509170, loss: 1.686484, validation acc: 0.846696, validation avg acc: 0.814813
Train: 167, time: 4.419035, loss: 1.795162, train acc: 0.800616, train avg acc: 0.800525
Validation: 167, time: 4.419035, loss: 1.674350, validation acc: 0.858613, validation avg acc: 0.824781
Train: 168, time: 4.860987, loss: 1.788264, train acc: 0.809419, train avg acc: 0.809361
Validation: 168, time: 4.860987, loss: 1.666489, validation acc: 0.859155, validation avg acc: 0.829263
Train: 169, time: 4.752988, loss: 1.783087, train acc: 0.804577, train avg acc: 0.804740
Validation: 169, time: 4.752988, loss: 1.637113, validation acc: 0.855905, validation avg acc: 0.812094
Train: 170, time: 4.956608, loss: 1.786634, train acc: 0.810299, train avg acc: 0.810025
Validation: 170, time: 4.956608, loss: 1.668575, validation acc: 0.854280, validation avg acc: 0.817423
Train: 171, time: 4.989757, loss: 1.771818, train acc: 0.805898, train avg acc: 0.805703
Validation: 171, time: 4.989757, loss: 1.686928, validation acc: 0.847237, validation avg acc: 0.818757
Train: 172, time: 5.006712, loss: 1.787674, train acc: 0.800616, train avg acc: 0.800235
Validation: 172, time: 5.006712, loss: 1.663762, validation acc: 0.862947, validation avg acc: 0.819823
Train: 173, time: 5.001101, loss: 1.779053, train acc: 0.811620, train avg acc: 0.811654
Validation: 173, time: 5.001101, loss: 1.688493, validation acc: 0.839112, validation avg acc: 0.802655
Train: 174, time: 4.977682, loss: 1.786523, train acc: 0.803697, train avg acc: 0.803634
Validation: 174, time: 4.977682, loss: 1.665003, validation acc: 0.860780, validation avg acc: 0.834335
Train: 175, time: 4.448871, loss: 1.774320, train acc: 0.813820, train avg acc: 0.813582
Validation: 175, time: 4.448871, loss: 1.659504, validation acc: 0.860780, validation avg acc: 0.827569
Train: 176, time: 5.001930, loss: 1.777731, train acc: 0.805898, train avg acc: 0.805925
Validation: 176, time: 5.001930, loss: 1.717636, validation acc: 0.829902, validation avg acc: 0.806671
Train: 177, time: 4.825800, loss: 1.789868, train acc: 0.801056, train avg acc: 0.801049
Validation: 177, time: 4.825800, loss: 1.661056, validation acc: 0.855363, validation avg acc: 0.819411
Train: 178, time: 4.529217, loss: 1.777517, train acc: 0.807658, train avg acc: 0.807918
Validation: 178, time: 4.529217, loss: 1.690952, validation acc: 0.839112, validation avg acc: 0.806627
Train: 179, time: 4.451571, loss: 1.771404, train acc: 0.811620, train avg acc: 0.811732
Validation: 179, time: 4.451571, loss: 1.678874, validation acc: 0.855363, validation avg acc: 0.817539
Train: 180, time: 4.978874, loss: 1.790421, train acc: 0.801056, train avg acc: 0.800987
Validation: 180, time: 4.978874, loss: 1.660645, validation acc: 0.861863, validation avg acc: 0.823194
Train: 181, time: 4.494190, loss: 1.794290, train acc: 0.802817, train avg acc: 0.802898
Validation: 181, time: 4.494190, loss: 1.679155, validation acc: 0.852654, validation avg acc: 0.825343
Train: 182, time: 4.971605, loss: 1.790923, train acc: 0.794894, train avg acc: 0.795144
Validation: 182, time: 4.971605, loss: 1.661398, validation acc: 0.852654, validation avg acc: 0.815641
Train: 183, time: 4.708261, loss: 1.773005, train acc: 0.816901, train avg acc: 0.817269
Validation: 183, time: 4.708261, loss: 1.659873, validation acc: 0.852113, validation avg acc: 0.824161
Train: 184, time: 4.950364, loss: 1.778437, train acc: 0.808539, train avg acc: 0.808302
Validation: 184, time: 4.950364, loss: 1.672651, validation acc: 0.854280, validation avg acc: 0.806225
Train: 185, time: 4.844893, loss: 1.785005, train acc: 0.806778, train avg acc: 0.806450
Validation: 185, time: 4.844893, loss: 1.709872, validation acc: 0.837486, validation avg acc: 0.802605
Train: 186, time: 4.912071, loss: 1.774963, train acc: 0.806778, train avg acc: 0.806681
Validation: 186, time: 4.912071, loss: 1.663725, validation acc: 0.849404, validation avg acc: 0.822116
Train: 187, time: 4.809435, loss: 1.769417, train acc: 0.819102, train avg acc: 0.818922
Validation: 187, time: 4.809435, loss: 1.642577, validation acc: 0.872698, validation avg acc: 0.832977
Train: 188, time: 4.758691, loss: 1.776029, train acc: 0.809419, train avg acc: 0.809398
Validation: 188, time: 4.758691, loss: 1.651293, validation acc: 0.856446, validation avg acc: 0.821068
Train: 189, time: 4.048330, loss: 1.768700, train acc: 0.817342, train avg acc: 0.817408
Validation: 189, time: 4.048330, loss: 1.651889, validation acc: 0.861322, validation avg acc: 0.828749
Train: 190, time: 3.905090, loss: 1.782589, train acc: 0.804577, train avg acc: 0.804589
Validation: 190, time: 3.905090, loss: 1.671304, validation acc: 0.836945, validation avg acc: 0.795033
Train: 191, time: 4.898102, loss: 1.758903, train acc: 0.816021, train avg acc: 0.815977
Validation: 191, time: 4.898102, loss: 1.662492, validation acc: 0.856446, validation avg acc: 0.824019
Train: 192, time: 4.959464, loss: 1.756582, train acc: 0.826144, train avg acc: 0.826502
Validation: 192, time: 4.959464, loss: 1.654685, validation acc: 0.862947, validation avg acc: 0.829211
Train: 193, time: 4.866243, loss: 1.767394, train acc: 0.807218, train avg acc: 0.807169
Validation: 193, time: 4.866243, loss: 1.664753, validation acc: 0.860780, validation avg acc: 0.821850
Train: 194, time: 4.672492, loss: 1.767381, train acc: 0.815581, train avg acc: 0.815586
Validation: 194, time: 4.672492, loss: 1.669963, validation acc: 0.854821, validation avg acc: 0.827278
Train: 195, time: 4.197738, loss: 1.774410, train acc: 0.812500, train avg acc: 0.812536
Validation: 195, time: 4.197738, loss: 1.665447, validation acc: 0.840195, validation avg acc: 0.812112
Train: 196, time: 4.342444, loss: 1.761922, train acc: 0.815581, train avg acc: 0.815555
Validation: 196, time: 4.342444, loss: 1.643871, validation acc: 0.864030, validation avg acc: 0.829399
Train: 197, time: 4.715849, loss: 1.774197, train acc: 0.810299, train avg acc: 0.810213
Validation: 197, time: 4.715849, loss: 1.703083, validation acc: 0.845070, validation avg acc: 0.811835
Train: 198, time: 4.876344, loss: 1.775731, train acc: 0.814261, train avg acc: 0.814258
Validation: 198, time: 4.876344, loss: 1.673930, validation acc: 0.854821, validation avg acc: 0.823688
Train: 199, time: 4.871008, loss: 1.762127, train acc: 0.823944, train avg acc: 0.824076
Validation: 199, time: 4.871008, loss: 1.648996, validation acc: 0.860238, validation avg acc: 0.827630
Train: 200, time: 4.756475, loss: 1.777982, train acc: 0.812060, train avg acc: 0.811842
Validation: 200, time: 4.756475, loss: 1.662953, validation acc: 0.853196, validation avg acc: 0.819928
Train: 201, time: 4.523932, loss: 1.749158, train acc: 0.817342, train avg acc: 0.817375
Validation: 201, time: 4.523932, loss: 1.672283, validation acc: 0.852113, validation avg acc: 0.819470
Train: 202, time: 4.763808, loss: 1.754051, train acc: 0.817782, train avg acc: 0.817645
Validation: 202, time: 4.763808, loss: 1.694836, validation acc: 0.844529, validation avg acc: 0.812795
Train: 203, time: 4.906988, loss: 1.772783, train acc: 0.814261, train avg acc: 0.814458
Validation: 203, time: 4.906988, loss: 1.661989, validation acc: 0.849946, validation avg acc: 0.818385
Train: 204, time: 4.548327, loss: 1.770569, train acc: 0.812060, train avg acc: 0.811933
Validation: 204, time: 4.548327, loss: 1.639097, validation acc: 0.871614, validation avg acc: 0.828848
Train: 205, time: 4.582111, loss: 1.729773, train acc: 0.836268, train avg acc: 0.836355
Validation: 205, time: 4.582111, loss: 1.648667, validation acc: 0.871614, validation avg acc: 0.837556
Train: 206, time: 4.701659, loss: 1.750597, train acc: 0.819102, train avg acc: 0.819127
Validation: 206, time: 4.701659, loss: 1.657551, validation acc: 0.854280, validation avg acc: 0.827069
Train: 207, time: 4.725785, loss: 1.763277, train acc: 0.821303, train avg acc: 0.821476
Validation: 207, time: 4.725785, loss: 1.663051, validation acc: 0.846696, validation avg acc: 0.811274
Train: 208, time: 4.505634, loss: 1.766278, train acc: 0.815141, train avg acc: 0.814818
Validation: 208, time: 4.505634, loss: 1.640687, validation acc: 0.862405, validation avg acc: 0.828704
Train: 209, time: 4.587487, loss: 1.756139, train acc: 0.822183, train avg acc: 0.822365
Validation: 209, time: 4.587487, loss: 1.653183, validation acc: 0.857530, validation avg acc: 0.828495
Train: 210, time: 4.283305, loss: 1.752183, train acc: 0.822623, train avg acc: 0.822798
Validation: 210, time: 4.283305, loss: 1.649038, validation acc: 0.861322, validation avg acc: 0.824639
Train: 211, time: 4.919257, loss: 1.754107, train acc: 0.815141, train avg acc: 0.814799
Validation: 211, time: 4.919257, loss: 1.663855, validation acc: 0.849946, validation avg acc: 0.822415
Train: 212, time: 4.826972, loss: 1.766643, train acc: 0.820863, train avg acc: 0.821021
Validation: 212, time: 4.826972, loss: 1.663447, validation acc: 0.860780, validation avg acc: 0.829954
Train: 213, time: 4.674618, loss: 1.758773, train acc: 0.812940, train avg acc: 0.812881
Validation: 213, time: 4.674618, loss: 1.663381, validation acc: 0.866197, validation avg acc: 0.828523
Train: 214, time: 4.652472, loss: 1.753038, train acc: 0.817342, train avg acc: 0.817395
Validation: 214, time: 4.652472, loss: 1.635675, validation acc: 0.864030, validation avg acc: 0.823999
Train: 215, time: 4.817592, loss: 1.741923, train acc: 0.820863, train avg acc: 0.820686
Validation: 215, time: 4.817592, loss: 1.674340, validation acc: 0.855905, validation avg acc: 0.818264
Train: 216, time: 4.874751, loss: 1.748634, train acc: 0.824384, train avg acc: 0.824272
Validation: 216, time: 4.874751, loss: 1.663998, validation acc: 0.858072, validation avg acc: 0.824765
Train: 217, time: 4.893871, loss: 1.736070, train acc: 0.827905, train avg acc: 0.828133
Validation: 217, time: 4.893871, loss: 1.658528, validation acc: 0.860780, validation avg acc: 0.829340
Train: 218, time: 4.775252, loss: 1.745049, train acc: 0.823504, train avg acc: 0.823880
Validation: 218, time: 4.775252, loss: 1.645033, validation acc: 0.866739, validation avg acc: 0.826622
Train: 219, time: 4.973053, loss: 1.746081, train acc: 0.822183, train avg acc: 0.821846
Validation: 219, time: 4.973053, loss: 1.665967, validation acc: 0.856446, validation avg acc: 0.820963
Train: 220, time: 4.822611, loss: 1.747746, train acc: 0.824384, train avg acc: 0.824625
Validation: 220, time: 4.822611, loss: 1.645272, validation acc: 0.864572, validation avg acc: 0.837040
Train: 221, time: 4.700664, loss: 1.759221, train acc: 0.820863, train avg acc: 0.820581
Validation: 221, time: 4.700664, loss: 1.640877, validation acc: 0.869989, validation avg acc: 0.831164
Train: 222, time: 4.757511, loss: 1.752433, train acc: 0.833187, train avg acc: 0.833404
Validation: 222, time: 4.757511, loss: 1.645133, validation acc: 0.864030, validation avg acc: 0.830677
Train: 223, time: 4.838238, loss: 1.743089, train acc: 0.826585, train avg acc: 0.826439
Validation: 223, time: 4.838238, loss: 1.675095, validation acc: 0.846154, validation avg acc: 0.821160
Train: 224, time: 4.495356, loss: 1.757314, train acc: 0.820863, train avg acc: 0.821076
Validation: 224, time: 4.495356, loss: 1.653808, validation acc: 0.860780, validation avg acc: 0.828896
Train: 225, time: 4.724587, loss: 1.754500, train acc: 0.826144, train avg acc: 0.826136
Validation: 225, time: 4.724587, loss: 1.673202, validation acc: 0.851571, validation avg acc: 0.822228
Train: 226, time: 4.840333, loss: 1.753151, train acc: 0.822623, train avg acc: 0.822497
Validation: 226, time: 4.840333, loss: 1.656638, validation acc: 0.860780, validation avg acc: 0.833828
Train: 227, time: 4.764711, loss: 1.745329, train acc: 0.827465, train avg acc: 0.827663
Validation: 227, time: 4.764711, loss: 1.648831, validation acc: 0.860780, validation avg acc: 0.817723
Train: 228, time: 4.871755, loss: 1.735826, train acc: 0.823944, train avg acc: 0.823817
Validation: 228, time: 4.871755, loss: 1.668984, validation acc: 0.850488, validation avg acc: 0.805613
Train: 229, time: 4.760312, loss: 1.755084, train acc: 0.816461, train avg acc: 0.816370
Validation: 229, time: 4.760312, loss: 1.657930, validation acc: 0.858072, validation avg acc: 0.826841
Train: 230, time: 4.615830, loss: 1.746901, train acc: 0.822623, train avg acc: 0.822326
Validation: 230, time: 4.615830, loss: 1.647161, validation acc: 0.870531, validation avg acc: 0.840088
Train: 231, time: 4.567004, loss: 1.755046, train acc: 0.824384, train avg acc: 0.824452
Validation: 231, time: 4.567004, loss: 1.687170, validation acc: 0.847779, validation avg acc: 0.816630
Train: 232, time: 4.668423, loss: 1.731196, train acc: 0.826585, train avg acc: 0.826687
Validation: 232, time: 4.668423, loss: 1.649233, validation acc: 0.868906, validation avg acc: 0.827058
Train: 233, time: 4.889286, loss: 1.749306, train acc: 0.831426, train avg acc: 0.831117
Validation: 233, time: 4.889286, loss: 1.678269, validation acc: 0.838028, validation avg acc: 0.811082
Train: 234, time: 4.692789, loss: 1.731386, train acc: 0.830106, train avg acc: 0.830326
Validation: 234, time: 4.692789, loss: 1.702879, validation acc: 0.842362, validation avg acc: 0.815279
Train: 235, time: 4.380792, loss: 1.746708, train acc: 0.819982, train avg acc: 0.820160
Validation: 235, time: 4.380792, loss: 1.665621, validation acc: 0.854280, validation avg acc: 0.819286
Train: 236, time: 4.574682, loss: 1.757995, train acc: 0.819542, train avg acc: 0.819541
Validation: 236, time: 4.574682, loss: 1.659725, validation acc: 0.861322, validation avg acc: 0.827185
Train: 237, time: 4.363829, loss: 1.742611, train acc: 0.830546, train avg acc: 0.830724
Validation: 237, time: 4.363829, loss: 1.630504, validation acc: 0.877031, validation avg acc: 0.848156
Train: 238, time: 4.584908, loss: 1.736425, train acc: 0.830546, train avg acc: 0.830005
Validation: 238, time: 4.584908, loss: 1.677548, validation acc: 0.846696, validation avg acc: 0.824928
Train: 239, time: 4.880820, loss: 1.741047, train acc: 0.823944, train avg acc: 0.824029
Validation: 239, time: 4.880820, loss: 1.652695, validation acc: 0.862405, validation avg acc: 0.835746
Train: 240, time: 4.834408, loss: 1.738784, train acc: 0.823944, train avg acc: 0.824036
Validation: 240, time: 4.834408, loss: 1.643907, validation acc: 0.858613, validation avg acc: 0.831513
Train: 241, time: 4.451939, loss: 1.740366, train acc: 0.830106, train avg acc: 0.829875
Validation: 241, time: 4.451939, loss: 1.654429, validation acc: 0.855363, validation avg acc: 0.827755
Train: 242, time: 4.428811, loss: 1.728469, train acc: 0.832306, train avg acc: 0.832076
Validation: 242, time: 4.428811, loss: 1.668692, validation acc: 0.854821, validation avg acc: 0.826095
Train: 243, time: 4.421458, loss: 1.730563, train acc: 0.827465, train avg acc: 0.827538
Validation: 243, time: 4.421458, loss: 1.662288, validation acc: 0.864030, validation avg acc: 0.832939
Train: 244, time: 4.324795, loss: 1.729499, train acc: 0.837148, train avg acc: 0.837045
Validation: 244, time: 4.324795, loss: 1.685564, validation acc: 0.843445, validation avg acc: 0.818607
Train: 245, time: 4.319258, loss: 1.732282, train acc: 0.829225, train avg acc: 0.829542
Validation: 245, time: 4.319258, loss: 1.660300, validation acc: 0.854280, validation avg acc: 0.825342
Train: 246, time: 4.795176, loss: 1.730284, train acc: 0.832746, train avg acc: 0.832448
Validation: 246, time: 4.795176, loss: 1.640438, validation acc: 0.862947, validation avg acc: 0.834155
Train: 247, time: 4.558161, loss: 1.744482, train acc: 0.821303, train avg acc: 0.821577
Validation: 247, time: 4.558161, loss: 1.670768, validation acc: 0.842904, validation avg acc: 0.814957
Train: 248, time: 4.648541, loss: 1.736883, train acc: 0.829665, train avg acc: 0.829602
Validation: 248, time: 4.648541, loss: 1.652150, validation acc: 0.847779, validation avg acc: 0.811974
Train: 249, time: 4.638530, loss: 1.742909, train acc: 0.827905, train avg acc: 0.828037
Validation: 249, time: 4.638530, loss: 1.619320, validation acc: 0.873781, validation avg acc: 0.839036
Train: 250, time: 4.526511, loss: 1.727397, train acc: 0.826585, train avg acc: 0.826277
Validation: 250, time: 4.526511, loss: 1.641999, validation acc: 0.853196, validation avg acc: 0.813125
Train: 251, time: 4.200206, loss: 1.731675, train acc: 0.838908, train avg acc: 0.839040
Validation: 251, time: 4.200206, loss: 1.625087, validation acc: 0.867281, validation avg acc: 0.829229
Train: 252, time: 4.437016, loss: 1.734239, train acc: 0.826144, train avg acc: 0.826190
Validation: 252, time: 4.437016, loss: 1.653355, validation acc: 0.864572, validation avg acc: 0.833915
Train: 253, time: 4.331515, loss: 1.731686, train acc: 0.829665, train avg acc: 0.829636
Validation: 253, time: 4.331515, loss: 1.635440, validation acc: 0.870531, validation avg acc: 0.837745
Train: 254, time: 4.499516, loss: 1.741765, train acc: 0.825704, train avg acc: 0.825803
Validation: 254, time: 4.499516, loss: 1.648480, validation acc: 0.857530, validation avg acc: 0.827816
Train: 255, time: 4.576164, loss: 1.725457, train acc: 0.834507, train avg acc: 0.834352
Validation: 255, time: 4.576164, loss: 1.640749, validation acc: 0.862947, validation avg acc: 0.836324
Train: 256, time: 4.670917, loss: 1.720319, train acc: 0.832746, train avg acc: 0.832527
Validation: 256, time: 4.670917, loss: 1.640532, validation acc: 0.868906, validation avg acc: 0.833449
Train: 257, time: 4.690463, loss: 1.713161, train acc: 0.847271, train avg acc: 0.847094
Validation: 257, time: 4.690463, loss: 1.644895, validation acc: 0.864572, validation avg acc: 0.831190
Train: 258, time: 4.718312, loss: 1.736008, train acc: 0.829225, train avg acc: 0.829276
Validation: 258, time: 4.718312, loss: 1.651605, validation acc: 0.857530, validation avg acc: 0.836169
Train: 259, time: 4.481126, loss: 1.729226, train acc: 0.828345, train avg acc: 0.828102
Validation: 259, time: 4.481126, loss: 1.652052, validation acc: 0.857530, validation avg acc: 0.824206
Train: 260, time: 4.089839, loss: 1.725114, train acc: 0.826585, train avg acc: 0.826386
Validation: 260, time: 4.089839, loss: 1.624747, validation acc: 0.865114, validation avg acc: 0.830529
Train: 261, time: 4.215571, loss: 1.730168, train acc: 0.825704, train avg acc: 0.825956
Validation: 261, time: 4.215571, loss: 1.658082, validation acc: 0.858072, validation avg acc: 0.819516
Train: 262, time: 4.582858, loss: 1.728872, train acc: 0.837148, train avg acc: 0.837108
Validation: 262, time: 4.582858, loss: 1.665380, validation acc: 0.856446, validation avg acc: 0.822283
Train: 263, time: 4.392235, loss: 1.729572, train acc: 0.834067, train avg acc: 0.834057
Validation: 263, time: 4.392235, loss: 1.634602, validation acc: 0.860238, validation avg acc: 0.831251
Train: 264, time: 4.503252, loss: 1.728574, train acc: 0.839349, train avg acc: 0.839457
Validation: 264, time: 4.503252, loss: 1.649730, validation acc: 0.864572, validation avg acc: 0.830096
Train: 265, time: 4.338070, loss: 1.721193, train acc: 0.835827, train avg acc: 0.835180
Validation: 265, time: 4.338070, loss: 1.647970, validation acc: 0.859155, validation avg acc: 0.827675
Train: 266, time: 4.473521, loss: 1.731689, train acc: 0.833187, train avg acc: 0.833411
Validation: 266, time: 4.473521, loss: 1.639160, validation acc: 0.869447, validation avg acc: 0.832751
Train: 267, time: 4.588666, loss: 1.708546, train acc: 0.852993, train avg acc: 0.852679
Validation: 267, time: 4.588666, loss: 1.680259, validation acc: 0.856988, validation avg acc: 0.823880
Train: 268, time: 4.717945, loss: 1.713447, train acc: 0.840229, train avg acc: 0.840100
Validation: 268, time: 4.717945, loss: 1.658070, validation acc: 0.851571, validation avg acc: 0.813029
Train: 269, time: 4.810773, loss: 1.720246, train acc: 0.827465, train avg acc: 0.827318
Validation: 269, time: 4.810773, loss: 1.632116, validation acc: 0.871073, validation avg acc: 0.831236
Train: 270, time: 4.752697, loss: 1.728485, train acc: 0.834947, train avg acc: 0.834774
Validation: 270, time: 4.752697, loss: 1.656306, validation acc: 0.851571, validation avg acc: 0.824875
Train: 271, time: 4.826911, loss: 1.724952, train acc: 0.834067, train avg acc: 0.833795
Validation: 271, time: 4.826911, loss: 1.637852, validation acc: 0.864572, validation avg acc: 0.828319
Train: 272, time: 4.328771, loss: 1.736958, train acc: 0.831866, train avg acc: 0.831716
Validation: 272, time: 4.328771, loss: 1.649460, validation acc: 0.858072, validation avg acc: 0.823427
Train: 273, time: 4.785670, loss: 1.715826, train acc: 0.845511, train avg acc: 0.845440
Validation: 273, time: 4.785670, loss: 1.639848, validation acc: 0.849946, validation avg acc: 0.823443
Train: 274, time: 4.468493, loss: 1.722019, train acc: 0.833627, train avg acc: 0.833873
Validation: 274, time: 4.468493, loss: 1.673271, validation acc: 0.849404, validation avg acc: 0.810974
Train: 275, time: 4.584163, loss: 1.725598, train acc: 0.838028, train avg acc: 0.838204
Validation: 275, time: 4.584163, loss: 1.640850, validation acc: 0.871614, validation avg acc: 0.838091
Train: 276, time: 4.308349, loss: 1.718665, train acc: 0.834947, train avg acc: 0.834679
Validation: 276, time: 4.308349, loss: 1.641378, validation acc: 0.865114, validation avg acc: 0.831781
Train: 277, time: 4.743688, loss: 1.708147, train acc: 0.841109, train avg acc: 0.841048
Validation: 277, time: 4.743688, loss: 1.687336, validation acc: 0.840737, validation avg acc: 0.815421
Train: 278, time: 4.660092, loss: 1.709709, train acc: 0.841109, train avg acc: 0.841078
Validation: 278, time: 4.660092, loss: 1.639820, validation acc: 0.862405, validation avg acc: 0.823926
Train: 279, time: 4.020225, loss: 1.738515, train acc: 0.827025, train avg acc: 0.827260
Validation: 279, time: 4.020225, loss: 1.649707, validation acc: 0.857530, validation avg acc: 0.823832
Train: 280, time: 4.450705, loss: 1.727187, train acc: 0.835827, train avg acc: 0.835766
Validation: 280, time: 4.450705, loss: 1.638646, validation acc: 0.849404, validation avg acc: 0.821049
Train: 281, time: 4.410362, loss: 1.712247, train acc: 0.845951, train avg acc: 0.845919
Validation: 281, time: 4.410362, loss: 1.641006, validation acc: 0.868906, validation avg acc: 0.841892
Train: 282, time: 4.419917, loss: 1.726870, train acc: 0.827025, train avg acc: 0.826964
Validation: 282, time: 4.419917, loss: 1.632911, validation acc: 0.869989, validation avg acc: 0.845253
Train: 283, time: 4.505534, loss: 1.714342, train acc: 0.834947, train avg acc: 0.835053
Validation: 283, time: 4.505534, loss: 1.655427, validation acc: 0.852113, validation avg acc: 0.819469
Train: 284, time: 4.687733, loss: 1.702091, train acc: 0.842870, train avg acc: 0.842826
Validation: 284, time: 4.687733, loss: 1.639486, validation acc: 0.854280, validation avg acc: 0.823908
Train: 285, time: 4.342645, loss: 1.715171, train acc: 0.834507, train avg acc: 0.834409
Validation: 285, time: 4.342645, loss: 1.654128, validation acc: 0.854280, validation avg acc: 0.827708
Train: 286, time: 4.426790, loss: 1.718459, train acc: 0.835827, train avg acc: 0.835798
Validation: 286, time: 4.426790, loss: 1.634658, validation acc: 0.868364, validation avg acc: 0.840525
Train: 287, time: 4.584891, loss: 1.718635, train acc: 0.838908, train avg acc: 0.838839
Validation: 287, time: 4.584891, loss: 1.644511, validation acc: 0.862405, validation avg acc: 0.833828
Train: 288, time: 4.378849, loss: 1.707560, train acc: 0.841549, train avg acc: 0.841206
Validation: 288, time: 4.378849, loss: 1.634816, validation acc: 0.863489, validation avg acc: 0.823632
Train: 289, time: 4.704876, loss: 1.723235, train acc: 0.834507, train avg acc: 0.834452
Validation: 289, time: 4.704876, loss: 1.620476, validation acc: 0.870531, validation avg acc: 0.832693
Train: 290, time: 4.859031, loss: 1.707499, train acc: 0.839349, train avg acc: 0.839153
Validation: 290, time: 4.859031, loss: 1.625358, validation acc: 0.865655, validation avg acc: 0.830054
Train: 291, time: 4.678277, loss: 1.709823, train acc: 0.846831, train avg acc: 0.846890
Validation: 291, time: 4.678277, loss: 1.645235, validation acc: 0.860780, validation avg acc: 0.832456
Train: 292, time: 4.319306, loss: 1.715754, train acc: 0.837148, train avg acc: 0.837176
Validation: 292, time: 4.319306, loss: 1.646068, validation acc: 0.854280, validation avg acc: 0.829011
Train: 293, time: 4.447430, loss: 1.702558, train acc: 0.836268, train avg acc: 0.836371
Validation: 293, time: 4.447430, loss: 1.639371, validation acc: 0.859155, validation avg acc: 0.827775
Train: 294, time: 4.706998, loss: 1.712928, train acc: 0.837588, train avg acc: 0.837946
Validation: 294, time: 4.706998, loss: 1.645417, validation acc: 0.865655, validation avg acc: 0.829583
Train: 295, time: 4.560344, loss: 1.709774, train acc: 0.840669, train avg acc: 0.840828
Validation: 295, time: 4.560344, loss: 1.656246, validation acc: 0.862947, validation avg acc: 0.846111
Train: 296, time: 4.486655, loss: 1.713079, train acc: 0.833627, train avg acc: 0.833568
Validation: 296, time: 4.486655, loss: 1.636129, validation acc: 0.858072, validation avg acc: 0.831975
Train: 297, time: 4.396624, loss: 1.713032, train acc: 0.840229, train avg acc: 0.840107
Validation: 297, time: 4.396624, loss: 1.624883, validation acc: 0.867281, validation avg acc: 0.842490
Train: 298, time: 4.535994, loss: 1.720495, train acc: 0.834947, train avg acc: 0.834584
Validation: 298, time: 4.535994, loss: 1.669581, validation acc: 0.850488, validation avg acc: 0.829668
Train: 299, time: 4.700733, loss: 1.701061, train acc: 0.845511, train avg acc: 0.845738
Validation: 299, time: 4.700733, loss: 1.623607, validation acc: 0.863489, validation avg acc: 0.833855
====================================================================
TEST:: test acc: 0.867352, test avg acc: 0.836639
