PointNet(
  (conv1): Conv1d(3, 64, kernel_size=(1,), stride=(1,), bias=False)
  (conv2): Conv1d(64, 64, kernel_size=(1,), stride=(1,), bias=False)
  (conv3): Conv1d(64, 64, kernel_size=(1,), stride=(1,), bias=False)
  (conv4): Conv1d(64, 128, kernel_size=(1,), stride=(1,), bias=False)
  (conv5): Conv1d(128, 1024, kernel_size=(1,), stride=(1,), bias=False)
  (bn1): BatchNorm1d(64, eps=1e-05, momentum=0.1, affine=True, track_running_stats=True)
  (bn2): BatchNorm1d(64, eps=1e-05, momentum=0.1, affine=True, track_running_stats=True)
  (bn3): BatchNorm1d(64, eps=1e-05, momentum=0.1, affine=True, track_running_stats=True)
  (bn4): BatchNorm1d(128, eps=1e-05, momentum=0.1, affine=True, track_running_stats=True)
  (bn5): BatchNorm1d(1024, eps=1e-05, momentum=0.1, affine=True, track_running_stats=True)
  (linear1): Linear(in_features=1024, out_features=512, bias=False)
  (bn6): BatchNorm1d(512, eps=1e-05, momentum=0.1, affine=True, track_running_stats=True)
  (dp1): Dropout(p=0.5, inplace=False)
  (linear2): Linear(in_features=512, out_features=40, bias=True)
)
Train: 0, time: 7.437981, loss: 2.568731, train acc: 0.480716, train avg acc: 0.316438
Validation: 0, time: 7.437981, loss: 2.302700, validation acc: 0.633803, validation avg acc: 0.466477
Train: 1, time: 7.594152, loss: 2.239892, train acc: 0.611176, train avg acc: 0.461413
Validation: 1, time: 7.594152, loss: 1.985116, validation acc: 0.713434, validation avg acc: 0.553762
Train: 2, time: 7.170881, loss: 2.153507, train acc: 0.650906, train avg acc: 0.501887
Validation: 2, time: 7.170881, loss: 1.910888, validation acc: 0.766522, validation avg acc: 0.635856
Train: 3, time: 7.283135, loss: 2.098883, train acc: 0.671701, train avg acc: 0.535445
Validation: 3, time: 7.283135, loss: 1.831668, validation acc: 0.774648, validation avg acc: 0.627299
Train: 4, time: 7.477170, loss: 2.050011, train acc: 0.695632, train avg acc: 0.560916
Validation: 4, time: 7.477170, loss: 1.834866, validation acc: 0.777898, validation avg acc: 0.629061
Train: 5, time: 7.422628, loss: 2.030894, train acc: 0.700511, train avg acc: 0.572298
Validation: 5, time: 7.422628, loss: 1.828306, validation acc: 0.765439, validation avg acc: 0.637787
Train: 6, time: 7.327542, loss: 1.999154, train acc: 0.715613, train avg acc: 0.585611
Validation: 6, time: 7.327542, loss: 1.806141, validation acc: 0.806067, validation avg acc: 0.688762
Train: 7, time: 7.484458, loss: 1.979639, train acc: 0.726533, train avg acc: 0.600751
Validation: 7, time: 7.484458, loss: 1.783128, validation acc: 0.803359, validation avg acc: 0.683375
Train: 8, time: 7.278794, loss: 1.958639, train acc: 0.736873, train avg acc: 0.612611
Validation: 8, time: 7.278794, loss: 1.766728, validation acc: 0.813109, validation avg acc: 0.699329
Train: 9, time: 7.333354, loss: 1.939855, train acc: 0.746050, train avg acc: 0.626029
Validation: 9, time: 7.333354, loss: 1.756488, validation acc: 0.812026, validation avg acc: 0.699640
Train: 10, time: 7.590554, loss: 1.930286, train acc: 0.747909, train avg acc: 0.630300
Validation: 10, time: 7.590554, loss: 1.751812, validation acc: 0.814193, validation avg acc: 0.693341
Train: 11, time: 7.456180, loss: 1.920942, train acc: 0.748606, train avg acc: 0.633342
Validation: 11, time: 7.456180, loss: 1.728070, validation acc: 0.829902, validation avg acc: 0.719308
Train: 12, time: 7.520817, loss: 1.907286, train acc: 0.755460, train avg acc: 0.638288
Validation: 12, time: 7.520817, loss: 1.740676, validation acc: 0.828819, validation avg acc: 0.731980
Train: 13, time: 7.327593, loss: 1.915384, train acc: 0.754531, train avg acc: 0.640652
Validation: 13, time: 7.327593, loss: 1.706745, validation acc: 0.848862, validation avg acc: 0.779001
Train: 14, time: 7.417803, loss: 1.902324, train acc: 0.755112, train avg acc: 0.641449
Validation: 14, time: 7.417803, loss: 1.743071, validation acc: 0.817985, validation avg acc: 0.708771
Train: 15, time: 7.213002, loss: 1.890587, train acc: 0.767193, train avg acc: 0.651124
Validation: 15, time: 7.213002, loss: 1.698156, validation acc: 0.842362, validation avg acc: 0.752865
Train: 16, time: 7.713362, loss: 1.877513, train acc: 0.765567, train avg acc: 0.655825
Validation: 16, time: 7.713362, loss: 1.700315, validation acc: 0.847779, validation avg acc: 0.762663
Train: 17, time: 7.477003, loss: 1.879533, train acc: 0.768355, train avg acc: 0.655474
Validation: 17, time: 7.477003, loss: 1.703554, validation acc: 0.848862, validation avg acc: 0.761927
Train: 18, time: 7.619127, loss: 1.867194, train acc: 0.767542, train avg acc: 0.658116
Validation: 18, time: 7.619127, loss: 1.705807, validation acc: 0.832611, validation avg acc: 0.727659
Train: 19, time: 7.255800, loss: 1.870262, train acc: 0.770911, train avg acc: 0.666609
Validation: 19, time: 7.255800, loss: 1.690546, validation acc: 0.847779, validation avg acc: 0.752129
Train: 20, time: 7.563173, loss: 1.859280, train acc: 0.772770, train avg acc: 0.666595
Validation: 20, time: 7.563173, loss: 1.699333, validation acc: 0.833694, validation avg acc: 0.738623
Train: 21, time: 7.365224, loss: 1.859394, train acc: 0.774396, train avg acc: 0.663361
Validation: 21, time: 7.365224, loss: 1.718841, validation acc: 0.826652, validation avg acc: 0.724311
Train: 22, time: 7.602450, loss: 1.854498, train acc: 0.782876, train avg acc: 0.676597
Validation: 22, time: 7.602450, loss: 1.701589, validation acc: 0.839112, validation avg acc: 0.757405
Train: 23, time: 7.648525, loss: 1.850246, train acc: 0.781599, train avg acc: 0.674934
Validation: 23, time: 7.648525, loss: 1.713902, validation acc: 0.832611, validation avg acc: 0.748468
Train: 24, time: 7.576922, loss: 1.849298, train acc: 0.782993, train avg acc: 0.674002
Validation: 24, time: 7.576922, loss: 1.685046, validation acc: 0.852113, validation avg acc: 0.767813
Train: 25, time: 7.556097, loss: 1.841477, train acc: 0.782528, train avg acc: 0.676485
Validation: 25, time: 7.556097, loss: 1.686095, validation acc: 0.855363, validation avg acc: 0.760079
Train: 26, time: 7.116745, loss: 1.845041, train acc: 0.782528, train avg acc: 0.674169
Validation: 26, time: 7.116745, loss: 1.676658, validation acc: 0.855363, validation avg acc: 0.773839
Train: 27, time: 7.572378, loss: 1.835256, train acc: 0.784967, train avg acc: 0.681794
Validation: 27, time: 7.572378, loss: 1.664605, validation acc: 0.848862, validation avg acc: 0.757589
Train: 28, time: 7.490386, loss: 1.832708, train acc: 0.785316, train avg acc: 0.681357
Validation: 28, time: 7.490386, loss: 1.664204, validation acc: 0.860238, validation avg acc: 0.781061
Train: 29, time: 7.562538, loss: 1.823458, train acc: 0.794145, train avg acc: 0.692703
Validation: 29, time: 7.562538, loss: 1.655972, validation acc: 0.852113, validation avg acc: 0.748591
Train: 30, time: 7.487166, loss: 1.826920, train acc: 0.791938, train avg acc: 0.691048
Validation: 30, time: 7.487166, loss: 1.699404, validation acc: 0.837486, validation avg acc: 0.739641
Train: 31, time: 7.407552, loss: 1.831460, train acc: 0.782179, train avg acc: 0.678706
Validation: 31, time: 7.407552, loss: 1.720006, validation acc: 0.847237, validation avg acc: 0.761882
Train: 32, time: 7.451904, loss: 1.828678, train acc: 0.787872, train avg acc: 0.684317
Validation: 32, time: 7.451904, loss: 1.657153, validation acc: 0.861322, validation avg acc: 0.783995
Train: 33, time: 7.673396, loss: 1.820832, train acc: 0.796468, train avg acc: 0.695175
Validation: 33, time: 7.673396, loss: 1.662311, validation acc: 0.851029, validation avg acc: 0.769900
Train: 34, time: 7.670217, loss: 1.816861, train acc: 0.792402, train avg acc: 0.692413
Validation: 34, time: 7.670217, loss: 1.651230, validation acc: 0.857530, validation avg acc: 0.771578
Train: 35, time: 7.374824, loss: 1.815702, train acc: 0.799024, train avg acc: 0.702133
Validation: 35, time: 7.374824, loss: 1.627250, validation acc: 0.868906, validation avg acc: 0.780419
Train: 36, time: 7.665401, loss: 1.810016, train acc: 0.792983, train avg acc: 0.691638
Validation: 36, time: 7.665401, loss: 1.658170, validation acc: 0.859155, validation avg acc: 0.782105
Train: 37, time: 7.386196, loss: 1.811915, train acc: 0.796120, train avg acc: 0.702960
Validation: 37, time: 7.386196, loss: 1.650844, validation acc: 0.862947, validation avg acc: 0.778859
Train: 38, time: 7.468047, loss: 1.805152, train acc: 0.799024, train avg acc: 0.702760
Validation: 38, time: 7.468047, loss: 1.640554, validation acc: 0.860238, validation avg acc: 0.794699
Train: 39, time: 7.584594, loss: 1.806064, train acc: 0.799605, train avg acc: 0.707538
Validation: 39, time: 7.584594, loss: 1.686628, validation acc: 0.854280, validation avg acc: 0.754917
Train: 40, time: 7.682068, loss: 1.806923, train acc: 0.795539, train avg acc: 0.695128
Validation: 40, time: 7.682068, loss: 1.646260, validation acc: 0.860238, validation avg acc: 0.777993
Train: 41, time: 7.455437, loss: 1.799213, train acc: 0.798908, train avg acc: 0.701157
Validation: 41, time: 7.455437, loss: 1.656091, validation acc: 0.852113, validation avg acc: 0.750534
Train: 42, time: 7.498804, loss: 1.799952, train acc: 0.801115, train avg acc: 0.702751
Validation: 42, time: 7.498804, loss: 1.678106, validation acc: 0.851571, validation avg acc: 0.776255
Train: 43, time: 7.383406, loss: 1.793945, train acc: 0.803555, train avg acc: 0.706586
Validation: 43, time: 7.383406, loss: 1.662385, validation acc: 0.857530, validation avg acc: 0.788957
Train: 44, time: 7.416046, loss: 1.795678, train acc: 0.805181, train avg acc: 0.711475
Validation: 44, time: 7.416046, loss: 1.667815, validation acc: 0.861322, validation avg acc: 0.775762
Train: 45, time: 7.851079, loss: 1.794316, train acc: 0.808783, train avg acc: 0.712847
Validation: 45, time: 7.851079, loss: 1.671105, validation acc: 0.853738, validation avg acc: 0.764180
Train: 46, time: 7.363765, loss: 1.794234, train acc: 0.808899, train avg acc: 0.712076
Validation: 46, time: 7.363765, loss: 1.617029, validation acc: 0.872698, validation avg acc: 0.799430
Train: 47, time: 7.572920, loss: 1.791404, train acc: 0.803206, train avg acc: 0.706145
Validation: 47, time: 7.572920, loss: 1.615110, validation acc: 0.874865, validation avg acc: 0.790643
Train: 48, time: 7.590692, loss: 1.788951, train acc: 0.802277, train avg acc: 0.705216
Validation: 48, time: 7.590692, loss: 1.655836, validation acc: 0.866739, validation avg acc: 0.798491
Train: 49, time: 7.679051, loss: 1.788992, train acc: 0.807272, train avg acc: 0.713447
Validation: 49, time: 7.679051, loss: 1.637833, validation acc: 0.873239, validation avg acc: 0.793292
Train: 50, time: 7.682763, loss: 1.788652, train acc: 0.804949, train avg acc: 0.706640
Validation: 50, time: 7.682763, loss: 1.636904, validation acc: 0.863489, validation avg acc: 0.781856
Train: 51, time: 7.590509, loss: 1.782448, train acc: 0.812500, train avg acc: 0.719229
Validation: 51, time: 7.590509, loss: 1.644510, validation acc: 0.851571, validation avg acc: 0.772555
Train: 52, time: 7.681964, loss: 1.792989, train acc: 0.801812, train avg acc: 0.704351
Validation: 52, time: 7.681964, loss: 1.620954, validation acc: 0.872156, validation avg acc: 0.778499
Train: 53, time: 7.566899, loss: 1.781799, train acc: 0.805878, train avg acc: 0.705680
Validation: 53, time: 7.566899, loss: 1.621924, validation acc: 0.866197, validation avg acc: 0.790993
Train: 54, time: 7.558518, loss: 1.778711, train acc: 0.805646, train avg acc: 0.704337
Validation: 54, time: 7.558518, loss: 1.645617, validation acc: 0.854821, validation avg acc: 0.788491
Train: 55, time: 7.676595, loss: 1.780649, train acc: 0.810293, train avg acc: 0.712414
Validation: 55, time: 7.676595, loss: 1.624440, validation acc: 0.862405, validation avg acc: 0.775799
Train: 56, time: 7.581604, loss: 1.778306, train acc: 0.810293, train avg acc: 0.714976
Validation: 56, time: 7.581604, loss: 1.616182, validation acc: 0.875948, validation avg acc: 0.803010
Train: 57, time: 7.690472, loss: 1.782458, train acc: 0.808202, train avg acc: 0.714753
Validation: 57, time: 7.690472, loss: 1.613163, validation acc: 0.873239, validation avg acc: 0.798159
Train: 58, time: 7.551894, loss: 1.781236, train acc: 0.809363, train avg acc: 0.708083
Validation: 58, time: 7.551894, loss: 1.600225, validation acc: 0.879198, validation avg acc: 0.807862
Train: 59, time: 7.684244, loss: 1.776029, train acc: 0.809712, train avg acc: 0.717454
Validation: 59, time: 7.684244, loss: 1.644682, validation acc: 0.858072, validation avg acc: 0.772123
Train: 60, time: 7.574684, loss: 1.771782, train acc: 0.812849, train avg acc: 0.722819
Validation: 60, time: 7.574684, loss: 1.644834, validation acc: 0.869989, validation avg acc: 0.787582
Train: 61, time: 7.564034, loss: 1.776421, train acc: 0.810060, train avg acc: 0.713140
Validation: 61, time: 7.564034, loss: 1.610097, validation acc: 0.873239, validation avg acc: 0.788791
Train: 62, time: 7.603987, loss: 1.770194, train acc: 0.809712, train avg acc: 0.719503
Validation: 62, time: 7.603987, loss: 1.632416, validation acc: 0.862405, validation avg acc: 0.791073
Train: 63, time: 7.546809, loss: 1.775711, train acc: 0.807621, train avg acc: 0.714295
Validation: 63, time: 7.546809, loss: 1.620994, validation acc: 0.866197, validation avg acc: 0.789339
Train: 64, time: 7.710616, loss: 1.768420, train acc: 0.815172, train avg acc: 0.723976
Validation: 64, time: 7.710616, loss: 1.630410, validation acc: 0.865655, validation avg acc: 0.779238
Train: 65, time: 7.750237, loss: 1.769925, train acc: 0.815288, train avg acc: 0.725008
Validation: 65, time: 7.750237, loss: 1.604667, validation acc: 0.877573, validation avg acc: 0.810374
Train: 66, time: 7.581529, loss: 1.768812, train acc: 0.814940, train avg acc: 0.722711
Validation: 66, time: 7.581529, loss: 1.634745, validation acc: 0.865655, validation avg acc: 0.790675
Train: 67, time: 7.698577, loss: 1.772449, train acc: 0.814010, train avg acc: 0.719733
Validation: 67, time: 7.698577, loss: 1.612024, validation acc: 0.872156, validation avg acc: 0.800519
Train: 68, time: 7.382414, loss: 1.769095, train acc: 0.812035, train avg acc: 0.715312
Validation: 68, time: 7.382414, loss: 1.622317, validation acc: 0.868906, validation avg acc: 0.789923
Train: 69, time: 7.559769, loss: 1.765670, train acc: 0.816334, train avg acc: 0.724390
Validation: 69, time: 7.559769, loss: 1.658710, validation acc: 0.860238, validation avg acc: 0.779901
Train: 70, time: 7.502815, loss: 1.764362, train acc: 0.817844, train avg acc: 0.724440
Validation: 70, time: 7.502815, loss: 1.640131, validation acc: 0.867822, validation avg acc: 0.806543
Train: 71, time: 7.650218, loss: 1.765318, train acc: 0.814126, train avg acc: 0.725221
Validation: 71, time: 7.650218, loss: 1.604541, validation acc: 0.879198, validation avg acc: 0.798422
Train: 72, time: 7.569451, loss: 1.767289, train acc: 0.817031, train avg acc: 0.727150
Validation: 72, time: 7.569451, loss: 1.626693, validation acc: 0.878657, validation avg acc: 0.802897
Train: 73, time: 7.387517, loss: 1.758083, train acc: 0.816334, train avg acc: 0.724566
Validation: 73, time: 7.387517, loss: 1.602580, validation acc: 0.878115, validation avg acc: 0.801981
Train: 74, time: 7.493811, loss: 1.761512, train acc: 0.816101, train avg acc: 0.728124
Validation: 74, time: 7.493811, loss: 1.635522, validation acc: 0.865114, validation avg acc: 0.787797
Train: 75, time: 7.361712, loss: 1.768274, train acc: 0.816101, train avg acc: 0.723581
Validation: 75, time: 7.361712, loss: 1.600346, validation acc: 0.882990, validation avg acc: 0.807056
Train: 76, time: 7.589604, loss: 1.765408, train acc: 0.816566, train avg acc: 0.728990
Validation: 76, time: 7.589604, loss: 1.621722, validation acc: 0.866739, validation avg acc: 0.789151
Train: 77, time: 7.476905, loss: 1.761618, train acc: 0.817495, train avg acc: 0.724311
Validation: 77, time: 7.476905, loss: 1.598743, validation acc: 0.882449, validation avg acc: 0.807704
Train: 78, time: 7.470262, loss: 1.753965, train acc: 0.822839, train avg acc: 0.734193
Validation: 78, time: 7.470262, loss: 1.602723, validation acc: 0.873781, validation avg acc: 0.801522
Train: 79, time: 7.522386, loss: 1.762606, train acc: 0.814243, train avg acc: 0.721269
Validation: 79, time: 7.522386, loss: 1.599342, validation acc: 0.870531, validation avg acc: 0.794722
Train: 80, time: 7.690220, loss: 1.752345, train acc: 0.819586, train avg acc: 0.730786
Validation: 80, time: 7.690220, loss: 1.595467, validation acc: 0.874323, validation avg acc: 0.807930
Train: 81, time: 7.547507, loss: 1.762219, train acc: 0.820516, train avg acc: 0.728007
Validation: 81, time: 7.547507, loss: 1.594822, validation acc: 0.877573, validation avg acc: 0.803171
Train: 82, time: 7.567922, loss: 1.756058, train acc: 0.821213, train avg acc: 0.728650
Validation: 82, time: 7.567922, loss: 1.597846, validation acc: 0.877031, validation avg acc: 0.792868
Train: 83, time: 7.582173, loss: 1.753581, train acc: 0.821213, train avg acc: 0.727752
Validation: 83, time: 7.582173, loss: 1.608905, validation acc: 0.873239, validation avg acc: 0.810698
Train: 84, time: 7.471435, loss: 1.764149, train acc: 0.812849, train avg acc: 0.723070
Validation: 84, time: 7.471435, loss: 1.612795, validation acc: 0.872156, validation avg acc: 0.801543
Train: 85, time: 7.456237, loss: 1.751428, train acc: 0.821097, train avg acc: 0.733182
Validation: 85, time: 7.456237, loss: 1.609745, validation acc: 0.878115, validation avg acc: 0.807499
Train: 86, time: 7.506938, loss: 1.751519, train acc: 0.818192, train avg acc: 0.727271
Validation: 86, time: 7.506938, loss: 1.605945, validation acc: 0.871614, validation avg acc: 0.795877
Train: 87, time: 7.548299, loss: 1.754496, train acc: 0.819238, train avg acc: 0.732214
Validation: 87, time: 7.548299, loss: 1.667839, validation acc: 0.859155, validation avg acc: 0.780431
Train: 88, time: 7.405007, loss: 1.743798, train acc: 0.824233, train avg acc: 0.734696
Validation: 88, time: 7.405007, loss: 1.621466, validation acc: 0.880282, validation avg acc: 0.819736
Train: 89, time: 7.462648, loss: 1.749100, train acc: 0.817612, train avg acc: 0.724751
Validation: 89, time: 7.462648, loss: 1.611697, validation acc: 0.870531, validation avg acc: 0.799718
Train: 90, time: 7.174513, loss: 1.748466, train acc: 0.821561, train avg acc: 0.734061
Validation: 90, time: 7.174513, loss: 1.584325, validation acc: 0.889491, validation avg acc: 0.827643
Train: 91, time: 7.563045, loss: 1.749468, train acc: 0.820516, train avg acc: 0.732587
Validation: 91, time: 7.563045, loss: 1.603095, validation acc: 0.868364, validation avg acc: 0.803275
Train: 92, time: 7.477636, loss: 1.747648, train acc: 0.823304, train avg acc: 0.735949
Validation: 92, time: 7.477636, loss: 1.597944, validation acc: 0.876490, validation avg acc: 0.816557
Train: 93, time: 7.501384, loss: 1.757762, train acc: 0.814940, train avg acc: 0.721649
Validation: 93, time: 7.501384, loss: 1.610393, validation acc: 0.871073, validation avg acc: 0.794422
Train: 94, time: 7.479384, loss: 1.748100, train acc: 0.821329, train avg acc: 0.732278
Validation: 94, time: 7.479384, loss: 1.605379, validation acc: 0.878115, validation avg acc: 0.812501
Train: 95, time: 7.484399, loss: 1.741758, train acc: 0.828299, train avg acc: 0.741619
Validation: 95, time: 7.484399, loss: 1.587404, validation acc: 0.872156, validation avg acc: 0.796845
Train: 96, time: 7.638723, loss: 1.736726, train acc: 0.826789, train avg acc: 0.731318
Validation: 96, time: 7.638723, loss: 1.616096, validation acc: 0.872156, validation avg acc: 0.796200
Train: 97, time: 7.664255, loss: 1.748088, train acc: 0.818309, train avg acc: 0.727981
Validation: 97, time: 7.664255, loss: 1.616259, validation acc: 0.880823, validation avg acc: 0.805950
Train: 98, time: 7.624763, loss: 1.742953, train acc: 0.824001, train avg acc: 0.733975
Validation: 98, time: 7.624763, loss: 1.612855, validation acc: 0.875948, validation avg acc: 0.806978
Train: 99, time: 7.475916, loss: 1.738878, train acc: 0.829809, train avg acc: 0.742386
Validation: 99, time: 7.475916, loss: 1.613542, validation acc: 0.871073, validation avg acc: 0.791173
Train: 100, time: 7.408294, loss: 1.744566, train acc: 0.820400, train avg acc: 0.731136
Validation: 100, time: 7.408294, loss: 1.612764, validation acc: 0.881365, validation avg acc: 0.810296
Train: 101, time: 7.721568, loss: 1.754186, train acc: 0.820516, train avg acc: 0.732794
Validation: 101, time: 7.721568, loss: 1.607569, validation acc: 0.874323, validation avg acc: 0.787862
Train: 102, time: 7.525795, loss: 1.739807, train acc: 0.823072, train avg acc: 0.735170
Validation: 102, time: 7.525795, loss: 1.578668, validation acc: 0.887866, validation avg acc: 0.813263
Train: 103, time: 7.532069, loss: 1.740417, train acc: 0.823885, train avg acc: 0.739963
Validation: 103, time: 7.532069, loss: 1.623340, validation acc: 0.862405, validation avg acc: 0.782800
Train: 104, time: 7.107041, loss: 1.747156, train acc: 0.823072, train avg acc: 0.731046
Validation: 104, time: 7.107041, loss: 1.603172, validation acc: 0.877573, validation avg acc: 0.804554
Train: 105, time: 7.491137, loss: 1.737735, train acc: 0.822723, train avg acc: 0.734743
Validation: 105, time: 7.491137, loss: 1.596415, validation acc: 0.879740, validation avg acc: 0.817532
Train: 106, time: 7.257344, loss: 1.743242, train acc: 0.825163, train avg acc: 0.739700
Validation: 106, time: 7.257344, loss: 1.588123, validation acc: 0.878657, validation avg acc: 0.810081
Train: 107, time: 7.307373, loss: 1.737346, train acc: 0.826789, train avg acc: 0.740010
Validation: 107, time: 7.307373, loss: 1.598677, validation acc: 0.884074, validation avg acc: 0.810433
Train: 108, time: 7.460154, loss: 1.728406, train acc: 0.827370, train avg acc: 0.741390
Validation: 108, time: 7.460154, loss: 1.580611, validation acc: 0.883532, validation avg acc: 0.808332
Train: 109, time: 7.300528, loss: 1.743650, train acc: 0.825511, train avg acc: 0.735963
Validation: 109, time: 7.300528, loss: 1.608320, validation acc: 0.877031, validation avg acc: 0.818805
Train: 110, time: 7.250924, loss: 1.741492, train acc: 0.824582, train avg acc: 0.739514
Validation: 110, time: 7.250924, loss: 1.578530, validation acc: 0.888407, validation avg acc: 0.822350
Train: 111, time: 7.698349, loss: 1.731360, train acc: 0.828532, train avg acc: 0.738618
Validation: 111, time: 7.698349, loss: 1.594846, validation acc: 0.875406, validation avg acc: 0.801103
Train: 112, time: 7.487024, loss: 1.734002, train acc: 0.824814, train avg acc: 0.739548
Validation: 112, time: 7.487024, loss: 1.595370, validation acc: 0.885157, validation avg acc: 0.818283
Train: 113, time: 7.462322, loss: 1.734157, train acc: 0.831552, train avg acc: 0.742352
Validation: 113, time: 7.462322, loss: 1.596017, validation acc: 0.882449, validation avg acc: 0.812892
Train: 114, time: 7.578104, loss: 1.735106, train acc: 0.827486, train avg acc: 0.736135
Validation: 114, time: 7.578104, loss: 1.639011, validation acc: 0.854280, validation avg acc: 0.774805
Train: 115, time: 7.552496, loss: 1.737401, train acc: 0.825511, train avg acc: 0.735753
Validation: 115, time: 7.552496, loss: 1.592592, validation acc: 0.872698, validation avg acc: 0.803971
Train: 116, time: 7.253552, loss: 1.742396, train acc: 0.823652, train avg acc: 0.734217
Validation: 116, time: 7.253552, loss: 1.584863, validation acc: 0.878115, validation avg acc: 0.803766
Train: 117, time: 7.250908, loss: 1.735870, train acc: 0.823072, train avg acc: 0.737760
Validation: 117, time: 7.250908, loss: 1.596972, validation acc: 0.874323, validation avg acc: 0.807116
Train: 118, time: 7.566162, loss: 1.733144, train acc: 0.826092, train avg acc: 0.736870
Validation: 118, time: 7.566162, loss: 1.590827, validation acc: 0.890574, validation avg acc: 0.818571
Train: 119, time: 7.367443, loss: 1.739468, train acc: 0.824930, train avg acc: 0.740120
Validation: 119, time: 7.367443, loss: 1.591307, validation acc: 0.885157, validation avg acc: 0.821404
Train: 120, time: 7.487180, loss: 1.741573, train acc: 0.824233, train avg acc: 0.739818
Validation: 120, time: 7.487180, loss: 1.622441, validation acc: 0.881365, validation avg acc: 0.812960
Train: 121, time: 7.449616, loss: 1.732876, train acc: 0.830390, train avg acc: 0.745167
Validation: 121, time: 7.449616, loss: 1.607954, validation acc: 0.864572, validation avg acc: 0.777808
Train: 122, time: 7.542737, loss: 1.739454, train acc: 0.822839, train avg acc: 0.732640
Validation: 122, time: 7.542737, loss: 1.582763, validation acc: 0.883532, validation avg acc: 0.820093
Train: 123, time: 7.537440, loss: 1.736600, train acc: 0.823885, train avg acc: 0.736994
Validation: 123, time: 7.537440, loss: 1.591848, validation acc: 0.881907, validation avg acc: 0.809332
Train: 124, time: 7.606580, loss: 1.731519, train acc: 0.825511, train avg acc: 0.736823
Validation: 124, time: 7.606580, loss: 1.589266, validation acc: 0.885157, validation avg acc: 0.811118
Train: 125, time: 7.454057, loss: 1.728065, train acc: 0.829693, train avg acc: 0.741351
Validation: 125, time: 7.454057, loss: 1.605652, validation acc: 0.879740, validation avg acc: 0.805154
Train: 126, time: 7.583726, loss: 1.730594, train acc: 0.828764, train avg acc: 0.742462
Validation: 126, time: 7.583726, loss: 1.602376, validation acc: 0.875948, validation avg acc: 0.789758
Train: 127, time: 7.378386, loss: 1.735324, train acc: 0.826557, train avg acc: 0.737875
Validation: 127, time: 7.378386, loss: 1.643160, validation acc: 0.855363, validation avg acc: 0.793593
Train: 128, time: 7.233393, loss: 1.741978, train acc: 0.821213, train avg acc: 0.732466
Validation: 128, time: 7.233393, loss: 1.612195, validation acc: 0.867822, validation avg acc: 0.790816
Train: 129, time: 7.544444, loss: 1.729798, train acc: 0.827138, train avg acc: 0.739804
Validation: 129, time: 7.544444, loss: 1.592733, validation acc: 0.885699, validation avg acc: 0.816979
Train: 130, time: 7.463927, loss: 1.730737, train acc: 0.827951, train avg acc: 0.742054
Validation: 130, time: 7.463927, loss: 1.598385, validation acc: 0.879198, validation avg acc: 0.808941
Train: 131, time: 7.242637, loss: 1.733011, train acc: 0.827021, train avg acc: 0.740282
Validation: 131, time: 7.242637, loss: 1.603199, validation acc: 0.872698, validation avg acc: 0.794415
Train: 132, time: 7.532563, loss: 1.727514, train acc: 0.829693, train avg acc: 0.746137
Validation: 132, time: 7.532563, loss: 1.620422, validation acc: 0.875948, validation avg acc: 0.814734
Train: 133, time: 7.342517, loss: 1.723153, train acc: 0.832714, train avg acc: 0.749466
Validation: 133, time: 7.342517, loss: 1.574247, validation acc: 0.891116, validation avg acc: 0.822130
Train: 134, time: 7.489889, loss: 1.727303, train acc: 0.829809, train avg acc: 0.742301
Validation: 134, time: 7.489889, loss: 1.641386, validation acc: 0.865114, validation avg acc: 0.788288
Train: 135, time: 7.495514, loss: 1.734333, train acc: 0.824930, train avg acc: 0.741834
Validation: 135, time: 7.495514, loss: 1.595904, validation acc: 0.885157, validation avg acc: 0.818708
Train: 136, time: 7.587134, loss: 1.726432, train acc: 0.830855, train avg acc: 0.745439
Validation: 136, time: 7.587134, loss: 1.598303, validation acc: 0.876490, validation avg acc: 0.813404
Train: 137, time: 7.372332, loss: 1.723149, train acc: 0.831784, train avg acc: 0.746338
Validation: 137, time: 7.372332, loss: 1.610286, validation acc: 0.878115, validation avg acc: 0.794523
Train: 138, time: 7.403176, loss: 1.730747, train acc: 0.826905, train avg acc: 0.740646
Validation: 138, time: 7.403176, loss: 1.596171, validation acc: 0.877031, validation avg acc: 0.808549
Train: 139, time: 7.165379, loss: 1.733039, train acc: 0.827138, train avg acc: 0.738768
Validation: 139, time: 7.165379, loss: 1.597840, validation acc: 0.876490, validation avg acc: 0.804261
Train: 140, time: 7.291465, loss: 1.735326, train acc: 0.825976, train avg acc: 0.743204
Validation: 140, time: 7.291465, loss: 1.613793, validation acc: 0.865655, validation avg acc: 0.782140
Train: 141, time: 7.462617, loss: 1.726744, train acc: 0.830507, train avg acc: 0.742256
Validation: 141, time: 7.462617, loss: 1.613387, validation acc: 0.869447, validation avg acc: 0.803977
Train: 142, time: 7.459352, loss: 1.725850, train acc: 0.833992, train avg acc: 0.754955
Validation: 142, time: 7.459352, loss: 1.590935, validation acc: 0.880823, validation avg acc: 0.803446
Train: 143, time: 7.754305, loss: 1.729706, train acc: 0.830158, train avg acc: 0.740090
Validation: 143, time: 7.754305, loss: 1.571210, validation acc: 0.881907, validation avg acc: 0.819999
Train: 144, time: 7.336664, loss: 1.727164, train acc: 0.828880, train avg acc: 0.743317
Validation: 144, time: 7.336664, loss: 1.603165, validation acc: 0.880823, validation avg acc: 0.813478
Train: 145, time: 7.130750, loss: 1.722827, train acc: 0.829809, train avg acc: 0.745041
Validation: 145, time: 7.130750, loss: 1.597823, validation acc: 0.883532, validation avg acc: 0.813412
Train: 146, time: 7.405363, loss: 1.722802, train acc: 0.833411, train avg acc: 0.751042
Validation: 146, time: 7.405363, loss: 1.586906, validation acc: 0.882990, validation avg acc: 0.816551
Train: 147, time: 7.363390, loss: 1.725496, train acc: 0.831436, train avg acc: 0.742273
Validation: 147, time: 7.363390, loss: 1.605933, validation acc: 0.875406, validation avg acc: 0.794143
Train: 148, time: 7.278449, loss: 1.725510, train acc: 0.829809, train avg acc: 0.740261
Validation: 148, time: 7.278449, loss: 1.612908, validation acc: 0.880282, validation avg acc: 0.818542
Train: 149, time: 7.485462, loss: 1.723614, train acc: 0.830390, train avg acc: 0.751536
Validation: 149, time: 7.485462, loss: 1.602233, validation acc: 0.877031, validation avg acc: 0.805442
Train: 150, time: 7.495753, loss: 1.724203, train acc: 0.830855, train avg acc: 0.747868
Validation: 150, time: 7.495753, loss: 1.589565, validation acc: 0.888407, validation avg acc: 0.825125
Train: 151, time: 7.461344, loss: 1.728811, train acc: 0.827370, train avg acc: 0.739720
Validation: 151, time: 7.461344, loss: 1.597718, validation acc: 0.876490, validation avg acc: 0.815840
Train: 152, time: 7.585932, loss: 1.726782, train acc: 0.827602, train avg acc: 0.740294
Validation: 152, time: 7.585932, loss: 1.598435, validation acc: 0.878115, validation avg acc: 0.801823
Train: 153, time: 7.483636, loss: 1.721869, train acc: 0.830158, train avg acc: 0.745462
Validation: 153, time: 7.483636, loss: 1.596742, validation acc: 0.878657, validation avg acc: 0.820246
Train: 154, time: 7.467246, loss: 1.724614, train acc: 0.829809, train avg acc: 0.746403
Validation: 154, time: 7.467246, loss: 1.582912, validation acc: 0.888407, validation avg acc: 0.821172
Train: 155, time: 7.490603, loss: 1.726239, train acc: 0.830971, train avg acc: 0.746491
Validation: 155, time: 7.490603, loss: 1.599182, validation acc: 0.873781, validation avg acc: 0.798356
Train: 156, time: 7.472471, loss: 1.725284, train acc: 0.829577, train avg acc: 0.740859
Validation: 156, time: 7.472471, loss: 1.598087, validation acc: 0.875948, validation avg acc: 0.809016
Train: 157, time: 7.365063, loss: 1.726495, train acc: 0.830274, train avg acc: 0.740215
Validation: 157, time: 7.365063, loss: 1.573234, validation acc: 0.874323, validation avg acc: 0.808339
Train: 158, time: 7.380382, loss: 1.731387, train acc: 0.825511, train avg acc: 0.734818
Validation: 158, time: 7.380382, loss: 1.583358, validation acc: 0.888949, validation avg acc: 0.810787
Train: 159, time: 7.395723, loss: 1.718850, train acc: 0.833411, train avg acc: 0.745232
Validation: 159, time: 7.395723, loss: 1.589432, validation acc: 0.876490, validation avg acc: 0.795090
Train: 160, time: 7.646992, loss: 1.725784, train acc: 0.831204, train avg acc: 0.747266
Validation: 160, time: 7.646992, loss: 1.600119, validation acc: 0.874865, validation avg acc: 0.806202
Train: 161, time: 7.333480, loss: 1.725637, train acc: 0.832714, train avg acc: 0.746500
Validation: 161, time: 7.333480, loss: 1.597682, validation acc: 0.882449, validation avg acc: 0.805813
Train: 162, time: 7.475258, loss: 1.723712, train acc: 0.832249, train avg acc: 0.746406
Validation: 162, time: 7.475258, loss: 1.611354, validation acc: 0.875948, validation avg acc: 0.809276
Train: 163, time: 7.676635, loss: 1.719212, train acc: 0.834108, train avg acc: 0.751672
Validation: 163, time: 7.676635, loss: 1.578557, validation acc: 0.886241, validation avg acc: 0.814302
Train: 164, time: 7.477280, loss: 1.724260, train acc: 0.831320, train avg acc: 0.744841
Validation: 164, time: 7.477280, loss: 1.607981, validation acc: 0.874865, validation avg acc: 0.800299
Train: 165, time: 7.343039, loss: 1.727080, train acc: 0.824698, train avg acc: 0.738864
Validation: 165, time: 7.343039, loss: 1.577311, validation acc: 0.885157, validation avg acc: 0.816890
Train: 166, time: 7.384903, loss: 1.725588, train acc: 0.835386, train avg acc: 0.752813
Validation: 166, time: 7.384903, loss: 1.614939, validation acc: 0.868906, validation avg acc: 0.787283
Train: 167, time: 7.679380, loss: 1.718495, train acc: 0.832598, train avg acc: 0.749899
Validation: 167, time: 7.679380, loss: 1.599800, validation acc: 0.879740, validation avg acc: 0.795870
Train: 168, time: 7.508090, loss: 1.721129, train acc: 0.833527, train avg acc: 0.751965
Validation: 168, time: 7.508090, loss: 1.597788, validation acc: 0.876490, validation avg acc: 0.799917
Train: 169, time: 7.561611, loss: 1.720549, train acc: 0.831204, train avg acc: 0.744440
Validation: 169, time: 7.561611, loss: 1.614104, validation acc: 0.872156, validation avg acc: 0.791520
Train: 170, time: 7.226072, loss: 1.721494, train acc: 0.828415, train avg acc: 0.741750
Validation: 170, time: 7.226072, loss: 1.600240, validation acc: 0.877573, validation avg acc: 0.818318
Train: 171, time: 7.525512, loss: 1.731621, train acc: 0.825860, train avg acc: 0.739272
Validation: 171, time: 7.525512, loss: 1.567249, validation acc: 0.891116, validation avg acc: 0.824331
Train: 172, time: 7.386631, loss: 1.721943, train acc: 0.833411, train avg acc: 0.749413
Validation: 172, time: 7.386631, loss: 1.606687, validation acc: 0.880282, validation avg acc: 0.807616
Train: 173, time: 7.485603, loss: 1.723824, train acc: 0.830739, train avg acc: 0.744678
Validation: 173, time: 7.485603, loss: 1.639530, validation acc: 0.859155, validation avg acc: 0.769482
Train: 174, time: 7.368678, loss: 1.709467, train acc: 0.839916, train avg acc: 0.756639
Validation: 174, time: 7.368678, loss: 1.615460, validation acc: 0.875948, validation avg acc: 0.797776
Train: 175, time: 7.398080, loss: 1.723473, train acc: 0.830507, train avg acc: 0.744066
Validation: 175, time: 7.398080, loss: 1.593128, validation acc: 0.882449, validation avg acc: 0.819784
Train: 176, time: 7.349365, loss: 1.721011, train acc: 0.831436, train avg acc: 0.745591
Validation: 176, time: 7.349365, loss: 1.581744, validation acc: 0.890574, validation avg acc: 0.821759
Train: 177, time: 7.252833, loss: 1.719605, train acc: 0.832249, train avg acc: 0.749602
Validation: 177, time: 7.252833, loss: 1.609977, validation acc: 0.876490, validation avg acc: 0.817672
Train: 178, time: 7.548894, loss: 1.719952, train acc: 0.832365, train avg acc: 0.750524
Validation: 178, time: 7.548894, loss: 1.592029, validation acc: 0.879198, validation avg acc: 0.803149
Train: 179, time: 7.530871, loss: 1.718328, train acc: 0.833527, train avg acc: 0.752018
Validation: 179, time: 7.530871, loss: 1.594665, validation acc: 0.877031, validation avg acc: 0.817616
Train: 180, time: 7.395654, loss: 1.727470, train acc: 0.829461, train avg acc: 0.743251
Validation: 180, time: 7.395654, loss: 1.589211, validation acc: 0.882449, validation avg acc: 0.818467
Train: 181, time: 7.474236, loss: 1.706161, train acc: 0.839452, train avg acc: 0.755761
Validation: 181, time: 7.474236, loss: 1.602599, validation acc: 0.878657, validation avg acc: 0.802888
Train: 182, time: 7.317787, loss: 1.711934, train acc: 0.832249, train avg acc: 0.749205
Validation: 182, time: 7.317787, loss: 1.588821, validation acc: 0.880823, validation avg acc: 0.812659
Train: 183, time: 7.553481, loss: 1.715818, train acc: 0.834689, train avg acc: 0.750462
Validation: 183, time: 7.553481, loss: 1.593140, validation acc: 0.877031, validation avg acc: 0.806069
Train: 184, time: 7.163825, loss: 1.717312, train acc: 0.830042, train avg acc: 0.746659
Validation: 184, time: 7.163825, loss: 1.586031, validation acc: 0.888407, validation avg acc: 0.818941
Train: 185, time: 7.506401, loss: 1.707086, train acc: 0.837012, train avg acc: 0.753433
Validation: 185, time: 7.506401, loss: 1.575283, validation acc: 0.883532, validation avg acc: 0.804769
Train: 186, time: 7.443895, loss: 1.719758, train acc: 0.834108, train avg acc: 0.746580
Validation: 186, time: 7.443895, loss: 1.587066, validation acc: 0.886241, validation avg acc: 0.819858
Train: 187, time: 7.396653, loss: 1.714339, train acc: 0.834108, train avg acc: 0.748780
Validation: 187, time: 7.396653, loss: 1.618851, validation acc: 0.870531, validation avg acc: 0.812135
Train: 188, time: 7.198870, loss: 1.721163, train acc: 0.836315, train avg acc: 0.753172
Validation: 188, time: 7.198870, loss: 1.586309, validation acc: 0.878115, validation avg acc: 0.813410
Train: 189, time: 7.574406, loss: 1.714914, train acc: 0.834224, train avg acc: 0.750961
Validation: 189, time: 7.574406, loss: 1.615579, validation acc: 0.863489, validation avg acc: 0.787300
Train: 190, time: 7.472095, loss: 1.717328, train acc: 0.830623, train avg acc: 0.749285
Validation: 190, time: 7.472095, loss: 1.594791, validation acc: 0.888949, validation avg acc: 0.827280
Train: 191, time: 7.765856, loss: 1.713234, train acc: 0.839452, train avg acc: 0.759320
Validation: 191, time: 7.765856, loss: 1.590144, validation acc: 0.877573, validation avg acc: 0.807264
Train: 192, time: 7.369525, loss: 1.714204, train acc: 0.835502, train avg acc: 0.749688
Validation: 192, time: 7.369525, loss: 1.613923, validation acc: 0.871614, validation avg acc: 0.795416
Train: 193, time: 7.540586, loss: 1.709996, train acc: 0.835850, train avg acc: 0.751953
Validation: 193, time: 7.540586, loss: 1.616471, validation acc: 0.875406, validation avg acc: 0.799962
Train: 194, time: 7.127968, loss: 1.718185, train acc: 0.831204, train avg acc: 0.746014
Validation: 194, time: 7.127968, loss: 1.658864, validation acc: 0.865114, validation avg acc: 0.795936
Train: 195, time: 7.474830, loss: 1.713556, train acc: 0.837825, train avg acc: 0.757248
Validation: 195, time: 7.474830, loss: 1.584010, validation acc: 0.888949, validation avg acc: 0.818005
Train: 196, time: 7.472718, loss: 1.707370, train acc: 0.840730, train avg acc: 0.758445
Validation: 196, time: 7.472718, loss: 1.602899, validation acc: 0.873239, validation avg acc: 0.795186
Train: 197, time: 7.396006, loss: 1.717389, train acc: 0.829112, train avg acc: 0.740103
Validation: 197, time: 7.396006, loss: 1.599187, validation acc: 0.874865, validation avg acc: 0.809582
Train: 198, time: 7.545227, loss: 1.719912, train acc: 0.832249, train avg acc: 0.745430
Validation: 198, time: 7.545227, loss: 1.585049, validation acc: 0.890574, validation avg acc: 0.832546
Train: 199, time: 7.503303, loss: 1.707770, train acc: 0.837709, train avg acc: 0.755911
Validation: 199, time: 7.503303, loss: 1.594543, validation acc: 0.873239, validation avg acc: 0.805883
Train: 200, time: 7.510142, loss: 1.713114, train acc: 0.830042, train avg acc: 0.745376
Validation: 200, time: 7.510142, loss: 1.603897, validation acc: 0.891116, validation avg acc: 0.815710
Train: 201, time: 7.475368, loss: 1.715239, train acc: 0.834805, train avg acc: 0.749446
Validation: 201, time: 7.475368, loss: 1.605684, validation acc: 0.872698, validation avg acc: 0.814807
Train: 202, time: 7.559717, loss: 1.716179, train acc: 0.836199, train avg acc: 0.753281
Validation: 202, time: 7.559717, loss: 1.598869, validation acc: 0.879198, validation avg acc: 0.814330
Train: 203, time: 7.391676, loss: 1.715007, train acc: 0.834224, train avg acc: 0.747108
Validation: 203, time: 7.391676, loss: 1.585940, validation acc: 0.884615, validation avg acc: 0.834503
Train: 204, time: 7.346288, loss: 1.717189, train acc: 0.830855, train avg acc: 0.745122
Validation: 204, time: 7.346288, loss: 1.576442, validation acc: 0.882990, validation avg acc: 0.815419
Train: 205, time: 7.499278, loss: 1.715284, train acc: 0.832946, train avg acc: 0.747573
Validation: 205, time: 7.499278, loss: 1.581599, validation acc: 0.894366, validation avg acc: 0.828150
Train: 206, time: 7.563840, loss: 1.711674, train acc: 0.835270, train avg acc: 0.751207
Validation: 206, time: 7.563840, loss: 1.588787, validation acc: 0.887866, validation avg acc: 0.809413
Train: 207, time: 7.500043, loss: 1.710774, train acc: 0.836896, train avg acc: 0.749912
Validation: 207, time: 7.500043, loss: 1.603803, validation acc: 0.869447, validation avg acc: 0.785601
Train: 208, time: 7.352585, loss: 1.718341, train acc: 0.829926, train avg acc: 0.743160
Validation: 208, time: 7.352585, loss: 1.588568, validation acc: 0.882449, validation avg acc: 0.807594
Train: 209, time: 7.479791, loss: 1.709289, train acc: 0.837941, train avg acc: 0.753144
Validation: 209, time: 7.479791, loss: 1.579455, validation acc: 0.880282, validation avg acc: 0.814887
Train: 210, time: 7.613340, loss: 1.709161, train acc: 0.837477, train avg acc: 0.754456
Validation: 210, time: 7.613340, loss: 1.578253, validation acc: 0.884615, validation avg acc: 0.812334
Train: 211, time: 6.945058, loss: 1.715332, train acc: 0.831668, train avg acc: 0.746279
Validation: 211, time: 6.945058, loss: 1.590751, validation acc: 0.874865, validation avg acc: 0.800790
Train: 212, time: 7.192692, loss: 1.704935, train acc: 0.840265, train avg acc: 0.757680
Validation: 212, time: 7.192692, loss: 1.610833, validation acc: 0.875948, validation avg acc: 0.797916
Train: 213, time: 7.286237, loss: 1.713472, train acc: 0.836547, train avg acc: 0.759216
Validation: 213, time: 7.286237, loss: 1.630906, validation acc: 0.856988, validation avg acc: 0.786124
Train: 214, time: 6.875544, loss: 1.712346, train acc: 0.835850, train avg acc: 0.753877
Validation: 214, time: 6.875544, loss: 1.582315, validation acc: 0.883532, validation avg acc: 0.822146
Train: 215, time: 6.968787, loss: 1.715368, train acc: 0.837941, train avg acc: 0.756835
Validation: 215, time: 6.968787, loss: 1.565718, validation acc: 0.884615, validation avg acc: 0.814283
Train: 216, time: 7.159293, loss: 1.703450, train acc: 0.840149, train avg acc: 0.754906
Validation: 216, time: 7.159293, loss: 1.591443, validation acc: 0.886782, validation avg acc: 0.831271
Train: 217, time: 7.503007, loss: 1.703201, train acc: 0.838522, train avg acc: 0.757668
Validation: 217, time: 7.503007, loss: 1.597855, validation acc: 0.880823, validation avg acc: 0.811672
Train: 218, time: 7.456014, loss: 1.710763, train acc: 0.832133, train avg acc: 0.749812
Validation: 218, time: 7.456014, loss: 1.581752, validation acc: 0.888407, validation avg acc: 0.824541
Train: 219, time: 7.460167, loss: 1.717020, train acc: 0.833759, train avg acc: 0.751390
Validation: 219, time: 7.460167, loss: 1.590830, validation acc: 0.875948, validation avg acc: 0.809636
Train: 220, time: 7.386161, loss: 1.702613, train acc: 0.840149, train avg acc: 0.759292
Validation: 220, time: 7.386161, loss: 1.583193, validation acc: 0.885699, validation avg acc: 0.817065
Train: 221, time: 7.395182, loss: 1.710532, train acc: 0.833178, train avg acc: 0.746233
Validation: 221, time: 7.395182, loss: 1.581838, validation acc: 0.885157, validation avg acc: 0.815119
Train: 222, time: 7.394602, loss: 1.715899, train acc: 0.833411, train avg acc: 0.751772
Validation: 222, time: 7.394602, loss: 1.591574, validation acc: 0.881907, validation avg acc: 0.821822
Train: 223, time: 7.453609, loss: 1.707853, train acc: 0.836664, train avg acc: 0.752287
Validation: 223, time: 7.453609, loss: 1.614484, validation acc: 0.875406, validation avg acc: 0.809947
Train: 224, time: 7.383883, loss: 1.704830, train acc: 0.838871, train avg acc: 0.760348
Validation: 224, time: 7.383883, loss: 1.592649, validation acc: 0.880282, validation avg acc: 0.812529
Train: 225, time: 7.579575, loss: 1.696004, train acc: 0.843285, train avg acc: 0.764885
Validation: 225, time: 7.579575, loss: 1.586929, validation acc: 0.886241, validation avg acc: 0.823889
Train: 226, time: 7.386240, loss: 1.709136, train acc: 0.838058, train avg acc: 0.756606
Validation: 226, time: 7.386240, loss: 1.576324, validation acc: 0.886782, validation avg acc: 0.820871
Train: 227, time: 7.210335, loss: 1.710405, train acc: 0.832946, train avg acc: 0.749833
Validation: 227, time: 7.210335, loss: 1.567163, validation acc: 0.893824, validation avg acc: 0.827859
Train: 228, time: 6.824224, loss: 1.702607, train acc: 0.844679, train avg acc: 0.770698
Validation: 228, time: 6.824224, loss: 1.582220, validation acc: 0.883532, validation avg acc: 0.806012
Train: 229, time: 7.510924, loss: 1.715387, train acc: 0.836315, train avg acc: 0.755950
Validation: 229, time: 7.510924, loss: 1.617745, validation acc: 0.882449, validation avg acc: 0.809875
Train: 230, time: 7.467799, loss: 1.716418, train acc: 0.833875, train avg acc: 0.749996
Validation: 230, time: 7.467799, loss: 1.581264, validation acc: 0.888407, validation avg acc: 0.826412
Train: 231, time: 7.444295, loss: 1.714414, train acc: 0.835850, train avg acc: 0.753953
Validation: 231, time: 7.444295, loss: 1.596489, validation acc: 0.879740, validation avg acc: 0.808564
Train: 232, time: 7.512642, loss: 1.710066, train acc: 0.838987, train avg acc: 0.757334
Validation: 232, time: 7.512642, loss: 1.588808, validation acc: 0.896533, validation avg acc: 0.837794
Train: 233, time: 7.471974, loss: 1.706365, train acc: 0.839336, train avg acc: 0.758321
Validation: 233, time: 7.471974, loss: 1.620281, validation acc: 0.873781, validation avg acc: 0.808236
Train: 234, time: 7.059787, loss: 1.712895, train acc: 0.834805, train avg acc: 0.750656
Validation: 234, time: 7.059787, loss: 1.602317, validation acc: 0.880282, validation avg acc: 0.819898
Train: 235, time: 7.499279, loss: 1.712855, train acc: 0.835502, train avg acc: 0.751778
Validation: 235, time: 7.499279, loss: 1.593313, validation acc: 0.884074, validation avg acc: 0.810397
Train: 236, time: 7.435739, loss: 1.706741, train acc: 0.838755, train avg acc: 0.755663
Validation: 236, time: 7.435739, loss: 1.591966, validation acc: 0.879740, validation avg acc: 0.817046
Train: 237, time: 7.574975, loss: 1.702501, train acc: 0.839219, train avg acc: 0.762773
Validation: 237, time: 7.574975, loss: 1.589439, validation acc: 0.887324, validation avg acc: 0.829487
Train: 238, time: 7.337821, loss: 1.706590, train acc: 0.837941, train avg acc: 0.753997
Validation: 238, time: 7.337821, loss: 1.583770, validation acc: 0.886782, validation avg acc: 0.816788
Train: 239, time: 7.195053, loss: 1.708565, train acc: 0.837825, train avg acc: 0.757221
Validation: 239, time: 7.195053, loss: 1.575075, validation acc: 0.892199, validation avg acc: 0.834925
Train: 240, time: 7.348496, loss: 1.704745, train acc: 0.838290, train avg acc: 0.752275
Validation: 240, time: 7.348496, loss: 1.580682, validation acc: 0.891658, validation avg acc: 0.830835
Train: 241, time: 7.271032, loss: 1.711689, train acc: 0.836199, train avg acc: 0.754856
Validation: 241, time: 7.271032, loss: 1.597108, validation acc: 0.889491, validation avg acc: 0.834160
Train: 242, time: 7.480492, loss: 1.706724, train acc: 0.838522, train avg acc: 0.752290
Validation: 242, time: 7.480492, loss: 1.569636, validation acc: 0.894366, validation avg acc: 0.835465
Train: 243, time: 7.460962, loss: 1.703182, train acc: 0.836083, train avg acc: 0.755003
Validation: 243, time: 7.460962, loss: 1.583040, validation acc: 0.879740, validation avg acc: 0.815794
Train: 244, time: 7.503982, loss: 1.704225, train acc: 0.838987, train avg acc: 0.756017
Validation: 244, time: 7.503982, loss: 1.599784, validation acc: 0.884615, validation avg acc: 0.829448
Train: 245, time: 7.278616, loss: 1.705453, train acc: 0.840265, train avg acc: 0.759695
Validation: 245, time: 7.278616, loss: 1.595680, validation acc: 0.881365, validation avg acc: 0.810084
Train: 246, time: 7.595550, loss: 1.709006, train acc: 0.834572, train avg acc: 0.747048
Validation: 246, time: 7.595550, loss: 1.564463, validation acc: 0.897616, validation avg acc: 0.837573
Train: 247, time: 7.556576, loss: 1.704997, train acc: 0.840497, train avg acc: 0.758846
Validation: 247, time: 7.556576, loss: 1.587636, validation acc: 0.882449, validation avg acc: 0.812436
Train: 248, time: 7.436718, loss: 1.706809, train acc: 0.835850, train avg acc: 0.755958
Validation: 248, time: 7.436718, loss: 1.582421, validation acc: 0.888407, validation avg acc: 0.821000
Train: 249, time: 7.325945, loss: 1.707213, train acc: 0.839568, train avg acc: 0.756999
Validation: 249, time: 7.325945, loss: 1.618939, validation acc: 0.879740, validation avg acc: 0.800905
Train: 250, time: 7.498983, loss: 1.709596, train acc: 0.834689, train avg acc: 0.750423
Validation: 250, time: 7.498983, loss: 1.601157, validation acc: 0.876490, validation avg acc: 0.812412
Train: 251, time: 7.414495, loss: 1.711254, train acc: 0.836664, train avg acc: 0.755364
Validation: 251, time: 7.414495, loss: 1.569213, validation acc: 0.881365, validation avg acc: 0.808815
Train: 252, time: 7.320416, loss: 1.702125, train acc: 0.840033, train avg acc: 0.763179
Validation: 252, time: 7.320416, loss: 1.586663, validation acc: 0.877031, validation avg acc: 0.798704
Train: 253, time: 7.069514, loss: 1.704812, train acc: 0.837709, train avg acc: 0.754749
Validation: 253, time: 7.069514, loss: 1.578699, validation acc: 0.884615, validation avg acc: 0.823777
Train: 254, time: 7.399061, loss: 1.704799, train acc: 0.839684, train avg acc: 0.757675
Validation: 254, time: 7.399061, loss: 1.574560, validation acc: 0.893283, validation avg acc: 0.828384
Train: 255, time: 7.297127, loss: 1.707167, train acc: 0.836431, train avg acc: 0.754909
Validation: 255, time: 7.297127, loss: 1.584877, validation acc: 0.878657, validation avg acc: 0.815433
Train: 256, time: 7.324871, loss: 1.700827, train acc: 0.832946, train avg acc: 0.749832
Validation: 256, time: 7.324871, loss: 1.575462, validation acc: 0.885699, validation avg acc: 0.827098
Train: 257, time: 7.385217, loss: 1.708596, train acc: 0.836780, train avg acc: 0.757399
Validation: 257, time: 7.385217, loss: 1.604002, validation acc: 0.875406, validation avg acc: 0.795796
Train: 258, time: 7.391095, loss: 1.707457, train acc: 0.837128, train avg acc: 0.754209
Validation: 258, time: 7.391095, loss: 1.599986, validation acc: 0.881365, validation avg acc: 0.807693
Train: 259, time: 7.418524, loss: 1.710614, train acc: 0.837128, train avg acc: 0.751615
Validation: 259, time: 7.418524, loss: 1.579197, validation acc: 0.889491, validation avg acc: 0.829792
Train: 260, time: 7.444860, loss: 1.712133, train acc: 0.835270, train avg acc: 0.751286
Validation: 260, time: 7.444860, loss: 1.583688, validation acc: 0.889491, validation avg acc: 0.822756
Train: 261, time: 7.499683, loss: 1.697798, train acc: 0.841659, train avg acc: 0.759804
Validation: 261, time: 7.499683, loss: 1.580547, validation acc: 0.881365, validation avg acc: 0.827885
Train: 262, time: 7.559274, loss: 1.701297, train acc: 0.836896, train avg acc: 0.753014
Validation: 262, time: 7.559274, loss: 1.587042, validation acc: 0.880823, validation avg acc: 0.801042
Train: 263, time: 7.731351, loss: 1.702903, train acc: 0.840381, train avg acc: 0.758474
Validation: 263, time: 7.731351, loss: 1.617718, validation acc: 0.873239, validation avg acc: 0.808142
Train: 264, time: 7.125890, loss: 1.703846, train acc: 0.841310, train avg acc: 0.762897
Validation: 264, time: 7.125890, loss: 1.609764, validation acc: 0.876490, validation avg acc: 0.811874
Train: 265, time: 6.997309, loss: 1.702311, train acc: 0.837128, train avg acc: 0.755743
Validation: 265, time: 6.997309, loss: 1.572633, validation acc: 0.883532, validation avg acc: 0.814281
Train: 266, time: 7.278043, loss: 1.704768, train acc: 0.838290, train avg acc: 0.755796
Validation: 266, time: 7.278043, loss: 1.572210, validation acc: 0.888949, validation avg acc: 0.831836
Train: 267, time: 7.250164, loss: 1.702970, train acc: 0.840381, train avg acc: 0.760846
Validation: 267, time: 7.250164, loss: 1.616792, validation acc: 0.875406, validation avg acc: 0.811024
Train: 268, time: 7.412047, loss: 1.703519, train acc: 0.835270, train avg acc: 0.751413
Validation: 268, time: 7.412047, loss: 1.591479, validation acc: 0.887324, validation avg acc: 0.834217
Train: 269, time: 7.402417, loss: 1.702059, train acc: 0.841310, train avg acc: 0.763526
Validation: 269, time: 7.402417, loss: 1.582525, validation acc: 0.883532, validation avg acc: 0.803171
Train: 270, time: 7.568638, loss: 1.698916, train acc: 0.842124, train avg acc: 0.765992
Validation: 270, time: 7.568638, loss: 1.582190, validation acc: 0.891116, validation avg acc: 0.818552
Train: 271, time: 7.342117, loss: 1.707187, train acc: 0.834921, train avg acc: 0.751292
Validation: 271, time: 7.342117, loss: 1.595058, validation acc: 0.888949, validation avg acc: 0.830999
Train: 272, time: 7.367402, loss: 1.696897, train acc: 0.845028, train avg acc: 0.769069
Validation: 272, time: 7.367402, loss: 1.565642, validation acc: 0.887324, validation avg acc: 0.820419
Train: 273, time: 7.420318, loss: 1.704685, train acc: 0.837709, train avg acc: 0.754811
Validation: 273, time: 7.420318, loss: 1.571860, validation acc: 0.884074, validation avg acc: 0.807245
Train: 274, time: 7.358435, loss: 1.703098, train acc: 0.838871, train avg acc: 0.754877
Validation: 274, time: 7.358435, loss: 1.583138, validation acc: 0.882990, validation avg acc: 0.817310
Train: 275, time: 7.381008, loss: 1.706288, train acc: 0.837941, train avg acc: 0.757712
Validation: 275, time: 7.381008, loss: 1.581784, validation acc: 0.891658, validation avg acc: 0.837247
Train: 276, time: 7.467778, loss: 1.702373, train acc: 0.840265, train avg acc: 0.756848
Validation: 276, time: 7.467778, loss: 1.576341, validation acc: 0.886782, validation avg acc: 0.816734
Train: 277, time: 7.384717, loss: 1.706735, train acc: 0.836431, train avg acc: 0.752191
Validation: 277, time: 7.384717, loss: 1.583988, validation acc: 0.886782, validation avg acc: 0.825272
Train: 278, time: 7.373144, loss: 1.705611, train acc: 0.838638, train avg acc: 0.758174
Validation: 278, time: 7.373144, loss: 1.594152, validation acc: 0.887866, validation avg acc: 0.814703
Train: 279, time: 7.469883, loss: 1.702412, train acc: 0.840613, train avg acc: 0.760315
Validation: 279, time: 7.469883, loss: 1.596319, validation acc: 0.881907, validation avg acc: 0.829993
Train: 280, time: 7.373884, loss: 1.707289, train acc: 0.838058, train avg acc: 0.754878
Validation: 280, time: 7.373884, loss: 1.568695, validation acc: 0.881365, validation avg acc: 0.808443
Train: 281, time: 7.309477, loss: 1.700374, train acc: 0.834224, train avg acc: 0.752314
Validation: 281, time: 7.309477, loss: 1.575501, validation acc: 0.898700, validation avg acc: 0.848358
Train: 282, time: 7.201046, loss: 1.702131, train acc: 0.839103, train avg acc: 0.757490
Validation: 282, time: 7.201046, loss: 1.591250, validation acc: 0.876490, validation avg acc: 0.808169
Train: 283, time: 7.544416, loss: 1.703170, train acc: 0.839336, train avg acc: 0.755281
Validation: 283, time: 7.544416, loss: 1.604594, validation acc: 0.888407, validation avg acc: 0.827474
Train: 284, time: 7.465998, loss: 1.700244, train acc: 0.836780, train avg acc: 0.754607
Validation: 284, time: 7.465998, loss: 1.603169, validation acc: 0.877031, validation avg acc: 0.809195
Train: 285, time: 7.373426, loss: 1.694772, train acc: 0.840381, train avg acc: 0.757532
Validation: 285, time: 7.373426, loss: 1.632369, validation acc: 0.871614, validation avg acc: 0.814421
Train: 286, time: 7.390891, loss: 1.708592, train acc: 0.835270, train avg acc: 0.754739
Validation: 286, time: 7.390891, loss: 1.571897, validation acc: 0.893283, validation avg acc: 0.834034
Train: 287, time: 7.388613, loss: 1.698660, train acc: 0.840846, train avg acc: 0.760345
Validation: 287, time: 7.388613, loss: 1.590303, validation acc: 0.887866, validation avg acc: 0.832755
Train: 288, time: 7.271370, loss: 1.697150, train acc: 0.845376, train avg acc: 0.766627
Validation: 288, time: 7.271370, loss: 1.563825, validation acc: 0.891658, validation avg acc: 0.829572
Train: 289, time: 7.359533, loss: 1.696552, train acc: 0.841427, train avg acc: 0.761225
Validation: 289, time: 7.359533, loss: 1.591029, validation acc: 0.882990, validation avg acc: 0.814287
Train: 290, time: 7.397467, loss: 1.698925, train acc: 0.842356, train avg acc: 0.760195
Validation: 290, time: 7.397467, loss: 1.562153, validation acc: 0.897616, validation avg acc: 0.843029
Train: 291, time: 7.354008, loss: 1.705699, train acc: 0.837128, train avg acc: 0.752924
Validation: 291, time: 7.354008, loss: 1.598689, validation acc: 0.879198, validation avg acc: 0.807101
Train: 292, time: 7.433385, loss: 1.704346, train acc: 0.837128, train avg acc: 0.752816
Validation: 292, time: 7.433385, loss: 1.575203, validation acc: 0.886241, validation avg acc: 0.826340
Train: 293, time: 7.338321, loss: 1.709512, train acc: 0.836083, train avg acc: 0.757234
Validation: 293, time: 7.338321, loss: 1.609660, validation acc: 0.871073, validation avg acc: 0.792983
Train: 294, time: 7.388357, loss: 1.702547, train acc: 0.840265, train avg acc: 0.760007
Validation: 294, time: 7.388357, loss: 1.593852, validation acc: 0.884615, validation avg acc: 0.828595
Train: 295, time: 7.370652, loss: 1.700416, train acc: 0.840730, train avg acc: 0.759118
Validation: 295, time: 7.370652, loss: 1.584645, validation acc: 0.884074, validation avg acc: 0.823714
Train: 296, time: 7.406462, loss: 1.702752, train acc: 0.830623, train avg acc: 0.745336
Validation: 296, time: 7.406462, loss: 1.593557, validation acc: 0.885157, validation avg acc: 0.826215
Train: 297, time: 7.450641, loss: 1.702299, train acc: 0.840149, train avg acc: 0.758645
Validation: 297, time: 7.450641, loss: 1.585201, validation acc: 0.885157, validation avg acc: 0.818207
Train: 298, time: 7.548019, loss: 1.703127, train acc: 0.838755, train avg acc: 0.753822
Validation: 298, time: 7.548019, loss: 1.597955, validation acc: 0.878115, validation avg acc: 0.804656
Train: 299, time: 7.520001, loss: 1.709381, train acc: 0.836547, train avg acc: 0.754085
Validation: 299, time: 7.520001, loss: 1.604041, validation acc: 0.879740, validation avg acc: 0.807632
====================================================================
TEST:: test acc: 0.889551, test avg acc: 0.842199
