PointNet(
  (conv1): Conv1d(3, 64, kernel_size=(1,), stride=(1,), bias=False)
  (conv2): Conv1d(64, 64, kernel_size=(1,), stride=(1,), bias=False)
  (conv3): Conv1d(64, 64, kernel_size=(1,), stride=(1,), bias=False)
  (conv4): Conv1d(64, 128, kernel_size=(1,), stride=(1,), bias=False)
  (conv5): Conv1d(128, 1024, kernel_size=(1,), stride=(1,), bias=False)
  (bn1): BatchNorm1d(64, eps=1e-05, momentum=0.1, affine=True, track_running_stats=True)
  (bn2): BatchNorm1d(64, eps=1e-05, momentum=0.1, affine=True, track_running_stats=True)
  (bn3): BatchNorm1d(64, eps=1e-05, momentum=0.1, affine=True, track_running_stats=True)
  (bn4): BatchNorm1d(128, eps=1e-05, momentum=0.1, affine=True, track_running_stats=True)
  (bn5): BatchNorm1d(1024, eps=1e-05, momentum=0.1, affine=True, track_running_stats=True)
  (linear1): Linear(in_features=1024, out_features=512, bias=False)
  (bn6): BatchNorm1d(512, eps=1e-05, momentum=0.1, affine=True, track_running_stats=True)
  (dp1): Dropout(p=0.5, inplace=False)
  (linear2): Linear(in_features=512, out_features=40, bias=True)
)
Train: 0, time: 7.665012, loss: 2.873597, train acc: 0.376859, train avg acc: 0.216981
Validation: 0, time: 7.665012, loss: 2.288756, validation acc: 0.579632, validation avg acc: 0.375379
Train: 1, time: 7.683667, loss: 2.428704, train acc: 0.540892, train avg acc: 0.355897
Validation: 1, time: 7.683667, loss: 2.051808, validation acc: 0.696641, validation avg acc: 0.511574
Train: 2, time: 7.781914, loss: 2.283431, train acc: 0.599907, train avg acc: 0.429971
Validation: 2, time: 7.781914, loss: 1.946130, validation acc: 0.739437, validation avg acc: 0.567668
Train: 3, time: 7.705348, loss: 2.196207, train acc: 0.634526, train avg acc: 0.473453
Validation: 3, time: 7.705348, loss: 1.909517, validation acc: 0.761647, validation avg acc: 0.613739
Train: 4, time: 7.722380, loss: 2.127930, train acc: 0.665079, train avg acc: 0.513901
Validation: 4, time: 7.722380, loss: 1.868090, validation acc: 0.758938, validation avg acc: 0.617936
Train: 5, time: 7.772763, loss: 2.087896, train acc: 0.677277, train avg acc: 0.527659
Validation: 5, time: 7.772763, loss: 1.820163, validation acc: 0.788732, validation avg acc: 0.657221
Train: 6, time: 7.704993, loss: 2.053302, train acc: 0.691914, train avg acc: 0.547175
Validation: 6, time: 7.704993, loss: 1.814042, validation acc: 0.786024, validation avg acc: 0.647748
Train: 7, time: 7.738862, loss: 2.028356, train acc: 0.701905, train avg acc: 0.563639
Validation: 7, time: 7.738862, loss: 1.815460, validation acc: 0.782774, validation avg acc: 0.644804
Train: 8, time: 7.678581, loss: 2.005051, train acc: 0.713987, train avg acc: 0.579306
Validation: 8, time: 7.678581, loss: 1.756643, validation acc: 0.832611, validation avg acc: 0.737309
Train: 9, time: 7.686119, loss: 1.980317, train acc: 0.725139, train avg acc: 0.592764
Validation: 9, time: 7.686119, loss: 1.792612, validation acc: 0.793066, validation avg acc: 0.668680
Train: 10, time: 7.657243, loss: 1.972995, train acc: 0.728625, train avg acc: 0.596470
Validation: 10, time: 7.657243, loss: 1.746664, validation acc: 0.819068, validation avg acc: 0.689710
Train: 11, time: 7.598401, loss: 1.951153, train acc: 0.740125, train avg acc: 0.616327
Validation: 11, time: 7.598401, loss: 1.723873, validation acc: 0.828819, validation avg acc: 0.722430
Train: 12, time: 7.882689, loss: 1.946237, train acc: 0.738615, train avg acc: 0.613557
Validation: 12, time: 7.882689, loss: 1.711968, validation acc: 0.833153, validation avg acc: 0.729392
Train: 13, time: 7.572375, loss: 1.920302, train acc: 0.749071, train avg acc: 0.627143
Validation: 13, time: 7.572375, loss: 1.709688, validation acc: 0.832069, validation avg acc: 0.726771
Train: 14, time: 7.690774, loss: 1.908416, train acc: 0.756273, train avg acc: 0.637576
Validation: 14, time: 7.690774, loss: 1.728636, validation acc: 0.826652, validation avg acc: 0.714529
Train: 15, time: 7.749513, loss: 1.902815, train acc: 0.757086, train avg acc: 0.637236
Validation: 15, time: 7.749513, loss: 1.701527, validation acc: 0.848321, validation avg acc: 0.762066
Train: 16, time: 7.819967, loss: 1.883811, train acc: 0.765799, train avg acc: 0.648491
Validation: 16, time: 7.819967, loss: 1.670905, validation acc: 0.861322, validation avg acc: 0.766178
Train: 17, time: 7.778669, loss: 1.877428, train acc: 0.767309, train avg acc: 0.651608
Validation: 17, time: 7.778669, loss: 1.689017, validation acc: 0.842362, validation avg acc: 0.740848
Train: 18, time: 7.629323, loss: 1.878296, train acc: 0.764521, train avg acc: 0.650570
Validation: 18, time: 7.629323, loss: 1.676649, validation acc: 0.846696, validation avg acc: 0.762873
Train: 19, time: 7.699615, loss: 1.857634, train acc: 0.773467, train avg acc: 0.658985
Validation: 19, time: 7.699615, loss: 1.704163, validation acc: 0.841820, validation avg acc: 0.738391
Train: 20, time: 7.719709, loss: 1.855421, train acc: 0.776603, train avg acc: 0.660779
Validation: 20, time: 7.719709, loss: 1.681792, validation acc: 0.853738, validation avg acc: 0.753826
Train: 21, time: 7.650180, loss: 1.856693, train acc: 0.778927, train avg acc: 0.670642
Validation: 21, time: 7.650180, loss: 1.694040, validation acc: 0.853196, validation avg acc: 0.757494
Train: 22, time: 7.678806, loss: 1.857090, train acc: 0.776138, train avg acc: 0.666114
Validation: 22, time: 7.678806, loss: 1.686640, validation acc: 0.845612, validation avg acc: 0.756294
Train: 23, time: 7.662689, loss: 1.845452, train acc: 0.781018, train avg acc: 0.672829
Validation: 23, time: 7.662689, loss: 1.673296, validation acc: 0.854821, validation avg acc: 0.766556
Train: 24, time: 7.674603, loss: 1.839317, train acc: 0.784619, train avg acc: 0.678659
Validation: 24, time: 7.674603, loss: 1.657070, validation acc: 0.861863, validation avg acc: 0.775160
Train: 25, time: 7.751733, loss: 1.827403, train acc: 0.791357, train avg acc: 0.687268
Validation: 25, time: 7.751733, loss: 1.658462, validation acc: 0.867281, validation avg acc: 0.771956
Train: 26, time: 7.609003, loss: 1.828632, train acc: 0.787523, train avg acc: 0.676411
Validation: 26, time: 7.609003, loss: 1.655436, validation acc: 0.859155, validation avg acc: 0.762979
Train: 27, time: 7.756837, loss: 1.825597, train acc: 0.794726, train avg acc: 0.689999
Validation: 27, time: 7.756837, loss: 1.645581, validation acc: 0.868906, validation avg acc: 0.790493
Train: 28, time: 7.427668, loss: 1.815832, train acc: 0.793680, train avg acc: 0.690995
Validation: 28, time: 7.427668, loss: 1.649640, validation acc: 0.853196, validation avg acc: 0.763306
Train: 29, time: 7.631509, loss: 1.807788, train acc: 0.799257, train avg acc: 0.699150
Validation: 29, time: 7.631509, loss: 1.636684, validation acc: 0.872156, validation avg acc: 0.786189
Train: 30, time: 7.585557, loss: 1.805927, train acc: 0.799257, train avg acc: 0.697941
Validation: 30, time: 7.585557, loss: 1.637239, validation acc: 0.869447, validation avg acc: 0.782259
Train: 31, time: 7.811490, loss: 1.803638, train acc: 0.799373, train avg acc: 0.701954
Validation: 31, time: 7.811490, loss: 1.628725, validation acc: 0.862947, validation avg acc: 0.780596
Train: 32, time: 7.728627, loss: 1.795706, train acc: 0.800767, train avg acc: 0.697765
Validation: 32, time: 7.728627, loss: 1.636815, validation acc: 0.861863, validation avg acc: 0.768579
Train: 33, time: 7.641140, loss: 1.797579, train acc: 0.804484, train avg acc: 0.703564
Validation: 33, time: 7.641140, loss: 1.620992, validation acc: 0.869447, validation avg acc: 0.790064
Train: 34, time: 7.747669, loss: 1.784970, train acc: 0.807853, train avg acc: 0.709189
Validation: 34, time: 7.747669, loss: 1.618734, validation acc: 0.872156, validation avg acc: 0.798697
Train: 35, time: 7.707333, loss: 1.787412, train acc: 0.802509, train avg acc: 0.701919
Validation: 35, time: 7.707333, loss: 1.618991, validation acc: 0.863489, validation avg acc: 0.773619
Train: 36, time: 7.723211, loss: 1.792356, train acc: 0.802161, train avg acc: 0.706358
Validation: 36, time: 7.723211, loss: 1.639893, validation acc: 0.864030, validation avg acc: 0.780875
Train: 37, time: 7.471540, loss: 1.786707, train acc: 0.804600, train avg acc: 0.708731
Validation: 37, time: 7.471540, loss: 1.612544, validation acc: 0.870531, validation avg acc: 0.790271
Train: 38, time: 7.594296, loss: 1.773428, train acc: 0.811454, train avg acc: 0.719373
Validation: 38, time: 7.594296, loss: 1.632369, validation acc: 0.866197, validation avg acc: 0.800253
Train: 39, time: 7.811574, loss: 1.771419, train acc: 0.812384, train avg acc: 0.716974
Validation: 39, time: 7.811574, loss: 1.629650, validation acc: 0.878115, validation avg acc: 0.799432
Train: 40, time: 7.641359, loss: 1.774648, train acc: 0.804484, train avg acc: 0.705868
Validation: 40, time: 7.641359, loss: 1.609132, validation acc: 0.877031, validation avg acc: 0.807131
Train: 41, time: 7.652756, loss: 1.767118, train acc: 0.809363, train avg acc: 0.711564
Validation: 41, time: 7.652756, loss: 1.624327, validation acc: 0.865655, validation avg acc: 0.791630
Train: 42, time: 7.610799, loss: 1.764951, train acc: 0.813662, train avg acc: 0.715610
Validation: 42, time: 7.610799, loss: 1.608246, validation acc: 0.875406, validation avg acc: 0.809780
Train: 43, time: 7.759455, loss: 1.763954, train acc: 0.815985, train avg acc: 0.718412
Validation: 43, time: 7.759455, loss: 1.618414, validation acc: 0.866739, validation avg acc: 0.787574
Train: 44, time: 7.781635, loss: 1.763255, train acc: 0.816450, train avg acc: 0.724883
Validation: 44, time: 7.781635, loss: 1.617296, validation acc: 0.874323, validation avg acc: 0.796872
Train: 45, time: 7.803056, loss: 1.760003, train acc: 0.816566, train avg acc: 0.724105
Validation: 45, time: 7.803056, loss: 1.630206, validation acc: 0.872156, validation avg acc: 0.796898
Train: 46, time: 7.682989, loss: 1.755401, train acc: 0.819006, train avg acc: 0.723947
Validation: 46, time: 7.682989, loss: 1.604493, validation acc: 0.873781, validation avg acc: 0.794108
Train: 47, time: 7.593215, loss: 1.749247, train acc: 0.821445, train avg acc: 0.730175
Validation: 47, time: 7.593215, loss: 1.619933, validation acc: 0.863489, validation avg acc: 0.780057
Train: 48, time: 7.808622, loss: 1.746348, train acc: 0.822955, train avg acc: 0.732886
Validation: 48, time: 7.808622, loss: 1.609585, validation acc: 0.876490, validation avg acc: 0.804571
Train: 49, time: 7.613564, loss: 1.744848, train acc: 0.824233, train avg acc: 0.736264
Validation: 49, time: 7.613564, loss: 1.601810, validation acc: 0.869447, validation avg acc: 0.801323
Train: 50, time: 7.766871, loss: 1.743754, train acc: 0.823769, train avg acc: 0.733772
Validation: 50, time: 7.766871, loss: 1.600612, validation acc: 0.877573, validation avg acc: 0.797269
Train: 51, time: 7.802202, loss: 1.744043, train acc: 0.821794, train avg acc: 0.734041
Validation: 51, time: 7.802202, loss: 1.611070, validation acc: 0.872156, validation avg acc: 0.794927
Train: 52, time: 7.646410, loss: 1.733744, train acc: 0.827602, train avg acc: 0.738252
Validation: 52, time: 7.646410, loss: 1.584241, validation acc: 0.886782, validation avg acc: 0.811105
Train: 53, time: 7.581099, loss: 1.741076, train acc: 0.825627, train avg acc: 0.731974
Validation: 53, time: 7.581099, loss: 1.594687, validation acc: 0.879198, validation avg acc: 0.800588
Train: 54, time: 7.753584, loss: 1.737395, train acc: 0.829112, train avg acc: 0.737297
Validation: 54, time: 7.753584, loss: 1.607012, validation acc: 0.873239, validation avg acc: 0.809801
Train: 55, time: 7.616436, loss: 1.739263, train acc: 0.823885, train avg acc: 0.738350
Validation: 55, time: 7.616436, loss: 1.596595, validation acc: 0.880282, validation avg acc: 0.808469
Train: 56, time: 7.653091, loss: 1.731335, train acc: 0.833411, train avg acc: 0.748683
Validation: 56, time: 7.653091, loss: 1.599645, validation acc: 0.882990, validation avg acc: 0.820209
Train: 57, time: 7.482170, loss: 1.738110, train acc: 0.826557, train avg acc: 0.734376
Validation: 57, time: 7.482170, loss: 1.594242, validation acc: 0.877031, validation avg acc: 0.789475
Train: 58, time: 7.532240, loss: 1.730638, train acc: 0.827951, train avg acc: 0.740167
Validation: 58, time: 7.532240, loss: 1.595510, validation acc: 0.878657, validation avg acc: 0.801502
Train: 59, time: 7.605942, loss: 1.726992, train acc: 0.832133, train avg acc: 0.748104
Validation: 59, time: 7.605942, loss: 1.600086, validation acc: 0.871073, validation avg acc: 0.796286
Train: 60, time: 7.807078, loss: 1.733772, train acc: 0.824582, train avg acc: 0.738067
Validation: 60, time: 7.807078, loss: 1.585892, validation acc: 0.880823, validation avg acc: 0.797856
Train: 61, time: 7.658015, loss: 1.724387, train acc: 0.832946, train avg acc: 0.748295
Validation: 61, time: 7.658015, loss: 1.586032, validation acc: 0.886782, validation avg acc: 0.809147
Train: 62, time: 7.582102, loss: 1.719471, train acc: 0.838871, train avg acc: 0.753973
Validation: 62, time: 7.582102, loss: 1.586620, validation acc: 0.875948, validation avg acc: 0.803954
Train: 63, time: 7.683747, loss: 1.726540, train acc: 0.829693, train avg acc: 0.740744
Validation: 63, time: 7.683747, loss: 1.592852, validation acc: 0.872156, validation avg acc: 0.797534
Train: 64, time: 7.601243, loss: 1.724227, train acc: 0.832830, train avg acc: 0.747927
Validation: 64, time: 7.601243, loss: 1.602720, validation acc: 0.872698, validation avg acc: 0.797676
Train: 65, time: 7.797428, loss: 1.730553, train acc: 0.829693, train avg acc: 0.740226
Validation: 65, time: 7.797428, loss: 1.597152, validation acc: 0.880823, validation avg acc: 0.817801
Train: 66, time: 7.583028, loss: 1.717359, train acc: 0.833759, train avg acc: 0.752055
Validation: 66, time: 7.583028, loss: 1.584508, validation acc: 0.875948, validation avg acc: 0.800315
Train: 67, time: 7.652123, loss: 1.715537, train acc: 0.832714, train avg acc: 0.749383
Validation: 67, time: 7.652123, loss: 1.592394, validation acc: 0.885699, validation avg acc: 0.810563
Train: 68, time: 7.600414, loss: 1.711804, train acc: 0.839684, train avg acc: 0.753269
Validation: 68, time: 7.600414, loss: 1.585565, validation acc: 0.881907, validation avg acc: 0.808029
Train: 69, time: 7.737855, loss: 1.713933, train acc: 0.837244, train avg acc: 0.756155
Validation: 69, time: 7.737855, loss: 1.585832, validation acc: 0.887324, validation avg acc: 0.817312
Train: 70, time: 7.677565, loss: 1.711475, train acc: 0.836431, train avg acc: 0.751527
Validation: 70, time: 7.677565, loss: 1.593098, validation acc: 0.876490, validation avg acc: 0.813807
Train: 71, time: 7.615597, loss: 1.709873, train acc: 0.832481, train avg acc: 0.746593
Validation: 71, time: 7.615597, loss: 1.579973, validation acc: 0.885157, validation avg acc: 0.822061
Train: 72, time: 7.740864, loss: 1.712056, train acc: 0.831668, train avg acc: 0.745774
Validation: 72, time: 7.740864, loss: 1.576580, validation acc: 0.891116, validation avg acc: 0.819033
Train: 73, time: 7.605731, loss: 1.703160, train acc: 0.841659, train avg acc: 0.757977
Validation: 73, time: 7.605731, loss: 1.611866, validation acc: 0.874865, validation avg acc: 0.799910
Train: 74, time: 7.666071, loss: 1.712101, train acc: 0.836315, train avg acc: 0.755677
Validation: 74, time: 7.666071, loss: 1.581062, validation acc: 0.885699, validation avg acc: 0.823092
Train: 75, time: 7.683828, loss: 1.701760, train acc: 0.844099, train avg acc: 0.764204
Validation: 75, time: 7.683828, loss: 1.593571, validation acc: 0.878115, validation avg acc: 0.797734
Train: 76, time: 7.626251, loss: 1.705278, train acc: 0.840613, train avg acc: 0.762375
Validation: 76, time: 7.626251, loss: 1.593940, validation acc: 0.885157, validation avg acc: 0.807105
Train: 77, time: 7.727301, loss: 1.705765, train acc: 0.838638, train avg acc: 0.755129
Validation: 77, time: 7.727301, loss: 1.590722, validation acc: 0.873781, validation avg acc: 0.786374
Train: 78, time: 7.706543, loss: 1.697456, train acc: 0.843285, train avg acc: 0.762409
Validation: 78, time: 7.706543, loss: 1.583911, validation acc: 0.881907, validation avg acc: 0.820896
Train: 79, time: 7.651569, loss: 1.695963, train acc: 0.846073, train avg acc: 0.763312
Validation: 79, time: 7.651569, loss: 1.580170, validation acc: 0.883532, validation avg acc: 0.815730
Train: 80, time: 7.769337, loss: 1.696404, train acc: 0.838871, train avg acc: 0.757807
Validation: 80, time: 7.769337, loss: 1.573757, validation acc: 0.882449, validation avg acc: 0.802310
Train: 81, time: 7.675281, loss: 1.695546, train acc: 0.839800, train avg acc: 0.759911
Validation: 81, time: 7.675281, loss: 1.569075, validation acc: 0.887324, validation avg acc: 0.814708
Train: 82, time: 7.756495, loss: 1.693546, train acc: 0.845725, train avg acc: 0.764845
Validation: 82, time: 7.756495, loss: 1.574484, validation acc: 0.891658, validation avg acc: 0.811205
Train: 83, time: 7.803414, loss: 1.692552, train acc: 0.847584, train avg acc: 0.769440
Validation: 83, time: 7.803414, loss: 1.570420, validation acc: 0.884074, validation avg acc: 0.817238
Train: 84, time: 7.579964, loss: 1.693961, train acc: 0.843634, train avg acc: 0.764188
Validation: 84, time: 7.579964, loss: 1.575109, validation acc: 0.887866, validation avg acc: 0.812881
Train: 85, time: 7.761549, loss: 1.696681, train acc: 0.843982, train avg acc: 0.762162
Validation: 85, time: 7.761549, loss: 1.585623, validation acc: 0.886241, validation avg acc: 0.832491
Train: 86, time: 7.665478, loss: 1.695895, train acc: 0.843401, train avg acc: 0.763069
Validation: 86, time: 7.665478, loss: 1.557918, validation acc: 0.898700, validation avg acc: 0.833883
Train: 87, time: 7.669309, loss: 1.690557, train acc: 0.848745, train avg acc: 0.772465
Validation: 87, time: 7.669309, loss: 1.575418, validation acc: 0.895450, validation avg acc: 0.834499
Train: 88, time: 7.613050, loss: 1.690953, train acc: 0.842821, train avg acc: 0.764185
Validation: 88, time: 7.613050, loss: 1.588507, validation acc: 0.879198, validation avg acc: 0.806840
Train: 89, time: 7.851187, loss: 1.680697, train acc: 0.854786, train avg acc: 0.777916
Validation: 89, time: 7.851187, loss: 1.564055, validation acc: 0.888949, validation avg acc: 0.810521
Train: 90, time: 7.567522, loss: 1.688455, train acc: 0.846538, train avg acc: 0.770335
Validation: 90, time: 7.567522, loss: 1.562322, validation acc: 0.893283, validation avg acc: 0.830596
Train: 91, time: 7.685146, loss: 1.689776, train acc: 0.844331, train avg acc: 0.767117
Validation: 91, time: 7.685146, loss: 1.582211, validation acc: 0.878115, validation avg acc: 0.796108
Train: 92, time: 7.595125, loss: 1.690008, train acc: 0.845144, train avg acc: 0.766969
Validation: 92, time: 7.595125, loss: 1.574512, validation acc: 0.885699, validation avg acc: 0.801390
Train: 93, time: 7.685092, loss: 1.686881, train acc: 0.846306, train avg acc: 0.766438
Validation: 93, time: 7.685092, loss: 1.558481, validation acc: 0.893283, validation avg acc: 0.830720
Train: 94, time: 7.752388, loss: 1.686760, train acc: 0.846306, train avg acc: 0.768879
Validation: 94, time: 7.752388, loss: 1.581824, validation acc: 0.879740, validation avg acc: 0.818363
Train: 95, time: 7.483821, loss: 1.685779, train acc: 0.845841, train avg acc: 0.768306
Validation: 95, time: 7.483821, loss: 1.565261, validation acc: 0.891116, validation avg acc: 0.828547
Train: 96, time: 7.678050, loss: 1.682245, train acc: 0.849326, train avg acc: 0.771510
Validation: 96, time: 7.678050, loss: 1.575702, validation acc: 0.888949, validation avg acc: 0.832077
Train: 97, time: 7.613254, loss: 1.682893, train acc: 0.847467, train avg acc: 0.766538
Validation: 97, time: 7.613254, loss: 1.564737, validation acc: 0.891658, validation avg acc: 0.817062
Train: 98, time: 7.744009, loss: 1.677911, train acc: 0.852811, train avg acc: 0.776071
Validation: 98, time: 7.744009, loss: 1.554283, validation acc: 0.903034, validation avg acc: 0.846459
Train: 99, time: 7.674908, loss: 1.678824, train acc: 0.851185, train avg acc: 0.772086
Validation: 99, time: 7.674908, loss: 1.563946, validation acc: 0.893824, validation avg acc: 0.832642
Train: 100, time: 7.594370, loss: 1.669379, train acc: 0.854205, train avg acc: 0.779142
Validation: 100, time: 7.594370, loss: 1.549042, validation acc: 0.892199, validation avg acc: 0.828562
Train: 101, time: 7.670408, loss: 1.678539, train acc: 0.852114, train avg acc: 0.775261
Validation: 101, time: 7.670408, loss: 1.569525, validation acc: 0.894366, validation avg acc: 0.824921
Train: 102, time: 7.602638, loss: 1.680081, train acc: 0.848164, train avg acc: 0.769051
Validation: 102, time: 7.602638, loss: 1.568038, validation acc: 0.889491, validation avg acc: 0.828759
Train: 103, time: 7.747805, loss: 1.672646, train acc: 0.855483, train avg acc: 0.776160
Validation: 103, time: 7.747805, loss: 1.573362, validation acc: 0.884615, validation avg acc: 0.820995
Train: 104, time: 7.596729, loss: 1.673146, train acc: 0.853508, train avg acc: 0.781118
Validation: 104, time: 7.596729, loss: 1.573110, validation acc: 0.885699, validation avg acc: 0.833297
Train: 105, time: 7.649938, loss: 1.672277, train acc: 0.856180, train avg acc: 0.780712
Validation: 105, time: 7.649938, loss: 1.556353, validation acc: 0.894366, validation avg acc: 0.831721
Train: 106, time: 7.623966, loss: 1.673706, train acc: 0.855019, train avg acc: 0.779777
Validation: 106, time: 7.623966, loss: 1.570235, validation acc: 0.887866, validation avg acc: 0.817758
Train: 107, time: 7.742756, loss: 1.682681, train acc: 0.851185, train avg acc: 0.775732
Validation: 107, time: 7.742756, loss: 1.568345, validation acc: 0.889491, validation avg acc: 0.814649
Train: 108, time: 7.588802, loss: 1.671368, train acc: 0.849559, train avg acc: 0.770075
Validation: 108, time: 7.588802, loss: 1.562709, validation acc: 0.885699, validation avg acc: 0.830078
Train: 109, time: 7.668793, loss: 1.668137, train acc: 0.855019, train avg acc: 0.781342
Validation: 109, time: 7.668793, loss: 1.568753, validation acc: 0.887324, validation avg acc: 0.815455
Train: 110, time: 7.622743, loss: 1.667036, train acc: 0.852579, train avg acc: 0.777040
Validation: 110, time: 7.622743, loss: 1.552053, validation acc: 0.893824, validation avg acc: 0.839276
Train: 111, time: 7.565070, loss: 1.668530, train acc: 0.855019, train avg acc: 0.782240
Validation: 111, time: 7.565070, loss: 1.561930, validation acc: 0.891116, validation avg acc: 0.818230
Train: 112, time: 7.772197, loss: 1.670598, train acc: 0.851998, train avg acc: 0.776669
Validation: 112, time: 7.772197, loss: 1.542393, validation acc: 0.893283, validation avg acc: 0.830484
Train: 113, time: 7.561537, loss: 1.669583, train acc: 0.857458, train avg acc: 0.785000
Validation: 113, time: 7.561537, loss: 1.548861, validation acc: 0.892741, validation avg acc: 0.830421
Train: 114, time: 7.672275, loss: 1.667690, train acc: 0.855251, train avg acc: 0.780425
Validation: 114, time: 7.672275, loss: 1.551526, validation acc: 0.894366, validation avg acc: 0.835173
Train: 115, time: 7.580208, loss: 1.666834, train acc: 0.857342, train avg acc: 0.784070
Validation: 115, time: 7.580208, loss: 1.556906, validation acc: 0.890033, validation avg acc: 0.828759
Train: 116, time: 7.713403, loss: 1.668060, train acc: 0.851998, train avg acc: 0.778428
Validation: 116, time: 7.713403, loss: 1.582971, validation acc: 0.878657, validation avg acc: 0.815442
Train: 117, time: 7.673887, loss: 1.663203, train acc: 0.858620, train avg acc: 0.785369
Validation: 117, time: 7.673887, loss: 1.568874, validation acc: 0.897616, validation avg acc: 0.834122
Train: 118, time: 7.610411, loss: 1.666424, train acc: 0.853508, train avg acc: 0.776842
Validation: 118, time: 7.610411, loss: 1.558687, validation acc: 0.888407, validation avg acc: 0.820398
Train: 119, time: 7.866542, loss: 1.665138, train acc: 0.854670, train avg acc: 0.782261
Validation: 119, time: 7.866542, loss: 1.557404, validation acc: 0.893824, validation avg acc: 0.841347
Train: 120, time: 7.658902, loss: 1.660623, train acc: 0.853973, train avg acc: 0.779801
Validation: 120, time: 7.658902, loss: 1.583774, validation acc: 0.877573, validation avg acc: 0.799094
Train: 121, time: 7.628901, loss: 1.660202, train acc: 0.857923, train avg acc: 0.785150
Validation: 121, time: 7.628901, loss: 1.543955, validation acc: 0.900325, validation avg acc: 0.844102
Train: 122, time: 7.710608, loss: 1.663158, train acc: 0.854670, train avg acc: 0.779105
Validation: 122, time: 7.710608, loss: 1.549769, validation acc: 0.895991, validation avg acc: 0.831084
Train: 123, time: 7.698882, loss: 1.661479, train acc: 0.861292, train avg acc: 0.790987
Validation: 123, time: 7.698882, loss: 1.566673, validation acc: 0.885699, validation avg acc: 0.822380
Train: 124, time: 7.758295, loss: 1.660748, train acc: 0.856993, train avg acc: 0.781285
Validation: 124, time: 7.758295, loss: 1.546983, validation acc: 0.894366, validation avg acc: 0.833491
Train: 125, time: 7.579240, loss: 1.658696, train acc: 0.861059, train avg acc: 0.788996
Validation: 125, time: 7.579240, loss: 1.556019, validation acc: 0.898158, validation avg acc: 0.839108
Train: 126, time: 7.593298, loss: 1.664599, train acc: 0.855716, train avg acc: 0.783271
Validation: 126, time: 7.593298, loss: 1.555488, validation acc: 0.895991, validation avg acc: 0.839548
Train: 127, time: 7.676426, loss: 1.654844, train acc: 0.859665, train avg acc: 0.788520
Validation: 127, time: 7.676426, loss: 1.554172, validation acc: 0.897075, validation avg acc: 0.839526
Train: 128, time: 7.766204, loss: 1.664827, train acc: 0.853044, train avg acc: 0.780370
Validation: 128, time: 7.766204, loss: 1.542458, validation acc: 0.899783, validation avg acc: 0.834909
Train: 129, time: 7.607577, loss: 1.662541, train acc: 0.858039, train avg acc: 0.786888
Validation: 129, time: 7.607577, loss: 1.554348, validation acc: 0.895991, validation avg acc: 0.832268
Train: 130, time: 7.656836, loss: 1.664055, train acc: 0.858968, train avg acc: 0.785890
Validation: 130, time: 7.656836, loss: 1.538566, validation acc: 0.899242, validation avg acc: 0.841333
Train: 131, time: 7.476432, loss: 1.653163, train acc: 0.859898, train avg acc: 0.787353
Validation: 131, time: 7.476432, loss: 1.541068, validation acc: 0.896533, validation avg acc: 0.835908
Train: 132, time: 7.475910, loss: 1.654678, train acc: 0.859085, train avg acc: 0.787147
Validation: 132, time: 7.475910, loss: 1.578328, validation acc: 0.890033, validation avg acc: 0.826701
Train: 133, time: 7.597850, loss: 1.649881, train acc: 0.859898, train avg acc: 0.787097
Validation: 133, time: 7.597850, loss: 1.549000, validation acc: 0.895991, validation avg acc: 0.846148
Train: 134, time: 7.666442, loss: 1.655321, train acc: 0.857691, train avg acc: 0.788957
Validation: 134, time: 7.666442, loss: 1.546459, validation acc: 0.891658, validation avg acc: 0.831563
Train: 135, time: 7.487505, loss: 1.648378, train acc: 0.863267, train avg acc: 0.794090
Validation: 135, time: 7.487505, loss: 1.562744, validation acc: 0.887324, validation avg acc: 0.821696
Train: 136, time: 7.665593, loss: 1.656126, train acc: 0.858388, train avg acc: 0.783300
Validation: 136, time: 7.665593, loss: 1.554871, validation acc: 0.904659, validation avg acc: 0.843711
Train: 137, time: 7.485268, loss: 1.648712, train acc: 0.863615, train avg acc: 0.793676
Validation: 137, time: 7.485268, loss: 1.562417, validation acc: 0.889491, validation avg acc: 0.827003
Train: 138, time: 7.565747, loss: 1.650117, train acc: 0.858736, train avg acc: 0.785139
Validation: 138, time: 7.565747, loss: 1.555497, validation acc: 0.894908, validation avg acc: 0.836219
Train: 139, time: 7.631806, loss: 1.656022, train acc: 0.859665, train avg acc: 0.789409
Validation: 139, time: 7.631806, loss: 1.551769, validation acc: 0.890033, validation avg acc: 0.826233
Train: 140, time: 7.763056, loss: 1.655387, train acc: 0.857458, train avg acc: 0.783580
Validation: 140, time: 7.763056, loss: 1.545987, validation acc: 0.898700, validation avg acc: 0.831422
Train: 141, time: 7.759700, loss: 1.651654, train acc: 0.859898, train avg acc: 0.788146
Validation: 141, time: 7.759700, loss: 1.558318, validation acc: 0.884615, validation avg acc: 0.817724
Train: 142, time: 7.584228, loss: 1.653365, train acc: 0.862570, train avg acc: 0.792819
Validation: 142, time: 7.584228, loss: 1.546323, validation acc: 0.900325, validation avg acc: 0.835653
Train: 143, time: 7.661601, loss: 1.643209, train acc: 0.865474, train avg acc: 0.795419
Validation: 143, time: 7.661601, loss: 1.552872, validation acc: 0.885157, validation avg acc: 0.826111
Train: 144, time: 7.597399, loss: 1.649670, train acc: 0.858852, train avg acc: 0.786048
Validation: 144, time: 7.597399, loss: 1.550472, validation acc: 0.897075, validation avg acc: 0.837422
Train: 145, time: 7.688313, loss: 1.655832, train acc: 0.861292, train avg acc: 0.793070
Validation: 145, time: 7.688313, loss: 1.549737, validation acc: 0.890033, validation avg acc: 0.826047
Train: 146, time: 7.750120, loss: 1.644831, train acc: 0.861873, train avg acc: 0.794528
Validation: 146, time: 7.750120, loss: 1.548999, validation acc: 0.898158, validation avg acc: 0.840033
Train: 147, time: 7.721317, loss: 1.649229, train acc: 0.862454, train avg acc: 0.790601
Validation: 147, time: 7.721317, loss: 1.545519, validation acc: 0.884615, validation avg acc: 0.821602
Train: 148, time: 7.578582, loss: 1.645580, train acc: 0.863034, train avg acc: 0.792299
Validation: 148, time: 7.578582, loss: 1.538510, validation acc: 0.894908, validation avg acc: 0.835526
Train: 149, time: 7.651816, loss: 1.644301, train acc: 0.864545, train avg acc: 0.794492
Validation: 149, time: 7.651816, loss: 1.539083, validation acc: 0.900325, validation avg acc: 0.837288
Train: 150, time: 7.565816, loss: 1.641103, train acc: 0.865590, train avg acc: 0.798652
Validation: 150, time: 7.565816, loss: 1.548992, validation acc: 0.899783, validation avg acc: 0.849657
Train: 151, time: 7.711007, loss: 1.644003, train acc: 0.867217, train avg acc: 0.797877
Validation: 151, time: 7.711007, loss: 1.548997, validation acc: 0.893824, validation avg acc: 0.835006
Train: 152, time: 7.681785, loss: 1.642885, train acc: 0.863615, train avg acc: 0.791386
Validation: 152, time: 7.681785, loss: 1.561473, validation acc: 0.890574, validation avg acc: 0.832750
Train: 153, time: 7.667876, loss: 1.637404, train acc: 0.866636, train avg acc: 0.798006
Validation: 153, time: 7.667876, loss: 1.539130, validation acc: 0.901950, validation avg acc: 0.847992
Train: 154, time: 7.680656, loss: 1.643643, train acc: 0.859549, train avg acc: 0.787466
Validation: 154, time: 7.680656, loss: 1.550788, validation acc: 0.888407, validation avg acc: 0.816482
Train: 155, time: 7.669323, loss: 1.643527, train acc: 0.862454, train avg acc: 0.791826
Validation: 155, time: 7.669323, loss: 1.545177, validation acc: 0.893283, validation avg acc: 0.832721
Train: 156, time: 7.698647, loss: 1.638854, train acc: 0.866403, train avg acc: 0.797105
Validation: 156, time: 7.698647, loss: 1.548043, validation acc: 0.899783, validation avg acc: 0.857760
Train: 157, time: 7.650270, loss: 1.637965, train acc: 0.867449, train avg acc: 0.800555
Validation: 157, time: 7.650270, loss: 1.549533, validation acc: 0.897075, validation avg acc: 0.843205
Train: 158, time: 7.573789, loss: 1.634507, train acc: 0.869424, train avg acc: 0.801553
Validation: 158, time: 7.573789, loss: 1.536777, validation acc: 0.903034, validation avg acc: 0.842834
Train: 159, time: 7.697319, loss: 1.640258, train acc: 0.865009, train avg acc: 0.793827
Validation: 159, time: 7.697319, loss: 1.551164, validation acc: 0.901408, validation avg acc: 0.839994
Train: 160, time: 7.743375, loss: 1.635010, train acc: 0.866868, train avg acc: 0.801249
Validation: 160, time: 7.743375, loss: 1.536392, validation acc: 0.901950, validation avg acc: 0.842029
Train: 161, time: 7.706088, loss: 1.641077, train acc: 0.865939, train avg acc: 0.796789
Validation: 161, time: 7.706088, loss: 1.536736, validation acc: 0.910076, validation avg acc: 0.861126
Train: 162, time: 7.575314, loss: 1.630588, train acc: 0.871515, train avg acc: 0.802139
Validation: 162, time: 7.575314, loss: 1.535289, validation acc: 0.894908, validation avg acc: 0.840639
Train: 163, time: 7.598322, loss: 1.635678, train acc: 0.866055, train avg acc: 0.799142
Validation: 163, time: 7.598322, loss: 1.547542, validation acc: 0.899242, validation avg acc: 0.840971
Train: 164, time: 7.744549, loss: 1.637642, train acc: 0.863731, train avg acc: 0.792706
Validation: 164, time: 7.744549, loss: 1.532524, validation acc: 0.898158, validation avg acc: 0.845941
Train: 165, time: 7.602194, loss: 1.638546, train acc: 0.865706, train avg acc: 0.795790
Validation: 165, time: 7.602194, loss: 1.545744, validation acc: 0.902492, validation avg acc: 0.840760
Train: 166, time: 7.753391, loss: 1.639327, train acc: 0.864661, train avg acc: 0.794359
Validation: 166, time: 7.753391, loss: 1.556573, validation acc: 0.885699, validation avg acc: 0.818603
Train: 167, time: 7.603444, loss: 1.641147, train acc: 0.866403, train avg acc: 0.798196
Validation: 167, time: 7.603444, loss: 1.550358, validation acc: 0.887324, validation avg acc: 0.827301
Train: 168, time: 7.668282, loss: 1.635815, train acc: 0.868030, train avg acc: 0.798300
Validation: 168, time: 7.668282, loss: 1.562652, validation acc: 0.894908, validation avg acc: 0.846627
Train: 169, time: 7.580389, loss: 1.634750, train acc: 0.870237, train avg acc: 0.802779
Validation: 169, time: 7.580389, loss: 1.556872, validation acc: 0.898158, validation avg acc: 0.837717
Train: 170, time: 7.694284, loss: 1.636942, train acc: 0.867333, train avg acc: 0.800044
Validation: 170, time: 7.694284, loss: 1.542998, validation acc: 0.901950, validation avg acc: 0.842882
Train: 171, time: 7.541772, loss: 1.630471, train acc: 0.871747, train avg acc: 0.803103
Validation: 171, time: 7.541772, loss: 1.543381, validation acc: 0.903575, validation avg acc: 0.839184
Train: 172, time: 7.599711, loss: 1.633880, train acc: 0.869424, train avg acc: 0.802640
Validation: 172, time: 7.599711, loss: 1.545618, validation acc: 0.891658, validation avg acc: 0.832270
Train: 173, time: 7.573413, loss: 1.638927, train acc: 0.869540, train avg acc: 0.803596
Validation: 173, time: 7.573413, loss: 1.525892, validation acc: 0.909534, validation avg acc: 0.854501
Train: 174, time: 7.800101, loss: 1.635111, train acc: 0.864661, train avg acc: 0.797854
Validation: 174, time: 7.800101, loss: 1.554317, validation acc: 0.895991, validation avg acc: 0.845093
Train: 175, time: 7.668989, loss: 1.628851, train acc: 0.870121, train avg acc: 0.802755
Validation: 175, time: 7.668989, loss: 1.546024, validation acc: 0.904659, validation avg acc: 0.854250
Train: 176, time: 7.664917, loss: 1.625137, train acc: 0.870469, train avg acc: 0.801682
Validation: 176, time: 7.664917, loss: 1.544522, validation acc: 0.905200, validation avg acc: 0.849796
Train: 177, time: 7.496941, loss: 1.633807, train acc: 0.865474, train avg acc: 0.795274
Validation: 177, time: 7.496941, loss: 1.529749, validation acc: 0.901950, validation avg acc: 0.845780
Train: 178, time: 7.672093, loss: 1.629856, train acc: 0.869656, train avg acc: 0.802761
Validation: 178, time: 7.672093, loss: 1.540264, validation acc: 0.903034, validation avg acc: 0.846772
Train: 179, time: 7.592492, loss: 1.635074, train acc: 0.869772, train avg acc: 0.805384
Validation: 179, time: 7.592492, loss: 1.543762, validation acc: 0.898700, validation avg acc: 0.843682
Train: 180, time: 7.777673, loss: 1.636857, train acc: 0.864545, train avg acc: 0.795892
Validation: 180, time: 7.777673, loss: 1.532544, validation acc: 0.896533, validation avg acc: 0.839409
Train: 181, time: 7.683628, loss: 1.629615, train acc: 0.871515, train avg acc: 0.806104
Validation: 181, time: 7.683628, loss: 1.549639, validation acc: 0.901408, validation avg acc: 0.836029
Train: 182, time: 7.562935, loss: 1.630852, train acc: 0.870237, train avg acc: 0.800292
Validation: 182, time: 7.562935, loss: 1.530673, validation acc: 0.901950, validation avg acc: 0.836654
Train: 183, time: 7.786536, loss: 1.629624, train acc: 0.869308, train avg acc: 0.801607
Validation: 183, time: 7.786536, loss: 1.537760, validation acc: 0.899783, validation avg acc: 0.849137
Train: 184, time: 7.672419, loss: 1.623197, train acc: 0.874419, train avg acc: 0.809361
Validation: 184, time: 7.672419, loss: 1.537656, validation acc: 0.891658, validation avg acc: 0.839147
Train: 185, time: 7.569650, loss: 1.628527, train acc: 0.871283, train avg acc: 0.806920
Validation: 185, time: 7.569650, loss: 1.537319, validation acc: 0.900867, validation avg acc: 0.850981
Train: 186, time: 7.595329, loss: 1.626794, train acc: 0.870934, train avg acc: 0.801684
Validation: 186, time: 7.595329, loss: 1.552787, validation acc: 0.898700, validation avg acc: 0.835531
Train: 187, time: 7.751274, loss: 1.626401, train acc: 0.872328, train avg acc: 0.807936
Validation: 187, time: 7.751274, loss: 1.535892, validation acc: 0.898158, validation avg acc: 0.839563
Train: 188, time: 7.590888, loss: 1.629469, train acc: 0.870237, train avg acc: 0.804667
Validation: 188, time: 7.590888, loss: 1.550956, validation acc: 0.887866, validation avg acc: 0.818892
Train: 189, time: 7.498587, loss: 1.628974, train acc: 0.870005, train avg acc: 0.801469
Validation: 189, time: 7.498587, loss: 1.558298, validation acc: 0.886782, validation avg acc: 0.828100
Train: 190, time: 7.677015, loss: 1.627451, train acc: 0.871515, train avg acc: 0.808115
Validation: 190, time: 7.677015, loss: 1.530505, validation acc: 0.905742, validation avg acc: 0.855103
Train: 191, time: 7.753531, loss: 1.618078, train acc: 0.877904, train avg acc: 0.814681
Validation: 191, time: 7.753531, loss: 1.540526, validation acc: 0.896533, validation avg acc: 0.832356
Train: 192, time: 7.589038, loss: 1.623447, train acc: 0.873141, train avg acc: 0.806461
Validation: 192, time: 7.589038, loss: 1.552527, validation acc: 0.897075, validation avg acc: 0.835982
Train: 193, time: 7.695381, loss: 1.623000, train acc: 0.872096, train avg acc: 0.808118
Validation: 193, time: 7.695381, loss: 1.539407, validation acc: 0.896533, validation avg acc: 0.819043
Train: 194, time: 7.570870, loss: 1.622917, train acc: 0.873025, train avg acc: 0.805054
Validation: 194, time: 7.570870, loss: 1.542687, validation acc: 0.892741, validation avg acc: 0.821511
Train: 195, time: 7.567492, loss: 1.622992, train acc: 0.872444, train avg acc: 0.801725
Validation: 195, time: 7.567492, loss: 1.566350, validation acc: 0.894366, validation avg acc: 0.840508
Train: 196, time: 7.584079, loss: 1.622377, train acc: 0.873838, train avg acc: 0.809022
Validation: 196, time: 7.584079, loss: 1.541624, validation acc: 0.896533, validation avg acc: 0.841443
Train: 197, time: 7.568870, loss: 1.621305, train acc: 0.871050, train avg acc: 0.802120
Validation: 197, time: 7.568870, loss: 1.534351, validation acc: 0.902492, validation avg acc: 0.849138
Train: 198, time: 7.606836, loss: 1.627896, train acc: 0.869540, train avg acc: 0.801475
Validation: 198, time: 7.606836, loss: 1.545939, validation acc: 0.900325, validation avg acc: 0.833984
Train: 199, time: 7.639418, loss: 1.621375, train acc: 0.875000, train avg acc: 0.810542
Validation: 199, time: 7.639418, loss: 1.528231, validation acc: 0.903034, validation avg acc: 0.833134
Train: 200, time: 7.694449, loss: 1.623137, train acc: 0.869656, train avg acc: 0.798737
Validation: 200, time: 7.694449, loss: 1.531873, validation acc: 0.904117, validation avg acc: 0.840700
Train: 201, time: 7.597828, loss: 1.622130, train acc: 0.869772, train avg acc: 0.802152
Validation: 201, time: 7.597828, loss: 1.542957, validation acc: 0.896533, validation avg acc: 0.836185
Train: 202, time: 7.680591, loss: 1.624156, train acc: 0.873374, train avg acc: 0.809864
Validation: 202, time: 7.680591, loss: 1.540090, validation acc: 0.900325, validation avg acc: 0.843315
Train: 203, time: 7.581521, loss: 1.614381, train acc: 0.875116, train avg acc: 0.811668
Validation: 203, time: 7.581521, loss: 1.542800, validation acc: 0.899242, validation avg acc: 0.847005
Train: 204, time: 7.682987, loss: 1.616185, train acc: 0.871631, train avg acc: 0.803653
Validation: 204, time: 7.682987, loss: 1.530536, validation acc: 0.904117, validation avg acc: 0.852051
Train: 205, time: 7.760352, loss: 1.619218, train acc: 0.876859, train avg acc: 0.813766
Validation: 205, time: 7.760352, loss: 1.527025, validation acc: 0.904659, validation avg acc: 0.851409
Train: 206, time: 7.613996, loss: 1.614884, train acc: 0.874535, train avg acc: 0.808196
Validation: 206, time: 7.613996, loss: 1.547056, validation acc: 0.899783, validation avg acc: 0.848460
Train: 207, time: 7.656131, loss: 1.621052, train acc: 0.875116, train avg acc: 0.812627
Validation: 207, time: 7.656131, loss: 1.515934, validation acc: 0.905200, validation avg acc: 0.851439
Train: 208, time: 7.661020, loss: 1.624194, train acc: 0.872212, train avg acc: 0.807464
Validation: 208, time: 7.661020, loss: 1.529432, validation acc: 0.898158, validation avg acc: 0.839336
Train: 209, time: 7.589883, loss: 1.616039, train acc: 0.875116, train avg acc: 0.808387
Validation: 209, time: 7.589883, loss: 1.533285, validation acc: 0.900867, validation avg acc: 0.855514
Train: 210, time: 7.715282, loss: 1.618274, train acc: 0.875465, train avg acc: 0.813265
Validation: 210, time: 7.715282, loss: 1.561091, validation acc: 0.892741, validation avg acc: 0.824026
Train: 211, time: 7.656379, loss: 1.623538, train acc: 0.873722, train avg acc: 0.807057
Validation: 211, time: 7.656379, loss: 1.529801, validation acc: 0.905742, validation avg acc: 0.855115
Train: 212, time: 7.663599, loss: 1.620000, train acc: 0.874884, train avg acc: 0.809838
Validation: 212, time: 7.663599, loss: 1.536179, validation acc: 0.898700, validation avg acc: 0.834239
Train: 213, time: 7.589143, loss: 1.619592, train acc: 0.875581, train avg acc: 0.810561
Validation: 213, time: 7.589143, loss: 1.555278, validation acc: 0.890033, validation avg acc: 0.830683
Train: 214, time: 7.653918, loss: 1.621320, train acc: 0.876975, train avg acc: 0.814369
Validation: 214, time: 7.653918, loss: 1.534031, validation acc: 0.903034, validation avg acc: 0.853905
Train: 215, time: 7.484525, loss: 1.623598, train acc: 0.873606, train avg acc: 0.808194
Validation: 215, time: 7.484525, loss: 1.547551, validation acc: 0.891116, validation avg acc: 0.824929
Train: 216, time: 7.589613, loss: 1.616586, train acc: 0.873606, train avg acc: 0.804205
Validation: 216, time: 7.589613, loss: 1.547501, validation acc: 0.897075, validation avg acc: 0.838599
Train: 217, time: 7.766899, loss: 1.617556, train acc: 0.876510, train avg acc: 0.812370
Validation: 217, time: 7.766899, loss: 1.529758, validation acc: 0.907367, validation avg acc: 0.858069
Train: 218, time: 7.560234, loss: 1.617873, train acc: 0.877904, train avg acc: 0.812366
Validation: 218, time: 7.560234, loss: 1.537110, validation acc: 0.898158, validation avg acc: 0.848645
Train: 219, time: 7.513010, loss: 1.614473, train acc: 0.877904, train avg acc: 0.812921
Validation: 219, time: 7.513010, loss: 1.526747, validation acc: 0.901408, validation avg acc: 0.849619
Train: 220, time: 7.759909, loss: 1.611785, train acc: 0.879531, train avg acc: 0.818949
Validation: 220, time: 7.759909, loss: 1.526580, validation acc: 0.906826, validation avg acc: 0.849508
Train: 221, time: 7.609805, loss: 1.612271, train acc: 0.875000, train avg acc: 0.810796
Validation: 221, time: 7.609805, loss: 1.528419, validation acc: 0.899783, validation avg acc: 0.846133
Train: 222, time: 7.562984, loss: 1.611700, train acc: 0.876162, train avg acc: 0.814455
Validation: 222, time: 7.562984, loss: 1.531727, validation acc: 0.901950, validation avg acc: 0.849396
Train: 223, time: 7.748991, loss: 1.617225, train acc: 0.874535, train avg acc: 0.810049
Validation: 223, time: 7.748991, loss: 1.546125, validation acc: 0.899783, validation avg acc: 0.839950
Train: 224, time: 7.510549, loss: 1.618777, train acc: 0.874419, train avg acc: 0.810001
Validation: 224, time: 7.510549, loss: 1.546015, validation acc: 0.903575, validation avg acc: 0.835273
Train: 225, time: 7.659600, loss: 1.613386, train acc: 0.875465, train avg acc: 0.810105
Validation: 225, time: 7.659600, loss: 1.544168, validation acc: 0.900867, validation avg acc: 0.838275
Train: 226, time: 7.481590, loss: 1.615500, train acc: 0.874535, train avg acc: 0.809377
Validation: 226, time: 7.481590, loss: 1.522851, validation acc: 0.902492, validation avg acc: 0.848222
Train: 227, time: 7.575607, loss: 1.608999, train acc: 0.878950, train avg acc: 0.816763
Validation: 227, time: 7.575607, loss: 1.531361, validation acc: 0.908451, validation avg acc: 0.855106
Train: 228, time: 7.588872, loss: 1.614832, train acc: 0.874884, train avg acc: 0.808449
Validation: 228, time: 7.588872, loss: 1.536288, validation acc: 0.899783, validation avg acc: 0.841886
Train: 229, time: 7.597422, loss: 1.620052, train acc: 0.873606, train avg acc: 0.805542
Validation: 229, time: 7.597422, loss: 1.526742, validation acc: 0.900867, validation avg acc: 0.847730
Train: 230, time: 7.580010, loss: 1.616278, train acc: 0.876743, train avg acc: 0.813533
Validation: 230, time: 7.580010, loss: 1.525830, validation acc: 0.900325, validation avg acc: 0.847130
Train: 231, time: 7.587945, loss: 1.613400, train acc: 0.878253, train avg acc: 0.813325
Validation: 231, time: 7.587945, loss: 1.521911, validation acc: 0.909534, validation avg acc: 0.856088
Train: 232, time: 7.761149, loss: 1.611651, train acc: 0.879298, train avg acc: 0.821206
Validation: 232, time: 7.761149, loss: 1.540580, validation acc: 0.899783, validation avg acc: 0.841959
Train: 233, time: 7.564539, loss: 1.610527, train acc: 0.880925, train avg acc: 0.817679
Validation: 233, time: 7.564539, loss: 1.539398, validation acc: 0.899242, validation avg acc: 0.836921
Train: 234, time: 7.685753, loss: 1.612718, train acc: 0.872096, train avg acc: 0.806435
Validation: 234, time: 7.685753, loss: 1.515589, validation acc: 0.911701, validation avg acc: 0.868524
Train: 235, time: 7.461574, loss: 1.606567, train acc: 0.880692, train avg acc: 0.819552
Validation: 235, time: 7.461574, loss: 1.532035, validation acc: 0.903575, validation avg acc: 0.844939
Train: 236, time: 7.582581, loss: 1.611505, train acc: 0.879182, train avg acc: 0.818748
Validation: 236, time: 7.582581, loss: 1.529323, validation acc: 0.903034, validation avg acc: 0.835386
Train: 237, time: 7.607532, loss: 1.618508, train acc: 0.869656, train avg acc: 0.805704
Validation: 237, time: 7.607532, loss: 1.531584, validation acc: 0.905742, validation avg acc: 0.844556
Train: 238, time: 7.641278, loss: 1.617282, train acc: 0.879182, train avg acc: 0.815696
Validation: 238, time: 7.641278, loss: 1.514146, validation acc: 0.910076, validation avg acc: 0.854053
Train: 239, time: 7.486356, loss: 1.613247, train acc: 0.875929, train avg acc: 0.809302
Validation: 239, time: 7.486356, loss: 1.528239, validation acc: 0.899242, validation avg acc: 0.834122
Train: 240, time: 7.712960, loss: 1.620724, train acc: 0.870818, train avg acc: 0.807128
Validation: 240, time: 7.712960, loss: 1.527786, validation acc: 0.904659, validation avg acc: 0.848460
Train: 241, time: 7.544439, loss: 1.614590, train acc: 0.874535, train avg acc: 0.808546
Validation: 241, time: 7.544439, loss: 1.558304, validation acc: 0.898700, validation avg acc: 0.840128
Train: 242, time: 7.582771, loss: 1.611997, train acc: 0.876046, train avg acc: 0.809204
Validation: 242, time: 7.582771, loss: 1.537223, validation acc: 0.899783, validation avg acc: 0.831731
Train: 243, time: 7.574702, loss: 1.606743, train acc: 0.879531, train avg acc: 0.817338
Validation: 243, time: 7.574702, loss: 1.528458, validation acc: 0.905742, validation avg acc: 0.849670
Train: 244, time: 7.467645, loss: 1.611768, train acc: 0.874303, train avg acc: 0.813113
Validation: 244, time: 7.467645, loss: 1.539739, validation acc: 0.899783, validation avg acc: 0.830737
Train: 245, time: 7.599229, loss: 1.608373, train acc: 0.878717, train avg acc: 0.819814
Validation: 245, time: 7.599229, loss: 1.535346, validation acc: 0.903034, validation avg acc: 0.840328
Train: 246, time: 7.562474, loss: 1.612920, train acc: 0.875813, train avg acc: 0.807402
Validation: 246, time: 7.562474, loss: 1.520434, validation acc: 0.906284, validation avg acc: 0.855187
Train: 247, time: 7.500946, loss: 1.604285, train acc: 0.879182, train avg acc: 0.817073
Validation: 247, time: 7.500946, loss: 1.547021, validation acc: 0.901950, validation avg acc: 0.841035
Train: 248, time: 7.499491, loss: 1.601776, train acc: 0.880344, train avg acc: 0.817735
Validation: 248, time: 7.499491, loss: 1.552629, validation acc: 0.892199, validation avg acc: 0.831257
Train: 249, time: 7.594735, loss: 1.612632, train acc: 0.877207, train avg acc: 0.814504
Validation: 249, time: 7.594735, loss: 1.513399, validation acc: 0.912243, validation avg acc: 0.861180
Train: 250, time: 7.635031, loss: 1.605531, train acc: 0.880576, train avg acc: 0.819440
Validation: 250, time: 7.635031, loss: 1.531991, validation acc: 0.903034, validation avg acc: 0.842680
Train: 251, time: 7.483404, loss: 1.606597, train acc: 0.882667, train avg acc: 0.823903
Validation: 251, time: 7.483404, loss: 1.533614, validation acc: 0.899242, validation avg acc: 0.847150
Train: 252, time: 7.547626, loss: 1.604317, train acc: 0.881273, train avg acc: 0.821335
Validation: 252, time: 7.547626, loss: 1.528280, validation acc: 0.905200, validation avg acc: 0.844438
Train: 253, time: 7.721581, loss: 1.610489, train acc: 0.878137, train avg acc: 0.809790
Validation: 253, time: 7.721581, loss: 1.548131, validation acc: 0.900325, validation avg acc: 0.836966
Train: 254, time: 7.496742, loss: 1.605372, train acc: 0.877207, train avg acc: 0.814484
Validation: 254, time: 7.496742, loss: 1.519777, validation acc: 0.901408, validation avg acc: 0.842736
Train: 255, time: 7.596018, loss: 1.602734, train acc: 0.884642, train avg acc: 0.825062
Validation: 255, time: 7.596018, loss: 1.527657, validation acc: 0.906826, validation avg acc: 0.854202
Train: 256, time: 7.628402, loss: 1.609655, train acc: 0.877091, train avg acc: 0.815682
Validation: 256, time: 7.628402, loss: 1.531286, validation acc: 0.903575, validation avg acc: 0.843189
Train: 257, time: 7.507147, loss: 1.599300, train acc: 0.884061, train avg acc: 0.822865
Validation: 257, time: 7.507147, loss: 1.530383, validation acc: 0.905742, validation avg acc: 0.854131
Train: 258, time: 7.580038, loss: 1.603930, train acc: 0.881970, train avg acc: 0.822216
Validation: 258, time: 7.580038, loss: 1.535857, validation acc: 0.904659, validation avg acc: 0.851047
Train: 259, time: 7.743248, loss: 1.605956, train acc: 0.880925, train avg acc: 0.816120
Validation: 259, time: 7.743248, loss: 1.520881, validation acc: 0.910076, validation avg acc: 0.854973
Train: 260, time: 7.484438, loss: 1.603936, train acc: 0.878834, train avg acc: 0.818938
Validation: 260, time: 7.484438, loss: 1.517982, validation acc: 0.902492, validation avg acc: 0.843102
Train: 261, time: 7.582308, loss: 1.605077, train acc: 0.879414, train avg acc: 0.815159
Validation: 261, time: 7.582308, loss: 1.517164, validation acc: 0.912243, validation avg acc: 0.864925
Train: 262, time: 7.502226, loss: 1.607698, train acc: 0.881506, train avg acc: 0.818105
Validation: 262, time: 7.502226, loss: 1.537925, validation acc: 0.900325, validation avg acc: 0.841573
Train: 263, time: 7.649035, loss: 1.601027, train acc: 0.881041, train avg acc: 0.821152
Validation: 263, time: 7.649035, loss: 1.523530, validation acc: 0.907367, validation avg acc: 0.847460
Train: 264, time: 7.688125, loss: 1.604041, train acc: 0.881854, train avg acc: 0.820318
Validation: 264, time: 7.688125, loss: 1.536693, validation acc: 0.901950, validation avg acc: 0.848964
Train: 265, time: 7.587764, loss: 1.607923, train acc: 0.881041, train avg acc: 0.820199
Validation: 265, time: 7.587764, loss: 1.521520, validation acc: 0.899783, validation avg acc: 0.844736
Train: 266, time: 7.491246, loss: 1.603307, train acc: 0.879066, train avg acc: 0.815409
Validation: 266, time: 7.491246, loss: 1.529475, validation acc: 0.905742, validation avg acc: 0.851632
Train: 267, time: 7.659754, loss: 1.603484, train acc: 0.882900, train avg acc: 0.822492
Validation: 267, time: 7.659754, loss: 1.523438, validation acc: 0.903575, validation avg acc: 0.843154
Train: 268, time: 7.505262, loss: 1.603864, train acc: 0.879066, train avg acc: 0.819440
Validation: 268, time: 7.505262, loss: 1.524886, validation acc: 0.905200, validation avg acc: 0.852727
Train: 269, time: 7.540524, loss: 1.609932, train acc: 0.877207, train avg acc: 0.815029
Validation: 269, time: 7.540524, loss: 1.523532, validation acc: 0.906284, validation avg acc: 0.843834
Train: 270, time: 7.484963, loss: 1.600571, train acc: 0.883597, train avg acc: 0.823665
Validation: 270, time: 7.484963, loss: 1.535555, validation acc: 0.899783, validation avg acc: 0.833905
Train: 271, time: 7.579135, loss: 1.599871, train acc: 0.881738, train avg acc: 0.817286
Validation: 271, time: 7.579135, loss: 1.520134, validation acc: 0.899783, validation avg acc: 0.851837
Train: 272, time: 7.488047, loss: 1.597813, train acc: 0.882086, train avg acc: 0.822498
Validation: 272, time: 7.488047, loss: 1.523864, validation acc: 0.911701, validation avg acc: 0.870055
Train: 273, time: 7.444589, loss: 1.603018, train acc: 0.879879, train avg acc: 0.820198
Validation: 273, time: 7.444589, loss: 1.532921, validation acc: 0.900867, validation avg acc: 0.848470
Train: 274, time: 7.548016, loss: 1.606372, train acc: 0.881041, train avg acc: 0.819931
Validation: 274, time: 7.548016, loss: 1.513287, validation acc: 0.903034, validation avg acc: 0.844000
Train: 275, time: 7.492174, loss: 1.599674, train acc: 0.884178, train avg acc: 0.821018
Validation: 275, time: 7.492174, loss: 1.530421, validation acc: 0.900867, validation avg acc: 0.847710
Train: 276, time: 7.545077, loss: 1.602248, train acc: 0.880692, train avg acc: 0.818399
Validation: 276, time: 7.545077, loss: 1.532979, validation acc: 0.906826, validation avg acc: 0.857069
Train: 277, time: 7.564813, loss: 1.600929, train acc: 0.882203, train avg acc: 0.822095
Validation: 277, time: 7.564813, loss: 1.550905, validation acc: 0.897616, validation avg acc: 0.839535
Train: 278, time: 7.495144, loss: 1.604998, train acc: 0.877091, train avg acc: 0.818510
Validation: 278, time: 7.495144, loss: 1.525703, validation acc: 0.904659, validation avg acc: 0.839263
Train: 279, time: 7.579342, loss: 1.603104, train acc: 0.880344, train avg acc: 0.819009
Validation: 279, time: 7.579342, loss: 1.524058, validation acc: 0.902492, validation avg acc: 0.840704
Train: 280, time: 7.635731, loss: 1.597884, train acc: 0.883364, train avg acc: 0.823895
Validation: 280, time: 7.635731, loss: 1.530064, validation acc: 0.900867, validation avg acc: 0.842676
Train: 281, time: 7.477906, loss: 1.597477, train acc: 0.883829, train avg acc: 0.823096
Validation: 281, time: 7.477906, loss: 1.521460, validation acc: 0.912243, validation avg acc: 0.860458
Train: 282, time: 7.606716, loss: 1.596383, train acc: 0.885339, train avg acc: 0.822364
Validation: 282, time: 7.606716, loss: 1.526414, validation acc: 0.900325, validation avg acc: 0.846211
Train: 283, time: 7.550858, loss: 1.601970, train acc: 0.882319, train avg acc: 0.821556
Validation: 283, time: 7.550858, loss: 1.519507, validation acc: 0.908451, validation avg acc: 0.853015
Train: 284, time: 7.606213, loss: 1.601551, train acc: 0.882086, train avg acc: 0.823430
Validation: 284, time: 7.606213, loss: 1.519349, validation acc: 0.907909, validation avg acc: 0.858408
Train: 285, time: 7.498548, loss: 1.597124, train acc: 0.883016, train avg acc: 0.825116
Validation: 285, time: 7.498548, loss: 1.528555, validation acc: 0.906826, validation avg acc: 0.859327
Train: 286, time: 7.726035, loss: 1.598724, train acc: 0.883713, train avg acc: 0.823841
Validation: 286, time: 7.726035, loss: 1.526426, validation acc: 0.904659, validation avg acc: 0.845271
Train: 287, time: 7.500725, loss: 1.606128, train acc: 0.881970, train avg acc: 0.821304
Validation: 287, time: 7.500725, loss: 1.529543, validation acc: 0.893824, validation avg acc: 0.824588
Train: 288, time: 7.585823, loss: 1.594928, train acc: 0.886733, train avg acc: 0.829422
Validation: 288, time: 7.585823, loss: 1.539017, validation acc: 0.901950, validation avg acc: 0.848157
Train: 289, time: 7.490965, loss: 1.598367, train acc: 0.882086, train avg acc: 0.822060
Validation: 289, time: 7.490965, loss: 1.525631, validation acc: 0.909534, validation avg acc: 0.857586
Train: 290, time: 7.572190, loss: 1.594337, train acc: 0.887082, train avg acc: 0.825917
Validation: 290, time: 7.572190, loss: 1.526033, validation acc: 0.904659, validation avg acc: 0.855487
Train: 291, time: 7.473402, loss: 1.600191, train acc: 0.881970, train avg acc: 0.821674
Validation: 291, time: 7.473402, loss: 1.519251, validation acc: 0.905742, validation avg acc: 0.854403
Train: 292, time: 7.456699, loss: 1.595909, train acc: 0.886501, train avg acc: 0.828229
Validation: 292, time: 7.456699, loss: 1.513423, validation acc: 0.902492, validation avg acc: 0.840811
Train: 293, time: 7.611755, loss: 1.595784, train acc: 0.883829, train avg acc: 0.823801
Validation: 293, time: 7.611755, loss: 1.532989, validation acc: 0.900325, validation avg acc: 0.843137
Train: 294, time: 7.597310, loss: 1.599674, train acc: 0.879995, train avg acc: 0.816962
Validation: 294, time: 7.597310, loss: 1.521800, validation acc: 0.908451, validation avg acc: 0.857336
Train: 295, time: 7.667104, loss: 1.598756, train acc: 0.882667, train avg acc: 0.818557
Validation: 295, time: 7.667104, loss: 1.532980, validation acc: 0.904117, validation avg acc: 0.851472
Train: 296, time: 7.563205, loss: 1.595200, train acc: 0.883016, train avg acc: 0.824390
Validation: 296, time: 7.563205, loss: 1.525426, validation acc: 0.907367, validation avg acc: 0.856853
Train: 297, time: 7.594732, loss: 1.595291, train acc: 0.885455, train avg acc: 0.828574
Validation: 297, time: 7.594732, loss: 1.519123, validation acc: 0.904659, validation avg acc: 0.843499
Train: 298, time: 7.571096, loss: 1.594513, train acc: 0.885688, train avg acc: 0.825341
Validation: 298, time: 7.571096, loss: 1.504478, validation acc: 0.911159, validation avg acc: 0.858839
Train: 299, time: 7.576765, loss: 1.589999, train acc: 0.885804, train avg acc: 0.822726
Validation: 299, time: 7.576765, loss: 1.524409, validation acc: 0.903575, validation avg acc: 0.854114
====================================================================
TEST:: test acc: 0.900379, test avg acc: 0.856467
