PointNet(
  (conv1): Conv1d(3, 64, kernel_size=(1,), stride=(1,), bias=False)
  (conv2): Conv1d(64, 64, kernel_size=(1,), stride=(1,), bias=False)
  (conv3): Conv1d(64, 64, kernel_size=(1,), stride=(1,), bias=False)
  (conv4): Conv1d(64, 128, kernel_size=(1,), stride=(1,), bias=False)
  (conv5): Conv1d(128, 1024, kernel_size=(1,), stride=(1,), bias=False)
  (bn1): BatchNorm1d(64, eps=1e-05, momentum=0.1, affine=True, track_running_stats=True)
  (bn2): BatchNorm1d(64, eps=1e-05, momentum=0.1, affine=True, track_running_stats=True)
  (bn3): BatchNorm1d(64, eps=1e-05, momentum=0.1, affine=True, track_running_stats=True)
  (bn4): BatchNorm1d(128, eps=1e-05, momentum=0.1, affine=True, track_running_stats=True)
  (bn5): BatchNorm1d(1024, eps=1e-05, momentum=0.1, affine=True, track_running_stats=True)
  (linear1): Linear(in_features=1024, out_features=512, bias=False)
  (bn6): BatchNorm1d(512, eps=1e-05, momentum=0.1, affine=True, track_running_stats=True)
  (dp1): Dropout(p=0.5, inplace=False)
  (linear2): Linear(in_features=512, out_features=40, bias=True)
)
Train: 0, time: 7.183248, loss: 2.906786, train acc: 0.363499, train avg acc: 0.200854
Validation: 0, time: 7.183248, loss: 2.329001, validation acc: 0.589382, validation avg acc: 0.371732
Train: 1, time: 7.397976, loss: 2.472372, train acc: 0.521143, train avg acc: 0.338002
Validation: 1, time: 7.397976, loss: 2.094673, validation acc: 0.677681, validation avg acc: 0.481284
Train: 2, time: 7.405877, loss: 2.311085, train acc: 0.594215, train avg acc: 0.421816
Validation: 2, time: 7.405877, loss: 1.962673, validation acc: 0.737270, validation avg acc: 0.576066
Train: 3, time: 7.410746, loss: 2.220707, train acc: 0.628137, train avg acc: 0.465187
Validation: 3, time: 7.410746, loss: 1.891534, validation acc: 0.748104, validation avg acc: 0.583353
Train: 4, time: 7.374323, loss: 2.145213, train acc: 0.652416, train avg acc: 0.494756
Validation: 4, time: 7.374323, loss: 1.873240, validation acc: 0.752438, validation avg acc: 0.593376
Train: 5, time: 7.301732, loss: 2.098863, train acc: 0.680646, train avg acc: 0.529668
Validation: 5, time: 7.301732, loss: 1.834059, validation acc: 0.782774, validation avg acc: 0.648282
Train: 6, time: 7.479025, loss: 2.056844, train acc: 0.693541, train avg acc: 0.548093
Validation: 6, time: 7.479025, loss: 1.808937, validation acc: 0.791441, validation avg acc: 0.657419
Train: 7, time: 7.269320, loss: 2.040539, train acc: 0.699814, train avg acc: 0.555828
Validation: 7, time: 7.269320, loss: 1.798566, validation acc: 0.791983, validation avg acc: 0.667052
Train: 8, time: 7.270332, loss: 2.011966, train acc: 0.711896, train avg acc: 0.573175
Validation: 8, time: 7.270332, loss: 1.771761, validation acc: 0.805525, validation avg acc: 0.680275
Train: 9, time: 7.116775, loss: 1.992504, train acc: 0.715962, train avg acc: 0.581029
Validation: 9, time: 7.116775, loss: 1.749908, validation acc: 0.826111, validation avg acc: 0.715560
Train: 10, time: 7.128421, loss: 1.980394, train acc: 0.720609, train avg acc: 0.586598
Validation: 10, time: 7.128421, loss: 1.738076, validation acc: 0.820693, validation avg acc: 0.706299
Train: 11, time: 7.382121, loss: 1.959373, train acc: 0.736292, train avg acc: 0.609149
Validation: 11, time: 7.382121, loss: 1.750677, validation acc: 0.821777, validation avg acc: 0.708693
Train: 12, time: 7.389862, loss: 1.936739, train acc: 0.742100, train avg acc: 0.614153
Validation: 12, time: 7.389862, loss: 1.736501, validation acc: 0.825569, validation avg acc: 0.711669
Train: 13, time: 7.404869, loss: 1.929637, train acc: 0.748025, train avg acc: 0.625758
Validation: 13, time: 7.404869, loss: 1.723320, validation acc: 0.829902, validation avg acc: 0.723302
Train: 14, time: 7.288887, loss: 1.917190, train acc: 0.752207, train avg acc: 0.634734
Validation: 14, time: 7.288887, loss: 1.698172, validation acc: 0.841820, validation avg acc: 0.735768
Train: 15, time: 7.115606, loss: 1.909720, train acc: 0.758713, train avg acc: 0.636776
Validation: 15, time: 7.115606, loss: 1.721956, validation acc: 0.819610, validation avg acc: 0.717287
Train: 16, time: 6.997114, loss: 1.899707, train acc: 0.753834, train avg acc: 0.632530
Validation: 16, time: 6.997114, loss: 1.701701, validation acc: 0.835320, validation avg acc: 0.739175
Train: 17, time: 7.341457, loss: 1.888655, train acc: 0.761501, train avg acc: 0.643254
Validation: 17, time: 7.341457, loss: 1.680970, validation acc: 0.850488, validation avg acc: 0.745256
Train: 18, time: 7.524708, loss: 1.880091, train acc: 0.768587, train avg acc: 0.652200
Validation: 18, time: 7.524708, loss: 1.695117, validation acc: 0.840195, validation avg acc: 0.754880
Train: 19, time: 7.228873, loss: 1.868176, train acc: 0.771724, train avg acc: 0.658220
Validation: 19, time: 7.228873, loss: 1.702444, validation acc: 0.830986, validation avg acc: 0.729467
Train: 20, time: 7.417390, loss: 1.867043, train acc: 0.771375, train avg acc: 0.657145
Validation: 20, time: 7.417390, loss: 1.712252, validation acc: 0.836403, validation avg acc: 0.722058
Train: 21, time: 7.364796, loss: 1.871905, train acc: 0.769284, train avg acc: 0.654081
Validation: 21, time: 7.364796, loss: 1.702545, validation acc: 0.828277, validation avg acc: 0.733662
Train: 22, time: 7.062768, loss: 1.860847, train acc: 0.773699, train avg acc: 0.662751
Validation: 22, time: 7.062768, loss: 1.670956, validation acc: 0.851029, validation avg acc: 0.755249
Train: 23, time: 7.005812, loss: 1.848307, train acc: 0.779507, train avg acc: 0.673516
Validation: 23, time: 7.005812, loss: 1.699503, validation acc: 0.840737, validation avg acc: 0.727851
Train: 24, time: 7.288344, loss: 1.844230, train acc: 0.779740, train avg acc: 0.669659
Validation: 24, time: 7.288344, loss: 1.668043, validation acc: 0.851571, validation avg acc: 0.753524
Train: 25, time: 7.272333, loss: 1.839051, train acc: 0.780088, train avg acc: 0.671551
Validation: 25, time: 7.272333, loss: 1.662583, validation acc: 0.862947, validation avg acc: 0.776722
Train: 26, time: 7.153799, loss: 1.830205, train acc: 0.787872, train avg acc: 0.686060
Validation: 26, time: 7.153799, loss: 1.639733, validation acc: 0.861322, validation avg acc: 0.778781
Train: 27, time: 7.134337, loss: 1.824163, train acc: 0.790428, train avg acc: 0.681272
Validation: 27, time: 7.134337, loss: 1.669662, validation acc: 0.848321, validation avg acc: 0.749588
Train: 28, time: 7.224112, loss: 1.819008, train acc: 0.790660, train avg acc: 0.685926
Validation: 28, time: 7.224112, loss: 1.632251, validation acc: 0.869989, validation avg acc: 0.799100
Train: 29, time: 7.078470, loss: 1.811736, train acc: 0.793913, train avg acc: 0.689944
Validation: 29, time: 7.078470, loss: 1.638527, validation acc: 0.860238, validation avg acc: 0.769761
Train: 30, time: 7.354650, loss: 1.807881, train acc: 0.796585, train avg acc: 0.695421
Validation: 30, time: 7.354650, loss: 1.668934, validation acc: 0.847237, validation avg acc: 0.772398
Train: 31, time: 7.518414, loss: 1.805603, train acc: 0.797979, train avg acc: 0.694273
Validation: 31, time: 7.518414, loss: 1.677748, validation acc: 0.846154, validation avg acc: 0.750920
Train: 32, time: 6.792882, loss: 1.802208, train acc: 0.805297, train avg acc: 0.709463
Validation: 32, time: 6.792882, loss: 1.649910, validation acc: 0.861863, validation avg acc: 0.781446
Train: 33, time: 7.041961, loss: 1.798480, train acc: 0.804020, train avg acc: 0.709361
Validation: 33, time: 7.041961, loss: 1.645701, validation acc: 0.855363, validation avg acc: 0.778812
Train: 34, time: 7.221477, loss: 1.800132, train acc: 0.798908, train avg acc: 0.697471
Validation: 34, time: 7.221477, loss: 1.626805, validation acc: 0.868906, validation avg acc: 0.782009
Train: 35, time: 7.345766, loss: 1.803084, train acc: 0.798559, train avg acc: 0.696679
Validation: 35, time: 7.345766, loss: 1.644964, validation acc: 0.860238, validation avg acc: 0.790729
Train: 36, time: 7.371893, loss: 1.785206, train acc: 0.807853, train avg acc: 0.709844
Validation: 36, time: 7.371893, loss: 1.639156, validation acc: 0.858072, validation avg acc: 0.778278
Train: 37, time: 7.385572, loss: 1.795914, train acc: 0.802045, train avg acc: 0.704466
Validation: 37, time: 7.385572, loss: 1.652846, validation acc: 0.852113, validation avg acc: 0.754317
Train: 38, time: 7.298662, loss: 1.780943, train acc: 0.809596, train avg acc: 0.714724
Validation: 38, time: 7.298662, loss: 1.615400, validation acc: 0.867822, validation avg acc: 0.796591
Train: 39, time: 7.345283, loss: 1.779053, train acc: 0.807853, train avg acc: 0.713934
Validation: 39, time: 7.345283, loss: 1.609037, validation acc: 0.861322, validation avg acc: 0.783894
Train: 40, time: 7.513209, loss: 1.768970, train acc: 0.812151, train avg acc: 0.716734
Validation: 40, time: 7.513209, loss: 1.620566, validation acc: 0.870531, validation avg acc: 0.780707
Train: 41, time: 7.356219, loss: 1.773979, train acc: 0.814243, train avg acc: 0.724256
Validation: 41, time: 7.356219, loss: 1.617611, validation acc: 0.862405, validation avg acc: 0.777230
Train: 42, time: 7.320081, loss: 1.769361, train acc: 0.812384, train avg acc: 0.717349
Validation: 42, time: 7.320081, loss: 1.620782, validation acc: 0.862947, validation avg acc: 0.790692
Train: 43, time: 7.442388, loss: 1.760347, train acc: 0.820864, train avg acc: 0.731691
Validation: 43, time: 7.442388, loss: 1.618649, validation acc: 0.869447, validation avg acc: 0.786073
Train: 44, time: 7.171885, loss: 1.762653, train acc: 0.817031, train avg acc: 0.727652
Validation: 44, time: 7.171885, loss: 1.619795, validation acc: 0.867281, validation avg acc: 0.779505
Train: 45, time: 7.307911, loss: 1.771093, train acc: 0.811338, train avg acc: 0.715124
Validation: 45, time: 7.307911, loss: 1.604973, validation acc: 0.881907, validation avg acc: 0.816372
Train: 46, time: 7.442938, loss: 1.764277, train acc: 0.817147, train avg acc: 0.723638
Validation: 46, time: 7.442938, loss: 1.614011, validation acc: 0.883532, validation avg acc: 0.811371
Train: 47, time: 7.287119, loss: 1.752506, train acc: 0.821097, train avg acc: 0.727531
Validation: 47, time: 7.287119, loss: 1.616066, validation acc: 0.869989, validation avg acc: 0.787744
Train: 48, time: 7.227582, loss: 1.750689, train acc: 0.819819, train avg acc: 0.726368
Validation: 48, time: 7.227582, loss: 1.609659, validation acc: 0.871073, validation avg acc: 0.794665
Train: 49, time: 7.346941, loss: 1.755724, train acc: 0.821329, train avg acc: 0.728842
Validation: 49, time: 7.346941, loss: 1.592486, validation acc: 0.875406, validation avg acc: 0.802107
Train: 50, time: 7.066324, loss: 1.752781, train acc: 0.818773, train avg acc: 0.727524
Validation: 50, time: 7.066324, loss: 1.590778, validation acc: 0.880823, validation avg acc: 0.813499
Train: 51, time: 7.264166, loss: 1.740450, train acc: 0.825279, train avg acc: 0.736209
Validation: 51, time: 7.264166, loss: 1.594593, validation acc: 0.876490, validation avg acc: 0.789395
Train: 52, time: 7.297855, loss: 1.746297, train acc: 0.825627, train avg acc: 0.735577
Validation: 52, time: 7.297855, loss: 1.602454, validation acc: 0.869989, validation avg acc: 0.792573
Train: 53, time: 7.384387, loss: 1.742761, train acc: 0.827021, train avg acc: 0.738144
Validation: 53, time: 7.384387, loss: 1.600518, validation acc: 0.878115, validation avg acc: 0.806641
Train: 54, time: 7.445790, loss: 1.744360, train acc: 0.827138, train avg acc: 0.739682
Validation: 54, time: 7.445790, loss: 1.597544, validation acc: 0.871614, validation avg acc: 0.805871
Train: 55, time: 7.423308, loss: 1.739270, train acc: 0.823885, train avg acc: 0.733931
Validation: 55, time: 7.423308, loss: 1.587397, validation acc: 0.884074, validation avg acc: 0.820020
Train: 56, time: 7.358080, loss: 1.738335, train acc: 0.825627, train avg acc: 0.737354
Validation: 56, time: 7.358080, loss: 1.617537, validation acc: 0.867281, validation avg acc: 0.788637
Train: 57, time: 7.333884, loss: 1.736088, train acc: 0.825046, train avg acc: 0.734737
Validation: 57, time: 7.333884, loss: 1.595762, validation acc: 0.871614, validation avg acc: 0.797608
Train: 58, time: 7.215100, loss: 1.734856, train acc: 0.824349, train avg acc: 0.735728
Validation: 58, time: 7.215100, loss: 1.587008, validation acc: 0.877573, validation avg acc: 0.800961
Train: 59, time: 7.304155, loss: 1.731082, train acc: 0.831320, train avg acc: 0.749848
Validation: 59, time: 7.304155, loss: 1.587771, validation acc: 0.882990, validation avg acc: 0.816195
Train: 60, time: 7.380143, loss: 1.728746, train acc: 0.829809, train avg acc: 0.745272
Validation: 60, time: 7.380143, loss: 1.589990, validation acc: 0.881365, validation avg acc: 0.814518
Train: 61, time: 7.487690, loss: 1.729289, train acc: 0.828299, train avg acc: 0.739353
Validation: 61, time: 7.487690, loss: 1.605881, validation acc: 0.874865, validation avg acc: 0.801218
Train: 62, time: 7.490967, loss: 1.723634, train acc: 0.831784, train avg acc: 0.743933
Validation: 62, time: 7.490967, loss: 1.606070, validation acc: 0.873239, validation avg acc: 0.797597
Train: 63, time: 7.344732, loss: 1.725236, train acc: 0.828880, train avg acc: 0.741191
Validation: 63, time: 7.344732, loss: 1.583840, validation acc: 0.883532, validation avg acc: 0.812574
Train: 64, time: 7.131964, loss: 1.723411, train acc: 0.831784, train avg acc: 0.743751
Validation: 64, time: 7.131964, loss: 1.593964, validation acc: 0.876490, validation avg acc: 0.789346
Train: 65, time: 7.475704, loss: 1.720311, train acc: 0.834572, train avg acc: 0.751194
Validation: 65, time: 7.475704, loss: 1.583389, validation acc: 0.884074, validation avg acc: 0.819382
Train: 66, time: 7.360055, loss: 1.721265, train acc: 0.830158, train avg acc: 0.740081
Validation: 66, time: 7.360055, loss: 1.587496, validation acc: 0.880282, validation avg acc: 0.809188
Train: 67, time: 7.168668, loss: 1.715309, train acc: 0.834572, train avg acc: 0.746711
Validation: 67, time: 7.168668, loss: 1.583249, validation acc: 0.887866, validation avg acc: 0.829366
Train: 68, time: 7.079631, loss: 1.722640, train acc: 0.833411, train avg acc: 0.749088
Validation: 68, time: 7.079631, loss: 1.591901, validation acc: 0.869989, validation avg acc: 0.793093
Train: 69, time: 7.151142, loss: 1.716384, train acc: 0.838522, train avg acc: 0.752084
Validation: 69, time: 7.151142, loss: 1.587104, validation acc: 0.869447, validation avg acc: 0.792684
Train: 70, time: 7.448837, loss: 1.714238, train acc: 0.834689, train avg acc: 0.749619
Validation: 70, time: 7.448837, loss: 1.602533, validation acc: 0.871614, validation avg acc: 0.782180
Train: 71, time: 7.344599, loss: 1.718135, train acc: 0.831320, train avg acc: 0.744192
Validation: 71, time: 7.344599, loss: 1.573330, validation acc: 0.888949, validation avg acc: 0.822246
Train: 72, time: 7.289786, loss: 1.712766, train acc: 0.837012, train avg acc: 0.751087
Validation: 72, time: 7.289786, loss: 1.600330, validation acc: 0.872156, validation avg acc: 0.791141
Train: 73, time: 7.490589, loss: 1.710918, train acc: 0.835850, train avg acc: 0.753012
Validation: 73, time: 7.490589, loss: 1.592888, validation acc: 0.882990, validation avg acc: 0.813096
Train: 74, time: 7.312412, loss: 1.702507, train acc: 0.839916, train avg acc: 0.755708
Validation: 74, time: 7.312412, loss: 1.590508, validation acc: 0.882990, validation avg acc: 0.808914
Train: 75, time: 7.218856, loss: 1.706462, train acc: 0.837477, train avg acc: 0.754543
Validation: 75, time: 7.218856, loss: 1.606422, validation acc: 0.875406, validation avg acc: 0.800035
Train: 76, time: 7.163274, loss: 1.702885, train acc: 0.844447, train avg acc: 0.761474
Validation: 76, time: 7.163274, loss: 1.601511, validation acc: 0.870531, validation avg acc: 0.795726
Train: 77, time: 7.087810, loss: 1.704078, train acc: 0.841078, train avg acc: 0.758869
Validation: 77, time: 7.087810, loss: 1.577184, validation acc: 0.881907, validation avg acc: 0.818714
Train: 78, time: 7.155673, loss: 1.696936, train acc: 0.842472, train avg acc: 0.756949
Validation: 78, time: 7.155673, loss: 1.601322, validation acc: 0.884615, validation avg acc: 0.808491
Train: 79, time: 7.529150, loss: 1.708929, train acc: 0.838755, train avg acc: 0.757792
Validation: 79, time: 7.529150, loss: 1.574599, validation acc: 0.880282, validation avg acc: 0.818063
Train: 80, time: 7.072352, loss: 1.700345, train acc: 0.841775, train avg acc: 0.759319
Validation: 80, time: 7.072352, loss: 1.593894, validation acc: 0.879740, validation avg acc: 0.800525
Train: 81, time: 7.136290, loss: 1.696061, train acc: 0.841194, train avg acc: 0.759269
Validation: 81, time: 7.136290, loss: 1.588494, validation acc: 0.883532, validation avg acc: 0.803710
Train: 82, time: 7.294194, loss: 1.703728, train acc: 0.839336, train avg acc: 0.760235
Validation: 82, time: 7.294194, loss: 1.584518, validation acc: 0.884615, validation avg acc: 0.821710
Train: 83, time: 7.487236, loss: 1.701555, train acc: 0.844099, train avg acc: 0.761693
Validation: 83, time: 7.487236, loss: 1.599468, validation acc: 0.874323, validation avg acc: 0.804305
Train: 84, time: 7.365574, loss: 1.695432, train acc: 0.844679, train avg acc: 0.761479
Validation: 84, time: 7.365574, loss: 1.565455, validation acc: 0.890574, validation avg acc: 0.819824
Train: 85, time: 6.966374, loss: 1.695670, train acc: 0.844796, train avg acc: 0.767767
Validation: 85, time: 6.966374, loss: 1.580293, validation acc: 0.881365, validation avg acc: 0.811791
Train: 86, time: 7.178757, loss: 1.691691, train acc: 0.844912, train avg acc: 0.767178
Validation: 86, time: 7.178757, loss: 1.565186, validation acc: 0.895450, validation avg acc: 0.822730
Train: 87, time: 7.064342, loss: 1.690755, train acc: 0.848164, train avg acc: 0.772113
Validation: 87, time: 7.064342, loss: 1.579588, validation acc: 0.890574, validation avg acc: 0.829474
Train: 88, time: 7.405268, loss: 1.687128, train acc: 0.847003, train avg acc: 0.763031
Validation: 88, time: 7.405268, loss: 1.561415, validation acc: 0.891116, validation avg acc: 0.825062
Train: 89, time: 7.284545, loss: 1.691942, train acc: 0.843634, train avg acc: 0.764549
Validation: 89, time: 7.284545, loss: 1.563502, validation acc: 0.887324, validation avg acc: 0.819091
Train: 90, time: 7.259633, loss: 1.686595, train acc: 0.849791, train avg acc: 0.772694
Validation: 90, time: 7.259633, loss: 1.563409, validation acc: 0.885699, validation avg acc: 0.818045
Train: 91, time: 7.399940, loss: 1.688708, train acc: 0.844215, train avg acc: 0.766316
Validation: 91, time: 7.399940, loss: 1.596854, validation acc: 0.883532, validation avg acc: 0.805208
Train: 92, time: 7.380800, loss: 1.694006, train acc: 0.846073, train avg acc: 0.769371
Validation: 92, time: 7.380800, loss: 1.593045, validation acc: 0.887324, validation avg acc: 0.819566
Train: 93, time: 7.157406, loss: 1.684567, train acc: 0.847235, train avg acc: 0.772428
Validation: 93, time: 7.157406, loss: 1.573180, validation acc: 0.885157, validation avg acc: 0.824924
Train: 94, time: 7.200981, loss: 1.692718, train acc: 0.844331, train avg acc: 0.766108
Validation: 94, time: 7.200981, loss: 1.572578, validation acc: 0.882990, validation avg acc: 0.830257
Train: 95, time: 7.366417, loss: 1.679127, train acc: 0.852463, train avg acc: 0.776071
Validation: 95, time: 7.366417, loss: 1.566650, validation acc: 0.886241, validation avg acc: 0.828259
Train: 96, time: 7.268300, loss: 1.678510, train acc: 0.853973, train avg acc: 0.779447
Validation: 96, time: 7.268300, loss: 1.562612, validation acc: 0.889491, validation avg acc: 0.813668
Train: 97, time: 7.378510, loss: 1.685793, train acc: 0.844679, train avg acc: 0.767732
Validation: 97, time: 7.378510, loss: 1.583937, validation acc: 0.887324, validation avg acc: 0.815133
Train: 98, time: 7.385146, loss: 1.673334, train acc: 0.852114, train avg acc: 0.776223
Validation: 98, time: 7.385146, loss: 1.567733, validation acc: 0.892199, validation avg acc: 0.821878
Train: 99, time: 7.259135, loss: 1.677448, train acc: 0.853160, train avg acc: 0.777769
Validation: 99, time: 7.259135, loss: 1.565987, validation acc: 0.884074, validation avg acc: 0.811732
Train: 100, time: 7.337602, loss: 1.684986, train acc: 0.847351, train avg acc: 0.769777
Validation: 100, time: 7.337602, loss: 1.569405, validation acc: 0.888949, validation avg acc: 0.818788
Train: 101, time: 7.374477, loss: 1.683482, train acc: 0.849559, train avg acc: 0.768548
Validation: 101, time: 7.374477, loss: 1.576599, validation acc: 0.888407, validation avg acc: 0.814113
Train: 102, time: 7.271001, loss: 1.681743, train acc: 0.849442, train avg acc: 0.773718
Validation: 102, time: 7.271001, loss: 1.565587, validation acc: 0.885699, validation avg acc: 0.818433
Train: 103, time: 7.370804, loss: 1.673606, train acc: 0.850372, train avg acc: 0.772511
Validation: 103, time: 7.370804, loss: 1.584503, validation acc: 0.879198, validation avg acc: 0.812227
Train: 104, time: 7.059861, loss: 1.682450, train acc: 0.850836, train avg acc: 0.776768
Validation: 104, time: 7.059861, loss: 1.561603, validation acc: 0.891116, validation avg acc: 0.831054
Train: 105, time: 7.389617, loss: 1.681843, train acc: 0.850488, train avg acc: 0.774576
Validation: 105, time: 7.389617, loss: 1.597503, validation acc: 0.875948, validation avg acc: 0.802034
Train: 106, time: 7.475409, loss: 1.671739, train acc: 0.852928, train avg acc: 0.776174
Validation: 106, time: 7.475409, loss: 1.555267, validation acc: 0.890033, validation avg acc: 0.829108
Train: 107, time: 7.214135, loss: 1.666512, train acc: 0.855135, train avg acc: 0.782255
Validation: 107, time: 7.214135, loss: 1.578290, validation acc: 0.880823, validation avg acc: 0.805890
Train: 108, time: 7.541331, loss: 1.666908, train acc: 0.853973, train avg acc: 0.782597
Validation: 108, time: 7.541331, loss: 1.560770, validation acc: 0.898158, validation avg acc: 0.833082
Train: 109, time: 7.173794, loss: 1.673958, train acc: 0.853392, train avg acc: 0.781441
Validation: 109, time: 7.173794, loss: 1.565507, validation acc: 0.881907, validation avg acc: 0.809102
Train: 110, time: 7.339867, loss: 1.673464, train acc: 0.852114, train avg acc: 0.775899
Validation: 110, time: 7.339867, loss: 1.573924, validation acc: 0.881365, validation avg acc: 0.807171
Train: 111, time: 7.444363, loss: 1.674679, train acc: 0.849442, train avg acc: 0.772138
Validation: 111, time: 7.444363, loss: 1.555218, validation acc: 0.896533, validation avg acc: 0.840817
Train: 112, time: 6.805021, loss: 1.681528, train acc: 0.845841, train avg acc: 0.764539
Validation: 112, time: 6.805021, loss: 1.562992, validation acc: 0.894366, validation avg acc: 0.834622
Train: 113, time: 7.010471, loss: 1.672256, train acc: 0.852347, train avg acc: 0.770020
Validation: 113, time: 7.010471, loss: 1.557284, validation acc: 0.887324, validation avg acc: 0.821389
Train: 114, time: 7.139922, loss: 1.674274, train acc: 0.850023, train avg acc: 0.774694
Validation: 114, time: 7.139922, loss: 1.592373, validation acc: 0.880282, validation avg acc: 0.817431
Train: 115, time: 7.328407, loss: 1.671340, train acc: 0.852695, train avg acc: 0.776537
Validation: 115, time: 7.328407, loss: 1.567522, validation acc: 0.884615, validation avg acc: 0.814909
Train: 116, time: 7.434931, loss: 1.660739, train acc: 0.857110, train avg acc: 0.782966
Validation: 116, time: 7.434931, loss: 1.554640, validation acc: 0.892199, validation avg acc: 0.829458
Train: 117, time: 7.356329, loss: 1.669632, train acc: 0.859201, train avg acc: 0.785824
Validation: 117, time: 7.356329, loss: 1.571169, validation acc: 0.888949, validation avg acc: 0.820502
Train: 118, time: 7.454303, loss: 1.663547, train acc: 0.858852, train avg acc: 0.783564
Validation: 118, time: 7.454303, loss: 1.551912, validation acc: 0.894366, validation avg acc: 0.825525
Train: 119, time: 7.277602, loss: 1.666297, train acc: 0.857574, train avg acc: 0.781190
Validation: 119, time: 7.277602, loss: 1.559895, validation acc: 0.898158, validation avg acc: 0.842910
Train: 120, time: 7.298234, loss: 1.662525, train acc: 0.859549, train avg acc: 0.786015
Validation: 120, time: 7.298234, loss: 1.554817, validation acc: 0.890033, validation avg acc: 0.816432
Train: 121, time: 7.266867, loss: 1.665472, train acc: 0.854554, train avg acc: 0.777823
Validation: 121, time: 7.266867, loss: 1.557751, validation acc: 0.887866, validation avg acc: 0.816504
Train: 122, time: 7.259078, loss: 1.658240, train acc: 0.861176, train avg acc: 0.786338
Validation: 122, time: 7.259078, loss: 1.562727, validation acc: 0.895450, validation avg acc: 0.834425
Train: 123, time: 7.301441, loss: 1.661413, train acc: 0.856413, train avg acc: 0.780324
Validation: 123, time: 7.301441, loss: 1.546053, validation acc: 0.897616, validation avg acc: 0.832515
Train: 124, time: 7.377733, loss: 1.666287, train acc: 0.855948, train avg acc: 0.782456
Validation: 124, time: 7.377733, loss: 1.563465, validation acc: 0.895991, validation avg acc: 0.830248
Train: 125, time: 7.389559, loss: 1.663234, train acc: 0.854205, train avg acc: 0.775250
Validation: 125, time: 7.389559, loss: 1.544814, validation acc: 0.895450, validation avg acc: 0.828798
Train: 126, time: 7.381134, loss: 1.660017, train acc: 0.855367, train avg acc: 0.778644
Validation: 126, time: 7.381134, loss: 1.552975, validation acc: 0.896533, validation avg acc: 0.828655
Train: 127, time: 7.493252, loss: 1.660281, train acc: 0.854322, train avg acc: 0.780131
Validation: 127, time: 7.493252, loss: 1.555611, validation acc: 0.892741, validation avg acc: 0.824016
Train: 128, time: 7.467341, loss: 1.660205, train acc: 0.856877, train avg acc: 0.777503
Validation: 128, time: 7.467341, loss: 1.545593, validation acc: 0.893283, validation avg acc: 0.832192
Train: 129, time: 7.268300, loss: 1.659513, train acc: 0.860827, train avg acc: 0.789869
Validation: 129, time: 7.268300, loss: 1.582070, validation acc: 0.891116, validation avg acc: 0.822811
Train: 130, time: 7.284565, loss: 1.657012, train acc: 0.856529, train avg acc: 0.784959
Validation: 130, time: 7.284565, loss: 1.557166, validation acc: 0.893824, validation avg acc: 0.831630
Train: 131, time: 7.106590, loss: 1.657080, train acc: 0.857807, train avg acc: 0.781124
Validation: 131, time: 7.106590, loss: 1.545396, validation acc: 0.892199, validation avg acc: 0.826993
Train: 132, time: 7.253023, loss: 1.654851, train acc: 0.860362, train avg acc: 0.788121
Validation: 132, time: 7.253023, loss: 1.550942, validation acc: 0.890033, validation avg acc: 0.831045
Train: 133, time: 7.363000, loss: 1.660898, train acc: 0.862221, train avg acc: 0.791066
Validation: 133, time: 7.363000, loss: 1.568044, validation acc: 0.895450, validation avg acc: 0.832877
Train: 134, time: 7.221624, loss: 1.659057, train acc: 0.858504, train avg acc: 0.786635
Validation: 134, time: 7.221624, loss: 1.561821, validation acc: 0.888407, validation avg acc: 0.809568
Train: 135, time: 7.140634, loss: 1.653749, train acc: 0.860827, train avg acc: 0.789321
Validation: 135, time: 7.140634, loss: 1.552870, validation acc: 0.894908, validation avg acc: 0.828675
Train: 136, time: 7.380992, loss: 1.653101, train acc: 0.863267, train avg acc: 0.792503
Validation: 136, time: 7.380992, loss: 1.545590, validation acc: 0.898700, validation avg acc: 0.840009
Train: 137, time: 7.481677, loss: 1.657785, train acc: 0.857226, train avg acc: 0.785822
Validation: 137, time: 7.481677, loss: 1.541943, validation acc: 0.898700, validation avg acc: 0.844260
Train: 138, time: 7.099122, loss: 1.655846, train acc: 0.858968, train avg acc: 0.783773
Validation: 138, time: 7.099122, loss: 1.543160, validation acc: 0.898158, validation avg acc: 0.831880
Train: 139, time: 7.086014, loss: 1.653526, train acc: 0.860595, train avg acc: 0.789940
Validation: 139, time: 7.086014, loss: 1.552604, validation acc: 0.895991, validation avg acc: 0.835945
Train: 140, time: 7.261971, loss: 1.650316, train acc: 0.859665, train avg acc: 0.784601
Validation: 140, time: 7.261971, loss: 1.542796, validation acc: 0.897616, validation avg acc: 0.837288
Train: 141, time: 7.370472, loss: 1.653648, train acc: 0.857458, train avg acc: 0.784285
Validation: 141, time: 7.370472, loss: 1.566163, validation acc: 0.889491, validation avg acc: 0.833810
Train: 142, time: 7.383982, loss: 1.648621, train acc: 0.866403, train avg acc: 0.798725
Validation: 142, time: 7.383982, loss: 1.550239, validation acc: 0.898700, validation avg acc: 0.833411
Train: 143, time: 7.387646, loss: 1.651605, train acc: 0.863964, train avg acc: 0.794148
Validation: 143, time: 7.387646, loss: 1.552053, validation acc: 0.894366, validation avg acc: 0.828091
Train: 144, time: 7.381163, loss: 1.652566, train acc: 0.857342, train avg acc: 0.784121
Validation: 144, time: 7.381163, loss: 1.569923, validation acc: 0.884615, validation avg acc: 0.828732
Train: 145, time: 7.370548, loss: 1.646692, train acc: 0.864777, train avg acc: 0.794155
Validation: 145, time: 7.370548, loss: 1.579884, validation acc: 0.886782, validation avg acc: 0.825278
Train: 146, time: 7.295288, loss: 1.646727, train acc: 0.862105, train avg acc: 0.789535
Validation: 146, time: 7.295288, loss: 1.549784, validation acc: 0.896533, validation avg acc: 0.826818
Train: 147, time: 7.375901, loss: 1.649609, train acc: 0.860827, train avg acc: 0.787557
Validation: 147, time: 7.375901, loss: 1.565278, validation acc: 0.894908, validation avg acc: 0.825318
Train: 148, time: 7.329951, loss: 1.647926, train acc: 0.865009, train avg acc: 0.794327
Validation: 148, time: 7.329951, loss: 1.553210, validation acc: 0.893283, validation avg acc: 0.828747
Train: 149, time: 7.127120, loss: 1.648418, train acc: 0.857226, train avg acc: 0.782983
Validation: 149, time: 7.127120, loss: 1.548692, validation acc: 0.893283, validation avg acc: 0.821446
Train: 150, time: 7.322959, loss: 1.640258, train acc: 0.866520, train avg acc: 0.795415
Validation: 150, time: 7.322959, loss: 1.548851, validation acc: 0.903575, validation avg acc: 0.841837
Train: 151, time: 7.250043, loss: 1.646281, train acc: 0.862918, train avg acc: 0.797515
Validation: 151, time: 7.250043, loss: 1.537183, validation acc: 0.895991, validation avg acc: 0.827940
Train: 152, time: 7.204189, loss: 1.652138, train acc: 0.858271, train avg acc: 0.785869
Validation: 152, time: 7.204189, loss: 1.551827, validation acc: 0.898158, validation avg acc: 0.830376
Train: 153, time: 7.243136, loss: 1.648547, train acc: 0.861989, train avg acc: 0.792164
Validation: 153, time: 7.243136, loss: 1.551374, validation acc: 0.885699, validation avg acc: 0.816805
Train: 154, time: 7.154137, loss: 1.642814, train acc: 0.863034, train avg acc: 0.795177
Validation: 154, time: 7.154137, loss: 1.540613, validation acc: 0.900325, validation avg acc: 0.841975
Train: 155, time: 7.199868, loss: 1.642517, train acc: 0.863731, train avg acc: 0.789549
Validation: 155, time: 7.199868, loss: 1.550471, validation acc: 0.893824, validation avg acc: 0.829579
Train: 156, time: 7.197160, loss: 1.639037, train acc: 0.864893, train avg acc: 0.794998
Validation: 156, time: 7.197160, loss: 1.571702, validation acc: 0.883532, validation avg acc: 0.810616
Train: 157, time: 7.248640, loss: 1.638080, train acc: 0.865009, train avg acc: 0.794731
Validation: 157, time: 7.248640, loss: 1.551263, validation acc: 0.897616, validation avg acc: 0.845794
Train: 158, time: 7.186958, loss: 1.642774, train acc: 0.866752, train avg acc: 0.797829
Validation: 158, time: 7.186958, loss: 1.541486, validation acc: 0.895991, validation avg acc: 0.830276
Train: 159, time: 7.184823, loss: 1.643808, train acc: 0.861176, train avg acc: 0.789718
Validation: 159, time: 7.184823, loss: 1.545472, validation acc: 0.896533, validation avg acc: 0.828694
Train: 160, time: 7.184529, loss: 1.645452, train acc: 0.862454, train avg acc: 0.790008
Validation: 160, time: 7.184529, loss: 1.550982, validation acc: 0.891658, validation avg acc: 0.829633
Train: 161, time: 7.500542, loss: 1.647756, train acc: 0.861989, train avg acc: 0.793123
Validation: 161, time: 7.500542, loss: 1.550500, validation acc: 0.894366, validation avg acc: 0.834598
Train: 162, time: 7.469384, loss: 1.631294, train acc: 0.868843, train avg acc: 0.800862
Validation: 162, time: 7.469384, loss: 1.560822, validation acc: 0.898700, validation avg acc: 0.841569
Train: 163, time: 7.288768, loss: 1.634669, train acc: 0.867333, train avg acc: 0.798195
Validation: 163, time: 7.288768, loss: 1.539294, validation acc: 0.899783, validation avg acc: 0.844482
Train: 164, time: 7.236975, loss: 1.637635, train acc: 0.869191, train avg acc: 0.803805
Validation: 164, time: 7.236975, loss: 1.545252, validation acc: 0.889491, validation avg acc: 0.814206
Train: 165, time: 7.011332, loss: 1.634530, train acc: 0.870005, train avg acc: 0.801543
Validation: 165, time: 7.011332, loss: 1.545218, validation acc: 0.887324, validation avg acc: 0.814316
Train: 166, time: 7.384250, loss: 1.639215, train acc: 0.864661, train avg acc: 0.793385
Validation: 166, time: 7.384250, loss: 1.527123, validation acc: 0.904117, validation avg acc: 0.835180
Train: 167, time: 7.330914, loss: 1.634901, train acc: 0.869075, train avg acc: 0.799627
Validation: 167, time: 7.330914, loss: 1.530865, validation acc: 0.901408, validation avg acc: 0.841329
Train: 168, time: 7.427336, loss: 1.638662, train acc: 0.864080, train avg acc: 0.795134
Validation: 168, time: 7.427336, loss: 1.547047, validation acc: 0.894366, validation avg acc: 0.834033
Train: 169, time: 7.378136, loss: 1.634406, train acc: 0.866171, train avg acc: 0.794204
Validation: 169, time: 7.378136, loss: 1.567030, validation acc: 0.889491, validation avg acc: 0.824670
Train: 170, time: 7.273690, loss: 1.638267, train acc: 0.869540, train avg acc: 0.796975
Validation: 170, time: 7.273690, loss: 1.553406, validation acc: 0.903575, validation avg acc: 0.850507
Train: 171, time: 6.973575, loss: 1.640010, train acc: 0.865590, train avg acc: 0.798311
Validation: 171, time: 6.973575, loss: 1.534742, validation acc: 0.900325, validation avg acc: 0.848282
Train: 172, time: 7.158427, loss: 1.637106, train acc: 0.868843, train avg acc: 0.797719
Validation: 172, time: 7.158427, loss: 1.548268, validation acc: 0.905742, validation avg acc: 0.848067
Train: 173, time: 7.398446, loss: 1.634071, train acc: 0.867681, train avg acc: 0.800001
Validation: 173, time: 7.398446, loss: 1.543936, validation acc: 0.891116, validation avg acc: 0.831999
Train: 174, time: 7.280597, loss: 1.635067, train acc: 0.869656, train avg acc: 0.799941
Validation: 174, time: 7.280597, loss: 1.557561, validation acc: 0.895991, validation avg acc: 0.838861
Train: 175, time: 7.240217, loss: 1.633299, train acc: 0.868611, train avg acc: 0.799882
Validation: 175, time: 7.240217, loss: 1.553362, validation acc: 0.890033, validation avg acc: 0.827824
Train: 176, time: 7.189207, loss: 1.629932, train acc: 0.869191, train avg acc: 0.797531
Validation: 176, time: 7.189207, loss: 1.543435, validation acc: 0.896533, validation avg acc: 0.842675
Train: 177, time: 7.106322, loss: 1.634570, train acc: 0.869308, train avg acc: 0.802931
Validation: 177, time: 7.106322, loss: 1.559689, validation acc: 0.889491, validation avg acc: 0.830236
Train: 178, time: 7.086495, loss: 1.631916, train acc: 0.872212, train avg acc: 0.807063
Validation: 178, time: 7.086495, loss: 1.539110, validation acc: 0.892199, validation avg acc: 0.821289
Train: 179, time: 7.255585, loss: 1.632587, train acc: 0.869888, train avg acc: 0.800822
Validation: 179, time: 7.255585, loss: 1.563092, validation acc: 0.890574, validation avg acc: 0.821674
Train: 180, time: 7.293540, loss: 1.633356, train acc: 0.869308, train avg acc: 0.800130
Validation: 180, time: 7.293540, loss: 1.550783, validation acc: 0.894908, validation avg acc: 0.835995
Train: 181, time: 7.265046, loss: 1.626078, train acc: 0.874768, train avg acc: 0.808073
Validation: 181, time: 7.265046, loss: 1.540205, validation acc: 0.895450, validation avg acc: 0.826396
Train: 182, time: 7.398363, loss: 1.631401, train acc: 0.868959, train avg acc: 0.797333
Validation: 182, time: 7.398363, loss: 1.537409, validation acc: 0.897075, validation avg acc: 0.829490
Train: 183, time: 7.273531, loss: 1.632301, train acc: 0.870586, train avg acc: 0.806707
Validation: 183, time: 7.273531, loss: 1.549709, validation acc: 0.898700, validation avg acc: 0.836037
Train: 184, time: 7.262935, loss: 1.633545, train acc: 0.866636, train avg acc: 0.799760
Validation: 184, time: 7.262935, loss: 1.541338, validation acc: 0.899783, validation avg acc: 0.841796
Train: 185, time: 7.311078, loss: 1.635039, train acc: 0.866403, train avg acc: 0.800175
Validation: 185, time: 7.311078, loss: 1.541824, validation acc: 0.900325, validation avg acc: 0.829883
Train: 186, time: 7.166955, loss: 1.632099, train acc: 0.868030, train avg acc: 0.802172
Validation: 186, time: 7.166955, loss: 1.530095, validation acc: 0.900867, validation avg acc: 0.839474
Train: 187, time: 7.295214, loss: 1.633401, train acc: 0.866868, train avg acc: 0.799445
Validation: 187, time: 7.295214, loss: 1.539011, validation acc: 0.893824, validation avg acc: 0.826200
Train: 188, time: 7.209339, loss: 1.628436, train acc: 0.871283, train avg acc: 0.807293
Validation: 188, time: 7.209339, loss: 1.534093, validation acc: 0.896533, validation avg acc: 0.838249
Train: 189, time: 7.130388, loss: 1.630892, train acc: 0.868494, train avg acc: 0.802379
Validation: 189, time: 7.130388, loss: 1.554496, validation acc: 0.900325, validation avg acc: 0.842972
Train: 190, time: 7.393535, loss: 1.630536, train acc: 0.868378, train avg acc: 0.799956
Validation: 190, time: 7.393535, loss: 1.536251, validation acc: 0.898700, validation avg acc: 0.828013
Train: 191, time: 7.181137, loss: 1.635184, train acc: 0.867681, train avg acc: 0.796357
Validation: 191, time: 7.181137, loss: 1.534735, validation acc: 0.901950, validation avg acc: 0.841462
Train: 192, time: 7.163288, loss: 1.628759, train acc: 0.866403, train avg acc: 0.794221
Validation: 192, time: 7.163288, loss: 1.536725, validation acc: 0.900325, validation avg acc: 0.828338
Train: 193, time: 7.280687, loss: 1.623522, train acc: 0.875000, train avg acc: 0.811899
Validation: 193, time: 7.280687, loss: 1.548045, validation acc: 0.892199, validation avg acc: 0.837753
Train: 194, time: 6.925535, loss: 1.626422, train acc: 0.869888, train avg acc: 0.801678
Validation: 194, time: 6.925535, loss: 1.555860, validation acc: 0.894908, validation avg acc: 0.827416
Train: 195, time: 7.249628, loss: 1.625855, train acc: 0.870818, train avg acc: 0.802309
Validation: 195, time: 7.249628, loss: 1.551029, validation acc: 0.894908, validation avg acc: 0.835271
Train: 196, time: 7.358335, loss: 1.627428, train acc: 0.873954, train avg acc: 0.809231
Validation: 196, time: 7.358335, loss: 1.559415, validation acc: 0.893283, validation avg acc: 0.833159
Train: 197, time: 7.418041, loss: 1.622307, train acc: 0.869656, train avg acc: 0.802578
Validation: 197, time: 7.418041, loss: 1.558918, validation acc: 0.894908, validation avg acc: 0.837974
Train: 198, time: 7.244663, loss: 1.624686, train acc: 0.873954, train avg acc: 0.808980
Validation: 198, time: 7.244663, loss: 1.534066, validation acc: 0.902492, validation avg acc: 0.845510
Train: 199, time: 7.162883, loss: 1.618522, train acc: 0.872793, train avg acc: 0.805407
Validation: 199, time: 7.162883, loss: 1.534736, validation acc: 0.901408, validation avg acc: 0.837871
Train: 200, time: 7.109241, loss: 1.618587, train acc: 0.875697, train avg acc: 0.812779
Validation: 200, time: 7.109241, loss: 1.529917, validation acc: 0.903034, validation avg acc: 0.848165
Train: 201, time: 7.186997, loss: 1.625681, train acc: 0.871166, train avg acc: 0.805518
Validation: 201, time: 7.186997, loss: 1.564014, validation acc: 0.897616, validation avg acc: 0.826751
Train: 202, time: 6.985337, loss: 1.628398, train acc: 0.869656, train avg acc: 0.796639
Validation: 202, time: 6.985337, loss: 1.532844, validation acc: 0.902492, validation avg acc: 0.843921
Train: 203, time: 7.176980, loss: 1.625483, train acc: 0.870005, train avg acc: 0.800961
Validation: 203, time: 7.176980, loss: 1.528211, validation acc: 0.904117, validation avg acc: 0.844435
Train: 204, time: 7.053296, loss: 1.624945, train acc: 0.868843, train avg acc: 0.801289
Validation: 204, time: 7.053296, loss: 1.540617, validation acc: 0.897075, validation avg acc: 0.832003
Train: 205, time: 7.274493, loss: 1.623803, train acc: 0.869308, train avg acc: 0.800823
Validation: 205, time: 7.274493, loss: 1.531297, validation acc: 0.898700, validation avg acc: 0.842587
Train: 206, time: 7.334759, loss: 1.622656, train acc: 0.873606, train avg acc: 0.809009
Validation: 206, time: 7.334759, loss: 1.535275, validation acc: 0.905200, validation avg acc: 0.855790
Train: 207, time: 7.022194, loss: 1.623923, train acc: 0.874071, train avg acc: 0.805059
Validation: 207, time: 7.022194, loss: 1.549541, validation acc: 0.894908, validation avg acc: 0.840171
Train: 208, time: 7.142735, loss: 1.621639, train acc: 0.872560, train avg acc: 0.805081
Validation: 208, time: 7.142735, loss: 1.535151, validation acc: 0.898700, validation avg acc: 0.840711
Train: 209, time: 7.277530, loss: 1.621915, train acc: 0.873838, train avg acc: 0.808085
Validation: 209, time: 7.277530, loss: 1.538744, validation acc: 0.897075, validation avg acc: 0.840410
Train: 210, time: 7.301773, loss: 1.617447, train acc: 0.879531, train avg acc: 0.810606
Validation: 210, time: 7.301773, loss: 1.557462, validation acc: 0.895991, validation avg acc: 0.832452
Train: 211, time: 6.965034, loss: 1.618986, train acc: 0.875232, train avg acc: 0.811822
Validation: 211, time: 6.965034, loss: 1.544912, validation acc: 0.898700, validation avg acc: 0.831872
Train: 212, time: 7.265353, loss: 1.619604, train acc: 0.871283, train avg acc: 0.805213
Validation: 212, time: 7.265353, loss: 1.535081, validation acc: 0.901950, validation avg acc: 0.843075
Train: 213, time: 7.215463, loss: 1.622733, train acc: 0.875697, train avg acc: 0.813848
Validation: 213, time: 7.215463, loss: 1.540280, validation acc: 0.895991, validation avg acc: 0.829763
Train: 214, time: 7.317293, loss: 1.622919, train acc: 0.877323, train avg acc: 0.813485
Validation: 214, time: 7.317293, loss: 1.540350, validation acc: 0.901408, validation avg acc: 0.838911
Train: 215, time: 7.346122, loss: 1.618425, train acc: 0.874187, train avg acc: 0.808534
Validation: 215, time: 7.346122, loss: 1.543015, validation acc: 0.894908, validation avg acc: 0.835170
Train: 216, time: 7.258924, loss: 1.624782, train acc: 0.869888, train avg acc: 0.807495
Validation: 216, time: 7.258924, loss: 1.528176, validation acc: 0.896533, validation avg acc: 0.837951
Train: 217, time: 7.598803, loss: 1.616679, train acc: 0.874071, train avg acc: 0.809482
Validation: 217, time: 7.598803, loss: 1.545510, validation acc: 0.895450, validation avg acc: 0.841891
Train: 218, time: 7.211332, loss: 1.614707, train acc: 0.879182, train avg acc: 0.819763
Validation: 218, time: 7.211332, loss: 1.554222, validation acc: 0.893283, validation avg acc: 0.823914
Train: 219, time: 7.331473, loss: 1.610080, train acc: 0.878717, train avg acc: 0.812169
Validation: 219, time: 7.331473, loss: 1.539414, validation acc: 0.899242, validation avg acc: 0.840037
Train: 220, time: 7.336700, loss: 1.626940, train acc: 0.868146, train avg acc: 0.800194
Validation: 220, time: 7.336700, loss: 1.528994, validation acc: 0.896533, validation avg acc: 0.836114
Train: 221, time: 7.140287, loss: 1.609289, train acc: 0.874071, train avg acc: 0.809045
Validation: 221, time: 7.140287, loss: 1.543033, validation acc: 0.902492, validation avg acc: 0.851592
Train: 222, time: 7.314243, loss: 1.614866, train acc: 0.876394, train avg acc: 0.814611
Validation: 222, time: 7.314243, loss: 1.550326, validation acc: 0.890033, validation avg acc: 0.819988
Train: 223, time: 7.261611, loss: 1.618802, train acc: 0.873141, train avg acc: 0.808080
Validation: 223, time: 7.261611, loss: 1.521307, validation acc: 0.899783, validation avg acc: 0.834937
Train: 224, time: 7.401350, loss: 1.617291, train acc: 0.877323, train avg acc: 0.811256
Validation: 224, time: 7.401350, loss: 1.547984, validation acc: 0.894366, validation avg acc: 0.834509
Train: 225, time: 7.348115, loss: 1.619694, train acc: 0.872328, train avg acc: 0.806591
Validation: 225, time: 7.348115, loss: 1.528986, validation acc: 0.902492, validation avg acc: 0.843972
Train: 226, time: 7.454818, loss: 1.618209, train acc: 0.873838, train avg acc: 0.804590
Validation: 226, time: 7.454818, loss: 1.534848, validation acc: 0.898158, validation avg acc: 0.832144
Train: 227, time: 7.360067, loss: 1.615720, train acc: 0.875813, train avg acc: 0.812167
Validation: 227, time: 7.360067, loss: 1.543888, validation acc: 0.894908, validation avg acc: 0.837619
Train: 228, time: 7.076453, loss: 1.616498, train acc: 0.877556, train avg acc: 0.816105
Validation: 228, time: 7.076453, loss: 1.526379, validation acc: 0.900325, validation avg acc: 0.832850
Train: 229, time: 7.232574, loss: 1.612652, train acc: 0.875349, train avg acc: 0.809051
Validation: 229, time: 7.232574, loss: 1.525211, validation acc: 0.905200, validation avg acc: 0.842649
Train: 230, time: 7.442476, loss: 1.617769, train acc: 0.874071, train avg acc: 0.806297
Validation: 230, time: 7.442476, loss: 1.548295, validation acc: 0.891658, validation avg acc: 0.824940
Train: 231, time: 7.382219, loss: 1.616721, train acc: 0.873025, train avg acc: 0.803950
Validation: 231, time: 7.382219, loss: 1.547106, validation acc: 0.898158, validation avg acc: 0.835232
Train: 232, time: 7.542685, loss: 1.610814, train acc: 0.878601, train avg acc: 0.816680
Validation: 232, time: 7.542685, loss: 1.529215, validation acc: 0.905200, validation avg acc: 0.848444
Train: 233, time: 7.003249, loss: 1.612465, train acc: 0.879182, train avg acc: 0.818738
Validation: 233, time: 7.003249, loss: 1.568237, validation acc: 0.891658, validation avg acc: 0.825929
Train: 234, time: 7.186834, loss: 1.613820, train acc: 0.877440, train avg acc: 0.811333
Validation: 234, time: 7.186834, loss: 1.537710, validation acc: 0.898700, validation avg acc: 0.847098
Train: 235, time: 7.416817, loss: 1.612844, train acc: 0.876975, train avg acc: 0.814315
Validation: 235, time: 7.416817, loss: 1.526514, validation acc: 0.900867, validation avg acc: 0.841988
Train: 236, time: 7.225375, loss: 1.610304, train acc: 0.878950, train avg acc: 0.816210
Validation: 236, time: 7.225375, loss: 1.563021, validation acc: 0.898158, validation avg acc: 0.842414
Train: 237, time: 7.317235, loss: 1.612732, train acc: 0.876510, train avg acc: 0.809895
Validation: 237, time: 7.317235, loss: 1.525655, validation acc: 0.906284, validation avg acc: 0.856375
Train: 238, time: 7.373710, loss: 1.609503, train acc: 0.879763, train avg acc: 0.815984
Validation: 238, time: 7.373710, loss: 1.522473, validation acc: 0.903575, validation avg acc: 0.836034
Train: 239, time: 6.952915, loss: 1.611589, train acc: 0.876743, train avg acc: 0.813633
Validation: 239, time: 6.952915, loss: 1.533051, validation acc: 0.899242, validation avg acc: 0.834803
Train: 240, time: 7.210089, loss: 1.615201, train acc: 0.873606, train avg acc: 0.810652
Validation: 240, time: 7.210089, loss: 1.533647, validation acc: 0.903575, validation avg acc: 0.847812
Train: 241, time: 7.164665, loss: 1.604713, train acc: 0.877091, train avg acc: 0.814282
Validation: 241, time: 7.164665, loss: 1.538952, validation acc: 0.904117, validation avg acc: 0.854656
Train: 242, time: 7.262472, loss: 1.609506, train acc: 0.879647, train avg acc: 0.816239
Validation: 242, time: 7.262472, loss: 1.530074, validation acc: 0.905742, validation avg acc: 0.851366
Train: 243, time: 7.305783, loss: 1.602865, train acc: 0.881389, train avg acc: 0.816342
Validation: 243, time: 7.305783, loss: 1.537410, validation acc: 0.892741, validation avg acc: 0.838993
Train: 244, time: 7.184033, loss: 1.606891, train acc: 0.882203, train avg acc: 0.820050
Validation: 244, time: 7.184033, loss: 1.537353, validation acc: 0.901950, validation avg acc: 0.844237
Train: 245, time: 7.366073, loss: 1.604679, train acc: 0.877904, train avg acc: 0.815969
Validation: 245, time: 7.366073, loss: 1.525876, validation acc: 0.900325, validation avg acc: 0.839039
Train: 246, time: 6.998116, loss: 1.604392, train acc: 0.878950, train avg acc: 0.819293
Validation: 246, time: 6.998116, loss: 1.533919, validation acc: 0.901950, validation avg acc: 0.844010
Train: 247, time: 7.339040, loss: 1.606576, train acc: 0.876975, train avg acc: 0.811770
Validation: 247, time: 7.339040, loss: 1.555988, validation acc: 0.891658, validation avg acc: 0.833090
Train: 248, time: 7.377439, loss: 1.610526, train acc: 0.877556, train avg acc: 0.812597
Validation: 248, time: 7.377439, loss: 1.545774, validation acc: 0.897075, validation avg acc: 0.842753
Train: 249, time: 7.226743, loss: 1.611188, train acc: 0.877440, train avg acc: 0.815992
Validation: 249, time: 7.226743, loss: 1.524002, validation acc: 0.901408, validation avg acc: 0.849310
Train: 250, time: 7.164504, loss: 1.609860, train acc: 0.874884, train avg acc: 0.809639
Validation: 250, time: 7.164504, loss: 1.535081, validation acc: 0.900325, validation avg acc: 0.845249
Train: 251, time: 7.350345, loss: 1.612066, train acc: 0.880460, train avg acc: 0.820708
Validation: 251, time: 7.350345, loss: 1.538274, validation acc: 0.900325, validation avg acc: 0.848160
Train: 252, time: 7.262777, loss: 1.611086, train acc: 0.878834, train avg acc: 0.809369
Validation: 252, time: 7.262777, loss: 1.527435, validation acc: 0.898700, validation avg acc: 0.835524
Train: 253, time: 7.314301, loss: 1.609531, train acc: 0.879182, train avg acc: 0.821678
Validation: 253, time: 7.314301, loss: 1.570253, validation acc: 0.892741, validation avg acc: 0.824429
Train: 254, time: 7.391964, loss: 1.602617, train acc: 0.880692, train avg acc: 0.817589
Validation: 254, time: 7.391964, loss: 1.540197, validation acc: 0.903034, validation avg acc: 0.850698
Train: 255, time: 7.353486, loss: 1.603658, train acc: 0.883016, train avg acc: 0.822269
Validation: 255, time: 7.353486, loss: 1.529562, validation acc: 0.896533, validation avg acc: 0.836792
Train: 256, time: 7.438518, loss: 1.603179, train acc: 0.881273, train avg acc: 0.815906
Validation: 256, time: 7.438518, loss: 1.533790, validation acc: 0.896533, validation avg acc: 0.851033
Train: 257, time: 7.220287, loss: 1.607901, train acc: 0.881738, train avg acc: 0.819900
Validation: 257, time: 7.220287, loss: 1.524507, validation acc: 0.905742, validation avg acc: 0.847976
Train: 258, time: 7.376679, loss: 1.607959, train acc: 0.879879, train avg acc: 0.817682
Validation: 258, time: 7.376679, loss: 1.527670, validation acc: 0.898700, validation avg acc: 0.844564
Train: 259, time: 7.374917, loss: 1.601451, train acc: 0.883364, train avg acc: 0.823183
Validation: 259, time: 7.374917, loss: 1.535996, validation acc: 0.895450, validation avg acc: 0.835232
Train: 260, time: 7.179045, loss: 1.607356, train acc: 0.879531, train avg acc: 0.815752
Validation: 260, time: 7.179045, loss: 1.536250, validation acc: 0.896533, validation avg acc: 0.836326
Train: 261, time: 7.091364, loss: 1.607586, train acc: 0.882086, train avg acc: 0.819789
Validation: 261, time: 7.091364, loss: 1.543728, validation acc: 0.901408, validation avg acc: 0.842939
Train: 262, time: 7.278371, loss: 1.611451, train acc: 0.878020, train avg acc: 0.813278
Validation: 262, time: 7.278371, loss: 1.541781, validation acc: 0.900867, validation avg acc: 0.840389
Train: 263, time: 7.374942, loss: 1.606269, train acc: 0.881041, train avg acc: 0.817099
Validation: 263, time: 7.374942, loss: 1.540972, validation acc: 0.892741, validation avg acc: 0.836477
Train: 264, time: 7.186341, loss: 1.611450, train acc: 0.877904, train avg acc: 0.814708
Validation: 264, time: 7.186341, loss: 1.541515, validation acc: 0.900867, validation avg acc: 0.846497
Train: 265, time: 7.416688, loss: 1.602639, train acc: 0.880344, train avg acc: 0.817664
Validation: 265, time: 7.416688, loss: 1.522675, validation acc: 0.902492, validation avg acc: 0.846269
Train: 266, time: 7.391164, loss: 1.600931, train acc: 0.883480, train avg acc: 0.818609
Validation: 266, time: 7.391164, loss: 1.516336, validation acc: 0.908992, validation avg acc: 0.859257
Train: 267, time: 7.131124, loss: 1.606016, train acc: 0.878485, train avg acc: 0.817215
Validation: 267, time: 7.131124, loss: 1.525034, validation acc: 0.906826, validation avg acc: 0.862405
Train: 268, time: 7.281370, loss: 1.601728, train acc: 0.881854, train avg acc: 0.825717
Validation: 268, time: 7.281370, loss: 1.543831, validation acc: 0.897616, validation avg acc: 0.840277
Train: 269, time: 7.072474, loss: 1.606086, train acc: 0.879298, train avg acc: 0.818596
Validation: 269, time: 7.072474, loss: 1.531617, validation acc: 0.900867, validation avg acc: 0.850619
Train: 270, time: 7.379252, loss: 1.607406, train acc: 0.877440, train avg acc: 0.811654
Validation: 270, time: 7.379252, loss: 1.542337, validation acc: 0.891116, validation avg acc: 0.823029
Train: 271, time: 7.365869, loss: 1.609810, train acc: 0.875116, train avg acc: 0.808936
Validation: 271, time: 7.365869, loss: 1.527622, validation acc: 0.903034, validation avg acc: 0.847570
Train: 272, time: 7.382333, loss: 1.598980, train acc: 0.886733, train avg acc: 0.827967
Validation: 272, time: 7.382333, loss: 1.548025, validation acc: 0.891658, validation avg acc: 0.839517
Train: 273, time: 7.386887, loss: 1.605166, train acc: 0.880228, train avg acc: 0.815917
Validation: 273, time: 7.386887, loss: 1.535016, validation acc: 0.898700, validation avg acc: 0.834676
Train: 274, time: 7.366782, loss: 1.596401, train acc: 0.885688, train avg acc: 0.824854
Validation: 274, time: 7.366782, loss: 1.509170, validation acc: 0.908992, validation avg acc: 0.853363
Train: 275, time: 7.414250, loss: 1.598733, train acc: 0.886036, train avg acc: 0.828760
Validation: 275, time: 7.414250, loss: 1.522890, validation acc: 0.909534, validation avg acc: 0.855152
Train: 276, time: 7.472995, loss: 1.604358, train acc: 0.878137, train avg acc: 0.818430
Validation: 276, time: 7.472995, loss: 1.524020, validation acc: 0.906826, validation avg acc: 0.846987
Train: 277, time: 7.361558, loss: 1.602306, train acc: 0.881273, train avg acc: 0.818627
Validation: 277, time: 7.361558, loss: 1.512564, validation acc: 0.905742, validation avg acc: 0.850423
Train: 278, time: 7.420758, loss: 1.598304, train acc: 0.884642, train avg acc: 0.823048
Validation: 278, time: 7.420758, loss: 1.538094, validation acc: 0.899242, validation avg acc: 0.848326
Train: 279, time: 7.370481, loss: 1.602072, train acc: 0.881389, train avg acc: 0.824522
Validation: 279, time: 7.370481, loss: 1.519202, validation acc: 0.905200, validation avg acc: 0.846089
Train: 280, time: 7.359797, loss: 1.599866, train acc: 0.880925, train avg acc: 0.821071
Validation: 280, time: 7.359797, loss: 1.521496, validation acc: 0.899783, validation avg acc: 0.843912
Train: 281, time: 7.175373, loss: 1.601973, train acc: 0.885455, train avg acc: 0.825420
Validation: 281, time: 7.175373, loss: 1.531533, validation acc: 0.900325, validation avg acc: 0.839168
Train: 282, time: 6.993986, loss: 1.601290, train acc: 0.881854, train avg acc: 0.818372
Validation: 282, time: 6.993986, loss: 1.519010, validation acc: 0.903034, validation avg acc: 0.844904
Train: 283, time: 7.246993, loss: 1.598151, train acc: 0.884061, train avg acc: 0.823830
Validation: 283, time: 7.246993, loss: 1.529835, validation acc: 0.893824, validation avg acc: 0.835978
Train: 284, time: 7.221747, loss: 1.602448, train acc: 0.884642, train avg acc: 0.822121
Validation: 284, time: 7.221747, loss: 1.519889, validation acc: 0.905200, validation avg acc: 0.853606
Train: 285, time: 7.215401, loss: 1.593461, train acc: 0.889405, train avg acc: 0.829887
Validation: 285, time: 7.215401, loss: 1.532568, validation acc: 0.905742, validation avg acc: 0.849934
Train: 286, time: 7.374106, loss: 1.600257, train acc: 0.880460, train avg acc: 0.818857
Validation: 286, time: 7.374106, loss: 1.528548, validation acc: 0.898700, validation avg acc: 0.837335
Train: 287, time: 7.240795, loss: 1.600933, train acc: 0.880925, train avg acc: 0.816741
Validation: 287, time: 7.240795, loss: 1.507588, validation acc: 0.908451, validation avg acc: 0.856782
Train: 288, time: 7.262184, loss: 1.602890, train acc: 0.880112, train avg acc: 0.816834
Validation: 288, time: 7.262184, loss: 1.530869, validation acc: 0.899242, validation avg acc: 0.839391
Train: 289, time: 7.226061, loss: 1.603618, train acc: 0.882783, train avg acc: 0.822806
Validation: 289, time: 7.226061, loss: 1.515952, validation acc: 0.900867, validation avg acc: 0.851825
Train: 290, time: 7.306164, loss: 1.595197, train acc: 0.885455, train avg acc: 0.826101
Validation: 290, time: 7.306164, loss: 1.519627, validation acc: 0.901408, validation avg acc: 0.849919
Train: 291, time: 7.291389, loss: 1.598787, train acc: 0.885339, train avg acc: 0.822868
Validation: 291, time: 7.291389, loss: 1.531459, validation acc: 0.904659, validation avg acc: 0.850875
Train: 292, time: 7.298261, loss: 1.595240, train acc: 0.886152, train avg acc: 0.830014
Validation: 292, time: 7.298261, loss: 1.534641, validation acc: 0.899783, validation avg acc: 0.846950
Train: 293, time: 7.261397, loss: 1.602482, train acc: 0.882783, train avg acc: 0.824356
Validation: 293, time: 7.261397, loss: 1.519054, validation acc: 0.897616, validation avg acc: 0.840087
Train: 294, time: 7.283697, loss: 1.599016, train acc: 0.884410, train avg acc: 0.821922
Validation: 294, time: 7.283697, loss: 1.550070, validation acc: 0.896533, validation avg acc: 0.833952
Train: 295, time: 7.268627, loss: 1.596846, train acc: 0.884526, train avg acc: 0.818531
Validation: 295, time: 7.268627, loss: 1.516727, validation acc: 0.904117, validation avg acc: 0.852636
Train: 296, time: 7.278568, loss: 1.599938, train acc: 0.879414, train avg acc: 0.816590
Validation: 296, time: 7.278568, loss: 1.525526, validation acc: 0.901408, validation avg acc: 0.852890
Train: 297, time: 7.316342, loss: 1.597228, train acc: 0.882551, train avg acc: 0.822017
Validation: 297, time: 7.316342, loss: 1.534248, validation acc: 0.898700, validation avg acc: 0.848614
Train: 298, time: 7.260514, loss: 1.599614, train acc: 0.885804, train avg acc: 0.825170
Validation: 298, time: 7.260514, loss: 1.522153, validation acc: 0.898700, validation avg acc: 0.843632
Train: 299, time: 7.191130, loss: 1.598547, train acc: 0.880112, train avg acc: 0.816501
Validation: 299, time: 7.191130, loss: 1.521291, validation acc: 0.897616, validation avg acc: 0.837828
====================================================================
TEST:: test acc: 0.891175, test avg acc: 0.845426
