PointNet(
  (conv1): Conv1d(3, 64, kernel_size=(1,), stride=(1,), bias=False)
  (conv2): Conv1d(64, 64, kernel_size=(1,), stride=(1,), bias=False)
  (conv3): Conv1d(64, 64, kernel_size=(1,), stride=(1,), bias=False)
  (conv4): Conv1d(64, 128, kernel_size=(1,), stride=(1,), bias=False)
  (conv5): Conv1d(128, 1024, kernel_size=(1,), stride=(1,), bias=False)
  (bn1): BatchNorm1d(64, eps=1e-05, momentum=0.1, affine=True, track_running_stats=True)
  (bn2): BatchNorm1d(64, eps=1e-05, momentum=0.1, affine=True, track_running_stats=True)
  (bn3): BatchNorm1d(64, eps=1e-05, momentum=0.1, affine=True, track_running_stats=True)
  (bn4): BatchNorm1d(128, eps=1e-05, momentum=0.1, affine=True, track_running_stats=True)
  (bn5): BatchNorm1d(1024, eps=1e-05, momentum=0.1, affine=True, track_running_stats=True)
  (linear1): Linear(in_features=1024, out_features=512, bias=False)
  (bn6): BatchNorm1d(512, eps=1e-05, momentum=0.1, affine=True, track_running_stats=True)
  (dp1): Dropout(p=0.5, inplace=False)
  (linear2): Linear(in_features=512, out_features=40, bias=True)
)
Train: 0, time: 7.023786, loss: 2.892238, train acc: 0.372677, train avg acc: 0.206035
Validation: 0, time: 7.023786, loss: 2.312585, validation acc: 0.583965, validation avg acc: 0.384352
Train: 1, time: 7.323942, loss: 2.460444, train acc: 0.534387, train avg acc: 0.350386
Validation: 1, time: 7.323942, loss: 2.092038, validation acc: 0.665222, validation avg acc: 0.481875
Train: 2, time: 7.261767, loss: 2.304337, train acc: 0.593518, train avg acc: 0.424718
Validation: 2, time: 7.261767, loss: 1.970702, validation acc: 0.736186, validation avg acc: 0.568575
Train: 3, time: 6.913699, loss: 2.207541, train acc: 0.637082, train avg acc: 0.474588
Validation: 3, time: 6.913699, loss: 1.900284, validation acc: 0.758938, validation avg acc: 0.614184
Train: 4, time: 6.947746, loss: 2.141660, train acc: 0.659851, train avg acc: 0.505570
Validation: 4, time: 6.947746, loss: 1.866349, validation acc: 0.760022, validation avg acc: 0.613116
Train: 5, time: 7.039346, loss: 2.097741, train acc: 0.678206, train avg acc: 0.528567
Validation: 5, time: 7.039346, loss: 1.838531, validation acc: 0.769772, validation avg acc: 0.624896
Train: 6, time: 6.908020, loss: 2.053003, train acc: 0.703299, train avg acc: 0.567800
Validation: 6, time: 6.908020, loss: 1.811594, validation acc: 0.785482, validation avg acc: 0.648309
Train: 7, time: 7.059444, loss: 2.029475, train acc: 0.701673, train avg acc: 0.563810
Validation: 7, time: 7.059444, loss: 1.805980, validation acc: 0.793066, validation avg acc: 0.668611
Train: 8, time: 6.970949, loss: 2.010238, train acc: 0.714103, train avg acc: 0.574175
Validation: 8, time: 6.970949, loss: 1.801340, validation acc: 0.805525, validation avg acc: 0.689706
Train: 9, time: 7.084841, loss: 1.979532, train acc: 0.722932, train avg acc: 0.588770
Validation: 9, time: 7.084841, loss: 1.748920, validation acc: 0.821235, validation avg acc: 0.727885
Train: 10, time: 6.988798, loss: 1.966280, train acc: 0.736757, train avg acc: 0.610381
Validation: 10, time: 6.988798, loss: 1.734948, validation acc: 0.825027, validation avg acc: 0.715369
Train: 11, time: 7.052932, loss: 1.947560, train acc: 0.740590, train avg acc: 0.612319
Validation: 11, time: 7.052932, loss: 1.728180, validation acc: 0.829902, validation avg acc: 0.731133
Train: 12, time: 6.872523, loss: 1.928807, train acc: 0.748722, train avg acc: 0.625270
Validation: 12, time: 6.872523, loss: 1.734869, validation acc: 0.827736, validation avg acc: 0.720309
Train: 13, time: 7.078617, loss: 1.921547, train acc: 0.751046, train avg acc: 0.625131
Validation: 13, time: 7.078617, loss: 1.720872, validation acc: 0.841278, validation avg acc: 0.733223
Train: 14, time: 7.472480, loss: 1.914795, train acc: 0.753137, train avg acc: 0.632627
Validation: 14, time: 7.472480, loss: 1.707765, validation acc: 0.830444, validation avg acc: 0.720277
Train: 15, time: 7.282363, loss: 1.895659, train acc: 0.761733, train avg acc: 0.641886
Validation: 15, time: 7.282363, loss: 1.699329, validation acc: 0.833694, validation avg acc: 0.725462
Train: 16, time: 7.364914, loss: 1.893016, train acc: 0.760920, train avg acc: 0.639976
Validation: 16, time: 7.364914, loss: 1.721146, validation acc: 0.834778, validation avg acc: 0.730392
Train: 17, time: 7.366176, loss: 1.879108, train acc: 0.767658, train avg acc: 0.649150
Validation: 17, time: 7.366176, loss: 1.675460, validation acc: 0.855363, validation avg acc: 0.767939
Train: 18, time: 7.155831, loss: 1.867072, train acc: 0.771840, train avg acc: 0.661045
Validation: 18, time: 7.155831, loss: 1.681625, validation acc: 0.846154, validation avg acc: 0.757942
Train: 19, time: 7.506296, loss: 1.869813, train acc: 0.775558, train avg acc: 0.666675
Validation: 19, time: 7.506296, loss: 1.674972, validation acc: 0.851029, validation avg acc: 0.747283
Train: 20, time: 6.996232, loss: 1.858034, train acc: 0.774280, train avg acc: 0.659680
Validation: 20, time: 6.996232, loss: 1.662710, validation acc: 0.871614, validation avg acc: 0.804464
Train: 21, time: 6.731623, loss: 1.851898, train acc: 0.776255, train avg acc: 0.666548
Validation: 21, time: 6.731623, loss: 1.676724, validation acc: 0.858072, validation avg acc: 0.763732
Train: 22, time: 7.229310, loss: 1.849841, train acc: 0.781715, train avg acc: 0.672852
Validation: 22, time: 7.229310, loss: 1.650269, validation acc: 0.859155, validation avg acc: 0.770171
Train: 23, time: 7.144951, loss: 1.848526, train acc: 0.778927, train avg acc: 0.668634
Validation: 23, time: 7.144951, loss: 1.677311, validation acc: 0.854821, validation avg acc: 0.780216
Train: 24, time: 7.102488, loss: 1.838364, train acc: 0.788336, train avg acc: 0.680191
Validation: 24, time: 7.102488, loss: 1.670847, validation acc: 0.856988, validation avg acc: 0.756746
Train: 25, time: 7.047545, loss: 1.825098, train acc: 0.792286, train avg acc: 0.688000
Validation: 25, time: 7.047545, loss: 1.676839, validation acc: 0.856988, validation avg acc: 0.758032
Train: 26, time: 7.278095, loss: 1.825727, train acc: 0.788453, train avg acc: 0.677255
Validation: 26, time: 7.278095, loss: 1.638864, validation acc: 0.860780, validation avg acc: 0.781191
Train: 27, time: 7.512515, loss: 1.819243, train acc: 0.796120, train avg acc: 0.690455
Validation: 27, time: 7.512515, loss: 1.633314, validation acc: 0.861322, validation avg acc: 0.772691
Train: 28, time: 7.421461, loss: 1.814967, train acc: 0.793796, train avg acc: 0.690530
Validation: 28, time: 7.421461, loss: 1.645577, validation acc: 0.865655, validation avg acc: 0.777298
Train: 29, time: 7.510523, loss: 1.812747, train acc: 0.791589, train avg acc: 0.689549
Validation: 29, time: 7.510523, loss: 1.639487, validation acc: 0.861863, validation avg acc: 0.780945
Train: 30, time: 7.324748, loss: 1.803749, train acc: 0.803555, train avg acc: 0.702246
Validation: 30, time: 7.324748, loss: 1.641268, validation acc: 0.864030, validation avg acc: 0.785394
Train: 31, time: 7.536070, loss: 1.798144, train acc: 0.802625, train avg acc: 0.703215
Validation: 31, time: 7.536070, loss: 1.629725, validation acc: 0.864030, validation avg acc: 0.776918
Train: 32, time: 7.406158, loss: 1.800309, train acc: 0.799024, train avg acc: 0.697673
Validation: 32, time: 7.406158, loss: 1.636444, validation acc: 0.867281, validation avg acc: 0.794379
Train: 33, time: 7.216234, loss: 1.788706, train acc: 0.801348, train avg acc: 0.701641
Validation: 33, time: 7.216234, loss: 1.626026, validation acc: 0.871073, validation avg acc: 0.795963
Train: 34, time: 6.997978, loss: 1.790088, train acc: 0.802625, train avg acc: 0.708341
Validation: 34, time: 6.997978, loss: 1.635732, validation acc: 0.871073, validation avg acc: 0.801245
Train: 35, time: 7.114998, loss: 1.783599, train acc: 0.808899, train avg acc: 0.708079
Validation: 35, time: 7.114998, loss: 1.632194, validation acc: 0.873239, validation avg acc: 0.806316
Train: 36, time: 7.042361, loss: 1.778019, train acc: 0.808202, train avg acc: 0.710200
Validation: 36, time: 7.042361, loss: 1.625285, validation acc: 0.875406, validation avg acc: 0.805944
Train: 37, time: 6.866122, loss: 1.778379, train acc: 0.808318, train avg acc: 0.711287
Validation: 37, time: 6.866122, loss: 1.621253, validation acc: 0.876490, validation avg acc: 0.796010
Train: 38, time: 6.917018, loss: 1.782081, train acc: 0.805181, train avg acc: 0.710483
Validation: 38, time: 6.917018, loss: 1.616268, validation acc: 0.869447, validation avg acc: 0.787491
Train: 39, time: 7.178933, loss: 1.777041, train acc: 0.807388, train avg acc: 0.711358
Validation: 39, time: 7.178933, loss: 1.622244, validation acc: 0.874865, validation avg acc: 0.806183
Train: 40, time: 6.878755, loss: 1.768124, train acc: 0.813662, train avg acc: 0.720192
Validation: 40, time: 6.878755, loss: 1.631053, validation acc: 0.870531, validation avg acc: 0.782276
Train: 41, time: 7.157968, loss: 1.768057, train acc: 0.815404, train avg acc: 0.722870
Validation: 41, time: 7.157968, loss: 1.621139, validation acc: 0.874865, validation avg acc: 0.779714
Train: 42, time: 6.991215, loss: 1.765798, train acc: 0.820051, train avg acc: 0.733271
Validation: 42, time: 6.991215, loss: 1.611441, validation acc: 0.879198, validation avg acc: 0.790244
Train: 43, time: 7.187780, loss: 1.761517, train acc: 0.817728, train avg acc: 0.722841
Validation: 43, time: 7.187780, loss: 1.624627, validation acc: 0.873781, validation avg acc: 0.802169
Train: 44, time: 7.076145, loss: 1.755319, train acc: 0.819819, train avg acc: 0.723142
Validation: 44, time: 7.076145, loss: 1.628418, validation acc: 0.861322, validation avg acc: 0.774755
Train: 45, time: 7.169788, loss: 1.748797, train acc: 0.823652, train avg acc: 0.733870
Validation: 45, time: 7.169788, loss: 1.608392, validation acc: 0.873781, validation avg acc: 0.801308
Train: 46, time: 7.410107, loss: 1.755530, train acc: 0.818425, train avg acc: 0.725974
Validation: 46, time: 7.410107, loss: 1.627629, validation acc: 0.869447, validation avg acc: 0.789330
Train: 47, time: 7.139314, loss: 1.755019, train acc: 0.817379, train avg acc: 0.726931
Validation: 47, time: 7.139314, loss: 1.605404, validation acc: 0.872698, validation avg acc: 0.801267
Train: 48, time: 7.488358, loss: 1.747230, train acc: 0.824233, train avg acc: 0.733444
Validation: 48, time: 7.488358, loss: 1.597962, validation acc: 0.875948, validation avg acc: 0.807259
Train: 49, time: 7.366042, loss: 1.749433, train acc: 0.819935, train avg acc: 0.726119
Validation: 49, time: 7.366042, loss: 1.587449, validation acc: 0.881365, validation avg acc: 0.797080
Train: 50, time: 7.378047, loss: 1.742685, train acc: 0.821445, train avg acc: 0.732621
Validation: 50, time: 7.378047, loss: 1.602985, validation acc: 0.872156, validation avg acc: 0.780878
Train: 51, time: 7.421589, loss: 1.749666, train acc: 0.818192, train avg acc: 0.723801
Validation: 51, time: 7.421589, loss: 1.612516, validation acc: 0.871614, validation avg acc: 0.798568
Train: 52, time: 7.381395, loss: 1.739296, train acc: 0.826441, train avg acc: 0.735690
Validation: 52, time: 7.381395, loss: 1.597247, validation acc: 0.888949, validation avg acc: 0.811232
Train: 53, time: 7.256117, loss: 1.741260, train acc: 0.824001, train avg acc: 0.734455
Validation: 53, time: 7.256117, loss: 1.594465, validation acc: 0.877573, validation avg acc: 0.817275
Train: 54, time: 7.562874, loss: 1.738882, train acc: 0.821910, train avg acc: 0.730624
Validation: 54, time: 7.562874, loss: 1.621416, validation acc: 0.868364, validation avg acc: 0.787054
Train: 55, time: 7.359876, loss: 1.731285, train acc: 0.826208, train avg acc: 0.738512
Validation: 55, time: 7.359876, loss: 1.613470, validation acc: 0.868364, validation avg acc: 0.791422
Train: 56, time: 7.497743, loss: 1.728518, train acc: 0.830042, train avg acc: 0.741613
Validation: 56, time: 7.497743, loss: 1.614466, validation acc: 0.879198, validation avg acc: 0.799023
Train: 57, time: 7.187536, loss: 1.741012, train acc: 0.825511, train avg acc: 0.734496
Validation: 57, time: 7.187536, loss: 1.594171, validation acc: 0.881907, validation avg acc: 0.805534
Train: 58, time: 7.483804, loss: 1.727841, train acc: 0.830739, train avg acc: 0.741346
Validation: 58, time: 7.483804, loss: 1.614101, validation acc: 0.867822, validation avg acc: 0.788221
Train: 59, time: 7.249552, loss: 1.733729, train acc: 0.828648, train avg acc: 0.737504
Validation: 59, time: 7.249552, loss: 1.596787, validation acc: 0.880823, validation avg acc: 0.799774
Train: 60, time: 7.097084, loss: 1.728765, train acc: 0.832946, train avg acc: 0.746127
Validation: 60, time: 7.097084, loss: 1.597154, validation acc: 0.879740, validation avg acc: 0.793269
Train: 61, time: 7.389189, loss: 1.727457, train acc: 0.834108, train avg acc: 0.749114
Validation: 61, time: 7.389189, loss: 1.600009, validation acc: 0.874865, validation avg acc: 0.810201
Train: 62, time: 7.380690, loss: 1.725951, train acc: 0.830855, train avg acc: 0.746906
Validation: 62, time: 7.380690, loss: 1.586329, validation acc: 0.883532, validation avg acc: 0.815840
Train: 63, time: 7.280104, loss: 1.726930, train acc: 0.831204, train avg acc: 0.744600
Validation: 63, time: 7.280104, loss: 1.602152, validation acc: 0.878115, validation avg acc: 0.806191
Train: 64, time: 7.627388, loss: 1.713106, train acc: 0.836780, train avg acc: 0.752158
Validation: 64, time: 7.627388, loss: 1.596139, validation acc: 0.878657, validation avg acc: 0.808330
Train: 65, time: 7.381218, loss: 1.723534, train acc: 0.834108, train avg acc: 0.749518
Validation: 65, time: 7.381218, loss: 1.588389, validation acc: 0.884074, validation avg acc: 0.818026
Train: 66, time: 7.493113, loss: 1.717655, train acc: 0.833875, train avg acc: 0.747583
Validation: 66, time: 7.493113, loss: 1.612506, validation acc: 0.880823, validation avg acc: 0.800767
Train: 67, time: 7.383092, loss: 1.715836, train acc: 0.832365, train avg acc: 0.745490
Validation: 67, time: 7.383092, loss: 1.589447, validation acc: 0.885157, validation avg acc: 0.812323
Train: 68, time: 7.602581, loss: 1.710563, train acc: 0.839452, train avg acc: 0.754913
Validation: 68, time: 7.602581, loss: 1.584856, validation acc: 0.885699, validation avg acc: 0.813092
Train: 69, time: 7.559540, loss: 1.708255, train acc: 0.836199, train avg acc: 0.757121
Validation: 69, time: 7.559540, loss: 1.586528, validation acc: 0.892199, validation avg acc: 0.814350
Train: 70, time: 7.473941, loss: 1.711169, train acc: 0.837244, train avg acc: 0.748439
Validation: 70, time: 7.473941, loss: 1.597866, validation acc: 0.877031, validation avg acc: 0.809017
Train: 71, time: 7.474694, loss: 1.707867, train acc: 0.839103, train avg acc: 0.754636
Validation: 71, time: 7.474694, loss: 1.593844, validation acc: 0.886241, validation avg acc: 0.825293
Train: 72, time: 7.132549, loss: 1.712966, train acc: 0.839916, train avg acc: 0.756351
Validation: 72, time: 7.132549, loss: 1.573459, validation acc: 0.890574, validation avg acc: 0.810204
Train: 73, time: 7.023556, loss: 1.705224, train acc: 0.837012, train avg acc: 0.755070
Validation: 73, time: 7.023556, loss: 1.572000, validation acc: 0.888407, validation avg acc: 0.827394
Train: 74, time: 7.065978, loss: 1.708366, train acc: 0.840497, train avg acc: 0.757947
Validation: 74, time: 7.065978, loss: 1.594178, validation acc: 0.877031, validation avg acc: 0.813908
Train: 75, time: 7.108591, loss: 1.699770, train acc: 0.842124, train avg acc: 0.757651
Validation: 75, time: 7.108591, loss: 1.576079, validation acc: 0.885157, validation avg acc: 0.812293
Train: 76, time: 7.565956, loss: 1.701597, train acc: 0.842937, train avg acc: 0.761945
Validation: 76, time: 7.565956, loss: 1.588256, validation acc: 0.874865, validation avg acc: 0.785922
Train: 77, time: 7.402239, loss: 1.690131, train acc: 0.847700, train avg acc: 0.768059
Validation: 77, time: 7.402239, loss: 1.575307, validation acc: 0.886241, validation avg acc: 0.817208
Train: 78, time: 7.151455, loss: 1.694666, train acc: 0.838871, train avg acc: 0.754963
Validation: 78, time: 7.151455, loss: 1.595449, validation acc: 0.877031, validation avg acc: 0.808962
Train: 79, time: 7.597566, loss: 1.699361, train acc: 0.840613, train avg acc: 0.759063
Validation: 79, time: 7.597566, loss: 1.579098, validation acc: 0.881365, validation avg acc: 0.814666
Train: 80, time: 7.362499, loss: 1.697842, train acc: 0.840149, train avg acc: 0.761442
Validation: 80, time: 7.362499, loss: 1.579806, validation acc: 0.884074, validation avg acc: 0.813923
Train: 81, time: 7.563646, loss: 1.698224, train acc: 0.842124, train avg acc: 0.758629
Validation: 81, time: 7.563646, loss: 1.572528, validation acc: 0.894366, validation avg acc: 0.836928
Train: 82, time: 7.291783, loss: 1.699890, train acc: 0.844099, train avg acc: 0.765566
Validation: 82, time: 7.291783, loss: 1.578916, validation acc: 0.892199, validation avg acc: 0.829036
Train: 83, time: 7.548426, loss: 1.701526, train acc: 0.837941, train avg acc: 0.760080
Validation: 83, time: 7.548426, loss: 1.574009, validation acc: 0.891658, validation avg acc: 0.828595
Train: 84, time: 7.582275, loss: 1.694065, train acc: 0.846190, train avg acc: 0.769008
Validation: 84, time: 7.582275, loss: 1.580335, validation acc: 0.886782, validation avg acc: 0.819494
Train: 85, time: 7.411797, loss: 1.694716, train acc: 0.840497, train avg acc: 0.760391
Validation: 85, time: 7.411797, loss: 1.571162, validation acc: 0.887866, validation avg acc: 0.814996
Train: 86, time: 7.555877, loss: 1.695068, train acc: 0.843866, train avg acc: 0.764649
Validation: 86, time: 7.555877, loss: 1.587611, validation acc: 0.881907, validation avg acc: 0.810341
Train: 87, time: 7.311087, loss: 1.695495, train acc: 0.840149, train avg acc: 0.760460
Validation: 87, time: 7.311087, loss: 1.583783, validation acc: 0.882449, validation avg acc: 0.813814
Train: 88, time: 7.482965, loss: 1.687327, train acc: 0.845376, train avg acc: 0.767981
Validation: 88, time: 7.482965, loss: 1.577189, validation acc: 0.887324, validation avg acc: 0.808809
Train: 89, time: 7.435263, loss: 1.685627, train acc: 0.845260, train avg acc: 0.765382
Validation: 89, time: 7.435263, loss: 1.573630, validation acc: 0.882449, validation avg acc: 0.809642
Train: 90, time: 7.037460, loss: 1.686730, train acc: 0.848281, train avg acc: 0.769907
Validation: 90, time: 7.037460, loss: 1.560931, validation acc: 0.892741, validation avg acc: 0.816041
Train: 91, time: 7.149364, loss: 1.689717, train acc: 0.844563, train avg acc: 0.762096
Validation: 91, time: 7.149364, loss: 1.576642, validation acc: 0.884615, validation avg acc: 0.819859
Train: 92, time: 7.284966, loss: 1.686099, train acc: 0.843518, train avg acc: 0.764696
Validation: 92, time: 7.284966, loss: 1.579250, validation acc: 0.882449, validation avg acc: 0.823934
Train: 93, time: 7.153464, loss: 1.685797, train acc: 0.848629, train avg acc: 0.773827
Validation: 93, time: 7.153464, loss: 1.570690, validation acc: 0.887866, validation avg acc: 0.814145
Train: 94, time: 7.269620, loss: 1.678149, train acc: 0.850604, train avg acc: 0.773265
Validation: 94, time: 7.269620, loss: 1.573625, validation acc: 0.884074, validation avg acc: 0.821216
Train: 95, time: 7.310417, loss: 1.683921, train acc: 0.847816, train avg acc: 0.771474
Validation: 95, time: 7.310417, loss: 1.572577, validation acc: 0.884074, validation avg acc: 0.819531
Train: 96, time: 6.996809, loss: 1.678355, train acc: 0.850139, train avg acc: 0.771753
Validation: 96, time: 6.996809, loss: 1.595908, validation acc: 0.872156, validation avg acc: 0.797862
Train: 97, time: 7.019524, loss: 1.677213, train acc: 0.852230, train avg acc: 0.773014
Validation: 97, time: 7.019524, loss: 1.573160, validation acc: 0.894908, validation avg acc: 0.825669
Train: 98, time: 7.351329, loss: 1.688194, train acc: 0.845725, train avg acc: 0.769726
Validation: 98, time: 7.351329, loss: 1.557446, validation acc: 0.892199, validation avg acc: 0.824032
Train: 99, time: 6.737502, loss: 1.683210, train acc: 0.845144, train avg acc: 0.768308
Validation: 99, time: 6.737502, loss: 1.552610, validation acc: 0.896533, validation avg acc: 0.833807
Train: 100, time: 6.960249, loss: 1.679724, train acc: 0.848745, train avg acc: 0.768884
Validation: 100, time: 6.960249, loss: 1.576520, validation acc: 0.891116, validation avg acc: 0.812855
Train: 101, time: 7.379731, loss: 1.682582, train acc: 0.848281, train avg acc: 0.769417
Validation: 101, time: 7.379731, loss: 1.561007, validation acc: 0.887866, validation avg acc: 0.820273
Train: 102, time: 7.380174, loss: 1.682890, train acc: 0.851185, train avg acc: 0.773956
Validation: 102, time: 7.380174, loss: 1.575639, validation acc: 0.885699, validation avg acc: 0.815185
Train: 103, time: 7.309337, loss: 1.676361, train acc: 0.850139, train avg acc: 0.768421
Validation: 103, time: 7.309337, loss: 1.584225, validation acc: 0.888407, validation avg acc: 0.827628
Train: 104, time: 7.045228, loss: 1.680805, train acc: 0.844679, train avg acc: 0.770105
Validation: 104, time: 7.045228, loss: 1.554391, validation acc: 0.897616, validation avg acc: 0.830457
Train: 105, time: 7.148322, loss: 1.677342, train acc: 0.854670, train avg acc: 0.779531
Validation: 105, time: 7.148322, loss: 1.556423, validation acc: 0.896533, validation avg acc: 0.829327
Train: 106, time: 6.991955, loss: 1.675398, train acc: 0.851998, train avg acc: 0.775460
Validation: 106, time: 6.991955, loss: 1.560384, validation acc: 0.893283, validation avg acc: 0.839260
Train: 107, time: 7.354475, loss: 1.673609, train acc: 0.853973, train avg acc: 0.781012
Validation: 107, time: 7.354475, loss: 1.555380, validation acc: 0.891116, validation avg acc: 0.830492
Train: 108, time: 7.634981, loss: 1.673974, train acc: 0.850256, train avg acc: 0.774726
Validation: 108, time: 7.634981, loss: 1.567944, validation acc: 0.887324, validation avg acc: 0.823811
Train: 109, time: 7.481402, loss: 1.664320, train acc: 0.856993, train avg acc: 0.781831
Validation: 109, time: 7.481402, loss: 1.557047, validation acc: 0.896533, validation avg acc: 0.840813
Train: 110, time: 7.357951, loss: 1.670026, train acc: 0.855367, train avg acc: 0.783764
Validation: 110, time: 7.357951, loss: 1.561038, validation acc: 0.895991, validation avg acc: 0.829633
Train: 111, time: 7.398754, loss: 1.666001, train acc: 0.857574, train avg acc: 0.784916
Validation: 111, time: 7.398754, loss: 1.560479, validation acc: 0.886241, validation avg acc: 0.817547
Train: 112, time: 7.308333, loss: 1.666731, train acc: 0.854205, train avg acc: 0.778830
Validation: 112, time: 7.308333, loss: 1.557034, validation acc: 0.887324, validation avg acc: 0.833608
Train: 113, time: 7.569711, loss: 1.668573, train acc: 0.854438, train avg acc: 0.780107
Validation: 113, time: 7.569711, loss: 1.571787, validation acc: 0.889491, validation avg acc: 0.822365
Train: 114, time: 7.380334, loss: 1.661374, train acc: 0.859317, train avg acc: 0.783081
Validation: 114, time: 7.380334, loss: 1.540051, validation acc: 0.895450, validation avg acc: 0.839855
Train: 115, time: 7.385716, loss: 1.666610, train acc: 0.852579, train avg acc: 0.774897
Validation: 115, time: 7.385716, loss: 1.561228, validation acc: 0.898158, validation avg acc: 0.835256
Train: 116, time: 7.525434, loss: 1.663687, train acc: 0.855716, train avg acc: 0.780680
Validation: 116, time: 7.525434, loss: 1.559323, validation acc: 0.884074, validation avg acc: 0.814386
Train: 117, time: 7.466729, loss: 1.664728, train acc: 0.855832, train avg acc: 0.785713
Validation: 117, time: 7.466729, loss: 1.563243, validation acc: 0.891116, validation avg acc: 0.816326
Train: 118, time: 7.493564, loss: 1.662874, train acc: 0.857342, train avg acc: 0.785124
Validation: 118, time: 7.493564, loss: 1.562304, validation acc: 0.894366, validation avg acc: 0.832139
Train: 119, time: 7.246377, loss: 1.658510, train acc: 0.858039, train avg acc: 0.787809
Validation: 119, time: 7.246377, loss: 1.569715, validation acc: 0.884615, validation avg acc: 0.820202
Train: 120, time: 7.218926, loss: 1.661009, train acc: 0.857691, train avg acc: 0.784345
Validation: 120, time: 7.218926, loss: 1.558926, validation acc: 0.887324, validation avg acc: 0.831769
Train: 121, time: 7.268324, loss: 1.661670, train acc: 0.859665, train avg acc: 0.782996
Validation: 121, time: 7.268324, loss: 1.567055, validation acc: 0.894908, validation avg acc: 0.831879
Train: 122, time: 7.292825, loss: 1.662663, train acc: 0.856529, train avg acc: 0.784250
Validation: 122, time: 7.292825, loss: 1.549789, validation acc: 0.893824, validation avg acc: 0.830122
Train: 123, time: 7.212052, loss: 1.659653, train acc: 0.857226, train avg acc: 0.782283
Validation: 123, time: 7.212052, loss: 1.541369, validation acc: 0.899783, validation avg acc: 0.844645
Train: 124, time: 7.577018, loss: 1.661117, train acc: 0.857807, train avg acc: 0.785296
Validation: 124, time: 7.577018, loss: 1.564482, validation acc: 0.891658, validation avg acc: 0.838999
Train: 125, time: 7.259588, loss: 1.656642, train acc: 0.860479, train avg acc: 0.791434
Validation: 125, time: 7.259588, loss: 1.542387, validation acc: 0.899242, validation avg acc: 0.831745
Train: 126, time: 7.225931, loss: 1.659794, train acc: 0.860479, train avg acc: 0.789187
Validation: 126, time: 7.225931, loss: 1.539762, validation acc: 0.901950, validation avg acc: 0.836329
Train: 127, time: 7.336980, loss: 1.661732, train acc: 0.860595, train avg acc: 0.786462
Validation: 127, time: 7.336980, loss: 1.553129, validation acc: 0.885699, validation avg acc: 0.819045
Train: 128, time: 7.160700, loss: 1.656651, train acc: 0.859549, train avg acc: 0.784758
Validation: 128, time: 7.160700, loss: 1.539565, validation acc: 0.905200, validation avg acc: 0.853562
Train: 129, time: 7.272949, loss: 1.655590, train acc: 0.857226, train avg acc: 0.786028
Validation: 129, time: 7.272949, loss: 1.576201, validation acc: 0.886241, validation avg acc: 0.824994
Train: 130, time: 7.582999, loss: 1.650436, train acc: 0.863731, train avg acc: 0.791342
Validation: 130, time: 7.582999, loss: 1.533101, validation acc: 0.908451, validation avg acc: 0.854980
Train: 131, time: 7.681338, loss: 1.654982, train acc: 0.857226, train avg acc: 0.780931
Validation: 131, time: 7.681338, loss: 1.564570, validation acc: 0.893283, validation avg acc: 0.821126
Train: 132, time: 7.267641, loss: 1.658050, train acc: 0.855716, train avg acc: 0.781662
Validation: 132, time: 7.267641, loss: 1.562650, validation acc: 0.891116, validation avg acc: 0.827640
Train: 133, time: 7.404340, loss: 1.656860, train acc: 0.860362, train avg acc: 0.786634
Validation: 133, time: 7.404340, loss: 1.539613, validation acc: 0.900867, validation avg acc: 0.846202
Train: 134, time: 6.967087, loss: 1.654359, train acc: 0.859665, train avg acc: 0.785153
Validation: 134, time: 6.967087, loss: 1.546958, validation acc: 0.898700, validation avg acc: 0.842574
Train: 135, time: 6.928431, loss: 1.647727, train acc: 0.864545, train avg acc: 0.794151
Validation: 135, time: 6.928431, loss: 1.547281, validation acc: 0.897616, validation avg acc: 0.844818
Train: 136, time: 7.201903, loss: 1.651271, train acc: 0.859898, train avg acc: 0.785421
Validation: 136, time: 7.201903, loss: 1.544784, validation acc: 0.897075, validation avg acc: 0.829782
Train: 137, time: 7.046857, loss: 1.653587, train acc: 0.859782, train avg acc: 0.790271
Validation: 137, time: 7.046857, loss: 1.570129, validation acc: 0.896533, validation avg acc: 0.837854
Train: 138, time: 7.300757, loss: 1.648490, train acc: 0.863615, train avg acc: 0.790626
Validation: 138, time: 7.300757, loss: 1.552988, validation acc: 0.892741, validation avg acc: 0.833205
Train: 139, time: 6.892077, loss: 1.646888, train acc: 0.866171, train avg acc: 0.794019
Validation: 139, time: 6.892077, loss: 1.544742, validation acc: 0.899783, validation avg acc: 0.844492
Train: 140, time: 6.638934, loss: 1.643627, train acc: 0.865939, train avg acc: 0.797483
Validation: 140, time: 6.638934, loss: 1.565349, validation acc: 0.893283, validation avg acc: 0.814811
Train: 141, time: 7.389401, loss: 1.641546, train acc: 0.866636, train avg acc: 0.793691
Validation: 141, time: 7.389401, loss: 1.544648, validation acc: 0.900867, validation avg acc: 0.846571
Train: 142, time: 7.177252, loss: 1.649950, train acc: 0.858155, train avg acc: 0.782002
Validation: 142, time: 7.177252, loss: 1.555721, validation acc: 0.895991, validation avg acc: 0.833090
Train: 143, time: 7.166564, loss: 1.641230, train acc: 0.866868, train avg acc: 0.794482
Validation: 143, time: 7.166564, loss: 1.547454, validation acc: 0.889491, validation avg acc: 0.838589
Train: 144, time: 7.268083, loss: 1.655916, train acc: 0.855367, train avg acc: 0.785377
Validation: 144, time: 7.268083, loss: 1.546405, validation acc: 0.900867, validation avg acc: 0.850013
Train: 145, time: 7.153863, loss: 1.643903, train acc: 0.865590, train avg acc: 0.797685
Validation: 145, time: 7.153863, loss: 1.559685, validation acc: 0.888407, validation avg acc: 0.827084
Train: 146, time: 6.992231, loss: 1.645402, train acc: 0.862570, train avg acc: 0.794691
Validation: 146, time: 6.992231, loss: 1.546880, validation acc: 0.896533, validation avg acc: 0.829409
Train: 147, time: 7.357443, loss: 1.643145, train acc: 0.868146, train avg acc: 0.796416
Validation: 147, time: 7.357443, loss: 1.559598, validation acc: 0.894366, validation avg acc: 0.839644
Train: 148, time: 7.241861, loss: 1.643322, train acc: 0.860130, train avg acc: 0.789006
Validation: 148, time: 7.241861, loss: 1.541835, validation acc: 0.893283, validation avg acc: 0.830655
Train: 149, time: 7.281355, loss: 1.644874, train acc: 0.862337, train avg acc: 0.794680
Validation: 149, time: 7.281355, loss: 1.542447, validation acc: 0.895991, validation avg acc: 0.834715
Train: 150, time: 7.287621, loss: 1.651628, train acc: 0.857458, train avg acc: 0.785904
Validation: 150, time: 7.287621, loss: 1.554458, validation acc: 0.895450, validation avg acc: 0.839000
Train: 151, time: 7.292044, loss: 1.642747, train acc: 0.864428, train avg acc: 0.795956
Validation: 151, time: 7.292044, loss: 1.543007, validation acc: 0.898158, validation avg acc: 0.831941
Train: 152, time: 7.268309, loss: 1.649384, train acc: 0.859549, train avg acc: 0.786417
Validation: 152, time: 7.268309, loss: 1.535090, validation acc: 0.897075, validation avg acc: 0.839533
Train: 153, time: 7.113114, loss: 1.644190, train acc: 0.863151, train avg acc: 0.796359
Validation: 153, time: 7.113114, loss: 1.534207, validation acc: 0.903034, validation avg acc: 0.840177
Train: 154, time: 7.256563, loss: 1.642094, train acc: 0.866171, train avg acc: 0.794584
Validation: 154, time: 7.256563, loss: 1.563439, validation acc: 0.888949, validation avg acc: 0.817952
Train: 155, time: 7.023246, loss: 1.637888, train acc: 0.866171, train avg acc: 0.797592
Validation: 155, time: 7.023246, loss: 1.541272, validation acc: 0.898158, validation avg acc: 0.837716
Train: 156, time: 7.301706, loss: 1.644505, train acc: 0.865242, train avg acc: 0.792966
Validation: 156, time: 7.301706, loss: 1.549778, validation acc: 0.894908, validation avg acc: 0.830817
Train: 157, time: 7.002174, loss: 1.635725, train acc: 0.866984, train avg acc: 0.800956
Validation: 157, time: 7.002174, loss: 1.557320, validation acc: 0.899783, validation avg acc: 0.823907
Train: 158, time: 6.961639, loss: 1.639003, train acc: 0.865009, train avg acc: 0.797275
Validation: 158, time: 6.961639, loss: 1.552992, validation acc: 0.903575, validation avg acc: 0.848405
Train: 159, time: 7.382107, loss: 1.637298, train acc: 0.868262, train avg acc: 0.800298
Validation: 159, time: 7.382107, loss: 1.547498, validation acc: 0.894908, validation avg acc: 0.835506
Train: 160, time: 7.006064, loss: 1.637711, train acc: 0.865822, train avg acc: 0.798254
Validation: 160, time: 7.006064, loss: 1.536338, validation acc: 0.893824, validation avg acc: 0.833926
Train: 161, time: 7.454736, loss: 1.637654, train acc: 0.868030, train avg acc: 0.796821
Validation: 161, time: 7.454736, loss: 1.545900, validation acc: 0.899242, validation avg acc: 0.831556
Train: 162, time: 7.468156, loss: 1.633048, train acc: 0.872793, train avg acc: 0.805610
Validation: 162, time: 7.468156, loss: 1.545361, validation acc: 0.898700, validation avg acc: 0.827965
Train: 163, time: 7.404234, loss: 1.636681, train acc: 0.867797, train avg acc: 0.794937
Validation: 163, time: 7.404234, loss: 1.555032, validation acc: 0.891658, validation avg acc: 0.834912
Train: 164, time: 7.472228, loss: 1.637336, train acc: 0.865822, train avg acc: 0.795349
Validation: 164, time: 7.472228, loss: 1.571432, validation acc: 0.888949, validation avg acc: 0.829554
Train: 165, time: 7.269825, loss: 1.640569, train acc: 0.866055, train avg acc: 0.794719
Validation: 165, time: 7.269825, loss: 1.544286, validation acc: 0.893824, validation avg acc: 0.834051
Train: 166, time: 7.481957, loss: 1.634301, train acc: 0.868727, train avg acc: 0.799764
Validation: 166, time: 7.481957, loss: 1.526575, validation acc: 0.903034, validation avg acc: 0.842628
Train: 167, time: 7.054383, loss: 1.635736, train acc: 0.865009, train avg acc: 0.798087
Validation: 167, time: 7.054383, loss: 1.542424, validation acc: 0.899242, validation avg acc: 0.840647
Train: 168, time: 7.089993, loss: 1.635495, train acc: 0.867914, train avg acc: 0.798059
Validation: 168, time: 7.089993, loss: 1.552603, validation acc: 0.890574, validation avg acc: 0.825327
Train: 169, time: 7.462704, loss: 1.640968, train acc: 0.864312, train avg acc: 0.792191
Validation: 169, time: 7.462704, loss: 1.540961, validation acc: 0.894908, validation avg acc: 0.824618
Train: 170, time: 7.448691, loss: 1.635868, train acc: 0.866287, train avg acc: 0.797362
Validation: 170, time: 7.448691, loss: 1.539309, validation acc: 0.897616, validation avg acc: 0.830650
Train: 171, time: 7.501263, loss: 1.634710, train acc: 0.867449, train avg acc: 0.802960
Validation: 171, time: 7.501263, loss: 1.559195, validation acc: 0.892199, validation avg acc: 0.827933
Train: 172, time: 7.336120, loss: 1.637905, train acc: 0.864428, train avg acc: 0.797845
Validation: 172, time: 7.336120, loss: 1.524875, validation acc: 0.906284, validation avg acc: 0.850031
Train: 173, time: 7.618391, loss: 1.635206, train acc: 0.867565, train avg acc: 0.797644
Validation: 173, time: 7.618391, loss: 1.531960, validation acc: 0.905200, validation avg acc: 0.851696
Train: 174, time: 7.184518, loss: 1.631452, train acc: 0.871166, train avg acc: 0.807499
Validation: 174, time: 7.184518, loss: 1.536086, validation acc: 0.896533, validation avg acc: 0.830780
Train: 175, time: 7.222937, loss: 1.630193, train acc: 0.870818, train avg acc: 0.804763
Validation: 175, time: 7.222937, loss: 1.559927, validation acc: 0.900867, validation avg acc: 0.847957
Train: 176, time: 7.454030, loss: 1.631518, train acc: 0.866984, train avg acc: 0.798860
Validation: 176, time: 7.454030, loss: 1.526400, validation acc: 0.899783, validation avg acc: 0.845730
Train: 177, time: 7.456798, loss: 1.630364, train acc: 0.869888, train avg acc: 0.799945
Validation: 177, time: 7.456798, loss: 1.556870, validation acc: 0.900867, validation avg acc: 0.846598
Train: 178, time: 7.350374, loss: 1.628318, train acc: 0.869191, train avg acc: 0.801654
Validation: 178, time: 7.350374, loss: 1.535683, validation acc: 0.900867, validation avg acc: 0.843062
Train: 179, time: 7.576699, loss: 1.632108, train acc: 0.869075, train avg acc: 0.804788
Validation: 179, time: 7.576699, loss: 1.545027, validation acc: 0.897075, validation avg acc: 0.835637
Train: 180, time: 6.867656, loss: 1.628608, train acc: 0.871631, train avg acc: 0.807329
Validation: 180, time: 6.867656, loss: 1.558609, validation acc: 0.884615, validation avg acc: 0.820270
Train: 181, time: 7.236891, loss: 1.630486, train acc: 0.867681, train avg acc: 0.795090
Validation: 181, time: 7.236891, loss: 1.548019, validation acc: 0.890033, validation avg acc: 0.838095
Train: 182, time: 7.554547, loss: 1.630585, train acc: 0.868146, train avg acc: 0.796083
Validation: 182, time: 7.554547, loss: 1.542678, validation acc: 0.891116, validation avg acc: 0.823831
Train: 183, time: 7.461738, loss: 1.629114, train acc: 0.870702, train avg acc: 0.804101
Validation: 183, time: 7.461738, loss: 1.540660, validation acc: 0.892741, validation avg acc: 0.833502
Train: 184, time: 7.184581, loss: 1.633118, train acc: 0.869191, train avg acc: 0.801612
Validation: 184, time: 7.184581, loss: 1.550927, validation acc: 0.897616, validation avg acc: 0.832133
Train: 185, time: 7.134678, loss: 1.630867, train acc: 0.868146, train avg acc: 0.794701
Validation: 185, time: 7.134678, loss: 1.530341, validation acc: 0.895450, validation avg acc: 0.836921
Train: 186, time: 7.125851, loss: 1.629951, train acc: 0.870353, train avg acc: 0.802118
Validation: 186, time: 7.125851, loss: 1.544296, validation acc: 0.885157, validation avg acc: 0.818244
Train: 187, time: 7.487622, loss: 1.626920, train acc: 0.872096, train avg acc: 0.806030
Validation: 187, time: 7.487622, loss: 1.536070, validation acc: 0.897075, validation avg acc: 0.830223
Train: 188, time: 7.496734, loss: 1.623571, train acc: 0.870121, train avg acc: 0.801051
Validation: 188, time: 7.496734, loss: 1.530762, validation acc: 0.901950, validation avg acc: 0.846614
Train: 189, time: 7.484811, loss: 1.624971, train acc: 0.872444, train avg acc: 0.805284
Validation: 189, time: 7.484811, loss: 1.539833, validation acc: 0.895450, validation avg acc: 0.833482
Train: 190, time: 7.393625, loss: 1.625322, train acc: 0.874651, train avg acc: 0.806590
Validation: 190, time: 7.393625, loss: 1.536812, validation acc: 0.899783, validation avg acc: 0.841340
Train: 191, time: 7.224137, loss: 1.623844, train acc: 0.870702, train avg acc: 0.807390
Validation: 191, time: 7.224137, loss: 1.528076, validation acc: 0.898700, validation avg acc: 0.847180
Train: 192, time: 7.377369, loss: 1.628287, train acc: 0.871399, train avg acc: 0.804490
Validation: 192, time: 7.377369, loss: 1.542652, validation acc: 0.898158, validation avg acc: 0.840177
Train: 193, time: 7.189582, loss: 1.621610, train acc: 0.871747, train avg acc: 0.805757
Validation: 193, time: 7.189582, loss: 1.530469, validation acc: 0.904117, validation avg acc: 0.843119
Train: 194, time: 7.084807, loss: 1.623132, train acc: 0.872677, train avg acc: 0.809053
Validation: 194, time: 7.084807, loss: 1.537142, validation acc: 0.895450, validation avg acc: 0.839785
Train: 195, time: 7.580715, loss: 1.627664, train acc: 0.871515, train avg acc: 0.807134
Validation: 195, time: 7.580715, loss: 1.535431, validation acc: 0.896533, validation avg acc: 0.843315
Train: 196, time: 7.052354, loss: 1.623422, train acc: 0.873141, train avg acc: 0.808252
Validation: 196, time: 7.052354, loss: 1.540399, validation acc: 0.897075, validation avg acc: 0.834724
Train: 197, time: 6.896654, loss: 1.629676, train acc: 0.868843, train avg acc: 0.797363
Validation: 197, time: 6.896654, loss: 1.537002, validation acc: 0.898158, validation avg acc: 0.832300
Train: 198, time: 7.342994, loss: 1.622972, train acc: 0.871747, train avg acc: 0.805019
Validation: 198, time: 7.342994, loss: 1.536136, validation acc: 0.904117, validation avg acc: 0.843612
Train: 199, time: 7.312403, loss: 1.615406, train acc: 0.872096, train avg acc: 0.808857
Validation: 199, time: 7.312403, loss: 1.537083, validation acc: 0.898158, validation avg acc: 0.842476
Train: 200, time: 7.385928, loss: 1.620302, train acc: 0.872909, train avg acc: 0.807651
Validation: 200, time: 7.385928, loss: 1.528694, validation acc: 0.900325, validation avg acc: 0.841906
Train: 201, time: 7.508291, loss: 1.623866, train acc: 0.875232, train avg acc: 0.807307
Validation: 201, time: 7.508291, loss: 1.528341, validation acc: 0.900325, validation avg acc: 0.851974
Train: 202, time: 6.950630, loss: 1.621866, train acc: 0.870586, train avg acc: 0.803418
Validation: 202, time: 6.950630, loss: 1.529420, validation acc: 0.901408, validation avg acc: 0.847350
Train: 203, time: 7.395903, loss: 1.615749, train acc: 0.874419, train avg acc: 0.813432
Validation: 203, time: 7.395903, loss: 1.534364, validation acc: 0.901950, validation avg acc: 0.848852
Train: 204, time: 7.274377, loss: 1.620812, train acc: 0.871399, train avg acc: 0.801962
Validation: 204, time: 7.274377, loss: 1.524376, validation acc: 0.900325, validation avg acc: 0.845448
Train: 205, time: 7.849033, loss: 1.627091, train acc: 0.870934, train avg acc: 0.804964
Validation: 205, time: 7.849033, loss: 1.530994, validation acc: 0.904659, validation avg acc: 0.841124
Train: 206, time: 7.214631, loss: 1.620368, train acc: 0.875000, train avg acc: 0.808364
Validation: 206, time: 7.214631, loss: 1.538608, validation acc: 0.893283, validation avg acc: 0.822989
Train: 207, time: 7.434667, loss: 1.617742, train acc: 0.877323, train avg acc: 0.814102
Validation: 207, time: 7.434667, loss: 1.543099, validation acc: 0.902492, validation avg acc: 0.848798
Train: 208, time: 6.702548, loss: 1.622287, train acc: 0.872212, train avg acc: 0.805536
Validation: 208, time: 6.702548, loss: 1.520837, validation acc: 0.902492, validation avg acc: 0.840123
Train: 209, time: 7.474406, loss: 1.617165, train acc: 0.876975, train avg acc: 0.811278
Validation: 209, time: 7.474406, loss: 1.545113, validation acc: 0.897616, validation avg acc: 0.838937
Train: 210, time: 7.370558, loss: 1.624046, train acc: 0.870934, train avg acc: 0.806862
Validation: 210, time: 7.370558, loss: 1.537610, validation acc: 0.906284, validation avg acc: 0.848723
Train: 211, time: 7.315722, loss: 1.617335, train acc: 0.876743, train avg acc: 0.811801
Validation: 211, time: 7.315722, loss: 1.516446, validation acc: 0.899783, validation avg acc: 0.844679
Train: 212, time: 7.397015, loss: 1.619330, train acc: 0.873954, train avg acc: 0.804383
Validation: 212, time: 7.397015, loss: 1.537721, validation acc: 0.888949, validation avg acc: 0.829123
Train: 213, time: 6.876387, loss: 1.619812, train acc: 0.872909, train avg acc: 0.810064
Validation: 213, time: 6.876387, loss: 1.528857, validation acc: 0.901408, validation avg acc: 0.844912
Train: 214, time: 6.887219, loss: 1.620917, train acc: 0.871747, train avg acc: 0.804431
Validation: 214, time: 6.887219, loss: 1.526998, validation acc: 0.907367, validation avg acc: 0.849167
Train: 215, time: 7.422983, loss: 1.619457, train acc: 0.873257, train avg acc: 0.806010
Validation: 215, time: 7.422983, loss: 1.538874, validation acc: 0.895991, validation avg acc: 0.837348
Train: 216, time: 7.231663, loss: 1.618874, train acc: 0.874651, train avg acc: 0.808259
Validation: 216, time: 7.231663, loss: 1.538366, validation acc: 0.897075, validation avg acc: 0.841454
Train: 217, time: 7.126703, loss: 1.620434, train acc: 0.872909, train avg acc: 0.806731
Validation: 217, time: 7.126703, loss: 1.534345, validation acc: 0.900325, validation avg acc: 0.847387
Train: 218, time: 7.172109, loss: 1.619659, train acc: 0.876975, train avg acc: 0.816402
Validation: 218, time: 7.172109, loss: 1.541457, validation acc: 0.893824, validation avg acc: 0.825721
Train: 219, time: 6.908901, loss: 1.616279, train acc: 0.875116, train avg acc: 0.814810
Validation: 219, time: 6.908901, loss: 1.526619, validation acc: 0.899242, validation avg acc: 0.837139
Train: 220, time: 6.764689, loss: 1.615296, train acc: 0.877207, train avg acc: 0.813922
Validation: 220, time: 6.764689, loss: 1.522912, validation acc: 0.900325, validation avg acc: 0.840156
Train: 221, time: 7.173367, loss: 1.616761, train acc: 0.876859, train avg acc: 0.815336
Validation: 221, time: 7.173367, loss: 1.522996, validation acc: 0.905742, validation avg acc: 0.850361
Train: 222, time: 7.269281, loss: 1.618641, train acc: 0.870934, train avg acc: 0.805781
Validation: 222, time: 7.269281, loss: 1.546304, validation acc: 0.898158, validation avg acc: 0.846550
Train: 223, time: 7.280001, loss: 1.610992, train acc: 0.880692, train avg acc: 0.821932
Validation: 223, time: 7.280001, loss: 1.535236, validation acc: 0.896533, validation avg acc: 0.836298
Train: 224, time: 6.987899, loss: 1.614863, train acc: 0.874071, train avg acc: 0.811950
Validation: 224, time: 6.987899, loss: 1.531372, validation acc: 0.904117, validation avg acc: 0.850456
Train: 225, time: 6.597248, loss: 1.608508, train acc: 0.883364, train avg acc: 0.824351
Validation: 225, time: 6.597248, loss: 1.545496, validation acc: 0.900867, validation avg acc: 0.834890
Train: 226, time: 7.383185, loss: 1.615378, train acc: 0.875349, train avg acc: 0.808456
Validation: 226, time: 7.383185, loss: 1.536146, validation acc: 0.897616, validation avg acc: 0.832093
Train: 227, time: 7.339365, loss: 1.616408, train acc: 0.876743, train avg acc: 0.812079
Validation: 227, time: 7.339365, loss: 1.529003, validation acc: 0.899783, validation avg acc: 0.843988
Train: 228, time: 7.178751, loss: 1.610852, train acc: 0.879647, train avg acc: 0.817614
Validation: 228, time: 7.178751, loss: 1.531902, validation acc: 0.895991, validation avg acc: 0.839063
Train: 229, time: 7.203390, loss: 1.615052, train acc: 0.871631, train avg acc: 0.807194
Validation: 229, time: 7.203390, loss: 1.528585, validation acc: 0.898700, validation avg acc: 0.844677
Train: 230, time: 7.279150, loss: 1.606340, train acc: 0.880576, train avg acc: 0.817374
Validation: 230, time: 7.279150, loss: 1.534906, validation acc: 0.901408, validation avg acc: 0.841604
Train: 231, time: 6.875743, loss: 1.615523, train acc: 0.874187, train avg acc: 0.810070
Validation: 231, time: 6.875743, loss: 1.520570, validation acc: 0.904117, validation avg acc: 0.848367
Train: 232, time: 7.088390, loss: 1.610326, train acc: 0.880576, train avg acc: 0.818826
Validation: 232, time: 7.088390, loss: 1.544202, validation acc: 0.892199, validation avg acc: 0.828836
Train: 233, time: 7.197152, loss: 1.611445, train acc: 0.879763, train avg acc: 0.817272
Validation: 233, time: 7.197152, loss: 1.525165, validation acc: 0.901408, validation avg acc: 0.846603
Train: 234, time: 7.160025, loss: 1.614611, train acc: 0.878253, train avg acc: 0.814672
Validation: 234, time: 7.160025, loss: 1.528185, validation acc: 0.901408, validation avg acc: 0.847735
Train: 235, time: 7.384163, loss: 1.605959, train acc: 0.878369, train avg acc: 0.813069
Validation: 235, time: 7.384163, loss: 1.527627, validation acc: 0.898158, validation avg acc: 0.843633
Train: 236, time: 7.096975, loss: 1.611839, train acc: 0.876278, train avg acc: 0.811988
Validation: 236, time: 7.096975, loss: 1.549511, validation acc: 0.892741, validation avg acc: 0.836278
Train: 237, time: 6.546607, loss: 1.608150, train acc: 0.880228, train avg acc: 0.816170
Validation: 237, time: 6.546607, loss: 1.529897, validation acc: 0.901950, validation avg acc: 0.851205
Train: 238, time: 7.381211, loss: 1.613359, train acc: 0.874768, train avg acc: 0.808978
Validation: 238, time: 7.381211, loss: 1.523598, validation acc: 0.902492, validation avg acc: 0.845449
Train: 239, time: 7.082821, loss: 1.614677, train acc: 0.872909, train avg acc: 0.806409
Validation: 239, time: 7.082821, loss: 1.529517, validation acc: 0.904117, validation avg acc: 0.850893
Train: 240, time: 7.340102, loss: 1.610323, train acc: 0.879066, train avg acc: 0.816690
Validation: 240, time: 7.340102, loss: 1.533531, validation acc: 0.903034, validation avg acc: 0.845149
Train: 241, time: 7.373413, loss: 1.608529, train acc: 0.877904, train avg acc: 0.814137
Validation: 241, time: 7.373413, loss: 1.520009, validation acc: 0.903034, validation avg acc: 0.838270
Train: 242, time: 7.182897, loss: 1.609336, train acc: 0.878485, train avg acc: 0.814757
Validation: 242, time: 7.182897, loss: 1.510909, validation acc: 0.906284, validation avg acc: 0.840273
Train: 243, time: 6.740401, loss: 1.608013, train acc: 0.876743, train avg acc: 0.812998
Validation: 243, time: 6.740401, loss: 1.534497, validation acc: 0.897075, validation avg acc: 0.838375
Train: 244, time: 7.182620, loss: 1.606588, train acc: 0.880344, train avg acc: 0.817572
Validation: 244, time: 7.182620, loss: 1.529678, validation acc: 0.898700, validation avg acc: 0.838008
Train: 245, time: 7.162836, loss: 1.606158, train acc: 0.879298, train avg acc: 0.817145
Validation: 245, time: 7.162836, loss: 1.531414, validation acc: 0.903575, validation avg acc: 0.843078
Train: 246, time: 7.272364, loss: 1.614576, train acc: 0.875000, train avg acc: 0.811274
Validation: 246, time: 7.272364, loss: 1.533708, validation acc: 0.897075, validation avg acc: 0.834268
Train: 247, time: 7.243479, loss: 1.610998, train acc: 0.874303, train avg acc: 0.808073
Validation: 247, time: 7.243479, loss: 1.528018, validation acc: 0.900867, validation avg acc: 0.841459
Train: 248, time: 6.966015, loss: 1.609304, train acc: 0.877091, train avg acc: 0.813424
Validation: 248, time: 6.966015, loss: 1.522230, validation acc: 0.903575, validation avg acc: 0.848378
Train: 249, time: 6.870924, loss: 1.612638, train acc: 0.876046, train avg acc: 0.808740
Validation: 249, time: 6.870924, loss: 1.523932, validation acc: 0.908451, validation avg acc: 0.851480
Train: 250, time: 7.491961, loss: 1.607398, train acc: 0.878834, train avg acc: 0.817236
Validation: 250, time: 7.491961, loss: 1.527741, validation acc: 0.903575, validation avg acc: 0.848123
Train: 251, time: 7.128471, loss: 1.607880, train acc: 0.878950, train avg acc: 0.814742
Validation: 251, time: 7.128471, loss: 1.531889, validation acc: 0.900867, validation avg acc: 0.839144
Train: 252, time: 7.100998, loss: 1.606390, train acc: 0.877788, train avg acc: 0.815285
Validation: 252, time: 7.100998, loss: 1.528332, validation acc: 0.901408, validation avg acc: 0.851542
Train: 253, time: 6.966643, loss: 1.606100, train acc: 0.881738, train avg acc: 0.820663
Validation: 253, time: 6.966643, loss: 1.531762, validation acc: 0.898700, validation avg acc: 0.818712
Train: 254, time: 6.847165, loss: 1.604913, train acc: 0.881970, train avg acc: 0.819263
Validation: 254, time: 6.847165, loss: 1.535755, validation acc: 0.901950, validation avg acc: 0.843405
Train: 255, time: 7.297494, loss: 1.610485, train acc: 0.877440, train avg acc: 0.811924
Validation: 255, time: 7.297494, loss: 1.525986, validation acc: 0.899242, validation avg acc: 0.839167
Train: 256, time: 7.277971, loss: 1.605997, train acc: 0.881854, train avg acc: 0.819155
Validation: 256, time: 7.277971, loss: 1.534365, validation acc: 0.897616, validation avg acc: 0.826260
Train: 257, time: 7.237578, loss: 1.604228, train acc: 0.883016, train avg acc: 0.823131
Validation: 257, time: 7.237578, loss: 1.519824, validation acc: 0.907367, validation avg acc: 0.845952
Train: 258, time: 7.390762, loss: 1.609697, train acc: 0.879414, train avg acc: 0.816892
Validation: 258, time: 7.390762, loss: 1.510094, validation acc: 0.907909, validation avg acc: 0.860859
Train: 259, time: 7.068934, loss: 1.607230, train acc: 0.879414, train avg acc: 0.817259
Validation: 259, time: 7.068934, loss: 1.522705, validation acc: 0.905200, validation avg acc: 0.851604
Train: 260, time: 6.897548, loss: 1.603384, train acc: 0.878020, train avg acc: 0.818237
Validation: 260, time: 6.897548, loss: 1.514058, validation acc: 0.899783, validation avg acc: 0.840939
Train: 261, time: 7.196313, loss: 1.606924, train acc: 0.875581, train avg acc: 0.812613
Validation: 261, time: 7.196313, loss: 1.528557, validation acc: 0.897616, validation avg acc: 0.850291
Train: 262, time: 7.192606, loss: 1.602464, train acc: 0.882435, train avg acc: 0.822783
Validation: 262, time: 7.192606, loss: 1.522041, validation acc: 0.902492, validation avg acc: 0.845087
Train: 263, time: 7.350735, loss: 1.606684, train acc: 0.879298, train avg acc: 0.816420
Validation: 263, time: 7.350735, loss: 1.534950, validation acc: 0.903575, validation avg acc: 0.843428
Train: 264, time: 7.085866, loss: 1.602915, train acc: 0.881622, train avg acc: 0.821495
Validation: 264, time: 7.085866, loss: 1.532995, validation acc: 0.901408, validation avg acc: 0.847186
Train: 265, time: 6.883369, loss: 1.607988, train acc: 0.880112, train avg acc: 0.817428
Validation: 265, time: 6.883369, loss: 1.531254, validation acc: 0.911701, validation avg acc: 0.859573
Train: 266, time: 6.971447, loss: 1.608184, train acc: 0.881041, train avg acc: 0.818786
Validation: 266, time: 6.971447, loss: 1.529005, validation acc: 0.902492, validation avg acc: 0.842897
Train: 267, time: 6.981133, loss: 1.609295, train acc: 0.879066, train avg acc: 0.813556
Validation: 267, time: 6.981133, loss: 1.523228, validation acc: 0.897616, validation avg acc: 0.842285
Train: 268, time: 6.973583, loss: 1.601822, train acc: 0.881622, train avg acc: 0.820349
Validation: 268, time: 6.973583, loss: 1.527944, validation acc: 0.898158, validation avg acc: 0.846137
Train: 269, time: 7.105603, loss: 1.602582, train acc: 0.881157, train avg acc: 0.821993
Validation: 269, time: 7.105603, loss: 1.523715, validation acc: 0.901950, validation avg acc: 0.850160
Train: 270, time: 7.262640, loss: 1.598800, train acc: 0.885107, train avg acc: 0.822641
Validation: 270, time: 7.262640, loss: 1.532819, validation acc: 0.901408, validation avg acc: 0.833288
Train: 271, time: 6.751137, loss: 1.604744, train acc: 0.876394, train avg acc: 0.809442
Validation: 271, time: 6.751137, loss: 1.518467, validation acc: 0.903034, validation avg acc: 0.844645
Train: 272, time: 7.105105, loss: 1.603974, train acc: 0.881273, train avg acc: 0.819101
Validation: 272, time: 7.105105, loss: 1.530716, validation acc: 0.901408, validation avg acc: 0.842129
Train: 273, time: 7.212268, loss: 1.596293, train acc: 0.883016, train avg acc: 0.816880
Validation: 273, time: 7.212268, loss: 1.523176, validation acc: 0.899242, validation avg acc: 0.844271
Train: 274, time: 7.241647, loss: 1.603212, train acc: 0.878020, train avg acc: 0.815527
Validation: 274, time: 7.241647, loss: 1.535885, validation acc: 0.896533, validation avg acc: 0.846271
Train: 275, time: 7.389304, loss: 1.598632, train acc: 0.880692, train avg acc: 0.819522
Validation: 275, time: 7.389304, loss: 1.524062, validation acc: 0.908451, validation avg acc: 0.852217
Train: 276, time: 7.348855, loss: 1.603065, train acc: 0.880576, train avg acc: 0.820138
Validation: 276, time: 7.348855, loss: 1.529347, validation acc: 0.899242, validation avg acc: 0.844490
Train: 277, time: 6.806416, loss: 1.592425, train acc: 0.887198, train avg acc: 0.828091
Validation: 277, time: 6.806416, loss: 1.520744, validation acc: 0.903034, validation avg acc: 0.848572
Train: 278, time: 6.894387, loss: 1.598955, train acc: 0.884642, train avg acc: 0.823318
Validation: 278, time: 6.894387, loss: 1.517056, validation acc: 0.906826, validation avg acc: 0.853123
Train: 279, time: 7.370693, loss: 1.600740, train acc: 0.882203, train avg acc: 0.821806
Validation: 279, time: 7.370693, loss: 1.516711, validation acc: 0.905742, validation avg acc: 0.849835
Train: 280, time: 7.283674, loss: 1.598821, train acc: 0.885107, train avg acc: 0.826391
Validation: 280, time: 7.283674, loss: 1.516025, validation acc: 0.902492, validation avg acc: 0.843942
Train: 281, time: 7.368522, loss: 1.606053, train acc: 0.879182, train avg acc: 0.813935
Validation: 281, time: 7.368522, loss: 1.526092, validation acc: 0.902492, validation avg acc: 0.847932
Train: 282, time: 6.851040, loss: 1.601253, train acc: 0.885920, train avg acc: 0.823341
Validation: 282, time: 6.851040, loss: 1.512567, validation acc: 0.905742, validation avg acc: 0.851887
Train: 283, time: 6.733090, loss: 1.596129, train acc: 0.883829, train avg acc: 0.824614
Validation: 283, time: 6.733090, loss: 1.530785, validation acc: 0.901950, validation avg acc: 0.848303
Train: 284, time: 7.256837, loss: 1.603629, train acc: 0.881622, train avg acc: 0.821934
Validation: 284, time: 7.256837, loss: 1.528090, validation acc: 0.908451, validation avg acc: 0.853304
Train: 285, time: 6.945841, loss: 1.598577, train acc: 0.884410, train avg acc: 0.826048
Validation: 285, time: 6.945841, loss: 1.522989, validation acc: 0.906284, validation avg acc: 0.856494
Train: 286, time: 7.118731, loss: 1.588658, train acc: 0.889173, train avg acc: 0.828060
Validation: 286, time: 7.118731, loss: 1.530265, validation acc: 0.896533, validation avg acc: 0.837832
Train: 287, time: 7.157590, loss: 1.595111, train acc: 0.883480, train avg acc: 0.825163
Validation: 287, time: 7.157590, loss: 1.533826, validation acc: 0.905742, validation avg acc: 0.850203
Train: 288, time: 6.859356, loss: 1.595648, train acc: 0.885339, train avg acc: 0.826248
Validation: 288, time: 6.859356, loss: 1.514751, validation acc: 0.896533, validation avg acc: 0.836474
Train: 289, time: 6.996423, loss: 1.597219, train acc: 0.880576, train avg acc: 0.816908
Validation: 289, time: 6.996423, loss: 1.516242, validation acc: 0.906826, validation avg acc: 0.857976
Train: 290, time: 7.227332, loss: 1.598367, train acc: 0.882319, train avg acc: 0.821104
Validation: 290, time: 7.227332, loss: 1.538814, validation acc: 0.896533, validation avg acc: 0.846809
Train: 291, time: 7.387442, loss: 1.594970, train acc: 0.881854, train avg acc: 0.823662
Validation: 291, time: 7.387442, loss: 1.518438, validation acc: 0.903034, validation avg acc: 0.852334
Train: 292, time: 7.054433, loss: 1.594535, train acc: 0.886849, train avg acc: 0.826867
Validation: 292, time: 7.054433, loss: 1.523440, validation acc: 0.904659, validation avg acc: 0.855748
Train: 293, time: 7.478190, loss: 1.602915, train acc: 0.880809, train avg acc: 0.820379
Validation: 293, time: 7.478190, loss: 1.533071, validation acc: 0.906284, validation avg acc: 0.855801
Train: 294, time: 6.741220, loss: 1.597712, train acc: 0.882086, train avg acc: 0.821504
Validation: 294, time: 6.741220, loss: 1.531351, validation acc: 0.901408, validation avg acc: 0.846053
Train: 295, time: 6.891480, loss: 1.595151, train acc: 0.884294, train avg acc: 0.824485
Validation: 295, time: 6.891480, loss: 1.522226, validation acc: 0.903575, validation avg acc: 0.840799
Train: 296, time: 7.080159, loss: 1.595445, train acc: 0.886966, train avg acc: 0.830870
Validation: 296, time: 7.080159, loss: 1.529411, validation acc: 0.906284, validation avg acc: 0.855420
Train: 297, time: 7.371070, loss: 1.598499, train acc: 0.882900, train avg acc: 0.823466
Validation: 297, time: 7.371070, loss: 1.522139, validation acc: 0.903034, validation avg acc: 0.848329
Train: 298, time: 7.075771, loss: 1.591086, train acc: 0.887663, train avg acc: 0.828621
Validation: 298, time: 7.075771, loss: 1.535319, validation acc: 0.898700, validation avg acc: 0.843495
Train: 299, time: 6.971889, loss: 1.595088, train acc: 0.885339, train avg acc: 0.824776
Validation: 299, time: 6.971889, loss: 1.515060, validation acc: 0.902492, validation avg acc: 0.851203
====================================================================
TEST:: test acc: 0.907959, test avg acc: 0.866669
