PointNet(
  (conv1): Conv1d(3, 64, kernel_size=(1,), stride=(1,), bias=False)
  (conv2): Conv1d(64, 64, kernel_size=(1,), stride=(1,), bias=False)
  (conv3): Conv1d(64, 64, kernel_size=(1,), stride=(1,), bias=False)
  (conv4): Conv1d(64, 128, kernel_size=(1,), stride=(1,), bias=False)
  (conv5): Conv1d(128, 1024, kernel_size=(1,), stride=(1,), bias=False)
  (bn1): BatchNorm1d(64, eps=1e-05, momentum=0.1, affine=True, track_running_stats=True)
  (bn2): BatchNorm1d(64, eps=1e-05, momentum=0.1, affine=True, track_running_stats=True)
  (bn3): BatchNorm1d(64, eps=1e-05, momentum=0.1, affine=True, track_running_stats=True)
  (bn4): BatchNorm1d(128, eps=1e-05, momentum=0.1, affine=True, track_running_stats=True)
  (bn5): BatchNorm1d(1024, eps=1e-05, momentum=0.1, affine=True, track_running_stats=True)
  (linear1): Linear(in_features=1024, out_features=512, bias=False)
  (bn6): BatchNorm1d(512, eps=1e-05, momentum=0.1, affine=True, track_running_stats=True)
  (dp1): Dropout(p=0.5, inplace=False)
  (linear2): Linear(in_features=512, out_features=40, bias=True)
)
Train: 0, time: 6.695965, loss: 2.883732, train acc: 0.384875, train avg acc: 0.222311
Validation: 0, time: 6.695965, loss: 2.280073, validation acc: 0.593716, validation avg acc: 0.387161
Train: 1, time: 6.820032, loss: 2.432203, train acc: 0.541589, train avg acc: 0.363579
Validation: 1, time: 6.820032, loss: 2.048580, validation acc: 0.696641, validation avg acc: 0.517515
Train: 2, time: 6.683231, loss: 2.288102, train acc: 0.603625, train avg acc: 0.438750
Validation: 2, time: 6.683231, loss: 1.962208, validation acc: 0.731853, validation avg acc: 0.558627
Train: 3, time: 6.884001, loss: 2.212320, train acc: 0.633364, train avg acc: 0.472055
Validation: 3, time: 6.884001, loss: 1.891402, validation acc: 0.747562, validation avg acc: 0.594953
Train: 4, time: 6.867587, loss: 2.159927, train acc: 0.653810, train avg acc: 0.499882
Validation: 4, time: 6.867587, loss: 1.852332, validation acc: 0.780607, validation avg acc: 0.642860
Train: 5, time: 6.673833, loss: 2.099471, train acc: 0.674373, train avg acc: 0.526933
Validation: 5, time: 6.673833, loss: 1.827615, validation acc: 0.786566, validation avg acc: 0.636547
Train: 6, time: 6.665269, loss: 2.071174, train acc: 0.685060, train avg acc: 0.542413
Validation: 6, time: 6.665269, loss: 1.804025, validation acc: 0.797400, validation avg acc: 0.675487
Train: 7, time: 6.801084, loss: 2.034287, train acc: 0.700976, train avg acc: 0.563421
Validation: 7, time: 6.801084, loss: 1.777303, validation acc: 0.803900, validation avg acc: 0.694550
Train: 8, time: 6.850588, loss: 2.010120, train acc: 0.712941, train avg acc: 0.569835
Validation: 8, time: 6.850588, loss: 1.774033, validation acc: 0.811484, validation avg acc: 0.697665
Train: 9, time: 6.583742, loss: 1.992497, train acc: 0.717240, train avg acc: 0.584306
Validation: 9, time: 6.583742, loss: 1.770855, validation acc: 0.817443, validation avg acc: 0.697170
Train: 10, time: 6.674480, loss: 1.976233, train acc: 0.726069, train avg acc: 0.595296
Validation: 10, time: 6.674480, loss: 1.774910, validation acc: 0.810943, validation avg acc: 0.699569
Train: 11, time: 6.778263, loss: 1.943461, train acc: 0.737802, train avg acc: 0.612139
Validation: 11, time: 6.778263, loss: 1.728791, validation acc: 0.826652, validation avg acc: 0.722966
Train: 12, time: 6.699617, loss: 1.938470, train acc: 0.740474, train avg acc: 0.616104
Validation: 12, time: 6.699617, loss: 1.728744, validation acc: 0.825027, validation avg acc: 0.730625
Train: 13, time: 6.838243, loss: 1.927389, train acc: 0.748722, train avg acc: 0.626285
Validation: 13, time: 6.838243, loss: 1.727924, validation acc: 0.827194, validation avg acc: 0.712815
Train: 14, time: 6.779614, loss: 1.912820, train acc: 0.753137, train avg acc: 0.630070
Validation: 14, time: 6.779614, loss: 1.701172, validation acc: 0.838570, validation avg acc: 0.733635
Train: 15, time: 6.889363, loss: 1.909792, train acc: 0.756041, train avg acc: 0.633087
Validation: 15, time: 6.889363, loss: 1.683490, validation acc: 0.852654, validation avg acc: 0.758786
Train: 16, time: 6.900815, loss: 1.891527, train acc: 0.765335, train avg acc: 0.650357
Validation: 16, time: 6.900815, loss: 1.681390, validation acc: 0.845612, validation avg acc: 0.748639
Train: 17, time: 6.765131, loss: 1.882899, train acc: 0.768587, train avg acc: 0.649253
Validation: 17, time: 6.765131, loss: 1.696743, validation acc: 0.847779, validation avg acc: 0.752933
Train: 18, time: 6.854593, loss: 1.877132, train acc: 0.768820, train avg acc: 0.654192
Validation: 18, time: 6.854593, loss: 1.678861, validation acc: 0.855905, validation avg acc: 0.768957
Train: 19, time: 6.713351, loss: 1.872998, train acc: 0.771259, train avg acc: 0.657219
Validation: 19, time: 6.713351, loss: 1.674093, validation acc: 0.854280, validation avg acc: 0.776295
Train: 20, time: 6.669725, loss: 1.866127, train acc: 0.771608, train avg acc: 0.658929
Validation: 20, time: 6.669725, loss: 1.670292, validation acc: 0.853738, validation avg acc: 0.752909
Train: 21, time: 7.115695, loss: 1.847611, train acc: 0.778927, train avg acc: 0.665709
Validation: 21, time: 7.115695, loss: 1.676034, validation acc: 0.857530, validation avg acc: 0.777314
Train: 22, time: 7.203553, loss: 1.842525, train acc: 0.786013, train avg acc: 0.676666
Validation: 22, time: 7.203553, loss: 1.666082, validation acc: 0.859155, validation avg acc: 0.768858
Train: 23, time: 6.677802, loss: 1.849381, train acc: 0.781366, train avg acc: 0.672918
Validation: 23, time: 6.677802, loss: 1.664733, validation acc: 0.859697, validation avg acc: 0.778031
Train: 24, time: 6.873075, loss: 1.840366, train acc: 0.779624, train avg acc: 0.670236
Validation: 24, time: 6.873075, loss: 1.643472, validation acc: 0.860780, validation avg acc: 0.771559
Train: 25, time: 6.921019, loss: 1.835212, train acc: 0.785781, train avg acc: 0.679752
Validation: 25, time: 6.921019, loss: 1.636148, validation acc: 0.866197, validation avg acc: 0.785714
Train: 26, time: 6.931304, loss: 1.827025, train acc: 0.792054, train avg acc: 0.686238
Validation: 26, time: 6.931304, loss: 1.671919, validation acc: 0.839653, validation avg acc: 0.748420
Train: 27, time: 6.868052, loss: 1.822518, train acc: 0.791473, train avg acc: 0.689778
Validation: 27, time: 6.868052, loss: 1.659108, validation acc: 0.860780, validation avg acc: 0.767623
Train: 28, time: 6.828048, loss: 1.811462, train acc: 0.797282, train avg acc: 0.695079
Validation: 28, time: 6.828048, loss: 1.654772, validation acc: 0.858613, validation avg acc: 0.761795
Train: 29, time: 6.566844, loss: 1.809942, train acc: 0.791705, train avg acc: 0.686548
Validation: 29, time: 6.566844, loss: 1.632103, validation acc: 0.861322, validation avg acc: 0.781432
Train: 30, time: 6.874121, loss: 1.804433, train acc: 0.804833, train avg acc: 0.703810
Validation: 30, time: 6.874121, loss: 1.637394, validation acc: 0.865114, validation avg acc: 0.793710
Train: 31, time: 6.761652, loss: 1.805417, train acc: 0.802277, train avg acc: 0.703384
Validation: 31, time: 6.761652, loss: 1.659894, validation acc: 0.849404, validation avg acc: 0.752859
Train: 32, time: 6.723985, loss: 1.796696, train acc: 0.800070, train avg acc: 0.694816
Validation: 32, time: 6.723985, loss: 1.624042, validation acc: 0.859155, validation avg acc: 0.781196
Train: 33, time: 6.887304, loss: 1.794172, train acc: 0.806343, train avg acc: 0.706770
Validation: 33, time: 6.887304, loss: 1.633060, validation acc: 0.860780, validation avg acc: 0.773879
Train: 34, time: 6.870282, loss: 1.788502, train acc: 0.805414, train avg acc: 0.706389
Validation: 34, time: 6.870282, loss: 1.635918, validation acc: 0.867822, validation avg acc: 0.779313
Train: 35, time: 6.727190, loss: 1.792299, train acc: 0.802858, train avg acc: 0.701376
Validation: 35, time: 6.727190, loss: 1.624603, validation acc: 0.864572, validation avg acc: 0.776512
Train: 36, time: 6.748609, loss: 1.787006, train acc: 0.804484, train avg acc: 0.704167
Validation: 36, time: 6.748609, loss: 1.650923, validation acc: 0.855363, validation avg acc: 0.768877
Train: 37, time: 6.870296, loss: 1.782909, train acc: 0.811919, train avg acc: 0.718105
Validation: 37, time: 6.870296, loss: 1.625488, validation acc: 0.858072, validation avg acc: 0.780275
Train: 38, time: 6.883249, loss: 1.778236, train acc: 0.809944, train avg acc: 0.710147
Validation: 38, time: 6.883249, loss: 1.641402, validation acc: 0.862405, validation avg acc: 0.780321
Train: 39, time: 6.677535, loss: 1.780295, train acc: 0.807156, train avg acc: 0.706405
Validation: 39, time: 6.677535, loss: 1.618556, validation acc: 0.867281, validation avg acc: 0.789675
Train: 40, time: 6.499054, loss: 1.775470, train acc: 0.810990, train avg acc: 0.715249
Validation: 40, time: 6.499054, loss: 1.632132, validation acc: 0.866197, validation avg acc: 0.781237
Train: 41, time: 7.136727, loss: 1.769311, train acc: 0.809944, train avg acc: 0.713207
Validation: 41, time: 7.136727, loss: 1.598489, validation acc: 0.881365, validation avg acc: 0.814147
Train: 42, time: 7.103142, loss: 1.769473, train acc: 0.812965, train avg acc: 0.716031
Validation: 42, time: 7.103142, loss: 1.609864, validation acc: 0.875948, validation avg acc: 0.816007
Train: 43, time: 7.020184, loss: 1.764861, train acc: 0.816798, train avg acc: 0.723519
Validation: 43, time: 7.020184, loss: 1.615218, validation acc: 0.861863, validation avg acc: 0.780598
Train: 44, time: 6.964584, loss: 1.751703, train acc: 0.821910, train avg acc: 0.733154
Validation: 44, time: 6.964584, loss: 1.602844, validation acc: 0.876490, validation avg acc: 0.814252
Train: 45, time: 7.006072, loss: 1.757255, train acc: 0.818773, train avg acc: 0.727225
Validation: 45, time: 7.006072, loss: 1.608499, validation acc: 0.873781, validation avg acc: 0.793878
Train: 46, time: 6.983376, loss: 1.760657, train acc: 0.811687, train avg acc: 0.715763
Validation: 46, time: 6.983376, loss: 1.606231, validation acc: 0.871073, validation avg acc: 0.787490
Train: 47, time: 7.011398, loss: 1.750260, train acc: 0.821329, train avg acc: 0.727091
Validation: 47, time: 7.011398, loss: 1.603388, validation acc: 0.880282, validation avg acc: 0.802919
Train: 48, time: 7.024873, loss: 1.752659, train acc: 0.821097, train avg acc: 0.729064
Validation: 48, time: 7.024873, loss: 1.609316, validation acc: 0.880282, validation avg acc: 0.809853
Train: 49, time: 6.786423, loss: 1.745225, train acc: 0.825046, train avg acc: 0.730956
Validation: 49, time: 6.786423, loss: 1.608454, validation acc: 0.876490, validation avg acc: 0.810442
Train: 50, time: 6.838515, loss: 1.747927, train acc: 0.818773, train avg acc: 0.723561
Validation: 50, time: 6.838515, loss: 1.601717, validation acc: 0.875406, validation avg acc: 0.797076
Train: 51, time: 7.223439, loss: 1.740923, train acc: 0.823188, train avg acc: 0.731465
Validation: 51, time: 7.223439, loss: 1.606200, validation acc: 0.868906, validation avg acc: 0.806213
Train: 52, time: 6.859646, loss: 1.746217, train acc: 0.824930, train avg acc: 0.737677
Validation: 52, time: 6.859646, loss: 1.602287, validation acc: 0.879740, validation avg acc: 0.807807
Train: 53, time: 6.954513, loss: 1.742356, train acc: 0.824814, train avg acc: 0.735189
Validation: 53, time: 6.954513, loss: 1.597621, validation acc: 0.875948, validation avg acc: 0.807326
Train: 54, time: 6.691291, loss: 1.745433, train acc: 0.824001, train avg acc: 0.734786
Validation: 54, time: 6.691291, loss: 1.605975, validation acc: 0.871073, validation avg acc: 0.789003
Train: 55, time: 7.140954, loss: 1.735563, train acc: 0.826673, train avg acc: 0.736771
Validation: 55, time: 7.140954, loss: 1.587915, validation acc: 0.886241, validation avg acc: 0.807872
Train: 56, time: 6.794160, loss: 1.728645, train acc: 0.824466, train avg acc: 0.735362
Validation: 56, time: 6.794160, loss: 1.576707, validation acc: 0.891658, validation avg acc: 0.824220
Train: 57, time: 7.142298, loss: 1.735889, train acc: 0.831320, train avg acc: 0.752502
Validation: 57, time: 7.142298, loss: 1.610104, validation acc: 0.880823, validation avg acc: 0.799988
Train: 58, time: 7.122148, loss: 1.732394, train acc: 0.830971, train avg acc: 0.740839
Validation: 58, time: 7.122148, loss: 1.612198, validation acc: 0.872156, validation avg acc: 0.792585
Train: 59, time: 7.297384, loss: 1.735479, train acc: 0.825976, train avg acc: 0.735247
Validation: 59, time: 7.297384, loss: 1.596756, validation acc: 0.873239, validation avg acc: 0.800254
Train: 60, time: 6.868735, loss: 1.729827, train acc: 0.831087, train avg acc: 0.739271
Validation: 60, time: 6.868735, loss: 1.608631, validation acc: 0.868364, validation avg acc: 0.788009
Train: 61, time: 7.071533, loss: 1.727217, train acc: 0.827835, train avg acc: 0.735525
Validation: 61, time: 7.071533, loss: 1.584406, validation acc: 0.879740, validation avg acc: 0.803656
Train: 62, time: 6.531985, loss: 1.723097, train acc: 0.833295, train avg acc: 0.748624
Validation: 62, time: 6.531985, loss: 1.591880, validation acc: 0.879740, validation avg acc: 0.801433
Train: 63, time: 6.786791, loss: 1.721541, train acc: 0.834108, train avg acc: 0.747384
Validation: 63, time: 6.786791, loss: 1.597703, validation acc: 0.874323, validation avg acc: 0.803704
Train: 64, time: 6.940335, loss: 1.722276, train acc: 0.829809, train avg acc: 0.743440
Validation: 64, time: 6.940335, loss: 1.592474, validation acc: 0.879198, validation avg acc: 0.796218
Train: 65, time: 6.726146, loss: 1.723594, train acc: 0.835037, train avg acc: 0.754003
Validation: 65, time: 6.726146, loss: 1.608542, validation acc: 0.867822, validation avg acc: 0.791390
Train: 66, time: 7.027300, loss: 1.719969, train acc: 0.828532, train avg acc: 0.741733
Validation: 66, time: 7.027300, loss: 1.593101, validation acc: 0.882449, validation avg acc: 0.815953
Train: 67, time: 6.821119, loss: 1.715399, train acc: 0.836780, train avg acc: 0.751714
Validation: 67, time: 6.821119, loss: 1.603794, validation acc: 0.873239, validation avg acc: 0.801815
Train: 68, time: 6.943927, loss: 1.710057, train acc: 0.841775, train avg acc: 0.759976
Validation: 68, time: 6.943927, loss: 1.569978, validation acc: 0.879740, validation avg acc: 0.808410
Train: 69, time: 6.627320, loss: 1.708555, train acc: 0.840613, train avg acc: 0.759081
Validation: 69, time: 6.627320, loss: 1.579847, validation acc: 0.882449, validation avg acc: 0.797497
Train: 70, time: 6.687990, loss: 1.710720, train acc: 0.835502, train avg acc: 0.747447
Validation: 70, time: 6.687990, loss: 1.580456, validation acc: 0.886241, validation avg acc: 0.819079
Train: 71, time: 6.766757, loss: 1.713897, train acc: 0.834108, train avg acc: 0.747413
Validation: 71, time: 6.766757, loss: 1.598566, validation acc: 0.873239, validation avg acc: 0.802232
Train: 72, time: 6.683508, loss: 1.708363, train acc: 0.837941, train avg acc: 0.752386
Validation: 72, time: 6.683508, loss: 1.580613, validation acc: 0.880823, validation avg acc: 0.813949
Train: 73, time: 6.843217, loss: 1.704643, train acc: 0.842124, train avg acc: 0.762999
Validation: 73, time: 6.843217, loss: 1.572246, validation acc: 0.884615, validation avg acc: 0.823278
Train: 74, time: 6.677872, loss: 1.707180, train acc: 0.842937, train avg acc: 0.762549
Validation: 74, time: 6.677872, loss: 1.615581, validation acc: 0.867822, validation avg acc: 0.801036
Train: 75, time: 6.874136, loss: 1.712742, train acc: 0.836896, train avg acc: 0.752753
Validation: 75, time: 6.874136, loss: 1.569225, validation acc: 0.887866, validation avg acc: 0.823138
Train: 76, time: 7.080322, loss: 1.699837, train acc: 0.842356, train avg acc: 0.761581
Validation: 76, time: 7.080322, loss: 1.571079, validation acc: 0.893824, validation avg acc: 0.834166
Train: 77, time: 6.837986, loss: 1.706853, train acc: 0.838406, train avg acc: 0.757621
Validation: 77, time: 6.837986, loss: 1.577409, validation acc: 0.885699, validation avg acc: 0.805820
Train: 78, time: 6.870549, loss: 1.701674, train acc: 0.840033, train avg acc: 0.757503
Validation: 78, time: 6.870549, loss: 1.572172, validation acc: 0.882990, validation avg acc: 0.806578
Train: 79, time: 7.134719, loss: 1.696918, train acc: 0.841310, train avg acc: 0.756024
Validation: 79, time: 7.134719, loss: 1.572571, validation acc: 0.886241, validation avg acc: 0.824701
Train: 80, time: 6.869627, loss: 1.701928, train acc: 0.842821, train avg acc: 0.761481
Validation: 80, time: 6.869627, loss: 1.581753, validation acc: 0.885699, validation avg acc: 0.816888
Train: 81, time: 7.034944, loss: 1.702918, train acc: 0.840846, train avg acc: 0.755663
Validation: 81, time: 7.034944, loss: 1.596760, validation acc: 0.887866, validation avg acc: 0.814973
Train: 82, time: 6.899875, loss: 1.699679, train acc: 0.845376, train avg acc: 0.764085
Validation: 82, time: 6.899875, loss: 1.566789, validation acc: 0.886782, validation avg acc: 0.805260
Train: 83, time: 6.770902, loss: 1.693309, train acc: 0.846887, train avg acc: 0.767775
Validation: 83, time: 6.770902, loss: 1.567145, validation acc: 0.882449, validation avg acc: 0.820641
Train: 84, time: 6.722178, loss: 1.696456, train acc: 0.843982, train avg acc: 0.764872
Validation: 84, time: 6.722178, loss: 1.567354, validation acc: 0.889491, validation avg acc: 0.826057
Train: 85, time: 6.861257, loss: 1.694640, train acc: 0.843285, train avg acc: 0.760981
Validation: 85, time: 6.861257, loss: 1.562757, validation acc: 0.890033, validation avg acc: 0.819994
Train: 86, time: 6.681056, loss: 1.692044, train acc: 0.846654, train avg acc: 0.767777
Validation: 86, time: 6.681056, loss: 1.579044, validation acc: 0.886782, validation avg acc: 0.808724
Train: 87, time: 6.824166, loss: 1.694061, train acc: 0.846073, train avg acc: 0.766130
Validation: 87, time: 6.824166, loss: 1.583948, validation acc: 0.892199, validation avg acc: 0.824934
Train: 88, time: 6.673420, loss: 1.698913, train acc: 0.838987, train avg acc: 0.753064
Validation: 88, time: 6.673420, loss: 1.554305, validation acc: 0.890033, validation avg acc: 0.827191
Train: 89, time: 6.643942, loss: 1.687546, train acc: 0.846073, train avg acc: 0.765442
Validation: 89, time: 6.643942, loss: 1.579191, validation acc: 0.886782, validation avg acc: 0.832439
Train: 90, time: 6.781736, loss: 1.688283, train acc: 0.844447, train avg acc: 0.765801
Validation: 90, time: 6.781736, loss: 1.598025, validation acc: 0.879740, validation avg acc: 0.811987
Train: 91, time: 6.545450, loss: 1.683812, train acc: 0.848978, train avg acc: 0.773743
Validation: 91, time: 6.545450, loss: 1.586874, validation acc: 0.875948, validation avg acc: 0.798915
Train: 92, time: 6.785194, loss: 1.685921, train acc: 0.848629, train avg acc: 0.771852
Validation: 92, time: 6.785194, loss: 1.560915, validation acc: 0.894908, validation avg acc: 0.834024
Train: 93, time: 6.975164, loss: 1.678890, train acc: 0.851533, train avg acc: 0.775095
Validation: 93, time: 6.975164, loss: 1.557731, validation acc: 0.887866, validation avg acc: 0.829912
Train: 94, time: 6.613919, loss: 1.690971, train acc: 0.844331, train avg acc: 0.764998
Validation: 94, time: 6.613919, loss: 1.582466, validation acc: 0.887866, validation avg acc: 0.826464
Train: 95, time: 6.781891, loss: 1.683877, train acc: 0.848513, train avg acc: 0.771381
Validation: 95, time: 6.781891, loss: 1.568611, validation acc: 0.890574, validation avg acc: 0.828865
Train: 96, time: 6.679740, loss: 1.682979, train acc: 0.845028, train avg acc: 0.764316
Validation: 96, time: 6.679740, loss: 1.571467, validation acc: 0.886241, validation avg acc: 0.824851
Train: 97, time: 6.554512, loss: 1.683286, train acc: 0.853276, train avg acc: 0.777684
Validation: 97, time: 6.554512, loss: 1.573364, validation acc: 0.887866, validation avg acc: 0.824048
Train: 98, time: 6.883171, loss: 1.677467, train acc: 0.850836, train avg acc: 0.772467
Validation: 98, time: 6.883171, loss: 1.568747, validation acc: 0.891116, validation avg acc: 0.826053
Train: 99, time: 6.693134, loss: 1.675829, train acc: 0.853625, train avg acc: 0.777813
Validation: 99, time: 6.693134, loss: 1.558305, validation acc: 0.895450, validation avg acc: 0.840628
Train: 100, time: 6.769001, loss: 1.687807, train acc: 0.849907, train avg acc: 0.770711
Validation: 100, time: 6.769001, loss: 1.557681, validation acc: 0.894908, validation avg acc: 0.842188
Train: 101, time: 6.878342, loss: 1.675405, train acc: 0.850139, train avg acc: 0.773307
Validation: 101, time: 6.878342, loss: 1.548119, validation acc: 0.892199, validation avg acc: 0.823563
Train: 102, time: 7.052545, loss: 1.684430, train acc: 0.848048, train avg acc: 0.768499
Validation: 102, time: 7.052545, loss: 1.552483, validation acc: 0.896533, validation avg acc: 0.849299
Train: 103, time: 7.431784, loss: 1.679370, train acc: 0.848629, train avg acc: 0.768204
Validation: 103, time: 7.431784, loss: 1.576392, validation acc: 0.887866, validation avg acc: 0.826775
Train: 104, time: 6.506734, loss: 1.680213, train acc: 0.846770, train avg acc: 0.768279
Validation: 104, time: 6.506734, loss: 1.565131, validation acc: 0.892741, validation avg acc: 0.836382
Train: 105, time: 6.800025, loss: 1.675943, train acc: 0.853276, train avg acc: 0.778756
Validation: 105, time: 6.800025, loss: 1.567607, validation acc: 0.887324, validation avg acc: 0.824060
Train: 106, time: 7.118851, loss: 1.675960, train acc: 0.853392, train avg acc: 0.778860
Validation: 106, time: 7.118851, loss: 1.579133, validation acc: 0.886241, validation avg acc: 0.810821
Train: 107, time: 6.528394, loss: 1.669773, train acc: 0.850488, train avg acc: 0.775986
Validation: 107, time: 6.528394, loss: 1.559867, validation acc: 0.894366, validation avg acc: 0.824122
Train: 108, time: 6.802014, loss: 1.676584, train acc: 0.853160, train avg acc: 0.776174
Validation: 108, time: 6.802014, loss: 1.553115, validation acc: 0.894366, validation avg acc: 0.837036
Train: 109, time: 6.957900, loss: 1.673764, train acc: 0.850488, train avg acc: 0.773479
Validation: 109, time: 6.957900, loss: 1.543160, validation acc: 0.894366, validation avg acc: 0.839792
Train: 110, time: 6.622148, loss: 1.670629, train acc: 0.855367, train avg acc: 0.778827
Validation: 110, time: 6.622148, loss: 1.561526, validation acc: 0.889491, validation avg acc: 0.828679
Train: 111, time: 6.941640, loss: 1.670761, train acc: 0.856993, train avg acc: 0.786057
Validation: 111, time: 6.941640, loss: 1.577845, validation acc: 0.883532, validation avg acc: 0.819804
Train: 112, time: 6.981653, loss: 1.667230, train acc: 0.855716, train avg acc: 0.781588
Validation: 112, time: 6.981653, loss: 1.585067, validation acc: 0.879740, validation avg acc: 0.798296
Train: 113, time: 7.111670, loss: 1.675428, train acc: 0.853044, train avg acc: 0.781123
Validation: 113, time: 7.111670, loss: 1.562328, validation acc: 0.888949, validation avg acc: 0.825327
Train: 114, time: 6.827300, loss: 1.667520, train acc: 0.854438, train avg acc: 0.778065
Validation: 114, time: 6.827300, loss: 1.581032, validation acc: 0.886782, validation avg acc: 0.813721
Train: 115, time: 7.010819, loss: 1.673403, train acc: 0.852347, train avg acc: 0.775332
Validation: 115, time: 7.010819, loss: 1.551057, validation acc: 0.897075, validation avg acc: 0.831032
Train: 116, time: 6.898978, loss: 1.664353, train acc: 0.857342, train avg acc: 0.786160
Validation: 116, time: 6.898978, loss: 1.551902, validation acc: 0.887866, validation avg acc: 0.831014
Train: 117, time: 6.759862, loss: 1.664922, train acc: 0.857691, train avg acc: 0.782700
Validation: 117, time: 6.759862, loss: 1.557065, validation acc: 0.890574, validation avg acc: 0.815643
Train: 118, time: 6.877989, loss: 1.663288, train acc: 0.856645, train avg acc: 0.779375
Validation: 118, time: 6.877989, loss: 1.556729, validation acc: 0.891658, validation avg acc: 0.822642
Train: 119, time: 6.840928, loss: 1.664933, train acc: 0.856296, train avg acc: 0.782572
Validation: 119, time: 6.840928, loss: 1.552873, validation acc: 0.899783, validation avg acc: 0.840034
Train: 120, time: 6.977756, loss: 1.662758, train acc: 0.856993, train avg acc: 0.782080
Validation: 120, time: 6.977756, loss: 1.565668, validation acc: 0.894366, validation avg acc: 0.832901
Train: 121, time: 7.150981, loss: 1.663138, train acc: 0.857923, train avg acc: 0.787086
Validation: 121, time: 7.150981, loss: 1.545443, validation acc: 0.892199, validation avg acc: 0.826802
Train: 122, time: 6.861949, loss: 1.662671, train acc: 0.855948, train avg acc: 0.783959
Validation: 122, time: 6.861949, loss: 1.549246, validation acc: 0.893283, validation avg acc: 0.826529
Train: 123, time: 6.976616, loss: 1.659455, train acc: 0.856761, train avg acc: 0.779912
Validation: 123, time: 6.976616, loss: 1.553332, validation acc: 0.895450, validation avg acc: 0.832584
Train: 124, time: 6.732939, loss: 1.664379, train acc: 0.858968, train avg acc: 0.786703
Validation: 124, time: 6.732939, loss: 1.560214, validation acc: 0.882990, validation avg acc: 0.806613
Train: 125, time: 6.831482, loss: 1.661363, train acc: 0.856645, train avg acc: 0.783947
Validation: 125, time: 6.831482, loss: 1.550771, validation acc: 0.885699, validation avg acc: 0.825076
Train: 126, time: 6.576292, loss: 1.653871, train acc: 0.861989, train avg acc: 0.788841
Validation: 126, time: 6.576292, loss: 1.539904, validation acc: 0.899783, validation avg acc: 0.834701
Train: 127, time: 6.714302, loss: 1.657215, train acc: 0.859433, train avg acc: 0.786456
Validation: 127, time: 6.714302, loss: 1.555844, validation acc: 0.893824, validation avg acc: 0.836405
Train: 128, time: 6.861075, loss: 1.665980, train acc: 0.854089, train avg acc: 0.776882
Validation: 128, time: 6.861075, loss: 1.562318, validation acc: 0.894908, validation avg acc: 0.836336
Train: 129, time: 7.036855, loss: 1.663220, train acc: 0.854670, train avg acc: 0.780459
Validation: 129, time: 7.036855, loss: 1.542695, validation acc: 0.898158, validation avg acc: 0.845542
Train: 130, time: 6.598282, loss: 1.659124, train acc: 0.864312, train avg acc: 0.793509
Validation: 130, time: 6.598282, loss: 1.544418, validation acc: 0.900325, validation avg acc: 0.846696
Train: 131, time: 6.555822, loss: 1.663399, train acc: 0.854438, train avg acc: 0.781492
Validation: 131, time: 6.555822, loss: 1.556867, validation acc: 0.893824, validation avg acc: 0.825246
Train: 132, time: 6.809121, loss: 1.649005, train acc: 0.860827, train avg acc: 0.792863
Validation: 132, time: 6.809121, loss: 1.549403, validation acc: 0.894366, validation avg acc: 0.829511
Train: 133, time: 6.811577, loss: 1.650441, train acc: 0.861059, train avg acc: 0.794508
Validation: 133, time: 6.811577, loss: 1.542546, validation acc: 0.899242, validation avg acc: 0.839858
Train: 134, time: 6.851987, loss: 1.657611, train acc: 0.857226, train avg acc: 0.781234
Validation: 134, time: 6.851987, loss: 1.542411, validation acc: 0.894366, validation avg acc: 0.831238
Train: 135, time: 7.081390, loss: 1.653033, train acc: 0.860943, train avg acc: 0.786198
Validation: 135, time: 7.081390, loss: 1.540604, validation acc: 0.896533, validation avg acc: 0.842410
Train: 136, time: 6.884112, loss: 1.650577, train acc: 0.866171, train avg acc: 0.795838
Validation: 136, time: 6.884112, loss: 1.550551, validation acc: 0.891658, validation avg acc: 0.828511
Train: 137, time: 6.891671, loss: 1.652303, train acc: 0.861640, train avg acc: 0.789773
Validation: 137, time: 6.891671, loss: 1.552771, validation acc: 0.890574, validation avg acc: 0.830723
Train: 138, time: 7.121198, loss: 1.647828, train acc: 0.865242, train avg acc: 0.791723
Validation: 138, time: 7.121198, loss: 1.540033, validation acc: 0.893824, validation avg acc: 0.825343
Train: 139, time: 6.778047, loss: 1.652607, train acc: 0.858968, train avg acc: 0.787160
Validation: 139, time: 6.778047, loss: 1.534466, validation acc: 0.906826, validation avg acc: 0.847667
Train: 140, time: 6.753004, loss: 1.651172, train acc: 0.860014, train avg acc: 0.787691
Validation: 140, time: 6.753004, loss: 1.544584, validation acc: 0.890033, validation avg acc: 0.821195
Train: 141, time: 6.953306, loss: 1.652499, train acc: 0.853625, train avg acc: 0.778378
Validation: 141, time: 6.953306, loss: 1.549895, validation acc: 0.897616, validation avg acc: 0.826731
Train: 142, time: 7.181533, loss: 1.651633, train acc: 0.860130, train avg acc: 0.792584
Validation: 142, time: 7.181533, loss: 1.548602, validation acc: 0.900325, validation avg acc: 0.833993
Train: 143, time: 7.136198, loss: 1.645175, train acc: 0.861640, train avg acc: 0.794342
Validation: 143, time: 7.136198, loss: 1.550693, validation acc: 0.893824, validation avg acc: 0.818605
Train: 144, time: 6.631635, loss: 1.648366, train acc: 0.865125, train avg acc: 0.797015
Validation: 144, time: 6.631635, loss: 1.550889, validation acc: 0.894366, validation avg acc: 0.839428
Train: 145, time: 6.829274, loss: 1.650359, train acc: 0.863964, train avg acc: 0.793860
Validation: 145, time: 6.829274, loss: 1.582984, validation acc: 0.892741, validation avg acc: 0.822540
Train: 146, time: 6.547996, loss: 1.652811, train acc: 0.859085, train avg acc: 0.787741
Validation: 146, time: 6.547996, loss: 1.553618, validation acc: 0.896533, validation avg acc: 0.836656
Train: 147, time: 6.665050, loss: 1.643124, train acc: 0.863731, train avg acc: 0.792232
Validation: 147, time: 6.665050, loss: 1.539917, validation acc: 0.895450, validation avg acc: 0.830254
Train: 148, time: 7.032751, loss: 1.648656, train acc: 0.858504, train avg acc: 0.786345
Validation: 148, time: 7.032751, loss: 1.535030, validation acc: 0.898700, validation avg acc: 0.838590
Train: 149, time: 6.732415, loss: 1.642487, train acc: 0.867217, train avg acc: 0.795016
Validation: 149, time: 6.732415, loss: 1.552066, validation acc: 0.894908, validation avg acc: 0.838182
Train: 150, time: 6.870089, loss: 1.644530, train acc: 0.866055, train avg acc: 0.795897
Validation: 150, time: 6.870089, loss: 1.545881, validation acc: 0.894908, validation avg acc: 0.828925
Train: 151, time: 7.012183, loss: 1.639019, train acc: 0.865242, train avg acc: 0.796207
Validation: 151, time: 7.012183, loss: 1.542660, validation acc: 0.900867, validation avg acc: 0.836169
Train: 152, time: 7.048401, loss: 1.649287, train acc: 0.859085, train avg acc: 0.785510
Validation: 152, time: 7.048401, loss: 1.564424, validation acc: 0.885699, validation avg acc: 0.819225
Train: 153, time: 6.985318, loss: 1.646582, train acc: 0.861176, train avg acc: 0.792101
Validation: 153, time: 6.985318, loss: 1.555942, validation acc: 0.897616, validation avg acc: 0.841280
Train: 154, time: 7.077970, loss: 1.638678, train acc: 0.869888, train avg acc: 0.804305
Validation: 154, time: 7.077970, loss: 1.555740, validation acc: 0.892741, validation avg acc: 0.835877
Train: 155, time: 7.026956, loss: 1.647552, train acc: 0.863964, train avg acc: 0.790805
Validation: 155, time: 7.026956, loss: 1.547192, validation acc: 0.899783, validation avg acc: 0.835924
Train: 156, time: 6.950660, loss: 1.644665, train acc: 0.865939, train avg acc: 0.794656
Validation: 156, time: 6.950660, loss: 1.564228, validation acc: 0.893824, validation avg acc: 0.832057
Train: 157, time: 6.858723, loss: 1.644835, train acc: 0.864312, train avg acc: 0.797592
Validation: 157, time: 6.858723, loss: 1.535215, validation acc: 0.896533, validation avg acc: 0.830733
Train: 158, time: 7.227673, loss: 1.640806, train acc: 0.863034, train avg acc: 0.792774
Validation: 158, time: 7.227673, loss: 1.558815, validation acc: 0.884615, validation avg acc: 0.823083
Train: 159, time: 7.107841, loss: 1.638884, train acc: 0.865358, train avg acc: 0.797054
Validation: 159, time: 7.107841, loss: 1.546663, validation acc: 0.895991, validation avg acc: 0.822656
Train: 160, time: 6.674703, loss: 1.638661, train acc: 0.866984, train avg acc: 0.795816
Validation: 160, time: 6.674703, loss: 1.571303, validation acc: 0.881365, validation avg acc: 0.817046
Train: 161, time: 7.016983, loss: 1.634211, train acc: 0.870469, train avg acc: 0.801834
Validation: 161, time: 7.016983, loss: 1.551365, validation acc: 0.893824, validation avg acc: 0.835419
Train: 162, time: 6.913903, loss: 1.640724, train acc: 0.865939, train avg acc: 0.796835
Validation: 162, time: 6.913903, loss: 1.547086, validation acc: 0.897616, validation avg acc: 0.830658
Train: 163, time: 6.723757, loss: 1.641212, train acc: 0.865125, train avg acc: 0.794974
Validation: 163, time: 6.723757, loss: 1.535856, validation acc: 0.900867, validation avg acc: 0.834367
Train: 164, time: 6.801109, loss: 1.639290, train acc: 0.866984, train avg acc: 0.794900
Validation: 164, time: 6.801109, loss: 1.557575, validation acc: 0.893283, validation avg acc: 0.824632
Train: 165, time: 6.947005, loss: 1.645147, train acc: 0.864777, train avg acc: 0.793187
Validation: 165, time: 6.947005, loss: 1.542883, validation acc: 0.897616, validation avg acc: 0.839206
Train: 166, time: 7.128971, loss: 1.638683, train acc: 0.867100, train avg acc: 0.797199
Validation: 166, time: 7.128971, loss: 1.542444, validation acc: 0.898158, validation avg acc: 0.832888
Train: 167, time: 7.172132, loss: 1.637372, train acc: 0.863383, train avg acc: 0.793748
Validation: 167, time: 7.172132, loss: 1.537094, validation acc: 0.894908, validation avg acc: 0.842047
Train: 168, time: 7.084318, loss: 1.640305, train acc: 0.864661, train avg acc: 0.790715
Validation: 168, time: 7.084318, loss: 1.542319, validation acc: 0.891658, validation avg acc: 0.827216
Train: 169, time: 6.881861, loss: 1.634668, train acc: 0.868262, train avg acc: 0.801879
Validation: 169, time: 6.881861, loss: 1.536365, validation acc: 0.892199, validation avg acc: 0.834770
Train: 170, time: 6.989838, loss: 1.634478, train acc: 0.868611, train avg acc: 0.802950
Validation: 170, time: 6.989838, loss: 1.559036, validation acc: 0.896533, validation avg acc: 0.842048
Train: 171, time: 7.104729, loss: 1.639268, train acc: 0.868843, train avg acc: 0.801051
Validation: 171, time: 7.104729, loss: 1.539671, validation acc: 0.899783, validation avg acc: 0.846141
Train: 172, time: 7.058875, loss: 1.636144, train acc: 0.869075, train avg acc: 0.803294
Validation: 172, time: 7.058875, loss: 1.547106, validation acc: 0.887866, validation avg acc: 0.835369
Train: 173, time: 6.918192, loss: 1.636996, train acc: 0.866752, train avg acc: 0.797780
Validation: 173, time: 6.918192, loss: 1.542841, validation acc: 0.887866, validation avg acc: 0.823468
Train: 174, time: 6.991156, loss: 1.635598, train acc: 0.868727, train avg acc: 0.800796
Validation: 174, time: 6.991156, loss: 1.536468, validation acc: 0.895450, validation avg acc: 0.843001
Train: 175, time: 6.707970, loss: 1.633491, train acc: 0.870818, train avg acc: 0.802973
Validation: 175, time: 6.707970, loss: 1.536537, validation acc: 0.896533, validation avg acc: 0.842089
Train: 176, time: 6.999253, loss: 1.629318, train acc: 0.869075, train avg acc: 0.800669
Validation: 176, time: 6.999253, loss: 1.544182, validation acc: 0.898700, validation avg acc: 0.839720
Train: 177, time: 7.065065, loss: 1.623696, train acc: 0.873954, train avg acc: 0.804772
Validation: 177, time: 7.065065, loss: 1.551246, validation acc: 0.902492, validation avg acc: 0.840632
Train: 178, time: 6.719818, loss: 1.634244, train acc: 0.868262, train avg acc: 0.803278
Validation: 178, time: 6.719818, loss: 1.541978, validation acc: 0.897075, validation avg acc: 0.833944
Train: 179, time: 6.843402, loss: 1.633673, train acc: 0.868378, train avg acc: 0.796786
Validation: 179, time: 6.843402, loss: 1.525903, validation acc: 0.898700, validation avg acc: 0.848178
Train: 180, time: 7.112667, loss: 1.627354, train acc: 0.872560, train avg acc: 0.803750
Validation: 180, time: 7.112667, loss: 1.545577, validation acc: 0.899242, validation avg acc: 0.837578
Train: 181, time: 6.791202, loss: 1.631341, train acc: 0.869540, train avg acc: 0.798206
Validation: 181, time: 6.791202, loss: 1.540100, validation acc: 0.897616, validation avg acc: 0.840748
Train: 182, time: 6.914888, loss: 1.629288, train acc: 0.872560, train avg acc: 0.805697
Validation: 182, time: 6.914888, loss: 1.528168, validation acc: 0.900325, validation avg acc: 0.841397
Train: 183, time: 6.811863, loss: 1.623948, train acc: 0.873141, train avg acc: 0.808184
Validation: 183, time: 6.811863, loss: 1.541564, validation acc: 0.900325, validation avg acc: 0.839834
Train: 184, time: 6.984094, loss: 1.625809, train acc: 0.873141, train avg acc: 0.807438
Validation: 184, time: 6.984094, loss: 1.558298, validation acc: 0.897075, validation avg acc: 0.840242
Train: 185, time: 6.901110, loss: 1.632929, train acc: 0.874419, train avg acc: 0.807514
Validation: 185, time: 6.901110, loss: 1.530077, validation acc: 0.898158, validation avg acc: 0.840906
Train: 186, time: 6.831250, loss: 1.628115, train acc: 0.869888, train avg acc: 0.799257
Validation: 186, time: 6.831250, loss: 1.545017, validation acc: 0.897616, validation avg acc: 0.833663
Train: 187, time: 6.957148, loss: 1.628678, train acc: 0.869656, train avg acc: 0.803152
Validation: 187, time: 6.957148, loss: 1.551680, validation acc: 0.892741, validation avg acc: 0.825779
Train: 188, time: 7.242939, loss: 1.632902, train acc: 0.862918, train avg acc: 0.794514
Validation: 188, time: 7.242939, loss: 1.531654, validation acc: 0.898158, validation avg acc: 0.826436
Train: 189, time: 6.995262, loss: 1.629492, train acc: 0.869772, train avg acc: 0.801099
Validation: 189, time: 6.995262, loss: 1.527744, validation acc: 0.901408, validation avg acc: 0.841422
Train: 190, time: 6.966089, loss: 1.625932, train acc: 0.872793, train avg acc: 0.808705
Validation: 190, time: 6.966089, loss: 1.530511, validation acc: 0.901408, validation avg acc: 0.842956
Train: 191, time: 7.018477, loss: 1.625080, train acc: 0.871399, train avg acc: 0.805148
Validation: 191, time: 7.018477, loss: 1.546755, validation acc: 0.888949, validation avg acc: 0.829692
Train: 192, time: 6.897741, loss: 1.622783, train acc: 0.871747, train avg acc: 0.807431
Validation: 192, time: 6.897741, loss: 1.537448, validation acc: 0.898700, validation avg acc: 0.834325
Train: 193, time: 6.906444, loss: 1.625228, train acc: 0.871515, train avg acc: 0.805717
Validation: 193, time: 6.906444, loss: 1.538953, validation acc: 0.895991, validation avg acc: 0.833404
Train: 194, time: 6.693945, loss: 1.627248, train acc: 0.872212, train avg acc: 0.808566
Validation: 194, time: 6.693945, loss: 1.535937, validation acc: 0.897616, validation avg acc: 0.833865
Train: 195, time: 6.974537, loss: 1.620246, train acc: 0.875929, train avg acc: 0.810572
Validation: 195, time: 6.974537, loss: 1.522762, validation acc: 0.905742, validation avg acc: 0.844041
Train: 196, time: 6.910495, loss: 1.629098, train acc: 0.869191, train avg acc: 0.805539
Validation: 196, time: 6.910495, loss: 1.547207, validation acc: 0.898158, validation avg acc: 0.843265
Train: 197, time: 7.232244, loss: 1.629514, train acc: 0.868611, train avg acc: 0.804682
Validation: 197, time: 7.232244, loss: 1.554431, validation acc: 0.895991, validation avg acc: 0.840903
Train: 198, time: 7.078387, loss: 1.622922, train acc: 0.871863, train avg acc: 0.807285
Validation: 198, time: 7.078387, loss: 1.532590, validation acc: 0.899242, validation avg acc: 0.840462
Train: 199, time: 6.661057, loss: 1.625523, train acc: 0.872793, train avg acc: 0.808083
Validation: 199, time: 6.661057, loss: 1.537177, validation acc: 0.897075, validation avg acc: 0.836992
====================================================================
TEST:: test acc: 0.891716, test avg acc: 0.845486
