PointNet(
  (conv1): Conv1d(3, 64, kernel_size=(1,), stride=(1,), bias=False)
  (conv2): Conv1d(64, 64, kernel_size=(1,), stride=(1,), bias=False)
  (conv3): Conv1d(64, 64, kernel_size=(1,), stride=(1,), bias=False)
  (conv4): Conv1d(64, 128, kernel_size=(1,), stride=(1,), bias=False)
  (conv5): Conv1d(128, 1024, kernel_size=(1,), stride=(1,), bias=False)
  (bn1): BatchNorm1d(64, eps=1e-05, momentum=0.1, affine=True, track_running_stats=True)
  (bn2): BatchNorm1d(64, eps=1e-05, momentum=0.1, affine=True, track_running_stats=True)
  (bn3): BatchNorm1d(64, eps=1e-05, momentum=0.1, affine=True, track_running_stats=True)
  (bn4): BatchNorm1d(128, eps=1e-05, momentum=0.1, affine=True, track_running_stats=True)
  (bn5): BatchNorm1d(1024, eps=1e-05, momentum=0.1, affine=True, track_running_stats=True)
  (linear1): Linear(in_features=1024, out_features=512, bias=False)
  (bn6): BatchNorm1d(512, eps=1e-05, momentum=0.1, affine=True, track_running_stats=True)
  (dp1): Dropout(p=0.5, inplace=False)
  (linear2): Linear(in_features=512, out_features=40, bias=True)
)
Train: 0, time: 7.424406, loss: 3.530840, train acc: 0.125465, train avg acc: 0.072304
Validation: 0, time: 7.424406, loss: 3.153905, validation acc: 0.352113, validation avg acc: 0.185287
Train: 1, time: 7.496294, loss: 3.162493, train acc: 0.290195, train avg acc: 0.147423
Validation: 1, time: 7.496294, loss: 2.831891, validation acc: 0.423619, validation avg acc: 0.219927
Train: 2, time: 7.494809, loss: 2.969182, train acc: 0.354438, train avg acc: 0.183092
Validation: 2, time: 7.494809, loss: 2.659843, validation acc: 0.457746, validation avg acc: 0.243736
Train: 3, time: 7.395034, loss: 2.842746, train acc: 0.392193, train avg acc: 0.208660
Validation: 3, time: 7.395034, loss: 2.542523, validation acc: 0.477790, validation avg acc: 0.260349
Train: 4, time: 7.584106, loss: 2.751363, train acc: 0.421352, train avg acc: 0.232534
Validation: 4, time: 7.584106, loss: 2.445732, validation acc: 0.519502, validation avg acc: 0.298891
Train: 5, time: 7.467592, loss: 2.693687, train acc: 0.443309, train avg acc: 0.251178
Validation: 5, time: 7.467592, loss: 2.379146, validation acc: 0.553629, validation avg acc: 0.339663
Train: 6, time: 7.462047, loss: 2.630834, train acc: 0.464916, train avg acc: 0.271023
Validation: 6, time: 7.462047, loss: 2.311808, validation acc: 0.576381, validation avg acc: 0.365950
Train: 7, time: 7.489216, loss: 2.586365, train acc: 0.476766, train avg acc: 0.285209
Validation: 7, time: 7.489216, loss: 2.267733, validation acc: 0.611051, validation avg acc: 0.405431
Train: 8, time: 7.454298, loss: 2.536575, train acc: 0.500581, train avg acc: 0.307357
Validation: 8, time: 7.454298, loss: 2.224067, validation acc: 0.637053, validation avg acc: 0.427173
Train: 9, time: 7.451158, loss: 2.507458, train acc: 0.512198, train avg acc: 0.322653
Validation: 9, time: 7.451158, loss: 2.186178, validation acc: 0.648971, validation avg acc: 0.446580
Train: 10, time: 7.480504, loss: 2.469797, train acc: 0.526836, train avg acc: 0.338589
Validation: 10, time: 7.480504, loss: 2.152540, validation acc: 0.660888, validation avg acc: 0.458962
Train: 11, time: 7.486530, loss: 2.434509, train acc: 0.542983, train avg acc: 0.360834
Validation: 11, time: 7.486530, loss: 2.116316, validation acc: 0.679307, validation avg acc: 0.483671
Train: 12, time: 7.488029, loss: 2.403442, train acc: 0.554717, train avg acc: 0.376636
Validation: 12, time: 7.488029, loss: 2.090500, validation acc: 0.680932, validation avg acc: 0.486309
Train: 13, time: 7.566537, loss: 2.386377, train acc: 0.568425, train avg acc: 0.387048
Validation: 13, time: 7.566537, loss: 2.067073, validation acc: 0.692849, validation avg acc: 0.497290
Train: 14, time: 7.541469, loss: 2.357211, train acc: 0.572258, train avg acc: 0.395718
Validation: 14, time: 7.541469, loss: 2.044243, validation acc: 0.696641, validation avg acc: 0.507243
Train: 15, time: 7.480400, loss: 2.333162, train acc: 0.582133, train avg acc: 0.407127
Validation: 15, time: 7.480400, loss: 2.020344, validation acc: 0.708017, validation avg acc: 0.518691
Train: 16, time: 7.407834, loss: 2.318335, train acc: 0.584340, train avg acc: 0.409909
Validation: 16, time: 7.407834, loss: 2.015121, validation acc: 0.704767, validation avg acc: 0.520960
Train: 17, time: 7.447785, loss: 2.299773, train acc: 0.598397, train avg acc: 0.427657
Validation: 17, time: 7.447785, loss: 1.986623, validation acc: 0.714518, validation avg acc: 0.536772
Train: 18, time: 7.545747, loss: 2.279349, train acc: 0.608155, train avg acc: 0.437451
Validation: 18, time: 7.545747, loss: 1.974469, validation acc: 0.721560, validation avg acc: 0.545310
Train: 19, time: 7.491492, loss: 2.255594, train acc: 0.618494, train avg acc: 0.450126
Validation: 19, time: 7.491492, loss: 1.964677, validation acc: 0.720477, validation avg acc: 0.544247
Train: 20, time: 7.485340, loss: 2.249822, train acc: 0.614545, train avg acc: 0.446026
Validation: 20, time: 7.485340, loss: 1.950462, validation acc: 0.726977, validation avg acc: 0.553299
Train: 21, time: 7.677102, loss: 2.235258, train acc: 0.620702, train avg acc: 0.451105
Validation: 21, time: 7.677102, loss: 1.945692, validation acc: 0.730769, validation avg acc: 0.557890
Train: 22, time: 7.466469, loss: 2.223576, train acc: 0.627323, train avg acc: 0.458590
Validation: 22, time: 7.466469, loss: 1.922726, validation acc: 0.739978, validation avg acc: 0.571878
Train: 23, time: 7.601765, loss: 2.208295, train acc: 0.637314, train avg acc: 0.477290
Validation: 23, time: 7.601765, loss: 1.916458, validation acc: 0.739437, validation avg acc: 0.568925
Train: 24, time: 7.658838, loss: 2.194266, train acc: 0.640683, train avg acc: 0.474005
Validation: 24, time: 7.658838, loss: 1.904729, validation acc: 0.738895, validation avg acc: 0.572085
Train: 25, time: 7.664435, loss: 2.185978, train acc: 0.640335, train avg acc: 0.475585
Validation: 25, time: 7.664435, loss: 1.896401, validation acc: 0.749187, validation avg acc: 0.585055
Train: 26, time: 7.565715, loss: 2.172943, train acc: 0.650441, train avg acc: 0.486374
Validation: 26, time: 7.565715, loss: 1.881992, validation acc: 0.748646, validation avg acc: 0.588631
Train: 27, time: 7.708755, loss: 2.163608, train acc: 0.648002, train avg acc: 0.486466
Validation: 27, time: 7.708755, loss: 1.874146, validation acc: 0.755688, validation avg acc: 0.599623
Train: 28, time: 7.736060, loss: 2.155039, train acc: 0.653346, train avg acc: 0.495970
Validation: 28, time: 7.736060, loss: 1.869697, validation acc: 0.754605, validation avg acc: 0.597709
Train: 29, time: 7.676043, loss: 2.146949, train acc: 0.663685, train avg acc: 0.512180
Validation: 29, time: 7.676043, loss: 1.858124, validation acc: 0.760022, validation avg acc: 0.608455
Train: 30, time: 7.586538, loss: 2.132178, train acc: 0.663917, train avg acc: 0.508145
Validation: 30, time: 7.586538, loss: 1.857046, validation acc: 0.762730, validation avg acc: 0.611527
Train: 31, time: 7.768954, loss: 2.117992, train acc: 0.671585, train avg acc: 0.515037
Validation: 31, time: 7.768954, loss: 1.853552, validation acc: 0.762730, validation avg acc: 0.612014
Train: 32, time: 7.894937, loss: 2.117832, train acc: 0.671120, train avg acc: 0.517307
Validation: 32, time: 7.894937, loss: 1.844692, validation acc: 0.765439, validation avg acc: 0.614987
Train: 33, time: 7.852144, loss: 2.116474, train acc: 0.669842, train avg acc: 0.514622
Validation: 33, time: 7.852144, loss: 1.843462, validation acc: 0.767606, validation avg acc: 0.615211
Train: 34, time: 7.759599, loss: 2.108145, train acc: 0.671236, train avg acc: 0.514672
Validation: 34, time: 7.759599, loss: 1.831053, validation acc: 0.773564, validation avg acc: 0.626990
Train: 35, time: 7.587284, loss: 2.099137, train acc: 0.682969, train avg acc: 0.532211
Validation: 35, time: 7.587284, loss: 1.826529, validation acc: 0.771939, validation avg acc: 0.621560
Train: 36, time: 7.748018, loss: 2.080188, train acc: 0.686106, train avg acc: 0.534315
Validation: 36, time: 7.748018, loss: 1.820940, validation acc: 0.774648, validation avg acc: 0.630872
Train: 37, time: 7.493466, loss: 2.087024, train acc: 0.680762, train avg acc: 0.535600
Validation: 37, time: 7.493466, loss: 1.821177, validation acc: 0.777898, validation avg acc: 0.632290
Train: 38, time: 7.766695, loss: 2.077488, train acc: 0.681227, train avg acc: 0.532451
Validation: 38, time: 7.766695, loss: 1.805344, validation acc: 0.783315, validation avg acc: 0.639017
Train: 39, time: 7.673415, loss: 2.059085, train acc: 0.695632, train avg acc: 0.545855
Validation: 39, time: 7.673415, loss: 1.807586, validation acc: 0.778982, validation avg acc: 0.632584
Train: 40, time: 7.776973, loss: 2.064468, train acc: 0.687035, train avg acc: 0.541156
Validation: 40, time: 7.776973, loss: 1.797018, validation acc: 0.787649, validation avg acc: 0.650470
Train: 41, time: 7.673986, loss: 2.060733, train acc: 0.697723, train avg acc: 0.555214
Validation: 41, time: 7.673986, loss: 1.798875, validation acc: 0.789274, validation avg acc: 0.653667
Train: 42, time: 7.776699, loss: 2.060385, train acc: 0.693657, train avg acc: 0.547633
Validation: 42, time: 7.776699, loss: 1.793917, validation acc: 0.787649, validation avg acc: 0.650596
Train: 43, time: 7.952185, loss: 2.051872, train acc: 0.701092, train avg acc: 0.558139
Validation: 43, time: 7.952185, loss: 1.787440, validation acc: 0.789274, validation avg acc: 0.652476
Train: 44, time: 7.735261, loss: 2.039618, train acc: 0.700976, train avg acc: 0.560488
Validation: 44, time: 7.735261, loss: 1.785660, validation acc: 0.792524, validation avg acc: 0.658698
Train: 45, time: 7.761967, loss: 2.032500, train acc: 0.704461, train avg acc: 0.556144
Validation: 45, time: 7.761967, loss: 1.783797, validation acc: 0.796316, validation avg acc: 0.664090
Train: 46, time: 7.645982, loss: 2.031599, train acc: 0.704577, train avg acc: 0.564154
Validation: 46, time: 7.645982, loss: 1.777365, validation acc: 0.804442, validation avg acc: 0.678070
Train: 47, time: 7.854934, loss: 2.023052, train acc: 0.706901, train avg acc: 0.566359
Validation: 47, time: 7.854934, loss: 1.765005, validation acc: 0.814193, validation avg acc: 0.692638
Train: 48, time: 7.582370, loss: 2.023438, train acc: 0.711896, train avg acc: 0.569131
Validation: 48, time: 7.582370, loss: 1.770376, validation acc: 0.804442, validation avg acc: 0.679611
Train: 49, time: 7.686469, loss: 2.018575, train acc: 0.707365, train avg acc: 0.564234
Validation: 49, time: 7.686469, loss: 1.763348, validation acc: 0.806609, validation avg acc: 0.683205
Train: 50, time: 7.803368, loss: 2.012118, train acc: 0.713058, train avg acc: 0.579142
Validation: 50, time: 7.803368, loss: 1.763708, validation acc: 0.813109, validation avg acc: 0.691605
Train: 51, time: 7.548853, loss: 2.006203, train acc: 0.715962, train avg acc: 0.581892
Validation: 51, time: 7.548853, loss: 1.762573, validation acc: 0.811484, validation avg acc: 0.684915
Train: 52, time: 7.688497, loss: 1.991592, train acc: 0.723745, train avg acc: 0.587675
Validation: 52, time: 7.688497, loss: 1.757576, validation acc: 0.814193, validation avg acc: 0.693654
Train: 53, time: 7.746758, loss: 1.994953, train acc: 0.720493, train avg acc: 0.585306
Validation: 53, time: 7.746758, loss: 1.755741, validation acc: 0.808776, validation avg acc: 0.684761
Train: 54, time: 7.789107, loss: 1.990365, train acc: 0.716427, train avg acc: 0.580042
Validation: 54, time: 7.789107, loss: 1.753574, validation acc: 0.817443, validation avg acc: 0.702632
Train: 55, time: 7.634851, loss: 1.988491, train acc: 0.721538, train avg acc: 0.585847
Validation: 55, time: 7.634851, loss: 1.748375, validation acc: 0.816901, validation avg acc: 0.697367
Train: 56, time: 7.735037, loss: 1.984952, train acc: 0.723745, train avg acc: 0.587741
Validation: 56, time: 7.735037, loss: 1.749307, validation acc: 0.815276, validation avg acc: 0.696654
Train: 57, time: 8.125753, loss: 1.979930, train acc: 0.728625, train avg acc: 0.595988
Validation: 57, time: 8.125753, loss: 1.746675, validation acc: 0.814735, validation avg acc: 0.686887
Train: 58, time: 7.714562, loss: 1.980877, train acc: 0.724094, train avg acc: 0.586941
Validation: 58, time: 7.714562, loss: 1.744020, validation acc: 0.821777, validation avg acc: 0.708970
Train: 59, time: 7.552903, loss: 1.976375, train acc: 0.728508, train avg acc: 0.592676
Validation: 59, time: 7.552903, loss: 1.738448, validation acc: 0.826652, validation avg acc: 0.713620
Train: 60, time: 7.706416, loss: 1.970391, train acc: 0.731645, train avg acc: 0.597893
Validation: 60, time: 7.706416, loss: 1.734483, validation acc: 0.827736, validation avg acc: 0.715500
Train: 61, time: 7.577477, loss: 1.970375, train acc: 0.730483, train avg acc: 0.597538
Validation: 61, time: 7.577477, loss: 1.728136, validation acc: 0.836403, validation avg acc: 0.733822
Train: 62, time: 7.675830, loss: 1.964889, train acc: 0.731761, train avg acc: 0.602006
Validation: 62, time: 7.675830, loss: 1.726630, validation acc: 0.834778, validation avg acc: 0.727408
Train: 63, time: 7.652053, loss: 1.957049, train acc: 0.736176, train avg acc: 0.606564
Validation: 63, time: 7.652053, loss: 1.726039, validation acc: 0.828819, validation avg acc: 0.723339
Train: 64, time: 7.685829, loss: 1.958407, train acc: 0.735711, train avg acc: 0.609246
Validation: 64, time: 7.685829, loss: 1.733361, validation acc: 0.829361, validation avg acc: 0.719919
Train: 65, time: 7.584414, loss: 1.955576, train acc: 0.735595, train avg acc: 0.602150
Validation: 65, time: 7.584414, loss: 1.723293, validation acc: 0.836403, validation avg acc: 0.735213
Train: 66, time: 7.783364, loss: 1.953060, train acc: 0.738964, train avg acc: 0.609892
Validation: 66, time: 7.783364, loss: 1.726401, validation acc: 0.833153, validation avg acc: 0.728102
Train: 67, time: 7.760452, loss: 1.952729, train acc: 0.739893, train avg acc: 0.610111
Validation: 67, time: 7.760452, loss: 1.720884, validation acc: 0.839112, validation avg acc: 0.734690
Train: 68, time: 7.661714, loss: 1.949578, train acc: 0.740706, train avg acc: 0.606936
Validation: 68, time: 7.661714, loss: 1.717583, validation acc: 0.836945, validation avg acc: 0.732962
Train: 69, time: 7.604258, loss: 1.943772, train acc: 0.738383, train avg acc: 0.612189
Validation: 69, time: 7.604258, loss: 1.713598, validation acc: 0.845612, validation avg acc: 0.747647
Train: 70, time: 7.747848, loss: 1.938374, train acc: 0.748257, train avg acc: 0.621999
Validation: 70, time: 7.747848, loss: 1.715795, validation acc: 0.838028, validation avg acc: 0.733776
Train: 71, time: 7.618514, loss: 1.940512, train acc: 0.745005, train avg acc: 0.620002
Validation: 71, time: 7.618514, loss: 1.712090, validation acc: 0.840195, validation avg acc: 0.737515
Train: 72, time: 7.632278, loss: 1.931553, train acc: 0.742914, train avg acc: 0.610924
Validation: 72, time: 7.632278, loss: 1.704293, validation acc: 0.850488, validation avg acc: 0.750084
Train: 73, time: 7.685962, loss: 1.936587, train acc: 0.741171, train avg acc: 0.616108
Validation: 73, time: 7.685962, loss: 1.706840, validation acc: 0.849946, validation avg acc: 0.754960
Train: 74, time: 7.813992, loss: 1.932812, train acc: 0.748141, train avg acc: 0.620065
Validation: 74, time: 7.813992, loss: 1.702779, validation acc: 0.852113, validation avg acc: 0.756156
Train: 75, time: 7.841554, loss: 1.931587, train acc: 0.746166, train avg acc: 0.617442
Validation: 75, time: 7.841554, loss: 1.707697, validation acc: 0.845070, validation avg acc: 0.747321
Train: 76, time: 7.488759, loss: 1.925367, train acc: 0.748490, train avg acc: 0.624741
Validation: 76, time: 7.488759, loss: 1.707285, validation acc: 0.847237, validation avg acc: 0.744465
Train: 77, time: 7.869584, loss: 1.923103, train acc: 0.748141, train avg acc: 0.624009
Validation: 77, time: 7.869584, loss: 1.703732, validation acc: 0.847237, validation avg acc: 0.748606
Train: 78, time: 7.684633, loss: 1.922160, train acc: 0.750581, train avg acc: 0.629933
Validation: 78, time: 7.684633, loss: 1.696871, validation acc: 0.843987, validation avg acc: 0.744739
Train: 79, time: 7.673179, loss: 1.913203, train acc: 0.755576, train avg acc: 0.633198
Validation: 79, time: 7.673179, loss: 1.705076, validation acc: 0.849404, validation avg acc: 0.756105
Train: 80, time: 7.767920, loss: 1.912552, train acc: 0.757086, train avg acc: 0.635684
Validation: 80, time: 7.767920, loss: 1.694468, validation acc: 0.850488, validation avg acc: 0.750712
Train: 81, time: 7.684115, loss: 1.914658, train acc: 0.753834, train avg acc: 0.634265
Validation: 81, time: 7.684115, loss: 1.690465, validation acc: 0.852654, validation avg acc: 0.756103
Train: 82, time: 7.774337, loss: 1.910550, train acc: 0.753485, train avg acc: 0.631672
Validation: 82, time: 7.774337, loss: 1.699569, validation acc: 0.851571, validation avg acc: 0.755866
Train: 83, time: 7.706995, loss: 1.912237, train acc: 0.760339, train avg acc: 0.641693
Validation: 83, time: 7.706995, loss: 1.692440, validation acc: 0.848321, validation avg acc: 0.753657
Train: 84, time: 7.664724, loss: 1.907561, train acc: 0.755112, train avg acc: 0.637859
Validation: 84, time: 7.664724, loss: 1.687122, validation acc: 0.852654, validation avg acc: 0.754116
Train: 85, time: 7.801420, loss: 1.898287, train acc: 0.760804, train avg acc: 0.640684
Validation: 85, time: 7.801420, loss: 1.687114, validation acc: 0.853738, validation avg acc: 0.759837
Train: 86, time: 7.737116, loss: 1.898343, train acc: 0.760339, train avg acc: 0.642639
Validation: 86, time: 7.737116, loss: 1.686252, validation acc: 0.855905, validation avg acc: 0.762724
Train: 87, time: 7.681613, loss: 1.904190, train acc: 0.758016, train avg acc: 0.635910
Validation: 87, time: 7.681613, loss: 1.691040, validation acc: 0.849404, validation avg acc: 0.755988
Train: 88, time: 7.563248, loss: 1.902879, train acc: 0.756970, train avg acc: 0.638114
Validation: 88, time: 7.563248, loss: 1.689064, validation acc: 0.855363, validation avg acc: 0.762634
Train: 89, time: 7.685370, loss: 1.899993, train acc: 0.759410, train avg acc: 0.640571
Validation: 89, time: 7.685370, loss: 1.680732, validation acc: 0.859155, validation avg acc: 0.766320
Train: 90, time: 7.811706, loss: 1.893232, train acc: 0.762082, train avg acc: 0.643803
Validation: 90, time: 7.811706, loss: 1.679834, validation acc: 0.855905, validation avg acc: 0.763091
Train: 91, time: 7.437070, loss: 1.889314, train acc: 0.763360, train avg acc: 0.641231
Validation: 91, time: 7.437070, loss: 1.677958, validation acc: 0.854821, validation avg acc: 0.759934
Train: 92, time: 7.786659, loss: 1.890335, train acc: 0.766148, train avg acc: 0.652308
Validation: 92, time: 7.786659, loss: 1.674218, validation acc: 0.856988, validation avg acc: 0.763322
Train: 93, time: 7.597101, loss: 1.889643, train acc: 0.766148, train avg acc: 0.651466
Validation: 93, time: 7.597101, loss: 1.678849, validation acc: 0.859697, validation avg acc: 0.767465
Train: 94, time: 7.581095, loss: 1.881214, train acc: 0.767890, train avg acc: 0.653101
Validation: 94, time: 7.581095, loss: 1.671943, validation acc: 0.858613, validation avg acc: 0.768623
Train: 95, time: 7.638954, loss: 1.877571, train acc: 0.770214, train avg acc: 0.650742
Validation: 95, time: 7.638954, loss: 1.673425, validation acc: 0.860780, validation avg acc: 0.768166
Train: 96, time: 7.593162, loss: 1.881843, train acc: 0.768471, train avg acc: 0.648839
Validation: 96, time: 7.593162, loss: 1.673823, validation acc: 0.860238, validation avg acc: 0.771379
Train: 97, time: 7.555610, loss: 1.870752, train acc: 0.770214, train avg acc: 0.655421
Validation: 97, time: 7.555610, loss: 1.669672, validation acc: 0.862947, validation avg acc: 0.776467
Train: 98, time: 7.813256, loss: 1.874415, train acc: 0.775325, train avg acc: 0.660713
Validation: 98, time: 7.813256, loss: 1.670816, validation acc: 0.860780, validation avg acc: 0.770561
Train: 99, time: 7.659377, loss: 1.874270, train acc: 0.773583, train avg acc: 0.657419
Validation: 99, time: 7.659377, loss: 1.670037, validation acc: 0.860238, validation avg acc: 0.771347
Train: 100, time: 7.753221, loss: 1.875331, train acc: 0.770330, train avg acc: 0.655754
Validation: 100, time: 7.753221, loss: 1.669400, validation acc: 0.858072, validation avg acc: 0.772566
Train: 101, time: 7.716982, loss: 1.874897, train acc: 0.771143, train avg acc: 0.658012
Validation: 101, time: 7.716982, loss: 1.668716, validation acc: 0.861863, validation avg acc: 0.778824
Train: 102, time: 7.798514, loss: 1.872913, train acc: 0.774047, train avg acc: 0.659671
Validation: 102, time: 7.798514, loss: 1.668383, validation acc: 0.862947, validation avg acc: 0.774473
Train: 103, time: 7.565556, loss: 1.869105, train acc: 0.774396, train avg acc: 0.659383
Validation: 103, time: 7.565556, loss: 1.669006, validation acc: 0.858072, validation avg acc: 0.771898
Train: 104, time: 7.346374, loss: 1.864003, train acc: 0.777068, train avg acc: 0.664125
Validation: 104, time: 7.346374, loss: 1.666272, validation acc: 0.863489, validation avg acc: 0.777053
Train: 105, time: 7.876813, loss: 1.858946, train acc: 0.777533, train avg acc: 0.664730
Validation: 105, time: 7.876813, loss: 1.666036, validation acc: 0.862947, validation avg acc: 0.771092
Train: 106, time: 7.766405, loss: 1.861648, train acc: 0.779507, train avg acc: 0.668454
Validation: 106, time: 7.766405, loss: 1.661506, validation acc: 0.861863, validation avg acc: 0.771741
Train: 107, time: 7.797404, loss: 1.864483, train acc: 0.772189, train avg acc: 0.659482
Validation: 107, time: 7.797404, loss: 1.664794, validation acc: 0.862947, validation avg acc: 0.775648
Train: 108, time: 7.646884, loss: 1.867913, train acc: 0.776255, train avg acc: 0.661229
Validation: 108, time: 7.646884, loss: 1.659122, validation acc: 0.862947, validation avg acc: 0.774205
Train: 109, time: 7.515232, loss: 1.855718, train acc: 0.777649, train avg acc: 0.664115
Validation: 109, time: 7.515232, loss: 1.660949, validation acc: 0.864030, validation avg acc: 0.771739
Train: 110, time: 7.670793, loss: 1.859633, train acc: 0.777184, train avg acc: 0.663652
Validation: 110, time: 7.670793, loss: 1.653728, validation acc: 0.867281, validation avg acc: 0.776982
Train: 111, time: 7.803261, loss: 1.847833, train acc: 0.784387, train avg acc: 0.677270
Validation: 111, time: 7.803261, loss: 1.656166, validation acc: 0.865655, validation avg acc: 0.777930
Train: 112, time: 7.562773, loss: 1.855530, train acc: 0.780321, train avg acc: 0.670020
Validation: 112, time: 7.562773, loss: 1.654480, validation acc: 0.864572, validation avg acc: 0.775115
Train: 113, time: 7.717862, loss: 1.854886, train acc: 0.779972, train avg acc: 0.669650
Validation: 113, time: 7.717862, loss: 1.651242, validation acc: 0.866739, validation avg acc: 0.782975
Train: 114, time: 7.815557, loss: 1.851803, train acc: 0.779391, train avg acc: 0.669129
Validation: 114, time: 7.815557, loss: 1.655099, validation acc: 0.865114, validation avg acc: 0.776986
Train: 115, time: 7.567445, loss: 1.845746, train acc: 0.780901, train avg acc: 0.668828
Validation: 115, time: 7.567445, loss: 1.653333, validation acc: 0.867281, validation avg acc: 0.784328
Train: 116, time: 7.769966, loss: 1.855607, train acc: 0.780669, train avg acc: 0.672998
Validation: 116, time: 7.769966, loss: 1.655092, validation acc: 0.867281, validation avg acc: 0.777259
Train: 117, time: 7.589634, loss: 1.840323, train acc: 0.788917, train avg acc: 0.682422
Validation: 117, time: 7.589634, loss: 1.651975, validation acc: 0.866739, validation avg acc: 0.776737
Train: 118, time: 7.780521, loss: 1.847353, train acc: 0.778578, train avg acc: 0.669724
Validation: 118, time: 7.780521, loss: 1.650110, validation acc: 0.867822, validation avg acc: 0.784503
Train: 119, time: 7.683710, loss: 1.849764, train acc: 0.783225, train avg acc: 0.676058
Validation: 119, time: 7.683710, loss: 1.647287, validation acc: 0.865655, validation avg acc: 0.783874
Train: 120, time: 7.767707, loss: 1.847699, train acc: 0.786129, train avg acc: 0.679939
Validation: 120, time: 7.767707, loss: 1.646586, validation acc: 0.869447, validation avg acc: 0.783989
Train: 121, time: 7.692827, loss: 1.844867, train acc: 0.779740, train avg acc: 0.671796
Validation: 121, time: 7.692827, loss: 1.650682, validation acc: 0.869447, validation avg acc: 0.788591
Train: 122, time: 7.645451, loss: 1.842780, train acc: 0.786826, train avg acc: 0.678718
Validation: 122, time: 7.645451, loss: 1.644329, validation acc: 0.872698, validation avg acc: 0.789760
Train: 123, time: 7.756476, loss: 1.836724, train acc: 0.788336, train avg acc: 0.678465
Validation: 123, time: 7.756476, loss: 1.646070, validation acc: 0.870531, validation avg acc: 0.783870
Train: 124, time: 7.615035, loss: 1.839446, train acc: 0.787988, train avg acc: 0.686382
Validation: 124, time: 7.615035, loss: 1.644686, validation acc: 0.867281, validation avg acc: 0.777880
Train: 125, time: 7.650274, loss: 1.833515, train acc: 0.792286, train avg acc: 0.687086
Validation: 125, time: 7.650274, loss: 1.648887, validation acc: 0.864030, validation avg acc: 0.774169
Train: 126, time: 7.704306, loss: 1.834767, train acc: 0.785432, train avg acc: 0.679728
Validation: 126, time: 7.704306, loss: 1.640599, validation acc: 0.868364, validation avg acc: 0.777956
Train: 127, time: 7.799694, loss: 1.831229, train acc: 0.788917, train avg acc: 0.680440
Validation: 127, time: 7.799694, loss: 1.641101, validation acc: 0.872156, validation avg acc: 0.788298
Train: 128, time: 7.547964, loss: 1.831194, train acc: 0.786362, train avg acc: 0.673649
Validation: 128, time: 7.547964, loss: 1.640732, validation acc: 0.871073, validation avg acc: 0.783217
Train: 129, time: 7.542121, loss: 1.829309, train acc: 0.787523, train avg acc: 0.684754
Validation: 129, time: 7.542121, loss: 1.640870, validation acc: 0.869989, validation avg acc: 0.789166
Train: 130, time: 7.651965, loss: 1.834368, train acc: 0.788104, train avg acc: 0.684186
Validation: 130, time: 7.651965, loss: 1.640695, validation acc: 0.869447, validation avg acc: 0.788884
Train: 131, time: 7.772658, loss: 1.827363, train acc: 0.791589, train avg acc: 0.687001
Validation: 131, time: 7.772658, loss: 1.642975, validation acc: 0.869989, validation avg acc: 0.791759
Train: 132, time: 7.548991, loss: 1.829678, train acc: 0.789730, train avg acc: 0.685266
Validation: 132, time: 7.548991, loss: 1.639790, validation acc: 0.869447, validation avg acc: 0.782206
Train: 133, time: 7.753619, loss: 1.824056, train acc: 0.787523, train avg acc: 0.683046
Validation: 133, time: 7.753619, loss: 1.637989, validation acc: 0.871614, validation avg acc: 0.794543
Train: 134, time: 7.483809, loss: 1.824776, train acc: 0.792751, train avg acc: 0.692891
Validation: 134, time: 7.483809, loss: 1.637682, validation acc: 0.867281, validation avg acc: 0.781666
Train: 135, time: 7.604038, loss: 1.832850, train acc: 0.789963, train avg acc: 0.681188
Validation: 135, time: 7.604038, loss: 1.635102, validation acc: 0.872698, validation avg acc: 0.791826
Train: 136, time: 7.576615, loss: 1.822204, train acc: 0.791473, train avg acc: 0.688645
Validation: 136, time: 7.576615, loss: 1.635968, validation acc: 0.874323, validation avg acc: 0.798441
Train: 137, time: 7.625096, loss: 1.828963, train acc: 0.794029, train avg acc: 0.693743
Validation: 137, time: 7.625096, loss: 1.636207, validation acc: 0.868906, validation avg acc: 0.783911
Train: 138, time: 7.609354, loss: 1.826353, train acc: 0.792402, train avg acc: 0.689509
Validation: 138, time: 7.609354, loss: 1.636619, validation acc: 0.870531, validation avg acc: 0.785677
Train: 139, time: 7.585077, loss: 1.811085, train acc: 0.801115, train avg acc: 0.699596
Validation: 139, time: 7.585077, loss: 1.634096, validation acc: 0.874323, validation avg acc: 0.795298
Train: 140, time: 7.570690, loss: 1.817746, train acc: 0.796933, train avg acc: 0.693462
Validation: 140, time: 7.570690, loss: 1.631556, validation acc: 0.873781, validation avg acc: 0.791631
Train: 141, time: 7.678733, loss: 1.814503, train acc: 0.797630, train avg acc: 0.695509
Validation: 141, time: 7.678733, loss: 1.631652, validation acc: 0.873781, validation avg acc: 0.791709
Train: 142, time: 7.689377, loss: 1.811959, train acc: 0.800186, train avg acc: 0.699397
Validation: 142, time: 7.689377, loss: 1.629477, validation acc: 0.875406, validation avg acc: 0.796397
Train: 143, time: 7.564421, loss: 1.817312, train acc: 0.795888, train avg acc: 0.695832
Validation: 143, time: 7.564421, loss: 1.636160, validation acc: 0.873239, validation avg acc: 0.792723
Train: 144, time: 7.561474, loss: 1.822115, train acc: 0.794958, train avg acc: 0.693853
Validation: 144, time: 7.561474, loss: 1.632898, validation acc: 0.872156, validation avg acc: 0.782048
Train: 145, time: 7.712135, loss: 1.811905, train acc: 0.795074, train avg acc: 0.688973
Validation: 145, time: 7.712135, loss: 1.630322, validation acc: 0.870531, validation avg acc: 0.783279
Train: 146, time: 7.657757, loss: 1.820230, train acc: 0.795074, train avg acc: 0.694624
Validation: 146, time: 7.657757, loss: 1.633284, validation acc: 0.872698, validation avg acc: 0.783716
Train: 147, time: 7.587097, loss: 1.809545, train acc: 0.793680, train avg acc: 0.691096
Validation: 147, time: 7.587097, loss: 1.628512, validation acc: 0.875406, validation avg acc: 0.795122
Train: 148, time: 7.686558, loss: 1.811977, train acc: 0.797979, train avg acc: 0.696667
Validation: 148, time: 7.686558, loss: 1.627378, validation acc: 0.877573, validation avg acc: 0.798540
Train: 149, time: 7.565601, loss: 1.813214, train acc: 0.795423, train avg acc: 0.692224
Validation: 149, time: 7.565601, loss: 1.625135, validation acc: 0.873781, validation avg acc: 0.787128
Train: 150, time: 8.089937, loss: 1.818763, train acc: 0.792170, train avg acc: 0.686871
Validation: 150, time: 8.089937, loss: 1.620241, validation acc: 0.875948, validation avg acc: 0.799052
Train: 151, time: 7.588751, loss: 1.812726, train acc: 0.797049, train avg acc: 0.693650
Validation: 151, time: 7.588751, loss: 1.625489, validation acc: 0.872698, validation avg acc: 0.791470
Train: 152, time: 7.742432, loss: 1.815386, train acc: 0.796933, train avg acc: 0.692873
Validation: 152, time: 7.742432, loss: 1.621390, validation acc: 0.874865, validation avg acc: 0.797902
Train: 153, time: 7.647816, loss: 1.805979, train acc: 0.794261, train avg acc: 0.695174
Validation: 153, time: 7.647816, loss: 1.625347, validation acc: 0.875406, validation avg acc: 0.795007
Train: 154, time: 7.884387, loss: 1.804196, train acc: 0.802045, train avg acc: 0.700290
Validation: 154, time: 7.884387, loss: 1.622658, validation acc: 0.872698, validation avg acc: 0.790230
Train: 155, time: 7.703152, loss: 1.801289, train acc: 0.803090, train avg acc: 0.700873
Validation: 155, time: 7.703152, loss: 1.621975, validation acc: 0.873781, validation avg acc: 0.789551
Train: 156, time: 7.503953, loss: 1.806295, train acc: 0.800767, train avg acc: 0.698679
Validation: 156, time: 7.503953, loss: 1.621410, validation acc: 0.879198, validation avg acc: 0.804240
Train: 157, time: 7.700351, loss: 1.803212, train acc: 0.800999, train avg acc: 0.699598
Validation: 157, time: 7.700351, loss: 1.620842, validation acc: 0.872698, validation avg acc: 0.790884
Train: 158, time: 7.625286, loss: 1.798517, train acc: 0.802974, train avg acc: 0.704817
Validation: 158, time: 7.625286, loss: 1.621860, validation acc: 0.879740, validation avg acc: 0.802920
Train: 159, time: 7.790153, loss: 1.809391, train acc: 0.801464, train avg acc: 0.701257
Validation: 159, time: 7.790153, loss: 1.618598, validation acc: 0.876490, validation avg acc: 0.799627
Train: 160, time: 7.544377, loss: 1.797325, train acc: 0.799721, train avg acc: 0.698022
Validation: 160, time: 7.544377, loss: 1.618535, validation acc: 0.876490, validation avg acc: 0.798304
Train: 161, time: 7.610392, loss: 1.801459, train acc: 0.801580, train avg acc: 0.699911
Validation: 161, time: 7.610392, loss: 1.616792, validation acc: 0.879740, validation avg acc: 0.803136
Train: 162, time: 7.558779, loss: 1.799628, train acc: 0.802277, train avg acc: 0.702528
Validation: 162, time: 7.558779, loss: 1.614987, validation acc: 0.877573, validation avg acc: 0.794388
Train: 163, time: 7.693491, loss: 1.799999, train acc: 0.803322, train avg acc: 0.703365
Validation: 163, time: 7.693491, loss: 1.616345, validation acc: 0.875948, validation avg acc: 0.793929
Train: 164, time: 7.670805, loss: 1.803412, train acc: 0.803787, train avg acc: 0.706606
Validation: 164, time: 7.670805, loss: 1.615313, validation acc: 0.875948, validation avg acc: 0.798327
Train: 165, time: 7.476839, loss: 1.797820, train acc: 0.800070, train avg acc: 0.701862
Validation: 165, time: 7.476839, loss: 1.619779, validation acc: 0.881365, validation avg acc: 0.803660
Train: 166, time: 7.717918, loss: 1.793238, train acc: 0.801928, train avg acc: 0.698769
Validation: 166, time: 7.717918, loss: 1.621786, validation acc: 0.879198, validation avg acc: 0.804134
Train: 167, time: 7.570920, loss: 1.792278, train acc: 0.810177, train avg acc: 0.712700
Validation: 167, time: 7.570920, loss: 1.613752, validation acc: 0.881365, validation avg acc: 0.805315
Train: 168, time: 7.632339, loss: 1.795481, train acc: 0.804949, train avg acc: 0.709061
Validation: 168, time: 7.632339, loss: 1.616804, validation acc: 0.884615, validation avg acc: 0.813872
Train: 169, time: 7.699482, loss: 1.790462, train acc: 0.802277, train avg acc: 0.701613
Validation: 169, time: 7.699482, loss: 1.611412, validation acc: 0.883532, validation avg acc: 0.804995
Train: 170, time: 7.586767, loss: 1.795382, train acc: 0.802509, train avg acc: 0.701290
Validation: 170, time: 7.586767, loss: 1.615033, validation acc: 0.880282, validation avg acc: 0.802519
Train: 171, time: 7.642148, loss: 1.787925, train acc: 0.805297, train avg acc: 0.707201
Validation: 171, time: 7.642148, loss: 1.614484, validation acc: 0.876490, validation avg acc: 0.797527
Train: 172, time: 7.639747, loss: 1.782126, train acc: 0.812616, train avg acc: 0.716385
Validation: 172, time: 7.639747, loss: 1.614170, validation acc: 0.879740, validation avg acc: 0.803547
Train: 173, time: 7.627212, loss: 1.793199, train acc: 0.804020, train avg acc: 0.704496
Validation: 173, time: 7.627212, loss: 1.617803, validation acc: 0.877573, validation avg acc: 0.792328
Train: 174, time: 7.591788, loss: 1.783262, train acc: 0.815056, train avg acc: 0.721941
Validation: 174, time: 7.591788, loss: 1.614156, validation acc: 0.877573, validation avg acc: 0.797666
Train: 175, time: 7.697769, loss: 1.797414, train acc: 0.805646, train avg acc: 0.703947
Validation: 175, time: 7.697769, loss: 1.613455, validation acc: 0.880282, validation avg acc: 0.803494
Train: 176, time: 7.829757, loss: 1.789965, train acc: 0.807272, train avg acc: 0.712114
Validation: 176, time: 7.829757, loss: 1.611200, validation acc: 0.881365, validation avg acc: 0.801616
Train: 177, time: 7.501427, loss: 1.779120, train acc: 0.812500, train avg acc: 0.713711
Validation: 177, time: 7.501427, loss: 1.607847, validation acc: 0.875948, validation avg acc: 0.793260
Train: 178, time: 7.686039, loss: 1.782878, train acc: 0.808086, train avg acc: 0.712636
Validation: 178, time: 7.686039, loss: 1.607723, validation acc: 0.876490, validation avg acc: 0.796757
Train: 179, time: 7.667747, loss: 1.786192, train acc: 0.805646, train avg acc: 0.709001
Validation: 179, time: 7.667747, loss: 1.609352, validation acc: 0.878115, validation avg acc: 0.803747
Train: 180, time: 7.591221, loss: 1.793470, train acc: 0.803439, train avg acc: 0.703619
Validation: 180, time: 7.591221, loss: 1.606405, validation acc: 0.881365, validation avg acc: 0.804900
Train: 181, time: 7.573550, loss: 1.783829, train acc: 0.808086, train avg acc: 0.708588
Validation: 181, time: 7.573550, loss: 1.609580, validation acc: 0.877573, validation avg acc: 0.804486
Train: 182, time: 7.775002, loss: 1.780115, train acc: 0.806575, train avg acc: 0.710330
Validation: 182, time: 7.775002, loss: 1.612789, validation acc: 0.880282, validation avg acc: 0.803830
Train: 183, time: 7.497069, loss: 1.782768, train acc: 0.808202, train avg acc: 0.711450
Validation: 183, time: 7.497069, loss: 1.606497, validation acc: 0.880823, validation avg acc: 0.805645
Train: 184, time: 7.781500, loss: 1.790761, train acc: 0.808318, train avg acc: 0.707930
Validation: 184, time: 7.781500, loss: 1.609233, validation acc: 0.882449, validation avg acc: 0.809810
Train: 185, time: 7.765732, loss: 1.779947, train acc: 0.812732, train avg acc: 0.713435
Validation: 185, time: 7.765732, loss: 1.606825, validation acc: 0.880823, validation avg acc: 0.807749
Train: 186, time: 7.685079, loss: 1.786717, train acc: 0.806459, train avg acc: 0.711566
Validation: 186, time: 7.685079, loss: 1.606994, validation acc: 0.882449, validation avg acc: 0.807274
Train: 187, time: 7.661778, loss: 1.787043, train acc: 0.808434, train avg acc: 0.710605
Validation: 187, time: 7.661778, loss: 1.608152, validation acc: 0.880823, validation avg acc: 0.805207
Train: 188, time: 7.468843, loss: 1.773802, train acc: 0.812151, train avg acc: 0.718341
Validation: 188, time: 7.468843, loss: 1.604955, validation acc: 0.879740, validation avg acc: 0.801567
Train: 189, time: 7.790090, loss: 1.773775, train acc: 0.813313, train avg acc: 0.719071
Validation: 189, time: 7.790090, loss: 1.606489, validation acc: 0.881907, validation avg acc: 0.809586
Train: 190, time: 7.598034, loss: 1.773788, train acc: 0.812965, train avg acc: 0.717140
Validation: 190, time: 7.598034, loss: 1.604076, validation acc: 0.887866, validation avg acc: 0.813499
Train: 191, time: 7.650215, loss: 1.774237, train acc: 0.812268, train avg acc: 0.716119
Validation: 191, time: 7.650215, loss: 1.604645, validation acc: 0.882449, validation avg acc: 0.806221
Train: 192, time: 7.716545, loss: 1.769331, train acc: 0.814475, train avg acc: 0.719295
Validation: 192, time: 7.716545, loss: 1.603798, validation acc: 0.878657, validation avg acc: 0.799215
Train: 193, time: 7.653046, loss: 1.775619, train acc: 0.810409, train avg acc: 0.712472
Validation: 193, time: 7.653046, loss: 1.603554, validation acc: 0.879740, validation avg acc: 0.803807
Train: 194, time: 7.655157, loss: 1.773651, train acc: 0.813429, train avg acc: 0.717742
Validation: 194, time: 7.655157, loss: 1.600743, validation acc: 0.880282, validation avg acc: 0.805653
Train: 195, time: 7.422419, loss: 1.772374, train acc: 0.814823, train avg acc: 0.719876
Validation: 195, time: 7.422419, loss: 1.602606, validation acc: 0.882449, validation avg acc: 0.807931
Train: 196, time: 7.656761, loss: 1.773178, train acc: 0.818657, train avg acc: 0.721659
Validation: 196, time: 7.656761, loss: 1.604163, validation acc: 0.879740, validation avg acc: 0.805859
Train: 197, time: 7.593955, loss: 1.770482, train acc: 0.815288, train avg acc: 0.720643
Validation: 197, time: 7.593955, loss: 1.603120, validation acc: 0.878115, validation avg acc: 0.802830
Train: 198, time: 7.672354, loss: 1.771907, train acc: 0.811338, train avg acc: 0.711559
Validation: 198, time: 7.672354, loss: 1.601120, validation acc: 0.884074, validation avg acc: 0.812685
Train: 199, time: 7.575323, loss: 1.768341, train acc: 0.813894, train avg acc: 0.717044
Validation: 199, time: 7.575323, loss: 1.601672, validation acc: 0.877573, validation avg acc: 0.796364
Train: 200, time: 7.802750, loss: 1.764822, train acc: 0.817147, train avg acc: 0.721991
Validation: 200, time: 7.802750, loss: 1.600545, validation acc: 0.887866, validation avg acc: 0.814503
Train: 201, time: 7.642763, loss: 1.770217, train acc: 0.813313, train avg acc: 0.722171
Validation: 201, time: 7.642763, loss: 1.601520, validation acc: 0.880823, validation avg acc: 0.803329
Train: 202, time: 7.584172, loss: 1.766425, train acc: 0.812732, train avg acc: 0.720281
Validation: 202, time: 7.584172, loss: 1.598129, validation acc: 0.884074, validation avg acc: 0.805891
Train: 203, time: 7.591221, loss: 1.770451, train acc: 0.809131, train avg acc: 0.713124
Validation: 203, time: 7.591221, loss: 1.598339, validation acc: 0.883532, validation avg acc: 0.806655
Train: 204, time: 7.698287, loss: 1.766733, train acc: 0.817147, train avg acc: 0.728604
Validation: 204, time: 7.698287, loss: 1.600351, validation acc: 0.883532, validation avg acc: 0.812995
Train: 205, time: 7.641673, loss: 1.767382, train acc: 0.815637, train avg acc: 0.723712
Validation: 205, time: 7.641673, loss: 1.599811, validation acc: 0.883532, validation avg acc: 0.810214
Train: 206, time: 7.575521, loss: 1.762316, train acc: 0.819470, train avg acc: 0.724966
Validation: 206, time: 7.575521, loss: 1.596313, validation acc: 0.884615, validation avg acc: 0.813166
Train: 207, time: 7.608432, loss: 1.769465, train acc: 0.810525, train avg acc: 0.718658
Validation: 207, time: 7.608432, loss: 1.599276, validation acc: 0.877573, validation avg acc: 0.795730
Train: 208, time: 7.605006, loss: 1.769763, train acc: 0.811919, train avg acc: 0.716632
Validation: 208, time: 7.605006, loss: 1.595693, validation acc: 0.884074, validation avg acc: 0.811551
Train: 209, time: 7.845317, loss: 1.756635, train acc: 0.822839, train avg acc: 0.733190
Validation: 209, time: 7.845317, loss: 1.593485, validation acc: 0.882990, validation avg acc: 0.810807
Train: 210, time: 7.571872, loss: 1.759796, train acc: 0.817495, train avg acc: 0.725578
Validation: 210, time: 7.571872, loss: 1.594890, validation acc: 0.882449, validation avg acc: 0.810992
Train: 211, time: 7.665081, loss: 1.759686, train acc: 0.817612, train avg acc: 0.724322
Validation: 211, time: 7.665081, loss: 1.592035, validation acc: 0.886241, validation avg acc: 0.814560
Train: 212, time: 7.550827, loss: 1.758668, train acc: 0.822723, train avg acc: 0.729162
Validation: 212, time: 7.550827, loss: 1.593643, validation acc: 0.879740, validation avg acc: 0.795182
Train: 213, time: 7.631938, loss: 1.754926, train acc: 0.820283, train avg acc: 0.728214
Validation: 213, time: 7.631938, loss: 1.593932, validation acc: 0.884074, validation avg acc: 0.812711
Train: 214, time: 7.778427, loss: 1.758896, train acc: 0.817844, train avg acc: 0.724277
Validation: 214, time: 7.778427, loss: 1.596262, validation acc: 0.881365, validation avg acc: 0.804266
Train: 215, time: 7.659048, loss: 1.759021, train acc: 0.816450, train avg acc: 0.722806
Validation: 215, time: 7.659048, loss: 1.596946, validation acc: 0.882990, validation avg acc: 0.800707
Train: 216, time: 7.564261, loss: 1.762805, train acc: 0.815753, train avg acc: 0.720182
Validation: 216, time: 7.564261, loss: 1.591602, validation acc: 0.885699, validation avg acc: 0.812183
Train: 217, time: 7.495515, loss: 1.764928, train acc: 0.821794, train avg acc: 0.729964
Validation: 217, time: 7.495515, loss: 1.594342, validation acc: 0.881907, validation avg acc: 0.802976
Train: 218, time: 7.461172, loss: 1.757412, train acc: 0.820864, train avg acc: 0.726392
Validation: 218, time: 7.461172, loss: 1.593166, validation acc: 0.886782, validation avg acc: 0.815042
Train: 219, time: 7.488069, loss: 1.756483, train acc: 0.817960, train avg acc: 0.726283
Validation: 219, time: 7.488069, loss: 1.592448, validation acc: 0.882990, validation avg acc: 0.814373
Train: 220, time: 7.583897, loss: 1.760596, train acc: 0.819122, train avg acc: 0.729453
Validation: 220, time: 7.583897, loss: 1.587608, validation acc: 0.887866, validation avg acc: 0.821018
Train: 221, time: 7.559798, loss: 1.751549, train acc: 0.825279, train avg acc: 0.735310
Validation: 221, time: 7.559798, loss: 1.591418, validation acc: 0.881907, validation avg acc: 0.802970
Train: 222, time: 7.274083, loss: 1.753115, train acc: 0.819935, train avg acc: 0.728583
Validation: 222, time: 7.274083, loss: 1.594302, validation acc: 0.882990, validation avg acc: 0.808680
Train: 223, time: 7.495358, loss: 1.755792, train acc: 0.818192, train avg acc: 0.728420
Validation: 223, time: 7.495358, loss: 1.591106, validation acc: 0.886241, validation avg acc: 0.810972
Train: 224, time: 7.562886, loss: 1.755016, train acc: 0.818192, train avg acc: 0.724734
Validation: 224, time: 7.562886, loss: 1.590625, validation acc: 0.889491, validation avg acc: 0.823152
Train: 225, time: 7.611329, loss: 1.759806, train acc: 0.819703, train avg acc: 0.730099
Validation: 225, time: 7.611329, loss: 1.590840, validation acc: 0.886241, validation avg acc: 0.816299
Train: 226, time: 7.597756, loss: 1.753079, train acc: 0.819354, train avg acc: 0.725318
Validation: 226, time: 7.597756, loss: 1.592073, validation acc: 0.882990, validation avg acc: 0.812724
Train: 227, time: 7.703927, loss: 1.746031, train acc: 0.827138, train avg acc: 0.740122
Validation: 227, time: 7.703927, loss: 1.588894, validation acc: 0.884074, validation avg acc: 0.814830
Train: 228, time: 7.494214, loss: 1.751789, train acc: 0.822607, train avg acc: 0.731969
Validation: 228, time: 7.494214, loss: 1.586377, validation acc: 0.885157, validation avg acc: 0.813067
Train: 229, time: 7.571811, loss: 1.749153, train acc: 0.825743, train avg acc: 0.736265
Validation: 229, time: 7.571811, loss: 1.587306, validation acc: 0.884074, validation avg acc: 0.806319
Train: 230, time: 7.692019, loss: 1.753342, train acc: 0.818889, train avg acc: 0.729014
Validation: 230, time: 7.692019, loss: 1.584317, validation acc: 0.886782, validation avg acc: 0.811505
Train: 231, time: 7.597077, loss: 1.745560, train acc: 0.824698, train avg acc: 0.733244
Validation: 231, time: 7.597077, loss: 1.590380, validation acc: 0.881907, validation avg acc: 0.809966
Train: 232, time: 7.769876, loss: 1.749060, train acc: 0.821910, train avg acc: 0.730573
Validation: 232, time: 7.769876, loss: 1.585420, validation acc: 0.886782, validation avg acc: 0.816217
Train: 233, time: 7.550746, loss: 1.746751, train acc: 0.825511, train avg acc: 0.739916
Validation: 233, time: 7.550746, loss: 1.587556, validation acc: 0.890033, validation avg acc: 0.818972
Train: 234, time: 7.583984, loss: 1.752232, train acc: 0.822491, train avg acc: 0.731073
Validation: 234, time: 7.583984, loss: 1.586297, validation acc: 0.885157, validation avg acc: 0.811349
Train: 235, time: 7.510072, loss: 1.746884, train acc: 0.829112, train avg acc: 0.739875
Validation: 235, time: 7.510072, loss: 1.584857, validation acc: 0.886782, validation avg acc: 0.815962
Train: 236, time: 7.602005, loss: 1.740972, train acc: 0.828764, train avg acc: 0.737924
Validation: 236, time: 7.602005, loss: 1.586081, validation acc: 0.886241, validation avg acc: 0.813996
Train: 237, time: 7.547650, loss: 1.746108, train acc: 0.821445, train avg acc: 0.732792
Validation: 237, time: 7.547650, loss: 1.590190, validation acc: 0.887324, validation avg acc: 0.817718
Train: 238, time: 7.558573, loss: 1.746009, train acc: 0.826673, train avg acc: 0.738108
Validation: 238, time: 7.558573, loss: 1.585426, validation acc: 0.889491, validation avg acc: 0.821293
Train: 239, time: 7.540808, loss: 1.744075, train acc: 0.825627, train avg acc: 0.735384
Validation: 239, time: 7.540808, loss: 1.584234, validation acc: 0.891116, validation avg acc: 0.822166
Train: 240, time: 7.391744, loss: 1.744432, train acc: 0.826208, train avg acc: 0.734098
Validation: 240, time: 7.391744, loss: 1.583216, validation acc: 0.887866, validation avg acc: 0.811763
Train: 241, time: 7.616035, loss: 1.741895, train acc: 0.825627, train avg acc: 0.733466
Validation: 241, time: 7.616035, loss: 1.583435, validation acc: 0.886782, validation avg acc: 0.816622
Train: 242, time: 7.526887, loss: 1.738147, train acc: 0.831204, train avg acc: 0.742832
Validation: 242, time: 7.526887, loss: 1.587752, validation acc: 0.886782, validation avg acc: 0.819228
Train: 243, time: 7.525628, loss: 1.744844, train acc: 0.826092, train avg acc: 0.734611
Validation: 243, time: 7.525628, loss: 1.584098, validation acc: 0.888949, validation avg acc: 0.821263
Train: 244, time: 7.577199, loss: 1.740122, train acc: 0.824117, train avg acc: 0.730153
Validation: 244, time: 7.577199, loss: 1.582761, validation acc: 0.886241, validation avg acc: 0.816501
Train: 245, time: 7.578231, loss: 1.744918, train acc: 0.829345, train avg acc: 0.742596
Validation: 245, time: 7.578231, loss: 1.580830, validation acc: 0.890574, validation avg acc: 0.819155
Train: 246, time: 7.580612, loss: 1.745075, train acc: 0.824466, train avg acc: 0.737261
Validation: 246, time: 7.580612, loss: 1.584153, validation acc: 0.887324, validation avg acc: 0.816945
Train: 247, time: 7.462967, loss: 1.740695, train acc: 0.828996, train avg acc: 0.741000
Validation: 247, time: 7.462967, loss: 1.582383, validation acc: 0.888949, validation avg acc: 0.817242
Train: 248, time: 7.614227, loss: 1.741478, train acc: 0.826324, train avg acc: 0.736993
Validation: 248, time: 7.614227, loss: 1.584491, validation acc: 0.885699, validation avg acc: 0.816128
Train: 249, time: 7.649272, loss: 1.749683, train acc: 0.821445, train avg acc: 0.729479
Validation: 249, time: 7.649272, loss: 1.582524, validation acc: 0.886241, validation avg acc: 0.817499
Train: 250, time: 7.575777, loss: 1.741588, train acc: 0.827718, train avg acc: 0.743910
Validation: 250, time: 7.575777, loss: 1.582606, validation acc: 0.890033, validation avg acc: 0.823365
Train: 251, time: 7.468549, loss: 1.731749, train acc: 0.834224, train avg acc: 0.746635
Validation: 251, time: 7.468549, loss: 1.583726, validation acc: 0.885157, validation avg acc: 0.813027
Train: 252, time: 7.695829, loss: 1.743291, train acc: 0.827486, train avg acc: 0.738639
Validation: 252, time: 7.695829, loss: 1.585116, validation acc: 0.885699, validation avg acc: 0.812700
Train: 253, time: 7.701921, loss: 1.737349, train acc: 0.827486, train avg acc: 0.737121
Validation: 253, time: 7.701921, loss: 1.581067, validation acc: 0.885157, validation avg acc: 0.812383
Train: 254, time: 7.664021, loss: 1.741011, train acc: 0.830623, train avg acc: 0.742193
Validation: 254, time: 7.664021, loss: 1.583879, validation acc: 0.890574, validation avg acc: 0.819907
Train: 255, time: 7.456156, loss: 1.743561, train acc: 0.830855, train avg acc: 0.740021
Validation: 255, time: 7.456156, loss: 1.582269, validation acc: 0.891658, validation avg acc: 0.823006
Train: 256, time: 7.610265, loss: 1.732797, train acc: 0.824582, train avg acc: 0.734776
Validation: 256, time: 7.610265, loss: 1.575498, validation acc: 0.893824, validation avg acc: 0.827211
Train: 257, time: 7.537470, loss: 1.735313, train acc: 0.830507, train avg acc: 0.741235
Validation: 257, time: 7.537470, loss: 1.580489, validation acc: 0.890574, validation avg acc: 0.821318
Train: 258, time: 7.588792, loss: 1.734153, train acc: 0.831552, train avg acc: 0.745223
Validation: 258, time: 7.588792, loss: 1.581150, validation acc: 0.892199, validation avg acc: 0.824555
Train: 259, time: 7.464976, loss: 1.736460, train acc: 0.828299, train avg acc: 0.742382
Validation: 259, time: 7.464976, loss: 1.579689, validation acc: 0.892741, validation avg acc: 0.824395
Train: 260, time: 7.607707, loss: 1.729658, train acc: 0.832133, train avg acc: 0.747336
Validation: 260, time: 7.607707, loss: 1.578257, validation acc: 0.890574, validation avg acc: 0.825011
Train: 261, time: 7.566778, loss: 1.731398, train acc: 0.827370, train avg acc: 0.742364
Validation: 261, time: 7.566778, loss: 1.582343, validation acc: 0.886241, validation avg acc: 0.811038
Train: 262, time: 7.465207, loss: 1.738352, train acc: 0.831320, train avg acc: 0.742648
Validation: 262, time: 7.465207, loss: 1.575215, validation acc: 0.890033, validation avg acc: 0.823296
Train: 263, time: 7.633464, loss: 1.733721, train acc: 0.828415, train avg acc: 0.739053
Validation: 263, time: 7.633464, loss: 1.582508, validation acc: 0.890574, validation avg acc: 0.821263
Train: 264, time: 7.530422, loss: 1.743091, train acc: 0.822258, train avg acc: 0.731789
Validation: 264, time: 7.530422, loss: 1.575801, validation acc: 0.887866, validation avg acc: 0.817236
Train: 265, time: 7.550505, loss: 1.732136, train acc: 0.830739, train avg acc: 0.736997
Validation: 265, time: 7.550505, loss: 1.575770, validation acc: 0.887324, validation avg acc: 0.817130
Train: 266, time: 7.556083, loss: 1.730028, train acc: 0.833875, train avg acc: 0.748750
Validation: 266, time: 7.556083, loss: 1.575023, validation acc: 0.892199, validation avg acc: 0.822384
Train: 267, time: 7.632201, loss: 1.733945, train acc: 0.831436, train avg acc: 0.746103
Validation: 267, time: 7.632201, loss: 1.577087, validation acc: 0.885157, validation avg acc: 0.810979
Train: 268, time: 7.581143, loss: 1.731394, train acc: 0.827835, train avg acc: 0.743237
Validation: 268, time: 7.581143, loss: 1.579621, validation acc: 0.890033, validation avg acc: 0.818819
Train: 269, time: 7.498342, loss: 1.734095, train acc: 0.826557, train avg acc: 0.735725
Validation: 269, time: 7.498342, loss: 1.576188, validation acc: 0.885699, validation avg acc: 0.812185
Train: 270, time: 7.726230, loss: 1.732946, train acc: 0.832365, train avg acc: 0.746150
Validation: 270, time: 7.726230, loss: 1.574491, validation acc: 0.894908, validation avg acc: 0.824548
Train: 271, time: 7.868325, loss: 1.731124, train acc: 0.830042, train avg acc: 0.741063
Validation: 271, time: 7.868325, loss: 1.577115, validation acc: 0.886241, validation avg acc: 0.809659
Train: 272, time: 7.517809, loss: 1.727062, train acc: 0.833992, train avg acc: 0.747908
Validation: 272, time: 7.517809, loss: 1.573659, validation acc: 0.888949, validation avg acc: 0.820616
Train: 273, time: 7.688909, loss: 1.734515, train acc: 0.828996, train avg acc: 0.743011
Validation: 273, time: 7.688909, loss: 1.571740, validation acc: 0.890574, validation avg acc: 0.823598
Train: 274, time: 7.609450, loss: 1.731901, train acc: 0.830739, train avg acc: 0.748614
Validation: 274, time: 7.609450, loss: 1.571783, validation acc: 0.890033, validation avg acc: 0.820169
Train: 275, time: 7.658498, loss: 1.728986, train acc: 0.831204, train avg acc: 0.746915
Validation: 275, time: 7.658498, loss: 1.572470, validation acc: 0.891116, validation avg acc: 0.816379
Train: 276, time: 7.683055, loss: 1.722741, train acc: 0.832365, train avg acc: 0.747136
Validation: 276, time: 7.683055, loss: 1.574299, validation acc: 0.886782, validation avg acc: 0.816076
Train: 277, time: 7.576629, loss: 1.727518, train acc: 0.834224, train avg acc: 0.750492
Validation: 277, time: 7.576629, loss: 1.578676, validation acc: 0.886241, validation avg acc: 0.811597
Train: 278, time: 7.468664, loss: 1.729560, train acc: 0.836547, train avg acc: 0.749837
Validation: 278, time: 7.468664, loss: 1.573406, validation acc: 0.894366, validation avg acc: 0.821923
Train: 279, time: 7.572731, loss: 1.726823, train acc: 0.833411, train avg acc: 0.745852
Validation: 279, time: 7.572731, loss: 1.568687, validation acc: 0.892199, validation avg acc: 0.830127
Train: 280, time: 7.571649, loss: 1.724048, train acc: 0.828532, train avg acc: 0.739699
Validation: 280, time: 7.571649, loss: 1.574755, validation acc: 0.887324, validation avg acc: 0.817298
Train: 281, time: 7.574624, loss: 1.723947, train acc: 0.833178, train avg acc: 0.748177
Validation: 281, time: 7.574624, loss: 1.571250, validation acc: 0.890033, validation avg acc: 0.821588
Train: 282, time: 7.589265, loss: 1.728242, train acc: 0.834456, train avg acc: 0.749284
Validation: 282, time: 7.589265, loss: 1.578228, validation acc: 0.886782, validation avg acc: 0.820245
Train: 283, time: 7.513227, loss: 1.731534, train acc: 0.828648, train avg acc: 0.740038
Validation: 283, time: 7.513227, loss: 1.573113, validation acc: 0.889491, validation avg acc: 0.820849
Train: 284, time: 7.666933, loss: 1.721061, train acc: 0.834921, train avg acc: 0.750636
Validation: 284, time: 7.666933, loss: 1.574678, validation acc: 0.890574, validation avg acc: 0.820412
Train: 285, time: 7.584478, loss: 1.728437, train acc: 0.832365, train avg acc: 0.749974
Validation: 285, time: 7.584478, loss: 1.574054, validation acc: 0.891116, validation avg acc: 0.819661
Train: 286, time: 7.512166, loss: 1.723816, train acc: 0.836547, train avg acc: 0.751153
Validation: 286, time: 7.512166, loss: 1.570744, validation acc: 0.888407, validation avg acc: 0.818368
Train: 287, time: 7.514836, loss: 1.726381, train acc: 0.835037, train avg acc: 0.750139
Validation: 287, time: 7.514836, loss: 1.568071, validation acc: 0.892199, validation avg acc: 0.821091
Train: 288, time: 7.589746, loss: 1.722743, train acc: 0.840497, train avg acc: 0.758138
Validation: 288, time: 7.589746, loss: 1.572122, validation acc: 0.893283, validation avg acc: 0.828748
Train: 289, time: 7.472022, loss: 1.730134, train acc: 0.829693, train avg acc: 0.740364
Validation: 289, time: 7.472022, loss: 1.568711, validation acc: 0.891658, validation avg acc: 0.823103
Train: 290, time: 7.578226, loss: 1.715380, train acc: 0.835967, train avg acc: 0.754308
Validation: 290, time: 7.578226, loss: 1.570865, validation acc: 0.888407, validation avg acc: 0.815973
Train: 291, time: 7.459628, loss: 1.718678, train acc: 0.837709, train avg acc: 0.755622
Validation: 291, time: 7.459628, loss: 1.572753, validation acc: 0.889491, validation avg acc: 0.820472
Train: 292, time: 7.590392, loss: 1.720417, train acc: 0.836547, train avg acc: 0.756102
Validation: 292, time: 7.590392, loss: 1.577015, validation acc: 0.888949, validation avg acc: 0.819429
Train: 293, time: 7.484095, loss: 1.721081, train acc: 0.834340, train avg acc: 0.747146
Validation: 293, time: 7.484095, loss: 1.568666, validation acc: 0.892741, validation avg acc: 0.825601
Train: 294, time: 7.491442, loss: 1.722427, train acc: 0.830739, train avg acc: 0.744189
Validation: 294, time: 7.491442, loss: 1.573833, validation acc: 0.888407, validation avg acc: 0.819742
Train: 295, time: 7.665582, loss: 1.725762, train acc: 0.834921, train avg acc: 0.750999
Validation: 295, time: 7.665582, loss: 1.571405, validation acc: 0.892741, validation avg acc: 0.818389
Train: 296, time: 7.685662, loss: 1.724412, train acc: 0.836780, train avg acc: 0.751290
Validation: 296, time: 7.685662, loss: 1.571557, validation acc: 0.890574, validation avg acc: 0.818880
Train: 297, time: 7.688833, loss: 1.718404, train acc: 0.831784, train avg acc: 0.742954
Validation: 297, time: 7.688833, loss: 1.571186, validation acc: 0.891116, validation avg acc: 0.817217
Train: 298, time: 7.560957, loss: 1.715010, train acc: 0.840033, train avg acc: 0.758004
Validation: 298, time: 7.560957, loss: 1.569833, validation acc: 0.890033, validation avg acc: 0.821612
Train: 299, time: 7.678251, loss: 1.715066, train acc: 0.838638, train avg acc: 0.750321
Validation: 299, time: 7.678251, loss: 1.569742, validation acc: 0.892199, validation avg acc: 0.824941
====================================================================
TEST:: test acc: 0.886844, test avg acc: 0.825900
