PointNet(
  (conv1): Conv1d(3, 64, kernel_size=(1,), stride=(1,), bias=False)
  (conv2): Conv1d(64, 64, kernel_size=(1,), stride=(1,), bias=False)
  (conv3): Conv1d(64, 64, kernel_size=(1,), stride=(1,), bias=False)
  (conv4): Conv1d(64, 128, kernel_size=(1,), stride=(1,), bias=False)
  (conv5): Conv1d(128, 1024, kernel_size=(1,), stride=(1,), bias=False)
  (bn1): BatchNorm1d(64, eps=1e-05, momentum=0.1, affine=True, track_running_stats=True)
  (bn2): BatchNorm1d(64, eps=1e-05, momentum=0.1, affine=True, track_running_stats=True)
  (bn3): BatchNorm1d(64, eps=1e-05, momentum=0.1, affine=True, track_running_stats=True)
  (bn4): BatchNorm1d(128, eps=1e-05, momentum=0.1, affine=True, track_running_stats=True)
  (bn5): BatchNorm1d(1024, eps=1e-05, momentum=0.1, affine=True, track_running_stats=True)
  (linear1): Linear(in_features=1024, out_features=512, bias=False)
  (bn6): BatchNorm1d(512, eps=1e-05, momentum=0.1, affine=True, track_running_stats=True)
  (dp1): Dropout(p=0.5, inplace=False)
  (linear2): Linear(in_features=512, out_features=40, bias=True)
)
Train: 0, time: 4.326304, loss: 3.464313, train acc: 0.124120, train avg acc: 0.123936
Validation: 0, time: 4.326304, loss: 3.052430, validation acc: 0.348862, validation avg acc: 0.322668
Train: 1, time: 4.488402, loss: 3.124687, train acc: 0.240757, train avg acc: 0.240727
Validation: 1, time: 4.488402, loss: 2.750755, validation acc: 0.506501, validation avg acc: 0.476747
Train: 2, time: 4.553658, loss: 2.945036, train acc: 0.319982, train avg acc: 0.320247
Validation: 2, time: 4.553658, loss: 2.493110, validation acc: 0.575298, validation avg acc: 0.505414
Train: 3, time: 4.361720, loss: 2.831199, train acc: 0.352553, train avg acc: 0.352758
Validation: 3, time: 4.361720, loss: 2.378420, validation acc: 0.605092, validation avg acc: 0.530946
Train: 4, time: 4.362446, loss: 2.734691, train acc: 0.398327, train avg acc: 0.398253
Validation: 4, time: 4.362446, loss: 2.277192, validation acc: 0.644095, validation avg acc: 0.598841
Train: 5, time: 4.382900, loss: 2.641002, train acc: 0.443222, train avg acc: 0.443490
Validation: 5, time: 4.382900, loss: 2.199654, validation acc: 0.650596, validation avg acc: 0.588785
Train: 6, time: 4.533726, loss: 2.595340, train acc: 0.468750, train avg acc: 0.468895
Validation: 6, time: 4.533726, loss: 2.134417, validation acc: 0.670639, validation avg acc: 0.627406
Train: 7, time: 4.613938, loss: 2.544309, train acc: 0.493398, train avg acc: 0.493731
Validation: 7, time: 4.613938, loss: 2.102825, validation acc: 0.690683, validation avg acc: 0.645022
Train: 8, time: 4.404240, loss: 2.501834, train acc: 0.500000, train avg acc: 0.500399
Validation: 8, time: 4.404240, loss: 2.067004, validation acc: 0.689057, validation avg acc: 0.652927
Train: 9, time: 4.396652, loss: 2.444380, train acc: 0.531250, train avg acc: 0.530928
Validation: 9, time: 4.396652, loss: 2.041984, validation acc: 0.711268, validation avg acc: 0.655561
Train: 10, time: 4.546994, loss: 2.397352, train acc: 0.560739, train avg acc: 0.561026
Validation: 10, time: 4.546994, loss: 2.001324, validation acc: 0.725894, validation avg acc: 0.664131
Train: 11, time: 4.543599, loss: 2.388880, train acc: 0.535211, train avg acc: 0.535699
Validation: 11, time: 4.543599, loss: 1.985598, validation acc: 0.731853, validation avg acc: 0.694680
Train: 12, time: 4.390490, loss: 2.381077, train acc: 0.547975, train avg acc: 0.548340
Validation: 12, time: 4.390490, loss: 1.954437, validation acc: 0.748104, validation avg acc: 0.691907
Train: 13, time: 4.428140, loss: 2.354945, train acc: 0.561180, train avg acc: 0.561011
Validation: 13, time: 4.428140, loss: 1.936742, validation acc: 0.755688, validation avg acc: 0.716676
Train: 14, time: 4.431591, loss: 2.318005, train acc: 0.588028, train avg acc: 0.588002
Validation: 14, time: 4.431591, loss: 1.933614, validation acc: 0.743770, validation avg acc: 0.706489
Train: 15, time: 4.368592, loss: 2.301447, train acc: 0.587148, train avg acc: 0.587536
Validation: 15, time: 4.368592, loss: 1.901175, validation acc: 0.774106, validation avg acc: 0.713766
Train: 16, time: 3.986120, loss: 2.288986, train acc: 0.595951, train avg acc: 0.596270
Validation: 16, time: 3.986120, loss: 1.891556, validation acc: 0.768689, validation avg acc: 0.720820
Train: 17, time: 4.090585, loss: 2.276192, train acc: 0.599472, train avg acc: 0.599396
Validation: 17, time: 4.090585, loss: 1.882692, validation acc: 0.758397, validation avg acc: 0.705855
Train: 18, time: 4.507391, loss: 2.242013, train acc: 0.606954, train avg acc: 0.607268
Validation: 18, time: 4.507391, loss: 1.937424, validation acc: 0.732394, validation avg acc: 0.703126
Train: 19, time: 4.539531, loss: 2.241730, train acc: 0.602553, train avg acc: 0.602686
Validation: 19, time: 4.539531, loss: 1.878023, validation acc: 0.772481, validation avg acc: 0.717462
Train: 20, time: 4.366513, loss: 2.245055, train acc: 0.606954, train avg acc: 0.607061
Validation: 20, time: 4.366513, loss: 1.873625, validation acc: 0.775190, validation avg acc: 0.726176
Train: 21, time: 4.278053, loss: 2.222232, train acc: 0.624560, train avg acc: 0.624781
Validation: 21, time: 4.278053, loss: 1.867964, validation acc: 0.778440, validation avg acc: 0.728696
Train: 22, time: 4.124372, loss: 2.199931, train acc: 0.628961, train avg acc: 0.629276
Validation: 22, time: 4.124372, loss: 1.856459, validation acc: 0.781690, validation avg acc: 0.743211
Train: 23, time: 4.468106, loss: 2.209649, train acc: 0.616637, train avg acc: 0.616330
Validation: 23, time: 4.468106, loss: 1.864295, validation acc: 0.783315, validation avg acc: 0.743954
Train: 24, time: 4.331665, loss: 2.193172, train acc: 0.623239, train avg acc: 0.622956
Validation: 24, time: 4.331665, loss: 1.862230, validation acc: 0.786566, validation avg acc: 0.743240
Train: 25, time: 4.324685, loss: 2.187268, train acc: 0.618398, train avg acc: 0.618398
Validation: 25, time: 4.324685, loss: 1.866779, validation acc: 0.777356, validation avg acc: 0.745059
Train: 26, time: 4.563824, loss: 2.171232, train acc: 0.634243, train avg acc: 0.634005
Validation: 26, time: 4.563824, loss: 1.833466, validation acc: 0.799567, validation avg acc: 0.755166
Train: 27, time: 4.343046, loss: 2.149412, train acc: 0.646567, train avg acc: 0.646632
Validation: 27, time: 4.343046, loss: 1.862180, validation acc: 0.774106, validation avg acc: 0.711412
Train: 28, time: 4.185571, loss: 2.157309, train acc: 0.641285, train avg acc: 0.641042
Validation: 28, time: 4.185571, loss: 1.865108, validation acc: 0.768689, validation avg acc: 0.746530
Train: 29, time: 4.318965, loss: 2.121852, train acc: 0.661972, train avg acc: 0.662208
Validation: 29, time: 4.318965, loss: 1.824248, validation acc: 0.797941, validation avg acc: 0.749731
Train: 30, time: 4.495663, loss: 2.121710, train acc: 0.658011, train avg acc: 0.658168
Validation: 30, time: 4.495663, loss: 1.810235, validation acc: 0.807151, validation avg acc: 0.759049
Train: 31, time: 4.438237, loss: 2.110177, train acc: 0.655810, train avg acc: 0.656236
Validation: 31, time: 4.438237, loss: 1.826074, validation acc: 0.791441, validation avg acc: 0.755169
Train: 32, time: 4.294955, loss: 2.106873, train acc: 0.666813, train avg acc: 0.666923
Validation: 32, time: 4.294955, loss: 1.835070, validation acc: 0.791441, validation avg acc: 0.748273
Train: 33, time: 4.445442, loss: 2.104183, train acc: 0.676056, train avg acc: 0.675744
Validation: 33, time: 4.445442, loss: 1.806197, validation acc: 0.808234, validation avg acc: 0.759479
Train: 34, time: 4.170869, loss: 2.091444, train acc: 0.672535, train avg acc: 0.672927
Validation: 34, time: 4.170869, loss: 1.812101, validation acc: 0.798483, validation avg acc: 0.761312
Train: 35, time: 4.379484, loss: 2.084866, train acc: 0.679577, train avg acc: 0.679617
Validation: 35, time: 4.379484, loss: 1.796536, validation acc: 0.822319, validation avg acc: 0.758449
Train: 36, time: 4.547136, loss: 2.080630, train acc: 0.682218, train avg acc: 0.682057
Validation: 36, time: 4.547136, loss: 1.801686, validation acc: 0.797941, validation avg acc: 0.748163
Train: 37, time: 4.216775, loss: 2.060759, train acc: 0.686620, train avg acc: 0.686458
Validation: 37, time: 4.216775, loss: 1.801930, validation acc: 0.804442, validation avg acc: 0.758636
Train: 38, time: 4.301338, loss: 2.072051, train acc: 0.689261, train avg acc: 0.689380
Validation: 38, time: 4.301338, loss: 1.786704, validation acc: 0.812026, validation avg acc: 0.765743
Train: 39, time: 4.490347, loss: 2.061790, train acc: 0.681338, train avg acc: 0.681703
Validation: 39, time: 4.490347, loss: 1.820697, validation acc: 0.803359, validation avg acc: 0.770853
Train: 40, time: 4.529206, loss: 2.057635, train acc: 0.685739, train avg acc: 0.685644
Validation: 40, time: 4.529206, loss: 1.781825, validation acc: 0.812026, validation avg acc: 0.756778
Train: 41, time: 4.198733, loss: 2.045542, train acc: 0.695863, train avg acc: 0.695453
Validation: 41, time: 4.198733, loss: 1.782538, validation acc: 0.820152, validation avg acc: 0.782699
Train: 42, time: 4.317137, loss: 2.055085, train acc: 0.699824, train avg acc: 0.699857
Validation: 42, time: 4.317137, loss: 1.814275, validation acc: 0.787649, validation avg acc: 0.768728
Train: 43, time: 4.231985, loss: 2.043369, train acc: 0.694102, train avg acc: 0.693576
Validation: 43, time: 4.231985, loss: 1.772033, validation acc: 0.820693, validation avg acc: 0.789333
Train: 44, time: 4.179707, loss: 2.044332, train acc: 0.692782, train avg acc: 0.693153
Validation: 44, time: 4.179707, loss: 1.766709, validation acc: 0.821235, validation avg acc: 0.784483
Train: 45, time: 4.213553, loss: 2.033975, train acc: 0.698504, train avg acc: 0.698324
Validation: 45, time: 4.213553, loss: 1.780662, validation acc: 0.814193, validation avg acc: 0.775312
Train: 46, time: 4.430470, loss: 2.033291, train acc: 0.702905, train avg acc: 0.702935
Validation: 46, time: 4.430470, loss: 1.777900, validation acc: 0.809859, validation avg acc: 0.770512
Train: 47, time: 4.517249, loss: 2.007471, train acc: 0.699384, train avg acc: 0.699634
Validation: 47, time: 4.517249, loss: 1.778612, validation acc: 0.806609, validation avg acc: 0.755480
Train: 48, time: 4.455496, loss: 2.007286, train acc: 0.703345, train avg acc: 0.703796
Validation: 48, time: 4.455496, loss: 1.757250, validation acc: 0.823944, validation avg acc: 0.777837
Train: 49, time: 4.357096, loss: 2.016787, train acc: 0.692782, train avg acc: 0.692701
Validation: 49, time: 4.357096, loss: 1.799020, validation acc: 0.800108, validation avg acc: 0.772866
Train: 50, time: 4.566338, loss: 2.019175, train acc: 0.700264, train avg acc: 0.700133
Validation: 50, time: 4.566338, loss: 1.761091, validation acc: 0.838570, validation avg acc: 0.789507
Train: 51, time: 4.137542, loss: 2.012146, train acc: 0.707306, train avg acc: 0.707292
Validation: 51, time: 4.137542, loss: 1.772455, validation acc: 0.809317, validation avg acc: 0.772114
Train: 52, time: 4.183606, loss: 1.987713, train acc: 0.722271, train avg acc: 0.722267
Validation: 52, time: 4.183606, loss: 1.766786, validation acc: 0.815818, validation avg acc: 0.773266
Train: 53, time: 4.491242, loss: 1.994601, train acc: 0.719190, train avg acc: 0.719228
Validation: 53, time: 4.491242, loss: 1.712510, validation acc: 0.845612, validation avg acc: 0.799051
Train: 54, time: 4.278307, loss: 1.988400, train acc: 0.722711, train avg acc: 0.722893
Validation: 54, time: 4.278307, loss: 1.752415, validation acc: 0.826111, validation avg acc: 0.792480
Train: 55, time: 4.058003, loss: 2.001512, train acc: 0.707746, train avg acc: 0.707695
Validation: 55, time: 4.058003, loss: 1.770214, validation acc: 0.822860, validation avg acc: 0.791386
Train: 56, time: 4.397374, loss: 1.976407, train acc: 0.731514, train avg acc: 0.731414
Validation: 56, time: 4.397374, loss: 1.759283, validation acc: 0.819068, validation avg acc: 0.778507
Train: 57, time: 4.302242, loss: 1.983749, train acc: 0.722271, train avg acc: 0.721479
Validation: 57, time: 4.302242, loss: 1.745799, validation acc: 0.829361, validation avg acc: 0.779487
Train: 58, time: 4.334633, loss: 1.973575, train acc: 0.731514, train avg acc: 0.731258
Validation: 58, time: 4.334633, loss: 1.755067, validation acc: 0.826652, validation avg acc: 0.783227
Train: 59, time: 4.148064, loss: 1.969795, train acc: 0.726673, train avg acc: 0.726702
Validation: 59, time: 4.148064, loss: 1.743540, validation acc: 0.834236, validation avg acc: 0.800179
Train: 60, time: 4.350842, loss: 1.976471, train acc: 0.720070, train avg acc: 0.720128
Validation: 60, time: 4.350842, loss: 1.755733, validation acc: 0.826652, validation avg acc: 0.784004
Train: 61, time: 4.408043, loss: 1.969653, train acc: 0.732835, train avg acc: 0.733171
Validation: 61, time: 4.408043, loss: 1.746458, validation acc: 0.825027, validation avg acc: 0.771238
Train: 62, time: 4.082740, loss: 1.956487, train acc: 0.728873, train avg acc: 0.728791
Validation: 62, time: 4.082740, loss: 1.742548, validation acc: 0.825027, validation avg acc: 0.785173
Train: 63, time: 4.009501, loss: 1.947825, train acc: 0.735475, train avg acc: 0.735808
Validation: 63, time: 4.009501, loss: 1.718955, validation acc: 0.840737, validation avg acc: 0.800688
Train: 64, time: 4.208571, loss: 1.961192, train acc: 0.729754, train avg acc: 0.729339
Validation: 64, time: 4.208571, loss: 1.753502, validation acc: 0.826111, validation avg acc: 0.803488
Train: 65, time: 4.163264, loss: 1.950491, train acc: 0.730194, train avg acc: 0.730496
Validation: 65, time: 4.163264, loss: 1.758623, validation acc: 0.815818, validation avg acc: 0.791339
Train: 66, time: 4.333905, loss: 1.950866, train acc: 0.734155, train avg acc: 0.734288
Validation: 66, time: 4.333905, loss: 1.741626, validation acc: 0.826652, validation avg acc: 0.798124
Train: 67, time: 4.074818, loss: 1.930552, train acc: 0.754842, train avg acc: 0.754791
Validation: 67, time: 4.074818, loss: 1.725693, validation acc: 0.835861, validation avg acc: 0.802599
Train: 68, time: 4.296643, loss: 1.944200, train acc: 0.743838, train avg acc: 0.743820
Validation: 68, time: 4.296643, loss: 1.758606, validation acc: 0.815276, validation avg acc: 0.779978
Train: 69, time: 4.219774, loss: 1.945443, train acc: 0.732394, train avg acc: 0.732576
Validation: 69, time: 4.219774, loss: 1.764092, validation acc: 0.821235, validation avg acc: 0.778426
Train: 70, time: 4.432656, loss: 1.944487, train acc: 0.743838, train avg acc: 0.743639
Validation: 70, time: 4.432656, loss: 1.728142, validation acc: 0.829902, validation avg acc: 0.793904
Train: 71, time: 4.413018, loss: 1.950056, train acc: 0.743838, train avg acc: 0.744110
Validation: 71, time: 4.413018, loss: 1.739792, validation acc: 0.841278, validation avg acc: 0.804677
Train: 72, time: 4.554184, loss: 1.947969, train acc: 0.738116, train avg acc: 0.738134
Validation: 72, time: 4.554184, loss: 1.729622, validation acc: 0.820152, validation avg acc: 0.775762
Train: 73, time: 4.645164, loss: 1.916769, train acc: 0.742077, train avg acc: 0.741799
Validation: 73, time: 4.645164, loss: 1.712018, validation acc: 0.853196, validation avg acc: 0.808692
Train: 74, time: 4.322798, loss: 1.914234, train acc: 0.751761, train avg acc: 0.751578
Validation: 74, time: 4.322798, loss: 1.714554, validation acc: 0.838028, validation avg acc: 0.790507
Train: 75, time: 4.355591, loss: 1.937009, train acc: 0.743838, train avg acc: 0.743514
Validation: 75, time: 4.355591, loss: 1.762308, validation acc: 0.817443, validation avg acc: 0.782289
Train: 76, time: 4.435028, loss: 1.905501, train acc: 0.764965, train avg acc: 0.764763
Validation: 76, time: 4.435028, loss: 1.755738, validation acc: 0.825569, validation avg acc: 0.790118
Train: 77, time: 4.373956, loss: 1.926587, train acc: 0.747799, train avg acc: 0.748073
Validation: 77, time: 4.373956, loss: 1.748243, validation acc: 0.828819, validation avg acc: 0.778226
Train: 78, time: 4.513161, loss: 1.928732, train acc: 0.746479, train avg acc: 0.746709
Validation: 78, time: 4.513161, loss: 1.721980, validation acc: 0.847237, validation avg acc: 0.806887
Train: 79, time: 4.349164, loss: 1.923782, train acc: 0.752641, train avg acc: 0.752329
Validation: 79, time: 4.349164, loss: 1.730233, validation acc: 0.823402, validation avg acc: 0.788923
Train: 80, time: 4.298254, loss: 1.914895, train acc: 0.758363, train avg acc: 0.758722
Validation: 80, time: 4.298254, loss: 1.726856, validation acc: 0.837486, validation avg acc: 0.805598
Train: 81, time: 4.229502, loss: 1.925707, train acc: 0.744278, train avg acc: 0.744384
Validation: 81, time: 4.229502, loss: 1.726024, validation acc: 0.836945, validation avg acc: 0.797892
Train: 82, time: 4.402726, loss: 1.904341, train acc: 0.757042, train avg acc: 0.756763
Validation: 82, time: 4.402726, loss: 1.712191, validation acc: 0.833694, validation avg acc: 0.802631
Train: 83, time: 4.278677, loss: 1.905175, train acc: 0.761004, train avg acc: 0.761067
Validation: 83, time: 4.278677, loss: 1.705228, validation acc: 0.838028, validation avg acc: 0.802991
Train: 84, time: 4.378453, loss: 1.903933, train acc: 0.755282, train avg acc: 0.755083
Validation: 84, time: 4.378453, loss: 1.708470, validation acc: 0.841278, validation avg acc: 0.786207
Train: 85, time: 4.216126, loss: 1.908130, train acc: 0.755282, train avg acc: 0.755255
Validation: 85, time: 4.216126, loss: 1.753111, validation acc: 0.816360, validation avg acc: 0.777987
Train: 86, time: 4.273459, loss: 1.908745, train acc: 0.758363, train avg acc: 0.758516
Validation: 86, time: 4.273459, loss: 1.723916, validation acc: 0.827194, validation avg acc: 0.778650
Train: 87, time: 4.118100, loss: 1.907651, train acc: 0.752201, train avg acc: 0.752076
Validation: 87, time: 4.118100, loss: 1.688212, validation acc: 0.854821, validation avg acc: 0.811953
Train: 88, time: 4.182281, loss: 1.875777, train acc: 0.762764, train avg acc: 0.762773
Validation: 88, time: 4.182281, loss: 1.694818, validation acc: 0.841820, validation avg acc: 0.794005
Train: 89, time: 4.246366, loss: 1.893258, train acc: 0.750440, train avg acc: 0.750270
Validation: 89, time: 4.246366, loss: 1.730151, validation acc: 0.835320, validation avg acc: 0.785185
Train: 90, time: 4.457484, loss: 1.887907, train acc: 0.759243, train avg acc: 0.759555
Validation: 90, time: 4.457484, loss: 1.713293, validation acc: 0.839112, validation avg acc: 0.795514
Train: 91, time: 4.328251, loss: 1.905280, train acc: 0.757042, train avg acc: 0.756978
Validation: 91, time: 4.328251, loss: 1.736017, validation acc: 0.828819, validation avg acc: 0.793997
Train: 92, time: 4.384091, loss: 1.902037, train acc: 0.763204, train avg acc: 0.763086
Validation: 92, time: 4.384091, loss: 1.719264, validation acc: 0.835861, validation avg acc: 0.804929
Train: 93, time: 4.301800, loss: 1.892274, train acc: 0.759683, train avg acc: 0.759638
Validation: 93, time: 4.301800, loss: 1.716618, validation acc: 0.833694, validation avg acc: 0.802130
Train: 94, time: 4.062874, loss: 1.883368, train acc: 0.770246, train avg acc: 0.770540
Validation: 94, time: 4.062874, loss: 1.719183, validation acc: 0.826111, validation avg acc: 0.792588
Train: 95, time: 4.292724, loss: 1.880920, train acc: 0.774208, train avg acc: 0.773867
Validation: 95, time: 4.292724, loss: 1.708448, validation acc: 0.830444, validation avg acc: 0.786270
Train: 96, time: 4.168553, loss: 1.885721, train acc: 0.772007, train avg acc: 0.771955
Validation: 96, time: 4.168553, loss: 1.718776, validation acc: 0.829361, validation avg acc: 0.787666
Train: 97, time: 4.278554, loss: 1.868656, train acc: 0.778169, train avg acc: 0.778047
Validation: 97, time: 4.278554, loss: 1.721944, validation acc: 0.841278, validation avg acc: 0.806624
Train: 98, time: 4.175928, loss: 1.876474, train acc: 0.763204, train avg acc: 0.763423
Validation: 98, time: 4.175928, loss: 1.713371, validation acc: 0.842904, validation avg acc: 0.815593
Train: 99, time: 4.297734, loss: 1.883091, train acc: 0.767165, train avg acc: 0.766988
Validation: 99, time: 4.297734, loss: 1.728241, validation acc: 0.845612, validation avg acc: 0.804449
Train: 100, time: 4.424072, loss: 1.872872, train acc: 0.767606, train avg acc: 0.767818
Validation: 100, time: 4.424072, loss: 1.719070, validation acc: 0.830986, validation avg acc: 0.794130
Train: 101, time: 4.415350, loss: 1.865969, train acc: 0.777289, train avg acc: 0.777232
Validation: 101, time: 4.415350, loss: 1.726531, validation acc: 0.835320, validation avg acc: 0.804005
Train: 102, time: 4.300624, loss: 1.884349, train acc: 0.751320, train avg acc: 0.750988
Validation: 102, time: 4.300624, loss: 1.703193, validation acc: 0.839112, validation avg acc: 0.802525
Train: 103, time: 4.441347, loss: 1.873624, train acc: 0.769806, train avg acc: 0.769862
Validation: 103, time: 4.441347, loss: 1.699226, validation acc: 0.847237, validation avg acc: 0.810242
Train: 104, time: 4.040132, loss: 1.877173, train acc: 0.775528, train avg acc: 0.775564
Validation: 104, time: 4.040132, loss: 1.685396, validation acc: 0.849404, validation avg acc: 0.799416
Train: 105, time: 4.166000, loss: 1.876875, train acc: 0.759683, train avg acc: 0.759563
Validation: 105, time: 4.166000, loss: 1.691277, validation acc: 0.846696, validation avg acc: 0.809057
Train: 106, time: 4.367210, loss: 1.855763, train acc: 0.775528, train avg acc: 0.775587
Validation: 106, time: 4.367210, loss: 1.685055, validation acc: 0.842904, validation avg acc: 0.796073
Train: 107, time: 4.272555, loss: 1.880104, train acc: 0.768046, train avg acc: 0.768037
Validation: 107, time: 4.272555, loss: 1.690261, validation acc: 0.842362, validation avg acc: 0.800414
Train: 108, time: 4.336627, loss: 1.855124, train acc: 0.786532, train avg acc: 0.786087
Validation: 108, time: 4.336627, loss: 1.704900, validation acc: 0.836945, validation avg acc: 0.796501
Train: 109, time: 4.177280, loss: 1.852096, train acc: 0.777729, train avg acc: 0.777722
Validation: 109, time: 4.177280, loss: 1.705772, validation acc: 0.833153, validation avg acc: 0.791030
Train: 110, time: 4.259835, loss: 1.861777, train acc: 0.776408, train avg acc: 0.776198
Validation: 110, time: 4.259835, loss: 1.718198, validation acc: 0.827736, validation avg acc: 0.791244
Train: 111, time: 4.395895, loss: 1.842372, train acc: 0.787852, train avg acc: 0.787821
Validation: 111, time: 4.395895, loss: 1.679524, validation acc: 0.847779, validation avg acc: 0.811340
Train: 112, time: 4.546981, loss: 1.857037, train acc: 0.789613, train avg acc: 0.789529
Validation: 112, time: 4.546981, loss: 1.705080, validation acc: 0.848862, validation avg acc: 0.806230
Train: 113, time: 4.202616, loss: 1.864481, train acc: 0.769366, train avg acc: 0.769555
Validation: 113, time: 4.202616, loss: 1.702775, validation acc: 0.839653, validation avg acc: 0.807583
Train: 114, time: 4.446166, loss: 1.864246, train acc: 0.772887, train avg acc: 0.772846
Validation: 114, time: 4.446166, loss: 1.702523, validation acc: 0.846696, validation avg acc: 0.804217
Train: 115, time: 4.454786, loss: 1.849546, train acc: 0.772887, train avg acc: 0.772893
Validation: 115, time: 4.454786, loss: 1.731915, validation acc: 0.840195, validation avg acc: 0.801037
Train: 116, time: 4.368814, loss: 1.840084, train acc: 0.787852, train avg acc: 0.788165
Validation: 116, time: 4.368814, loss: 1.679558, validation acc: 0.852654, validation avg acc: 0.814514
Train: 117, time: 4.269191, loss: 1.863461, train acc: 0.775528, train avg acc: 0.775414
Validation: 117, time: 4.269191, loss: 1.678914, validation acc: 0.847779, validation avg acc: 0.809516
Train: 118, time: 4.263714, loss: 1.847341, train acc: 0.786532, train avg acc: 0.786779
Validation: 118, time: 4.263714, loss: 1.702956, validation acc: 0.836403, validation avg acc: 0.802438
Train: 119, time: 4.379035, loss: 1.854888, train acc: 0.773768, train avg acc: 0.774159
Validation: 119, time: 4.379035, loss: 1.681033, validation acc: 0.855363, validation avg acc: 0.806269
Train: 120, time: 4.460597, loss: 1.841723, train acc: 0.779489, train avg acc: 0.779386
Validation: 120, time: 4.460597, loss: 1.695950, validation acc: 0.842362, validation avg acc: 0.810245
Train: 121, time: 4.126659, loss: 1.844146, train acc: 0.786972, train avg acc: 0.786925
Validation: 121, time: 4.126659, loss: 1.670748, validation acc: 0.855905, validation avg acc: 0.820426
Train: 122, time: 4.471616, loss: 1.854458, train acc: 0.790493, train avg acc: 0.790562
Validation: 122, time: 4.471616, loss: 1.750946, validation acc: 0.821777, validation avg acc: 0.784325
Train: 123, time: 4.381845, loss: 1.852228, train acc: 0.780370, train avg acc: 0.780498
Validation: 123, time: 4.381845, loss: 1.690043, validation acc: 0.846154, validation avg acc: 0.790556
Train: 124, time: 4.252280, loss: 1.849765, train acc: 0.777289, train avg acc: 0.777263
Validation: 124, time: 4.252280, loss: 1.670814, validation acc: 0.848862, validation avg acc: 0.808489
Train: 125, time: 4.395976, loss: 1.831794, train acc: 0.791813, train avg acc: 0.791721
Validation: 125, time: 4.395976, loss: 1.686256, validation acc: 0.848321, validation avg acc: 0.810048
Train: 126, time: 4.357173, loss: 1.827312, train acc: 0.782130, train avg acc: 0.781669
Validation: 126, time: 4.357173, loss: 1.694761, validation acc: 0.846154, validation avg acc: 0.817173
Train: 127, time: 4.318004, loss: 1.834112, train acc: 0.792694, train avg acc: 0.792451
Validation: 127, time: 4.318004, loss: 1.670619, validation acc: 0.852113, validation avg acc: 0.801525
Train: 128, time: 4.442908, loss: 1.826658, train acc: 0.791373, train avg acc: 0.791222
Validation: 128, time: 4.442908, loss: 1.680994, validation acc: 0.846154, validation avg acc: 0.802027
Train: 129, time: 4.095578, loss: 1.838356, train acc: 0.787412, train avg acc: 0.787615
Validation: 129, time: 4.095578, loss: 1.684503, validation acc: 0.847779, validation avg acc: 0.807447
Train: 130, time: 4.270947, loss: 1.826101, train acc: 0.792694, train avg acc: 0.792630
Validation: 130, time: 4.270947, loss: 1.669837, validation acc: 0.857530, validation avg acc: 0.818531
Train: 131, time: 4.413098, loss: 1.837485, train acc: 0.793574, train avg acc: 0.793616
Validation: 131, time: 4.413098, loss: 1.703840, validation acc: 0.841820, validation avg acc: 0.806563
Train: 132, time: 4.287687, loss: 1.835810, train acc: 0.789613, train avg acc: 0.789464
Validation: 132, time: 4.287687, loss: 1.689996, validation acc: 0.851571, validation avg acc: 0.813406
Train: 133, time: 4.332041, loss: 1.828300, train acc: 0.786532, train avg acc: 0.786535
Validation: 133, time: 4.332041, loss: 1.690909, validation acc: 0.845612, validation avg acc: 0.794461
Train: 134, time: 4.073862, loss: 1.833644, train acc: 0.785211, train avg acc: 0.784930
Validation: 134, time: 4.073862, loss: 1.683513, validation acc: 0.850488, validation avg acc: 0.807399
Train: 135, time: 4.186511, loss: 1.835561, train acc: 0.787852, train avg acc: 0.788016
Validation: 135, time: 4.186511, loss: 1.685422, validation acc: 0.841820, validation avg acc: 0.810814
Train: 136, time: 4.400379, loss: 1.828948, train acc: 0.789613, train avg acc: 0.789427
Validation: 136, time: 4.400379, loss: 1.686958, validation acc: 0.853738, validation avg acc: 0.808311
Train: 137, time: 4.173137, loss: 1.826293, train acc: 0.793574, train avg acc: 0.793253
Validation: 137, time: 4.173137, loss: 1.676094, validation acc: 0.853738, validation avg acc: 0.823792
Train: 138, time: 4.221140, loss: 1.832951, train acc: 0.797975, train avg acc: 0.797681
Validation: 138, time: 4.221140, loss: 1.700451, validation acc: 0.845612, validation avg acc: 0.810482
Train: 139, time: 4.262632, loss: 1.824479, train acc: 0.793574, train avg acc: 0.793805
Validation: 139, time: 4.262632, loss: 1.666782, validation acc: 0.858072, validation avg acc: 0.819179
Train: 140, time: 4.486315, loss: 1.823137, train acc: 0.792254, train avg acc: 0.792223
Validation: 140, time: 4.486315, loss: 1.684808, validation acc: 0.851571, validation avg acc: 0.815903
Train: 141, time: 4.434177, loss: 1.822543, train acc: 0.800176, train avg acc: 0.800313
Validation: 141, time: 4.434177, loss: 1.687322, validation acc: 0.846154, validation avg acc: 0.816314
Train: 142, time: 4.199540, loss: 1.818987, train acc: 0.793574, train avg acc: 0.793542
Validation: 142, time: 4.199540, loss: 1.678130, validation acc: 0.842904, validation avg acc: 0.808847
Train: 143, time: 4.261804, loss: 1.817123, train acc: 0.786972, train avg acc: 0.786999
Validation: 143, time: 4.261804, loss: 1.680244, validation acc: 0.849946, validation avg acc: 0.806973
Train: 144, time: 4.251543, loss: 1.820370, train acc: 0.792694, train avg acc: 0.792905
Validation: 144, time: 4.251543, loss: 1.691182, validation acc: 0.846154, validation avg acc: 0.814391
Train: 145, time: 4.412726, loss: 1.808469, train acc: 0.794014, train avg acc: 0.794055
Validation: 145, time: 4.412726, loss: 1.686344, validation acc: 0.846696, validation avg acc: 0.804767
Train: 146, time: 4.462133, loss: 1.805739, train acc: 0.804137, train avg acc: 0.804335
Validation: 146, time: 4.462133, loss: 1.678845, validation acc: 0.854821, validation avg acc: 0.813876
Train: 147, time: 4.261498, loss: 1.812345, train acc: 0.793574, train avg acc: 0.793284
Validation: 147, time: 4.261498, loss: 1.662861, validation acc: 0.853738, validation avg acc: 0.811935
Train: 148, time: 4.315618, loss: 1.807327, train acc: 0.803257, train avg acc: 0.802949
Validation: 148, time: 4.315618, loss: 1.663082, validation acc: 0.857530, validation avg acc: 0.817493
Train: 149, time: 4.296782, loss: 1.810640, train acc: 0.802817, train avg acc: 0.803061
Validation: 149, time: 4.296782, loss: 1.697063, validation acc: 0.842362, validation avg acc: 0.805765
Train: 150, time: 4.317061, loss: 1.809742, train acc: 0.800616, train avg acc: 0.800862
Validation: 150, time: 4.317061, loss: 1.685065, validation acc: 0.852654, validation avg acc: 0.818803
Train: 151, time: 4.321691, loss: 1.799583, train acc: 0.800616, train avg acc: 0.800812
Validation: 151, time: 4.321691, loss: 1.683657, validation acc: 0.842362, validation avg acc: 0.805495
Train: 152, time: 4.214050, loss: 1.812275, train acc: 0.790933, train avg acc: 0.790805
Validation: 152, time: 4.214050, loss: 1.674000, validation acc: 0.859155, validation avg acc: 0.829033
Train: 153, time: 4.471637, loss: 1.790064, train acc: 0.815141, train avg acc: 0.815402
Validation: 153, time: 4.471637, loss: 1.674260, validation acc: 0.843987, validation avg acc: 0.814643
Train: 154, time: 4.438968, loss: 1.802357, train acc: 0.803697, train avg acc: 0.803642
Validation: 154, time: 4.438968, loss: 1.659777, validation acc: 0.851029, validation avg acc: 0.823802
Train: 155, time: 4.473623, loss: 1.795181, train acc: 0.806778, train avg acc: 0.806861
Validation: 155, time: 4.473623, loss: 1.681915, validation acc: 0.849404, validation avg acc: 0.817196
Train: 156, time: 4.543108, loss: 1.794002, train acc: 0.811180, train avg acc: 0.811161
Validation: 156, time: 4.543108, loss: 1.687424, validation acc: 0.844529, validation avg acc: 0.817489
Train: 157, time: 4.564429, loss: 1.800615, train acc: 0.798415, train avg acc: 0.798199
Validation: 157, time: 4.564429, loss: 1.671648, validation acc: 0.852654, validation avg acc: 0.811342
Train: 158, time: 4.576961, loss: 1.807509, train acc: 0.797095, train avg acc: 0.797173
Validation: 158, time: 4.576961, loss: 1.674075, validation acc: 0.846154, validation avg acc: 0.807488
Train: 159, time: 4.198270, loss: 1.797206, train acc: 0.801937, train avg acc: 0.801762
Validation: 159, time: 4.198270, loss: 1.669970, validation acc: 0.856988, validation avg acc: 0.828304
Train: 160, time: 4.500452, loss: 1.795818, train acc: 0.806778, train avg acc: 0.806764
Validation: 160, time: 4.500452, loss: 1.678127, validation acc: 0.851029, validation avg acc: 0.811568
Train: 161, time: 4.128884, loss: 1.804325, train acc: 0.791813, train avg acc: 0.791800
Validation: 161, time: 4.128884, loss: 1.689779, validation acc: 0.839112, validation avg acc: 0.804957
Train: 162, time: 4.277380, loss: 1.805838, train acc: 0.805458, train avg acc: 0.805381
Validation: 162, time: 4.277380, loss: 1.676142, validation acc: 0.849404, validation avg acc: 0.826142
Train: 163, time: 4.181076, loss: 1.803401, train acc: 0.793574, train avg acc: 0.793452
Validation: 163, time: 4.181076, loss: 1.684572, validation acc: 0.841278, validation avg acc: 0.818449
Train: 164, time: 4.387598, loss: 1.793946, train acc: 0.807658, train avg acc: 0.807487
Validation: 164, time: 4.387598, loss: 1.654077, validation acc: 0.860238, validation avg acc: 0.809526
Train: 165, time: 4.204940, loss: 1.779884, train acc: 0.818662, train avg acc: 0.818897
Validation: 165, time: 4.204940, loss: 1.677418, validation acc: 0.843445, validation avg acc: 0.817306
Train: 166, time: 4.185991, loss: 1.785162, train acc: 0.810299, train avg acc: 0.810448
Validation: 166, time: 4.185991, loss: 1.653265, validation acc: 0.858072, validation avg acc: 0.823606
Train: 167, time: 4.251516, loss: 1.795382, train acc: 0.803257, train avg acc: 0.803500
Validation: 167, time: 4.251516, loss: 1.674137, validation acc: 0.846154, validation avg acc: 0.819892
Train: 168, time: 4.195263, loss: 1.786708, train acc: 0.808539, train avg acc: 0.808451
Validation: 168, time: 4.195263, loss: 1.654572, validation acc: 0.854821, validation avg acc: 0.824853
Train: 169, time: 4.497794, loss: 1.789101, train acc: 0.806338, train avg acc: 0.806375
Validation: 169, time: 4.497794, loss: 1.693124, validation acc: 0.845612, validation avg acc: 0.813590
Train: 170, time: 4.197050, loss: 1.790251, train acc: 0.813380, train avg acc: 0.813603
Validation: 170, time: 4.197050, loss: 1.708604, validation acc: 0.841278, validation avg acc: 0.790155
Train: 171, time: 4.262526, loss: 1.780039, train acc: 0.816461, train avg acc: 0.816249
Validation: 171, time: 4.262526, loss: 1.668701, validation acc: 0.846696, validation avg acc: 0.799932
Train: 172, time: 4.464674, loss: 1.804557, train acc: 0.797975, train avg acc: 0.797690
Validation: 172, time: 4.464674, loss: 1.690166, validation acc: 0.847237, validation avg acc: 0.810596
Train: 173, time: 4.154856, loss: 1.779039, train acc: 0.812940, train avg acc: 0.812929
Validation: 173, time: 4.154856, loss: 1.646111, validation acc: 0.858072, validation avg acc: 0.827391
Train: 174, time: 4.231709, loss: 1.797655, train acc: 0.811180, train avg acc: 0.811174
Validation: 174, time: 4.231709, loss: 1.664349, validation acc: 0.853196, validation avg acc: 0.809058
Train: 175, time: 4.301239, loss: 1.786448, train acc: 0.804577, train avg acc: 0.804658
Validation: 175, time: 4.301239, loss: 1.664028, validation acc: 0.860238, validation avg acc: 0.815104
Train: 176, time: 4.735624, loss: 1.758052, train acc: 0.833187, train avg acc: 0.833200
Validation: 176, time: 4.735624, loss: 1.678940, validation acc: 0.848321, validation avg acc: 0.812574
Train: 177, time: 4.268451, loss: 1.790994, train acc: 0.808099, train avg acc: 0.808230
Validation: 177, time: 4.268451, loss: 1.660104, validation acc: 0.847779, validation avg acc: 0.805572
Train: 178, time: 4.287410, loss: 1.780717, train acc: 0.813380, train avg acc: 0.813572
Validation: 178, time: 4.287410, loss: 1.665203, validation acc: 0.859697, validation avg acc: 0.832581
Train: 179, time: 4.404992, loss: 1.780655, train acc: 0.812060, train avg acc: 0.812081
Validation: 179, time: 4.404992, loss: 1.690036, validation acc: 0.847237, validation avg acc: 0.826763
Train: 180, time: 4.389998, loss: 1.775865, train acc: 0.808099, train avg acc: 0.808027
Validation: 180, time: 4.389998, loss: 1.705319, validation acc: 0.835861, validation avg acc: 0.811059
Train: 181, time: 4.255258, loss: 1.779652, train acc: 0.812060, train avg acc: 0.812077
Validation: 181, time: 4.255258, loss: 1.706644, validation acc: 0.836945, validation avg acc: 0.801346
Train: 182, time: 4.234527, loss: 1.777651, train acc: 0.807658, train avg acc: 0.807574
Validation: 182, time: 4.234527, loss: 1.681520, validation acc: 0.850488, validation avg acc: 0.812452
Train: 183, time: 4.286432, loss: 1.771611, train acc: 0.812940, train avg acc: 0.812959
Validation: 183, time: 4.286432, loss: 1.648314, validation acc: 0.864572, validation avg acc: 0.824707
Train: 184, time: 4.296975, loss: 1.777523, train acc: 0.808099, train avg acc: 0.808145
Validation: 184, time: 4.296975, loss: 1.693852, validation acc: 0.838028, validation avg acc: 0.800896
Train: 185, time: 4.491716, loss: 1.779485, train acc: 0.812060, train avg acc: 0.811816
Validation: 185, time: 4.491716, loss: 1.675063, validation acc: 0.847237, validation avg acc: 0.817499
Train: 186, time: 4.378962, loss: 1.787142, train acc: 0.814261, train avg acc: 0.814567
Validation: 186, time: 4.378962, loss: 1.692458, validation acc: 0.846696, validation avg acc: 0.814511
Train: 187, time: 4.670479, loss: 1.779193, train acc: 0.816021, train avg acc: 0.816273
Validation: 187, time: 4.670479, loss: 1.665686, validation acc: 0.854280, validation avg acc: 0.830112
Train: 188, time: 4.402695, loss: 1.771333, train acc: 0.812060, train avg acc: 0.811928
Validation: 188, time: 4.402695, loss: 1.641157, validation acc: 0.868906, validation avg acc: 0.826206
Train: 189, time: 4.398185, loss: 1.770649, train acc: 0.814261, train avg acc: 0.814207
Validation: 189, time: 4.398185, loss: 1.665659, validation acc: 0.855905, validation avg acc: 0.828766
Train: 190, time: 4.174425, loss: 1.780763, train acc: 0.809419, train avg acc: 0.809123
Validation: 190, time: 4.174425, loss: 1.685306, validation acc: 0.843445, validation avg acc: 0.805797
Train: 191, time: 4.482810, loss: 1.759918, train acc: 0.828785, train avg acc: 0.828485
Validation: 191, time: 4.482810, loss: 1.685766, validation acc: 0.836403, validation avg acc: 0.779747
Train: 192, time: 4.264800, loss: 1.770892, train acc: 0.816901, train avg acc: 0.816862
Validation: 192, time: 4.264800, loss: 1.695810, validation acc: 0.836945, validation avg acc: 0.813011
Train: 193, time: 4.202754, loss: 1.768360, train acc: 0.811620, train avg acc: 0.811310
Validation: 193, time: 4.202754, loss: 1.648200, validation acc: 0.860780, validation avg acc: 0.825489
Train: 194, time: 4.199431, loss: 1.767148, train acc: 0.816461, train avg acc: 0.816737
Validation: 194, time: 4.199431, loss: 1.645285, validation acc: 0.860238, validation avg acc: 0.819138
Train: 195, time: 4.551847, loss: 1.766908, train acc: 0.819982, train avg acc: 0.819844
Validation: 195, time: 4.551847, loss: 1.685282, validation acc: 0.848862, validation avg acc: 0.825954
Train: 196, time: 4.472951, loss: 1.768255, train acc: 0.823063, train avg acc: 0.823073
Validation: 196, time: 4.472951, loss: 1.661602, validation acc: 0.851029, validation avg acc: 0.814265
Train: 197, time: 4.416891, loss: 1.774665, train acc: 0.813820, train avg acc: 0.813932
Validation: 197, time: 4.416891, loss: 1.652543, validation acc: 0.868906, validation avg acc: 0.841212
Train: 198, time: 4.057170, loss: 1.762559, train acc: 0.817782, train avg acc: 0.817694
Validation: 198, time: 4.057170, loss: 1.683038, validation acc: 0.837486, validation avg acc: 0.812989
Train: 199, time: 4.293802, loss: 1.775005, train acc: 0.818222, train avg acc: 0.818339
Validation: 199, time: 4.293802, loss: 1.678158, validation acc: 0.838570, validation avg acc: 0.806665
Train: 200, time: 4.442531, loss: 1.764974, train acc: 0.826144, train avg acc: 0.825932
Validation: 200, time: 4.442531, loss: 1.673160, validation acc: 0.854821, validation avg acc: 0.816076
Train: 201, time: 4.175828, loss: 1.761653, train acc: 0.820423, train avg acc: 0.820470
Validation: 201, time: 4.175828, loss: 1.660791, validation acc: 0.846696, validation avg acc: 0.818090
Train: 202, time: 4.424068, loss: 1.773622, train acc: 0.813820, train avg acc: 0.813957
Validation: 202, time: 4.424068, loss: 1.644285, validation acc: 0.860780, validation avg acc: 0.830186
Train: 203, time: 4.434937, loss: 1.742740, train acc: 0.831866, train avg acc: 0.831516
Validation: 203, time: 4.434937, loss: 1.632842, validation acc: 0.869989, validation avg acc: 0.827352
Train: 204, time: 4.409738, loss: 1.764042, train acc: 0.812940, train avg acc: 0.813033
Validation: 204, time: 4.409738, loss: 1.645583, validation acc: 0.867281, validation avg acc: 0.829369
Train: 205, time: 4.247880, loss: 1.759766, train acc: 0.830986, train avg acc: 0.830883
Validation: 205, time: 4.247880, loss: 1.680825, validation acc: 0.843445, validation avg acc: 0.809463
Train: 206, time: 4.091580, loss: 1.768462, train acc: 0.813820, train avg acc: 0.814035
Validation: 206, time: 4.091580, loss: 1.654421, validation acc: 0.855363, validation avg acc: 0.820683
Train: 207, time: 4.519520, loss: 1.772740, train acc: 0.822183, train avg acc: 0.822454
Validation: 207, time: 4.519520, loss: 1.665635, validation acc: 0.846696, validation avg acc: 0.815245
Train: 208, time: 4.569658, loss: 1.773323, train acc: 0.815581, train avg acc: 0.815742
Validation: 208, time: 4.569658, loss: 1.642518, validation acc: 0.870531, validation avg acc: 0.824473
Train: 209, time: 4.259716, loss: 1.751349, train acc: 0.827905, train avg acc: 0.827981
Validation: 209, time: 4.259716, loss: 1.642623, validation acc: 0.860780, validation avg acc: 0.830699
Train: 210, time: 4.284592, loss: 1.754118, train acc: 0.824824, train avg acc: 0.824906
Validation: 210, time: 4.284592, loss: 1.640271, validation acc: 0.868906, validation avg acc: 0.830045
Train: 211, time: 4.531762, loss: 1.774136, train acc: 0.816901, train avg acc: 0.817001
Validation: 211, time: 4.531762, loss: 1.634026, validation acc: 0.862405, validation avg acc: 0.824253
Train: 212, time: 4.448466, loss: 1.768845, train acc: 0.813380, train avg acc: 0.813690
Validation: 212, time: 4.448466, loss: 1.643285, validation acc: 0.854821, validation avg acc: 0.817597
Train: 213, time: 4.403571, loss: 1.757406, train acc: 0.817342, train avg acc: 0.817386
Validation: 213, time: 4.403571, loss: 1.649568, validation acc: 0.849404, validation avg acc: 0.819585
Train: 214, time: 4.370702, loss: 1.760988, train acc: 0.817342, train avg acc: 0.817207
Validation: 214, time: 4.370702, loss: 1.682540, validation acc: 0.842904, validation avg acc: 0.807918
Train: 215, time: 4.207833, loss: 1.761855, train acc: 0.818222, train avg acc: 0.818277
Validation: 215, time: 4.207833, loss: 1.679056, validation acc: 0.837486, validation avg acc: 0.813523
Train: 216, time: 4.128518, loss: 1.757989, train acc: 0.819982, train avg acc: 0.820003
Validation: 216, time: 4.128518, loss: 1.680258, validation acc: 0.846696, validation avg acc: 0.814540
Train: 217, time: 4.174608, loss: 1.752103, train acc: 0.829225, train avg acc: 0.829303
Validation: 217, time: 4.174608, loss: 1.656206, validation acc: 0.858072, validation avg acc: 0.827620
Train: 218, time: 4.186489, loss: 1.755526, train acc: 0.823504, train avg acc: 0.823441
Validation: 218, time: 4.186489, loss: 1.636564, validation acc: 0.859155, validation avg acc: 0.825307
Train: 219, time: 4.355618, loss: 1.749358, train acc: 0.827025, train avg acc: 0.827005
Validation: 219, time: 4.355618, loss: 1.669375, validation acc: 0.845070, validation avg acc: 0.816920
Train: 220, time: 4.144920, loss: 1.746555, train acc: 0.826144, train avg acc: 0.826351
Validation: 220, time: 4.144920, loss: 1.650654, validation acc: 0.857530, validation avg acc: 0.822372
Train: 221, time: 4.233042, loss: 1.745852, train acc: 0.816021, train avg acc: 0.815873
Validation: 221, time: 4.233042, loss: 1.677586, validation acc: 0.851571, validation avg acc: 0.811692
Train: 222, time: 3.972640, loss: 1.752042, train acc: 0.824824, train avg acc: 0.824851
Validation: 222, time: 3.972640, loss: 1.667735, validation acc: 0.854280, validation avg acc: 0.816755
Train: 223, time: 4.200480, loss: 1.745209, train acc: 0.826585, train avg acc: 0.826324
Validation: 223, time: 4.200480, loss: 1.641733, validation acc: 0.860780, validation avg acc: 0.815741
Train: 224, time: 4.479456, loss: 1.760233, train acc: 0.820423, train avg acc: 0.820303
Validation: 224, time: 4.479456, loss: 1.642450, validation acc: 0.855905, validation avg acc: 0.819613
Train: 225, time: 4.423198, loss: 1.739999, train acc: 0.827025, train avg acc: 0.826777
Validation: 225, time: 4.423198, loss: 1.668637, validation acc: 0.854821, validation avg acc: 0.820356
Train: 226, time: 4.342101, loss: 1.740115, train acc: 0.831866, train avg acc: 0.831877
Validation: 226, time: 4.342101, loss: 1.635204, validation acc: 0.867822, validation avg acc: 0.829477
Train: 227, time: 4.580895, loss: 1.745148, train acc: 0.823063, train avg acc: 0.823089
Validation: 227, time: 4.580895, loss: 1.669086, validation acc: 0.852654, validation avg acc: 0.820503
Train: 228, time: 4.364970, loss: 1.740881, train acc: 0.830546, train avg acc: 0.830326
Validation: 228, time: 4.364970, loss: 1.635462, validation acc: 0.860780, validation avg acc: 0.826130
Train: 229, time: 4.375426, loss: 1.752173, train acc: 0.826585, train avg acc: 0.826729
Validation: 229, time: 4.375426, loss: 1.653701, validation acc: 0.848862, validation avg acc: 0.822837
Train: 230, time: 4.423885, loss: 1.766116, train acc: 0.822183, train avg acc: 0.822556
Validation: 230, time: 4.423885, loss: 1.686552, validation acc: 0.841278, validation avg acc: 0.815038
Train: 231, time: 4.393886, loss: 1.746644, train acc: 0.823504, train avg acc: 0.823660
Validation: 231, time: 4.393886, loss: 1.646872, validation acc: 0.858072, validation avg acc: 0.816758
Train: 232, time: 4.360886, loss: 1.753226, train acc: 0.819542, train avg acc: 0.819643
Validation: 232, time: 4.360886, loss: 1.630248, validation acc: 0.867822, validation avg acc: 0.823149
Train: 233, time: 4.435479, loss: 1.732465, train acc: 0.838468, train avg acc: 0.838375
Validation: 233, time: 4.435479, loss: 1.634860, validation acc: 0.868364, validation avg acc: 0.836005
Train: 234, time: 4.441245, loss: 1.747487, train acc: 0.825704, train avg acc: 0.826002
Validation: 234, time: 4.441245, loss: 1.675275, validation acc: 0.848862, validation avg acc: 0.813422
Train: 235, time: 4.422589, loss: 1.742280, train acc: 0.833187, train avg acc: 0.833097
Validation: 235, time: 4.422589, loss: 1.617082, validation acc: 0.874865, validation avg acc: 0.834946
Train: 236, time: 4.165401, loss: 1.733981, train acc: 0.834507, train avg acc: 0.834622
Validation: 236, time: 4.165401, loss: 1.630501, validation acc: 0.872698, validation avg acc: 0.839254
Train: 237, time: 4.557729, loss: 1.751527, train acc: 0.823063, train avg acc: 0.823011
Validation: 237, time: 4.557729, loss: 1.643854, validation acc: 0.861322, validation avg acc: 0.825310
Train: 238, time: 4.421889, loss: 1.723346, train acc: 0.832746, train avg acc: 0.832769
Validation: 238, time: 4.421889, loss: 1.651698, validation acc: 0.858613, validation avg acc: 0.827161
Train: 239, time: 4.362191, loss: 1.742348, train acc: 0.830546, train avg acc: 0.830599
Validation: 239, time: 4.362191, loss: 1.623770, validation acc: 0.869989, validation avg acc: 0.837074
Train: 240, time: 4.429245, loss: 1.737242, train acc: 0.831866, train avg acc: 0.831605
Validation: 240, time: 4.429245, loss: 1.697488, validation acc: 0.848321, validation avg acc: 0.821661
Train: 241, time: 4.332848, loss: 1.733108, train acc: 0.834947, train avg acc: 0.834870
Validation: 241, time: 4.332848, loss: 1.659768, validation acc: 0.861322, validation avg acc: 0.826333
Train: 242, time: 4.431681, loss: 1.733336, train acc: 0.830546, train avg acc: 0.830676
Validation: 242, time: 4.431681, loss: 1.667429, validation acc: 0.854280, validation avg acc: 0.828063
Train: 243, time: 4.794860, loss: 1.727978, train acc: 0.833627, train avg acc: 0.833375
Validation: 243, time: 4.794860, loss: 1.628153, validation acc: 0.866197, validation avg acc: 0.831285
Train: 244, time: 4.627854, loss: 1.735672, train acc: 0.831426, train avg acc: 0.831181
Validation: 244, time: 4.627854, loss: 1.642757, validation acc: 0.864572, validation avg acc: 0.833853
Train: 245, time: 4.199907, loss: 1.733932, train acc: 0.833627, train avg acc: 0.833827
Validation: 245, time: 4.199907, loss: 1.661352, validation acc: 0.856988, validation avg acc: 0.825998
Train: 246, time: 4.268982, loss: 1.725348, train acc: 0.845070, train avg acc: 0.844980
Validation: 246, time: 4.268982, loss: 1.645454, validation acc: 0.864572, validation avg acc: 0.825242
Train: 247, time: 4.393696, loss: 1.755595, train acc: 0.823944, train avg acc: 0.824138
Validation: 247, time: 4.393696, loss: 1.633330, validation acc: 0.861322, validation avg acc: 0.828662
Train: 248, time: 4.298561, loss: 1.738424, train acc: 0.834507, train avg acc: 0.834442
Validation: 248, time: 4.298561, loss: 1.655602, validation acc: 0.855363, validation avg acc: 0.810619
Train: 249, time: 4.365453, loss: 1.745574, train acc: 0.829225, train avg acc: 0.829101
Validation: 249, time: 4.365453, loss: 1.634471, validation acc: 0.864030, validation avg acc: 0.832835
Train: 250, time: 4.161464, loss: 1.744378, train acc: 0.826585, train avg acc: 0.826362
Validation: 250, time: 4.161464, loss: 1.641310, validation acc: 0.868906, validation avg acc: 0.828847
Train: 251, time: 4.242202, loss: 1.731598, train acc: 0.837588, train avg acc: 0.837507
Validation: 251, time: 4.242202, loss: 1.641524, validation acc: 0.869989, validation avg acc: 0.826255
Train: 252, time: 4.170133, loss: 1.739831, train acc: 0.823063, train avg acc: 0.823020
Validation: 252, time: 4.170133, loss: 1.684984, validation acc: 0.841820, validation avg acc: 0.809532
Train: 253, time: 4.367924, loss: 1.734687, train acc: 0.833627, train avg acc: 0.833827
Validation: 253, time: 4.367924, loss: 1.641345, validation acc: 0.859697, validation avg acc: 0.821931
Train: 254, time: 4.458254, loss: 1.730171, train acc: 0.840229, train avg acc: 0.840202
Validation: 254, time: 4.458254, loss: 1.652619, validation acc: 0.858072, validation avg acc: 0.823077
Train: 255, time: 4.396613, loss: 1.733965, train acc: 0.834067, train avg acc: 0.834265
Validation: 255, time: 4.396613, loss: 1.647323, validation acc: 0.872698, validation avg acc: 0.835619
Train: 256, time: 4.288213, loss: 1.735336, train acc: 0.834507, train avg acc: 0.834837
Validation: 256, time: 4.288213, loss: 1.630688, validation acc: 0.860780, validation avg acc: 0.821027
Train: 257, time: 4.484930, loss: 1.735799, train acc: 0.831426, train avg acc: 0.831250
Validation: 257, time: 4.484930, loss: 1.624937, validation acc: 0.867281, validation avg acc: 0.828348
Train: 258, time: 4.679456, loss: 1.742240, train acc: 0.823063, train avg acc: 0.822885
Validation: 258, time: 4.679456, loss: 1.623337, validation acc: 0.871073, validation avg acc: 0.833057
Train: 259, time: 4.794347, loss: 1.730064, train acc: 0.831426, train avg acc: 0.831399
Validation: 259, time: 4.794347, loss: 1.665858, validation acc: 0.850488, validation avg acc: 0.817904
Train: 260, time: 4.433985, loss: 1.733926, train acc: 0.832306, train avg acc: 0.832393
Validation: 260, time: 4.433985, loss: 1.629455, validation acc: 0.867822, validation avg acc: 0.832244
Train: 261, time: 4.386621, loss: 1.730791, train acc: 0.835827, train avg acc: 0.835932
Validation: 261, time: 4.386621, loss: 1.672323, validation acc: 0.852113, validation avg acc: 0.811089
Train: 262, time: 4.513090, loss: 1.733549, train acc: 0.829225, train avg acc: 0.829212
Validation: 262, time: 4.513090, loss: 1.631643, validation acc: 0.868906, validation avg acc: 0.828494
Train: 263, time: 4.304353, loss: 1.729867, train acc: 0.828785, train avg acc: 0.828963
Validation: 263, time: 4.304353, loss: 1.626401, validation acc: 0.867822, validation avg acc: 0.838963
Train: 264, time: 4.707788, loss: 1.745381, train acc: 0.829665, train avg acc: 0.829472
Validation: 264, time: 4.707788, loss: 1.628530, validation acc: 0.870531, validation avg acc: 0.832117
Train: 265, time: 4.436311, loss: 1.734182, train acc: 0.829665, train avg acc: 0.829676
Validation: 265, time: 4.436311, loss: 1.651688, validation acc: 0.865655, validation avg acc: 0.836836
Train: 266, time: 4.541394, loss: 1.735322, train acc: 0.829225, train avg acc: 0.829455
Validation: 266, time: 4.541394, loss: 1.668914, validation acc: 0.853196, validation avg acc: 0.824024
Train: 267, time: 4.578158, loss: 1.727061, train acc: 0.838028, train avg acc: 0.838216
Validation: 267, time: 4.578158, loss: 1.628048, validation acc: 0.862947, validation avg acc: 0.825564
Train: 268, time: 4.395999, loss: 1.732269, train acc: 0.838908, train avg acc: 0.839043
Validation: 268, time: 4.395999, loss: 1.649123, validation acc: 0.855905, validation avg acc: 0.825962
Train: 269, time: 4.394458, loss: 1.720361, train acc: 0.847711, train avg acc: 0.847588
Validation: 269, time: 4.394458, loss: 1.622308, validation acc: 0.870531, validation avg acc: 0.836569
Train: 270, time: 4.372884, loss: 1.721345, train acc: 0.835387, train avg acc: 0.835370
Validation: 270, time: 4.372884, loss: 1.645036, validation acc: 0.866739, validation avg acc: 0.835027
Train: 271, time: 4.315315, loss: 1.738473, train acc: 0.828785, train avg acc: 0.828775
Validation: 271, time: 4.315315, loss: 1.652947, validation acc: 0.864030, validation avg acc: 0.827429
Train: 272, time: 4.245010, loss: 1.709828, train acc: 0.849472, train avg acc: 0.849311
Validation: 272, time: 4.245010, loss: 1.650562, validation acc: 0.855905, validation avg acc: 0.810347
Train: 273, time: 4.662000, loss: 1.720897, train acc: 0.843750, train avg acc: 0.843695
Validation: 273, time: 4.662000, loss: 1.641939, validation acc: 0.861863, validation avg acc: 0.827845
Train: 274, time: 4.310940, loss: 1.712532, train acc: 0.842430, train avg acc: 0.842199
Validation: 274, time: 4.310940, loss: 1.630092, validation acc: 0.855363, validation avg acc: 0.820153
Train: 275, time: 4.472046, loss: 1.716446, train acc: 0.840669, train avg acc: 0.840737
Validation: 275, time: 4.472046, loss: 1.674926, validation acc: 0.855905, validation avg acc: 0.814304
Train: 276, time: 4.341566, loss: 1.713879, train acc: 0.845951, train avg acc: 0.846023
Validation: 276, time: 4.341566, loss: 1.665625, validation acc: 0.845070, validation avg acc: 0.813960
Train: 277, time: 4.301641, loss: 1.722239, train acc: 0.834947, train avg acc: 0.834816
Validation: 277, time: 4.301641, loss: 1.626537, validation acc: 0.873781, validation avg acc: 0.838425
Train: 278, time: 4.199759, loss: 1.723398, train acc: 0.836708, train avg acc: 0.836404
Validation: 278, time: 4.199759, loss: 1.686706, validation acc: 0.839653, validation avg acc: 0.804383
Train: 279, time: 4.442233, loss: 1.720748, train acc: 0.834947, train avg acc: 0.834947
Validation: 279, time: 4.442233, loss: 1.675662, validation acc: 0.860238, validation avg acc: 0.832497
Train: 280, time: 4.409969, loss: 1.710962, train acc: 0.840669, train avg acc: 0.840412
Validation: 280, time: 4.409969, loss: 1.624815, validation acc: 0.864030, validation avg acc: 0.818560
Train: 281, time: 4.319767, loss: 1.711484, train acc: 0.839349, train avg acc: 0.839295
Validation: 281, time: 4.319767, loss: 1.648527, validation acc: 0.860238, validation avg acc: 0.828373
Train: 282, time: 4.255502, loss: 1.713439, train acc: 0.847271, train avg acc: 0.847157
Validation: 282, time: 4.255502, loss: 1.632610, validation acc: 0.862405, validation avg acc: 0.824965
Train: 283, time: 4.547257, loss: 1.734448, train acc: 0.828785, train avg acc: 0.828908
Validation: 283, time: 4.547257, loss: 1.637228, validation acc: 0.870531, validation avg acc: 0.825278
Train: 284, time: 4.271014, loss: 1.714313, train acc: 0.838908, train avg acc: 0.838773
Validation: 284, time: 4.271014, loss: 1.639094, validation acc: 0.865655, validation avg acc: 0.828890
Train: 285, time: 4.427912, loss: 1.717847, train acc: 0.843310, train avg acc: 0.843070
Validation: 285, time: 4.427912, loss: 1.635159, validation acc: 0.859155, validation avg acc: 0.825969
Train: 286, time: 4.357577, loss: 1.719987, train acc: 0.833627, train avg acc: 0.833623
Validation: 286, time: 4.357577, loss: 1.617279, validation acc: 0.872698, validation avg acc: 0.838315
Train: 287, time: 4.463374, loss: 1.721316, train acc: 0.832746, train avg acc: 0.832759
Validation: 287, time: 4.463374, loss: 1.634386, validation acc: 0.861322, validation avg acc: 0.838394
Train: 288, time: 4.289584, loss: 1.713401, train acc: 0.838908, train avg acc: 0.838670
Validation: 288, time: 4.289584, loss: 1.644309, validation acc: 0.854821, validation avg acc: 0.822980
Train: 289, time: 4.402995, loss: 1.719623, train acc: 0.843310, train avg acc: 0.843311
Validation: 289, time: 4.402995, loss: 1.639335, validation acc: 0.864572, validation avg acc: 0.818793
Train: 290, time: 4.331450, loss: 1.725637, train acc: 0.830106, train avg acc: 0.829731
Validation: 290, time: 4.331450, loss: 1.650913, validation acc: 0.855905, validation avg acc: 0.816892
Train: 291, time: 4.496516, loss: 1.701610, train acc: 0.856074, train avg acc: 0.856046
Validation: 291, time: 4.496516, loss: 1.636713, validation acc: 0.866197, validation avg acc: 0.833720
Train: 292, time: 4.368764, loss: 1.698780, train acc: 0.846831, train avg acc: 0.846745
Validation: 292, time: 4.368764, loss: 1.652228, validation acc: 0.859697, validation avg acc: 0.822921
Train: 293, time: 4.605180, loss: 1.715822, train acc: 0.841109, train avg acc: 0.841314
Validation: 293, time: 4.605180, loss: 1.653229, validation acc: 0.862405, validation avg acc: 0.828642
Train: 294, time: 4.225379, loss: 1.709432, train acc: 0.843310, train avg acc: 0.843450
Validation: 294, time: 4.225379, loss: 1.673492, validation acc: 0.852113, validation avg acc: 0.822097
Train: 295, time: 4.443808, loss: 1.714727, train acc: 0.836268, train avg acc: 0.836035
Validation: 295, time: 4.443808, loss: 1.630036, validation acc: 0.865114, validation avg acc: 0.835636
Train: 296, time: 4.463600, loss: 1.700993, train acc: 0.847271, train avg acc: 0.847009
Validation: 296, time: 4.463600, loss: 1.614254, validation acc: 0.869447, validation avg acc: 0.832574
Train: 297, time: 4.214894, loss: 1.712653, train acc: 0.840229, train avg acc: 0.840012
Validation: 297, time: 4.214894, loss: 1.612537, validation acc: 0.876490, validation avg acc: 0.839665
Train: 298, time: 4.455286, loss: 1.704243, train acc: 0.851673, train avg acc: 0.851692
Validation: 298, time: 4.455286, loss: 1.682984, validation acc: 0.844529, validation avg acc: 0.819420
Train: 299, time: 4.605962, loss: 1.718795, train acc: 0.837148, train avg acc: 0.837343
Validation: 299, time: 4.605962, loss: 1.623096, validation acc: 0.861863, validation avg acc: 0.826453
====================================================================
TEST:: test acc: 0.852193, test avg acc: 0.823502
