PointNet(
  (conv1): Conv1d(3, 64, kernel_size=(1,), stride=(1,), bias=False)
  (conv2): Conv1d(64, 64, kernel_size=(1,), stride=(1,), bias=False)
  (conv3): Conv1d(64, 64, kernel_size=(1,), stride=(1,), bias=False)
  (conv4): Conv1d(64, 128, kernel_size=(1,), stride=(1,), bias=False)
  (conv5): Conv1d(128, 1024, kernel_size=(1,), stride=(1,), bias=False)
  (bn1): BatchNorm1d(64, eps=1e-05, momentum=0.1, affine=True, track_running_stats=True)
  (bn2): BatchNorm1d(64, eps=1e-05, momentum=0.1, affine=True, track_running_stats=True)
  (bn3): BatchNorm1d(64, eps=1e-05, momentum=0.1, affine=True, track_running_stats=True)
  (bn4): BatchNorm1d(128, eps=1e-05, momentum=0.1, affine=True, track_running_stats=True)
  (bn5): BatchNorm1d(1024, eps=1e-05, momentum=0.1, affine=True, track_running_stats=True)
  (linear1): Linear(in_features=1024, out_features=512, bias=False)
  (bn6): BatchNorm1d(512, eps=1e-05, momentum=0.1, affine=True, track_running_stats=True)
  (dp1): Dropout(p=0.5, inplace=False)
  (linear2): Linear(in_features=512, out_features=40, bias=True)
)
Train: 0, time: 6.681145, loss: 3.518055, train acc: 0.139870, train avg acc: 0.081394
Validation: 0, time: 6.681145, loss: 3.124738, validation acc: 0.367822, validation avg acc: 0.178355
Train: 1, time: 6.528472, loss: 3.122131, train acc: 0.305994, train avg acc: 0.157140
Validation: 1, time: 6.528472, loss: 2.836965, validation acc: 0.436620, validation avg acc: 0.227818
Train: 2, time: 6.664764, loss: 2.934452, train acc: 0.361640, train avg acc: 0.187493
Validation: 2, time: 6.664764, loss: 2.638903, validation acc: 0.480498, validation avg acc: 0.261650
Train: 3, time: 6.801913, loss: 2.831876, train acc: 0.397653, train avg acc: 0.216575
Validation: 3, time: 6.801913, loss: 2.534003, validation acc: 0.504334, validation avg acc: 0.281328
Train: 4, time: 6.632898, loss: 2.758093, train acc: 0.413453, train avg acc: 0.228355
Validation: 4, time: 6.632898, loss: 2.444164, validation acc: 0.529252, validation avg acc: 0.306936
Train: 5, time: 6.828840, loss: 2.693936, train acc: 0.440753, train avg acc: 0.255629
Validation: 5, time: 6.828840, loss: 2.375187, validation acc: 0.558505, validation avg acc: 0.341184
Train: 6, time: 6.655771, loss: 2.620178, train acc: 0.462477, train avg acc: 0.274095
Validation: 6, time: 6.655771, loss: 2.317138, validation acc: 0.579090, validation avg acc: 0.369852
Train: 7, time: 6.715994, loss: 2.590928, train acc: 0.478973, train avg acc: 0.291635
Validation: 7, time: 6.715994, loss: 2.262004, validation acc: 0.602384, validation avg acc: 0.397037
Train: 8, time: 6.610575, loss: 2.547392, train acc: 0.491403, train avg acc: 0.306888
Validation: 8, time: 6.610575, loss: 2.222041, validation acc: 0.608884, validation avg acc: 0.409014
Train: 9, time: 6.573670, loss: 2.524052, train acc: 0.506157, train avg acc: 0.317690
Validation: 9, time: 6.573670, loss: 2.194392, validation acc: 0.620260, validation avg acc: 0.423929
Train: 10, time: 6.703089, loss: 2.482245, train acc: 0.526022, train avg acc: 0.341991
Validation: 10, time: 6.703089, loss: 2.150692, validation acc: 0.636511, validation avg acc: 0.447647
Train: 11, time: 6.487344, loss: 2.447174, train acc: 0.532760, train avg acc: 0.351996
Validation: 11, time: 6.487344, loss: 2.133283, validation acc: 0.641387, validation avg acc: 0.453259
Train: 12, time: 6.552095, loss: 2.423538, train acc: 0.539033, train avg acc: 0.356304
Validation: 12, time: 6.552095, loss: 2.100863, validation acc: 0.664680, validation avg acc: 0.475650
Train: 13, time: 6.680874, loss: 2.392823, train acc: 0.559828, train avg acc: 0.374334
Validation: 13, time: 6.680874, loss: 2.080188, validation acc: 0.668472, validation avg acc: 0.480161
Train: 14, time: 6.572055, loss: 2.373495, train acc: 0.565985, train avg acc: 0.386271
Validation: 14, time: 6.572055, loss: 2.055720, validation acc: 0.679307, validation avg acc: 0.498017
Train: 15, time: 6.478960, loss: 2.350114, train acc: 0.578299, train avg acc: 0.402910
Validation: 15, time: 6.478960, loss: 2.036205, validation acc: 0.688516, validation avg acc: 0.507805
Train: 16, time: 6.738826, loss: 2.327903, train acc: 0.584805, train avg acc: 0.407289
Validation: 16, time: 6.738826, loss: 2.013705, validation acc: 0.705309, validation avg acc: 0.530128
Train: 17, time: 6.627023, loss: 2.305592, train acc: 0.592240, train avg acc: 0.419845
Validation: 17, time: 6.627023, loss: 1.999580, validation acc: 0.709101, validation avg acc: 0.533146
Train: 18, time: 6.846223, loss: 2.293294, train acc: 0.593285, train avg acc: 0.422871
Validation: 18, time: 6.846223, loss: 1.991974, validation acc: 0.716143, validation avg acc: 0.540820
Train: 19, time: 6.768967, loss: 2.279655, train acc: 0.602695, train avg acc: 0.432426
Validation: 19, time: 6.768967, loss: 1.972682, validation acc: 0.719935, validation avg acc: 0.546023
Train: 20, time: 6.689620, loss: 2.268270, train acc: 0.608039, train avg acc: 0.437939
Validation: 20, time: 6.689620, loss: 1.954799, validation acc: 0.729144, validation avg acc: 0.562016
Train: 21, time: 6.939987, loss: 2.249305, train acc: 0.618030, train avg acc: 0.449122
Validation: 21, time: 6.939987, loss: 1.943722, validation acc: 0.730769, validation avg acc: 0.563860
Train: 22, time: 6.613446, loss: 2.236205, train acc: 0.618611, train avg acc: 0.450788
Validation: 22, time: 6.613446, loss: 1.931089, validation acc: 0.733478, validation avg acc: 0.564732
Train: 23, time: 6.542785, loss: 2.217142, train acc: 0.630460, train avg acc: 0.463205
Validation: 23, time: 6.542785, loss: 1.922266, validation acc: 0.735645, validation avg acc: 0.566480
Train: 24, time: 6.868211, loss: 2.212328, train acc: 0.628950, train avg acc: 0.466269
Validation: 24, time: 6.868211, loss: 1.906954, validation acc: 0.742145, validation avg acc: 0.576988
Train: 25, time: 6.666927, loss: 2.194723, train acc: 0.641380, train avg acc: 0.480034
Validation: 25, time: 6.666927, loss: 1.897503, validation acc: 0.758938, validation avg acc: 0.602236
Train: 26, time: 6.580659, loss: 2.193023, train acc: 0.635223, train avg acc: 0.475148
Validation: 26, time: 6.580659, loss: 1.885293, validation acc: 0.757855, validation avg acc: 0.601689
Train: 27, time: 6.788093, loss: 2.177942, train acc: 0.645795, train avg acc: 0.477835
Validation: 27, time: 6.788093, loss: 1.879667, validation acc: 0.755146, validation avg acc: 0.598482
Train: 28, time: 6.651881, loss: 2.160310, train acc: 0.652184, train avg acc: 0.492681
Validation: 28, time: 6.651881, loss: 1.876669, validation acc: 0.761647, validation avg acc: 0.606334
Train: 29, time: 6.840315, loss: 2.156074, train acc: 0.654972, train avg acc: 0.501157
Validation: 29, time: 6.840315, loss: 1.868808, validation acc: 0.756230, validation avg acc: 0.597087
Train: 30, time: 6.637228, loss: 2.146832, train acc: 0.658341, train avg acc: 0.501599
Validation: 30, time: 6.637228, loss: 1.862112, validation acc: 0.763272, validation avg acc: 0.613568
Train: 31, time: 6.861681, loss: 2.148607, train acc: 0.658225, train avg acc: 0.502614
Validation: 31, time: 6.861681, loss: 1.864465, validation acc: 0.765439, validation avg acc: 0.610729
Train: 32, time: 6.645698, loss: 2.124566, train acc: 0.665776, train avg acc: 0.512666
Validation: 32, time: 6.645698, loss: 1.850556, validation acc: 0.765980, validation avg acc: 0.610849
Train: 33, time: 6.618681, loss: 2.129473, train acc: 0.665544, train avg acc: 0.511031
Validation: 33, time: 6.618681, loss: 1.842795, validation acc: 0.767064, validation avg acc: 0.611453
Train: 34, time: 6.823444, loss: 2.113401, train acc: 0.672746, train avg acc: 0.525201
Validation: 34, time: 6.823444, loss: 1.835607, validation acc: 0.771398, validation avg acc: 0.620532
Train: 35, time: 6.854998, loss: 2.107709, train acc: 0.675534, train avg acc: 0.519753
Validation: 35, time: 6.854998, loss: 1.827120, validation acc: 0.776815, validation avg acc: 0.630185
Train: 36, time: 6.665642, loss: 2.105401, train acc: 0.677161, train avg acc: 0.526730
Validation: 36, time: 6.665642, loss: 1.825071, validation acc: 0.778982, validation avg acc: 0.631518
Train: 37, time: 6.865378, loss: 2.099838, train acc: 0.674140, train avg acc: 0.524958
Validation: 37, time: 6.865378, loss: 1.825336, validation acc: 0.781690, validation avg acc: 0.634251
Train: 38, time: 6.686614, loss: 2.087922, train acc: 0.681227, train avg acc: 0.528907
Validation: 38, time: 6.686614, loss: 1.811026, validation acc: 0.783315, validation avg acc: 0.637854
Train: 39, time: 6.647496, loss: 2.086422, train acc: 0.684015, train avg acc: 0.538671
Validation: 39, time: 6.647496, loss: 1.816363, validation acc: 0.783315, validation avg acc: 0.640380
Train: 40, time: 6.768086, loss: 2.077896, train acc: 0.688197, train avg acc: 0.541156
Validation: 40, time: 6.768086, loss: 1.814630, validation acc: 0.788732, validation avg acc: 0.643135
Train: 41, time: 6.687063, loss: 2.069447, train acc: 0.689010, train avg acc: 0.541937
Validation: 41, time: 6.687063, loss: 1.798711, validation acc: 0.790358, validation avg acc: 0.648087
Train: 42, time: 6.632914, loss: 2.070203, train acc: 0.688662, train avg acc: 0.539636
Validation: 42, time: 6.632914, loss: 1.798984, validation acc: 0.789816, validation avg acc: 0.642260
Train: 43, time: 6.535309, loss: 2.057603, train acc: 0.693425, train avg acc: 0.545086
Validation: 43, time: 6.535309, loss: 1.798317, validation acc: 0.790899, validation avg acc: 0.648731
Train: 44, time: 6.755896, loss: 2.056134, train acc: 0.694006, train avg acc: 0.550659
Validation: 44, time: 6.755896, loss: 1.796194, validation acc: 0.794150, validation avg acc: 0.649906
Train: 45, time: 6.599708, loss: 2.051251, train acc: 0.694586, train avg acc: 0.549895
Validation: 45, time: 6.599708, loss: 1.788951, validation acc: 0.797941, validation avg acc: 0.663857
Train: 46, time: 6.749182, loss: 2.048517, train acc: 0.697375, train avg acc: 0.551423
Validation: 46, time: 6.749182, loss: 1.785195, validation acc: 0.797400, validation avg acc: 0.658879
Train: 47, time: 6.519780, loss: 2.041135, train acc: 0.702718, train avg acc: 0.559084
Validation: 47, time: 6.519780, loss: 1.784349, validation acc: 0.800650, validation avg acc: 0.671176
Train: 48, time: 7.074374, loss: 2.030196, train acc: 0.708527, train avg acc: 0.568197
Validation: 48, time: 7.074374, loss: 1.780201, validation acc: 0.798483, validation avg acc: 0.666044
Train: 49, time: 6.755809, loss: 2.024740, train acc: 0.704461, train avg acc: 0.565534
Validation: 49, time: 6.755809, loss: 1.775692, validation acc: 0.806067, validation avg acc: 0.677384
Train: 50, time: 6.766480, loss: 2.030053, train acc: 0.706204, train avg acc: 0.563496
Validation: 50, time: 6.766480, loss: 1.772337, validation acc: 0.803359, validation avg acc: 0.667839
Train: 51, time: 6.796221, loss: 2.023108, train acc: 0.708875, train avg acc: 0.572619
Validation: 51, time: 6.796221, loss: 1.768819, validation acc: 0.810401, validation avg acc: 0.677746
Train: 52, time: 6.884862, loss: 2.019047, train acc: 0.709224, train avg acc: 0.564635
Validation: 52, time: 6.884862, loss: 1.760105, validation acc: 0.812026, validation avg acc: 0.683935
Train: 53, time: 6.802167, loss: 2.019110, train acc: 0.713871, train avg acc: 0.575806
Validation: 53, time: 6.802167, loss: 1.759198, validation acc: 0.807692, validation avg acc: 0.680053
Train: 54, time: 6.705570, loss: 2.007664, train acc: 0.717240, train avg acc: 0.580524
Validation: 54, time: 6.705570, loss: 1.765372, validation acc: 0.807692, validation avg acc: 0.675688
Train: 55, time: 6.564045, loss: 2.007761, train acc: 0.715962, train avg acc: 0.576478
Validation: 55, time: 6.564045, loss: 1.763213, validation acc: 0.815276, validation avg acc: 0.690796
Train: 56, time: 6.906524, loss: 1.996978, train acc: 0.717124, train avg acc: 0.577302
Validation: 56, time: 6.906524, loss: 1.751774, validation acc: 0.814193, validation avg acc: 0.688585
Train: 57, time: 6.855891, loss: 1.998962, train acc: 0.720028, train avg acc: 0.582443
Validation: 57, time: 6.855891, loss: 1.755814, validation acc: 0.815276, validation avg acc: 0.696725
Train: 58, time: 6.801890, loss: 1.998154, train acc: 0.720028, train avg acc: 0.585098
Validation: 58, time: 6.801890, loss: 1.747358, validation acc: 0.812026, validation avg acc: 0.686000
Train: 59, time: 6.944337, loss: 1.995343, train acc: 0.720260, train avg acc: 0.587996
Validation: 59, time: 6.944337, loss: 1.745951, validation acc: 0.819610, validation avg acc: 0.700980
Train: 60, time: 6.795336, loss: 1.988176, train acc: 0.723513, train avg acc: 0.586111
Validation: 60, time: 6.795336, loss: 1.742459, validation acc: 0.819068, validation avg acc: 0.691343
Train: 61, time: 6.754854, loss: 1.983407, train acc: 0.724094, train avg acc: 0.589485
Validation: 61, time: 6.754854, loss: 1.736967, validation acc: 0.821235, validation avg acc: 0.703531
Train: 62, time: 6.590430, loss: 1.985322, train acc: 0.725372, train avg acc: 0.588363
Validation: 62, time: 6.590430, loss: 1.734394, validation acc: 0.828277, validation avg acc: 0.713784
Train: 63, time: 6.601932, loss: 1.984754, train acc: 0.720957, train avg acc: 0.589117
Validation: 63, time: 6.601932, loss: 1.736118, validation acc: 0.830444, validation avg acc: 0.715823
Train: 64, time: 6.493812, loss: 1.972088, train acc: 0.726417, train avg acc: 0.596268
Validation: 64, time: 6.493812, loss: 1.733382, validation acc: 0.826111, validation avg acc: 0.707602
Train: 65, time: 6.646377, loss: 1.968382, train acc: 0.731993, train avg acc: 0.599687
Validation: 65, time: 6.646377, loss: 1.733910, validation acc: 0.821777, validation avg acc: 0.702794
Train: 66, time: 6.610758, loss: 1.972354, train acc: 0.729322, train avg acc: 0.597725
Validation: 66, time: 6.610758, loss: 1.732493, validation acc: 0.825569, validation avg acc: 0.713656
Train: 67, time: 6.340585, loss: 1.965223, train acc: 0.729902, train avg acc: 0.597327
Validation: 67, time: 6.340585, loss: 1.727425, validation acc: 0.820693, validation avg acc: 0.701222
Train: 68, time: 6.690890, loss: 1.967075, train acc: 0.732110, train avg acc: 0.596936
Validation: 68, time: 6.690890, loss: 1.724405, validation acc: 0.826652, validation avg acc: 0.713051
Train: 69, time: 6.558122, loss: 1.959223, train acc: 0.734898, train avg acc: 0.605803
Validation: 69, time: 6.558122, loss: 1.725071, validation acc: 0.829902, validation avg acc: 0.712669
Train: 70, time: 6.585017, loss: 1.958200, train acc: 0.738151, train avg acc: 0.612818
Validation: 70, time: 6.585017, loss: 1.723367, validation acc: 0.830986, validation avg acc: 0.717156
Train: 71, time: 6.672378, loss: 1.952215, train acc: 0.739312, train avg acc: 0.612013
Validation: 71, time: 6.672378, loss: 1.723015, validation acc: 0.832069, validation avg acc: 0.718678
Train: 72, time: 6.694374, loss: 1.955371, train acc: 0.742100, train avg acc: 0.613876
Validation: 72, time: 6.694374, loss: 1.715417, validation acc: 0.834778, validation avg acc: 0.732621
Train: 73, time: 6.663364, loss: 1.950823, train acc: 0.739545, train avg acc: 0.614597
Validation: 73, time: 6.663364, loss: 1.719341, validation acc: 0.835320, validation avg acc: 0.723899
Train: 74, time: 6.727712, loss: 1.949198, train acc: 0.734549, train avg acc: 0.606997
Validation: 74, time: 6.727712, loss: 1.717336, validation acc: 0.833694, validation avg acc: 0.716228
Train: 75, time: 6.944541, loss: 1.953403, train acc: 0.733852, train avg acc: 0.602640
Validation: 75, time: 6.944541, loss: 1.711842, validation acc: 0.835320, validation avg acc: 0.722099
Train: 76, time: 6.568599, loss: 1.948849, train acc: 0.740939, train avg acc: 0.614676
Validation: 76, time: 6.568599, loss: 1.712211, validation acc: 0.833153, validation avg acc: 0.717245
Train: 77, time: 6.459528, loss: 1.936374, train acc: 0.747444, train avg acc: 0.620421
Validation: 77, time: 6.459528, loss: 1.708465, validation acc: 0.838028, validation avg acc: 0.724379
Train: 78, time: 6.692561, loss: 1.929314, train acc: 0.744656, train avg acc: 0.616868
Validation: 78, time: 6.692561, loss: 1.709999, validation acc: 0.835861, validation avg acc: 0.726690
Train: 79, time: 6.648801, loss: 1.943120, train acc: 0.740009, train avg acc: 0.616910
Validation: 79, time: 6.648801, loss: 1.705751, validation acc: 0.839112, validation avg acc: 0.732126
Train: 80, time: 6.717994, loss: 1.927972, train acc: 0.745702, train avg acc: 0.621768
Validation: 80, time: 6.717994, loss: 1.708981, validation acc: 0.836403, validation avg acc: 0.726941
Train: 81, time: 6.965156, loss: 1.931291, train acc: 0.742565, train avg acc: 0.615972
Validation: 81, time: 6.965156, loss: 1.694141, validation acc: 0.842362, validation avg acc: 0.741419
Train: 82, time: 6.682623, loss: 1.925397, train acc: 0.748025, train avg acc: 0.619868
Validation: 82, time: 6.682623, loss: 1.701780, validation acc: 0.841278, validation avg acc: 0.736514
Train: 83, time: 6.584884, loss: 1.928083, train acc: 0.751975, train avg acc: 0.628495
Validation: 83, time: 6.584884, loss: 1.699539, validation acc: 0.843987, validation avg acc: 0.739956
Train: 84, time: 6.828037, loss: 1.915831, train acc: 0.752904, train avg acc: 0.629696
Validation: 84, time: 6.828037, loss: 1.696041, validation acc: 0.842362, validation avg acc: 0.734669
Train: 85, time: 6.952282, loss: 1.921207, train acc: 0.750116, train avg acc: 0.620848
Validation: 85, time: 6.952282, loss: 1.700930, validation acc: 0.842904, validation avg acc: 0.735760
Train: 86, time: 6.638294, loss: 1.918365, train acc: 0.749651, train avg acc: 0.623693
Validation: 86, time: 6.638294, loss: 1.695141, validation acc: 0.843445, validation avg acc: 0.741986
Train: 87, time: 6.793437, loss: 1.915028, train acc: 0.753834, train avg acc: 0.628855
Validation: 87, time: 6.793437, loss: 1.696515, validation acc: 0.846154, validation avg acc: 0.743337
Train: 88, time: 6.575861, loss: 1.914685, train acc: 0.752207, train avg acc: 0.629094
Validation: 88, time: 6.575861, loss: 1.693870, validation acc: 0.841820, validation avg acc: 0.734140
Train: 89, time: 6.708568, loss: 1.910854, train acc: 0.758016, train avg acc: 0.639947
Validation: 89, time: 6.708568, loss: 1.689505, validation acc: 0.847779, validation avg acc: 0.742964
Train: 90, time: 6.694011, loss: 1.906634, train acc: 0.754995, train avg acc: 0.631400
Validation: 90, time: 6.694011, loss: 1.689634, validation acc: 0.845070, validation avg acc: 0.743501
Train: 91, time: 6.564200, loss: 1.916958, train acc: 0.753601, train avg acc: 0.634916
Validation: 91, time: 6.564200, loss: 1.697172, validation acc: 0.841278, validation avg acc: 0.735271
Train: 92, time: 6.749552, loss: 1.900586, train acc: 0.757319, train avg acc: 0.640286
Validation: 92, time: 6.749552, loss: 1.685497, validation acc: 0.850488, validation avg acc: 0.750231
Train: 93, time: 6.885376, loss: 1.904806, train acc: 0.759991, train avg acc: 0.635421
Validation: 93, time: 6.885376, loss: 1.687570, validation acc: 0.842904, validation avg acc: 0.736204
Train: 94, time: 6.854267, loss: 1.903827, train acc: 0.758480, train avg acc: 0.639249
Validation: 94, time: 6.854267, loss: 1.690488, validation acc: 0.840195, validation avg acc: 0.729575
Train: 95, time: 6.625269, loss: 1.902394, train acc: 0.760339, train avg acc: 0.640820
Validation: 95, time: 6.625269, loss: 1.687550, validation acc: 0.847237, validation avg acc: 0.745646
Train: 96, time: 6.756055, loss: 1.904186, train acc: 0.759875, train avg acc: 0.639690
Validation: 96, time: 6.756055, loss: 1.682337, validation acc: 0.848862, validation avg acc: 0.751001
Train: 97, time: 6.751394, loss: 1.896842, train acc: 0.766612, train avg acc: 0.648375
Validation: 97, time: 6.751394, loss: 1.678330, validation acc: 0.854280, validation avg acc: 0.754253
Train: 98, time: 6.687509, loss: 1.891971, train acc: 0.762779, train avg acc: 0.644009
Validation: 98, time: 6.687509, loss: 1.680033, validation acc: 0.850488, validation avg acc: 0.748791
Train: 99, time: 6.783559, loss: 1.891251, train acc: 0.762082, train avg acc: 0.646499
Validation: 99, time: 6.783559, loss: 1.674744, validation acc: 0.850488, validation avg acc: 0.747910
Train: 100, time: 6.697903, loss: 1.892321, train acc: 0.762198, train avg acc: 0.641460
Validation: 100, time: 6.697903, loss: 1.678012, validation acc: 0.851029, validation avg acc: 0.752024
Train: 101, time: 6.653931, loss: 1.893951, train acc: 0.763011, train avg acc: 0.648727
Validation: 101, time: 6.653931, loss: 1.677347, validation acc: 0.851029, validation avg acc: 0.755433
Train: 102, time: 6.876069, loss: 1.893443, train acc: 0.762779, train avg acc: 0.642158
Validation: 102, time: 6.876069, loss: 1.677039, validation acc: 0.848862, validation avg acc: 0.759355
Train: 103, time: 6.674704, loss: 1.887758, train acc: 0.761966, train avg acc: 0.642154
Validation: 103, time: 6.674704, loss: 1.671486, validation acc: 0.851029, validation avg acc: 0.754204
Train: 104, time: 6.790131, loss: 1.875419, train acc: 0.769749, train avg acc: 0.654274
Validation: 104, time: 6.790131, loss: 1.664610, validation acc: 0.850488, validation avg acc: 0.748520
Train: 105, time: 6.583940, loss: 1.873433, train acc: 0.774744, train avg acc: 0.660567
Validation: 105, time: 6.583940, loss: 1.671139, validation acc: 0.847779, validation avg acc: 0.745967
Train: 106, time: 6.762941, loss: 1.884117, train acc: 0.768123, train avg acc: 0.652711
Validation: 106, time: 6.762941, loss: 1.669611, validation acc: 0.855905, validation avg acc: 0.758064
Train: 107, time: 7.037196, loss: 1.884918, train acc: 0.765451, train avg acc: 0.648608
Validation: 107, time: 7.037196, loss: 1.668501, validation acc: 0.848862, validation avg acc: 0.746562
Train: 108, time: 6.852020, loss: 1.880417, train acc: 0.764405, train avg acc: 0.647364
Validation: 108, time: 6.852020, loss: 1.671717, validation acc: 0.846154, validation avg acc: 0.741081
Train: 109, time: 6.689053, loss: 1.878570, train acc: 0.766380, train avg acc: 0.648690
Validation: 109, time: 6.689053, loss: 1.666114, validation acc: 0.856988, validation avg acc: 0.763589
Train: 110, time: 6.845383, loss: 1.870761, train acc: 0.771027, train avg acc: 0.656448
Validation: 110, time: 6.845383, loss: 1.662537, validation acc: 0.855905, validation avg acc: 0.759471
Train: 111, time: 6.504219, loss: 1.873894, train acc: 0.769168, train avg acc: 0.653690
Validation: 111, time: 6.504219, loss: 1.665797, validation acc: 0.852113, validation avg acc: 0.754201
Train: 112, time: 6.653561, loss: 1.870950, train acc: 0.770214, train avg acc: 0.658701
Validation: 112, time: 6.653561, loss: 1.660061, validation acc: 0.853738, validation avg acc: 0.754713
Train: 113, time: 6.594411, loss: 1.873496, train acc: 0.768936, train avg acc: 0.653774
Validation: 113, time: 6.594411, loss: 1.663895, validation acc: 0.851571, validation avg acc: 0.753082
Train: 114, time: 6.780857, loss: 1.864376, train acc: 0.778346, train avg acc: 0.666854
Validation: 114, time: 6.780857, loss: 1.659672, validation acc: 0.858613, validation avg acc: 0.764707
Train: 115, time: 6.458010, loss: 1.867593, train acc: 0.773931, train avg acc: 0.659362
Validation: 115, time: 6.458010, loss: 1.663838, validation acc: 0.851029, validation avg acc: 0.749790
Train: 116, time: 6.600499, loss: 1.866465, train acc: 0.772653, train avg acc: 0.657652
Validation: 116, time: 6.600499, loss: 1.660584, validation acc: 0.856446, validation avg acc: 0.760540
Train: 117, time: 6.676900, loss: 1.869891, train acc: 0.772653, train avg acc: 0.660877
Validation: 117, time: 6.676900, loss: 1.659137, validation acc: 0.852113, validation avg acc: 0.756816
Train: 118, time: 6.780003, loss: 1.865465, train acc: 0.774396, train avg acc: 0.658923
Validation: 118, time: 6.780003, loss: 1.656038, validation acc: 0.859155, validation avg acc: 0.767136
Train: 119, time: 6.701132, loss: 1.855794, train acc: 0.775441, train avg acc: 0.661423
Validation: 119, time: 6.701132, loss: 1.658475, validation acc: 0.851029, validation avg acc: 0.753677
Train: 120, time: 6.661518, loss: 1.862915, train acc: 0.776836, train avg acc: 0.664005
Validation: 120, time: 6.661518, loss: 1.658655, validation acc: 0.853738, validation avg acc: 0.756288
Train: 121, time: 6.760709, loss: 1.857001, train acc: 0.777300, train avg acc: 0.662505
Validation: 121, time: 6.760709, loss: 1.661226, validation acc: 0.858072, validation avg acc: 0.762534
Train: 122, time: 6.767601, loss: 1.858490, train acc: 0.777068, train avg acc: 0.666121
Validation: 122, time: 6.767601, loss: 1.655859, validation acc: 0.855363, validation avg acc: 0.762547
Train: 123, time: 6.998644, loss: 1.852198, train acc: 0.779972, train avg acc: 0.668305
Validation: 123, time: 6.998644, loss: 1.653158, validation acc: 0.858613, validation avg acc: 0.763289
Train: 124, time: 6.767754, loss: 1.850017, train acc: 0.782644, train avg acc: 0.673031
Validation: 124, time: 6.767754, loss: 1.650676, validation acc: 0.856446, validation avg acc: 0.761747
Train: 125, time: 6.744090, loss: 1.856217, train acc: 0.777068, train avg acc: 0.663591
Validation: 125, time: 6.744090, loss: 1.652450, validation acc: 0.864030, validation avg acc: 0.773342
Train: 126, time: 6.560329, loss: 1.849771, train acc: 0.785897, train avg acc: 0.675154
Validation: 126, time: 6.560329, loss: 1.649718, validation acc: 0.856988, validation avg acc: 0.760149
Train: 127, time: 6.662581, loss: 1.847373, train acc: 0.780901, train avg acc: 0.667177
Validation: 127, time: 6.662581, loss: 1.646860, validation acc: 0.857530, validation avg acc: 0.763480
Train: 128, time: 6.859668, loss: 1.847343, train acc: 0.782412, train avg acc: 0.675991
Validation: 128, time: 6.859668, loss: 1.651235, validation acc: 0.860780, validation avg acc: 0.768206
Train: 129, time: 6.591822, loss: 1.846498, train acc: 0.784851, train avg acc: 0.674274
Validation: 129, time: 6.591822, loss: 1.643847, validation acc: 0.864030, validation avg acc: 0.772368
Train: 130, time: 6.826603, loss: 1.845519, train acc: 0.778230, train avg acc: 0.667110
Validation: 130, time: 6.826603, loss: 1.648358, validation acc: 0.864572, validation avg acc: 0.774296
Train: 131, time: 6.722542, loss: 1.848969, train acc: 0.780088, train avg acc: 0.669315
Validation: 131, time: 6.722542, loss: 1.648073, validation acc: 0.864030, validation avg acc: 0.775633
Train: 132, time: 6.750232, loss: 1.848764, train acc: 0.779507, train avg acc: 0.668862
Validation: 132, time: 6.750232, loss: 1.644203, validation acc: 0.863489, validation avg acc: 0.772641
Train: 133, time: 6.607282, loss: 1.844234, train acc: 0.780088, train avg acc: 0.668201
Validation: 133, time: 6.607282, loss: 1.646279, validation acc: 0.859155, validation avg acc: 0.767530
Train: 134, time: 6.684656, loss: 1.848480, train acc: 0.784503, train avg acc: 0.676447
Validation: 134, time: 6.684656, loss: 1.648322, validation acc: 0.865114, validation avg acc: 0.775463
Train: 135, time: 6.860847, loss: 1.837788, train acc: 0.782760, train avg acc: 0.676146
Validation: 135, time: 6.860847, loss: 1.649308, validation acc: 0.862405, validation avg acc: 0.770396
Train: 136, time: 6.875763, loss: 1.841980, train acc: 0.784270, train avg acc: 0.676618
Validation: 136, time: 6.875763, loss: 1.647337, validation acc: 0.861863, validation avg acc: 0.767381
Train: 137, time: 6.533535, loss: 1.836463, train acc: 0.786826, train avg acc: 0.677918
Validation: 137, time: 6.533535, loss: 1.644440, validation acc: 0.861863, validation avg acc: 0.766317
Train: 138, time: 6.840187, loss: 1.841269, train acc: 0.785664, train avg acc: 0.676769
Validation: 138, time: 6.840187, loss: 1.642796, validation acc: 0.863489, validation avg acc: 0.777021
Train: 139, time: 6.678732, loss: 1.838913, train acc: 0.785432, train avg acc: 0.678385
Validation: 139, time: 6.678732, loss: 1.640238, validation acc: 0.864572, validation avg acc: 0.774071
Train: 140, time: 6.570461, loss: 1.833290, train acc: 0.785781, train avg acc: 0.682376
Validation: 140, time: 6.570461, loss: 1.640639, validation acc: 0.864572, validation avg acc: 0.773767
Train: 141, time: 6.599781, loss: 1.836932, train acc: 0.788336, train avg acc: 0.675765
Validation: 141, time: 6.599781, loss: 1.641707, validation acc: 0.862405, validation avg acc: 0.772631
Train: 142, time: 6.664749, loss: 1.838539, train acc: 0.786826, train avg acc: 0.685955
Validation: 142, time: 6.664749, loss: 1.640033, validation acc: 0.866197, validation avg acc: 0.774949
Train: 143, time: 6.668175, loss: 1.835214, train acc: 0.780204, train avg acc: 0.672803
Validation: 143, time: 6.668175, loss: 1.639452, validation acc: 0.861863, validation avg acc: 0.771649
Train: 144, time: 6.705813, loss: 1.827664, train acc: 0.791125, train avg acc: 0.681090
Validation: 144, time: 6.705813, loss: 1.633109, validation acc: 0.865114, validation avg acc: 0.775063
Train: 145, time: 6.686863, loss: 1.831563, train acc: 0.785548, train avg acc: 0.674656
Validation: 145, time: 6.686863, loss: 1.636407, validation acc: 0.863489, validation avg acc: 0.773126
Train: 146, time: 6.651790, loss: 1.824264, train acc: 0.789033, train avg acc: 0.680619
Validation: 146, time: 6.651790, loss: 1.632756, validation acc: 0.867281, validation avg acc: 0.784101
Train: 147, time: 6.793022, loss: 1.831321, train acc: 0.787988, train avg acc: 0.680709
Validation: 147, time: 6.793022, loss: 1.635145, validation acc: 0.864572, validation avg acc: 0.771683
Train: 148, time: 6.855424, loss: 1.828280, train acc: 0.792170, train avg acc: 0.685774
Validation: 148, time: 6.855424, loss: 1.634104, validation acc: 0.865114, validation avg acc: 0.776829
Train: 149, time: 6.834483, loss: 1.829933, train acc: 0.788801, train avg acc: 0.685451
Validation: 149, time: 6.834483, loss: 1.633037, validation acc: 0.864030, validation avg acc: 0.772811
Train: 150, time: 6.865166, loss: 1.820705, train acc: 0.791125, train avg acc: 0.683311
Validation: 150, time: 6.865166, loss: 1.633461, validation acc: 0.862947, validation avg acc: 0.772964
Train: 151, time: 6.763245, loss: 1.824776, train acc: 0.791125, train avg acc: 0.682656
Validation: 151, time: 6.763245, loss: 1.635796, validation acc: 0.864030, validation avg acc: 0.780357
Train: 152, time: 6.567856, loss: 1.824694, train acc: 0.791125, train avg acc: 0.685657
Validation: 152, time: 6.567856, loss: 1.632696, validation acc: 0.867281, validation avg acc: 0.777919
Train: 153, time: 6.784440, loss: 1.816953, train acc: 0.794958, train avg acc: 0.689803
Validation: 153, time: 6.784440, loss: 1.635366, validation acc: 0.864572, validation avg acc: 0.775850
Train: 154, time: 6.798662, loss: 1.821237, train acc: 0.791938, train avg acc: 0.686560
Validation: 154, time: 6.798662, loss: 1.627409, validation acc: 0.863489, validation avg acc: 0.774938
Train: 155, time: 6.745576, loss: 1.817468, train acc: 0.795074, train avg acc: 0.694782
Validation: 155, time: 6.745576, loss: 1.634965, validation acc: 0.865114, validation avg acc: 0.776947
Train: 156, time: 6.848483, loss: 1.826873, train acc: 0.786826, train avg acc: 0.679287
Validation: 156, time: 6.848483, loss: 1.635653, validation acc: 0.870531, validation avg acc: 0.783477
Train: 157, time: 6.633230, loss: 1.819905, train acc: 0.790079, train avg acc: 0.687425
Validation: 157, time: 6.633230, loss: 1.630917, validation acc: 0.864030, validation avg acc: 0.772268
Train: 158, time: 6.955491, loss: 1.820833, train acc: 0.791241, train avg acc: 0.683372
Validation: 158, time: 6.955491, loss: 1.630377, validation acc: 0.864030, validation avg acc: 0.774693
Train: 159, time: 6.706361, loss: 1.810371, train acc: 0.800070, train avg acc: 0.696730
Validation: 159, time: 6.706361, loss: 1.631073, validation acc: 0.864030, validation avg acc: 0.773947
Train: 160, time: 6.696182, loss: 1.812565, train acc: 0.793564, train avg acc: 0.687046
Validation: 160, time: 6.696182, loss: 1.624192, validation acc: 0.864572, validation avg acc: 0.773457
Train: 161, time: 6.667090, loss: 1.816888, train acc: 0.794377, train avg acc: 0.691505
Validation: 161, time: 6.667090, loss: 1.626141, validation acc: 0.866739, validation avg acc: 0.776894
Train: 162, time: 6.922365, loss: 1.809684, train acc: 0.802161, train avg acc: 0.699376
Validation: 162, time: 6.922365, loss: 1.626612, validation acc: 0.866739, validation avg acc: 0.778011
Train: 163, time: 6.871415, loss: 1.816688, train acc: 0.794610, train avg acc: 0.686989
Validation: 163, time: 6.871415, loss: 1.623293, validation acc: 0.866197, validation avg acc: 0.779490
Train: 164, time: 6.362626, loss: 1.817203, train acc: 0.792635, train avg acc: 0.689923
Validation: 164, time: 6.362626, loss: 1.624700, validation acc: 0.866739, validation avg acc: 0.776238
Train: 165, time: 6.500501, loss: 1.817524, train acc: 0.796004, train avg acc: 0.692282
Validation: 165, time: 6.500501, loss: 1.623691, validation acc: 0.866197, validation avg acc: 0.782564
Train: 166, time: 6.745793, loss: 1.821301, train acc: 0.787523, train avg acc: 0.684106
Validation: 166, time: 6.745793, loss: 1.625694, validation acc: 0.865655, validation avg acc: 0.775119
Train: 167, time: 6.702695, loss: 1.806365, train acc: 0.797630, train avg acc: 0.694357
Validation: 167, time: 6.702695, loss: 1.622029, validation acc: 0.865655, validation avg acc: 0.775335
Train: 168, time: 6.661036, loss: 1.805513, train acc: 0.803090, train avg acc: 0.706092
Validation: 168, time: 6.661036, loss: 1.621438, validation acc: 0.864572, validation avg acc: 0.773560
Train: 169, time: 6.799272, loss: 1.808805, train acc: 0.796817, train avg acc: 0.692427
Validation: 169, time: 6.799272, loss: 1.620040, validation acc: 0.869447, validation avg acc: 0.784632
Train: 170, time: 6.896413, loss: 1.800864, train acc: 0.800883, train avg acc: 0.699642
Validation: 170, time: 6.896413, loss: 1.619566, validation acc: 0.866197, validation avg acc: 0.778651
Train: 171, time: 6.753806, loss: 1.804718, train acc: 0.795888, train avg acc: 0.691158
Validation: 171, time: 6.753806, loss: 1.618673, validation acc: 0.866197, validation avg acc: 0.777606
Train: 172, time: 6.573330, loss: 1.806732, train acc: 0.799489, train avg acc: 0.698507
Validation: 172, time: 6.573330, loss: 1.619117, validation acc: 0.868364, validation avg acc: 0.783669
Train: 173, time: 6.497730, loss: 1.795376, train acc: 0.805297, train avg acc: 0.706500
Validation: 173, time: 6.497730, loss: 1.617525, validation acc: 0.869447, validation avg acc: 0.782018
Train: 174, time: 6.805428, loss: 1.796396, train acc: 0.803903, train avg acc: 0.708079
Validation: 174, time: 6.805428, loss: 1.619205, validation acc: 0.867822, validation avg acc: 0.779055
Train: 175, time: 6.755587, loss: 1.807137, train acc: 0.797514, train avg acc: 0.696231
Validation: 175, time: 6.755587, loss: 1.619202, validation acc: 0.870531, validation avg acc: 0.783054
Train: 176, time: 6.490558, loss: 1.801416, train acc: 0.800534, train avg acc: 0.695225
Validation: 176, time: 6.490558, loss: 1.620433, validation acc: 0.862947, validation avg acc: 0.775362
Train: 177, time: 6.598243, loss: 1.803019, train acc: 0.801580, train avg acc: 0.698102
Validation: 177, time: 6.598243, loss: 1.614619, validation acc: 0.870531, validation avg acc: 0.784440
Train: 178, time: 6.596097, loss: 1.791263, train acc: 0.805994, train avg acc: 0.708781
Validation: 178, time: 6.596097, loss: 1.620705, validation acc: 0.868906, validation avg acc: 0.783679
Train: 179, time: 6.646705, loss: 1.799574, train acc: 0.800186, train avg acc: 0.701205
Validation: 179, time: 6.646705, loss: 1.615830, validation acc: 0.871614, validation avg acc: 0.784205
Train: 180, time: 6.495953, loss: 1.795168, train acc: 0.800883, train avg acc: 0.698550
Validation: 180, time: 6.495953, loss: 1.617128, validation acc: 0.869989, validation avg acc: 0.785677
Train: 181, time: 6.863713, loss: 1.796081, train acc: 0.802625, train avg acc: 0.703461
Validation: 181, time: 6.863713, loss: 1.612250, validation acc: 0.872156, validation avg acc: 0.792029
Train: 182, time: 6.775640, loss: 1.793669, train acc: 0.806691, train avg acc: 0.708988
Validation: 182, time: 6.775640, loss: 1.612081, validation acc: 0.869989, validation avg acc: 0.782335
Train: 183, time: 6.674833, loss: 1.785165, train acc: 0.806691, train avg acc: 0.711408
Validation: 183, time: 6.674833, loss: 1.616560, validation acc: 0.868364, validation avg acc: 0.779821
Train: 184, time: 6.453689, loss: 1.786835, train acc: 0.808783, train avg acc: 0.711685
Validation: 184, time: 6.453689, loss: 1.612844, validation acc: 0.869447, validation avg acc: 0.779759
Train: 185, time: 6.897841, loss: 1.789798, train acc: 0.803787, train avg acc: 0.701257
Validation: 185, time: 6.897841, loss: 1.613624, validation acc: 0.868906, validation avg acc: 0.782774
Train: 186, time: 6.834420, loss: 1.790390, train acc: 0.801928, train avg acc: 0.704481
Validation: 186, time: 6.834420, loss: 1.610549, validation acc: 0.870531, validation avg acc: 0.786559
Train: 187, time: 6.805798, loss: 1.789990, train acc: 0.806808, train avg acc: 0.711785
Validation: 187, time: 6.805798, loss: 1.614540, validation acc: 0.869447, validation avg acc: 0.783925
Train: 188, time: 6.885849, loss: 1.781799, train acc: 0.809247, train avg acc: 0.715642
Validation: 188, time: 6.885849, loss: 1.614145, validation acc: 0.870531, validation avg acc: 0.792318
Train: 189, time: 6.697389, loss: 1.792589, train acc: 0.806343, train avg acc: 0.706520
Validation: 189, time: 6.697389, loss: 1.608679, validation acc: 0.870531, validation avg acc: 0.786751
Train: 190, time: 6.678219, loss: 1.784451, train acc: 0.808318, train avg acc: 0.710374
Validation: 190, time: 6.678219, loss: 1.613221, validation acc: 0.872156, validation avg acc: 0.785747
Train: 191, time: 6.866719, loss: 1.788348, train acc: 0.807388, train avg acc: 0.706723
Validation: 191, time: 6.866719, loss: 1.610495, validation acc: 0.871073, validation avg acc: 0.786872
Train: 192, time: 6.505529, loss: 1.788299, train acc: 0.808318, train avg acc: 0.710409
Validation: 192, time: 6.505529, loss: 1.610168, validation acc: 0.874323, validation avg acc: 0.789963
Train: 193, time: 6.754726, loss: 1.783510, train acc: 0.812035, train avg acc: 0.717117
Validation: 193, time: 6.754726, loss: 1.606104, validation acc: 0.873781, validation avg acc: 0.790844
Train: 194, time: 6.759258, loss: 1.785002, train acc: 0.807737, train avg acc: 0.713746
Validation: 194, time: 6.759258, loss: 1.611758, validation acc: 0.873239, validation avg acc: 0.790067
Train: 195, time: 6.527904, loss: 1.785826, train acc: 0.804020, train avg acc: 0.709199
Validation: 195, time: 6.527904, loss: 1.604506, validation acc: 0.874865, validation avg acc: 0.792139
Train: 196, time: 6.639029, loss: 1.781325, train acc: 0.809015, train avg acc: 0.710950
Validation: 196, time: 6.639029, loss: 1.606677, validation acc: 0.871073, validation avg acc: 0.790634
Train: 197, time: 6.910848, loss: 1.780469, train acc: 0.812035, train avg acc: 0.714020
Validation: 197, time: 6.910848, loss: 1.613077, validation acc: 0.869989, validation avg acc: 0.782942
Train: 198, time: 6.668222, loss: 1.779699, train acc: 0.805297, train avg acc: 0.707089
Validation: 198, time: 6.668222, loss: 1.605316, validation acc: 0.872156, validation avg acc: 0.789066
Train: 199, time: 6.578932, loss: 1.781812, train acc: 0.808434, train avg acc: 0.709958
Validation: 199, time: 6.578932, loss: 1.609090, validation acc: 0.871614, validation avg acc: 0.783193
Train: 200, time: 6.679403, loss: 1.778275, train acc: 0.811222, train avg acc: 0.716232
Validation: 200, time: 6.679403, loss: 1.603276, validation acc: 0.869989, validation avg acc: 0.786185
Train: 201, time: 6.778081, loss: 1.782099, train acc: 0.810757, train avg acc: 0.711020
Validation: 201, time: 6.778081, loss: 1.604340, validation acc: 0.872156, validation avg acc: 0.791815
Train: 202, time: 6.688976, loss: 1.782223, train acc: 0.810874, train avg acc: 0.714373
Validation: 202, time: 6.688976, loss: 1.603498, validation acc: 0.873239, validation avg acc: 0.793236
Train: 203, time: 6.721167, loss: 1.773112, train acc: 0.815520, train avg acc: 0.719071
Validation: 203, time: 6.721167, loss: 1.603484, validation acc: 0.873239, validation avg acc: 0.786142
Train: 204, time: 6.603515, loss: 1.778871, train acc: 0.809363, train avg acc: 0.709889
Validation: 204, time: 6.603515, loss: 1.599987, validation acc: 0.873781, validation avg acc: 0.788047
Train: 205, time: 6.586501, loss: 1.780658, train acc: 0.812965, train avg acc: 0.719307
Validation: 205, time: 6.586501, loss: 1.605971, validation acc: 0.870531, validation avg acc: 0.785392
Train: 206, time: 6.419571, loss: 1.779147, train acc: 0.809363, train avg acc: 0.715685
Validation: 206, time: 6.419571, loss: 1.603293, validation acc: 0.870531, validation avg acc: 0.781256
Train: 207, time: 6.571072, loss: 1.776914, train acc: 0.808899, train avg acc: 0.712673
Validation: 207, time: 6.571072, loss: 1.600374, validation acc: 0.873781, validation avg acc: 0.790135
Train: 208, time: 6.940662, loss: 1.778649, train acc: 0.813197, train avg acc: 0.720846
Validation: 208, time: 6.940662, loss: 1.599835, validation acc: 0.875948, validation avg acc: 0.793241
Train: 209, time: 6.809487, loss: 1.771158, train acc: 0.815637, train avg acc: 0.721674
Validation: 209, time: 6.809487, loss: 1.601272, validation acc: 0.877031, validation avg acc: 0.797163
Train: 210, time: 6.764275, loss: 1.779388, train acc: 0.810525, train avg acc: 0.715336
Validation: 210, time: 6.764275, loss: 1.602227, validation acc: 0.873239, validation avg acc: 0.791115
Train: 211, time: 6.677026, loss: 1.770988, train acc: 0.815869, train avg acc: 0.716755
Validation: 211, time: 6.677026, loss: 1.601400, validation acc: 0.869447, validation avg acc: 0.783017
Train: 212, time: 6.696728, loss: 1.776791, train acc: 0.812616, train avg acc: 0.717162
Validation: 212, time: 6.696728, loss: 1.602007, validation acc: 0.872698, validation avg acc: 0.793721
Train: 213, time: 6.660512, loss: 1.774700, train acc: 0.813197, train avg acc: 0.719384
Validation: 213, time: 6.660512, loss: 1.604363, validation acc: 0.873781, validation avg acc: 0.797877
Train: 214, time: 6.683202, loss: 1.770349, train acc: 0.813894, train avg acc: 0.718481
Validation: 214, time: 6.683202, loss: 1.598141, validation acc: 0.874865, validation avg acc: 0.792543
Train: 215, time: 6.769213, loss: 1.773824, train acc: 0.812616, train avg acc: 0.714854
Validation: 215, time: 6.769213, loss: 1.598339, validation acc: 0.872698, validation avg acc: 0.789117
Train: 216, time: 6.745557, loss: 1.765138, train acc: 0.813662, train avg acc: 0.718124
Validation: 216, time: 6.745557, loss: 1.595257, validation acc: 0.874323, validation avg acc: 0.791605
Train: 217, time: 6.719110, loss: 1.769707, train acc: 0.816101, train avg acc: 0.719317
Validation: 217, time: 6.719110, loss: 1.599361, validation acc: 0.875948, validation avg acc: 0.794380
Train: 218, time: 6.783320, loss: 1.771088, train acc: 0.814591, train avg acc: 0.722225
Validation: 218, time: 6.783320, loss: 1.594287, validation acc: 0.874323, validation avg acc: 0.792263
Train: 219, time: 6.673250, loss: 1.777064, train acc: 0.807969, train avg acc: 0.715513
Validation: 219, time: 6.673250, loss: 1.597244, validation acc: 0.873781, validation avg acc: 0.789879
Train: 220, time: 6.726401, loss: 1.766331, train acc: 0.818309, train avg acc: 0.722695
Validation: 220, time: 6.726401, loss: 1.593754, validation acc: 0.875948, validation avg acc: 0.798528
Train: 221, time: 6.749347, loss: 1.770029, train acc: 0.812268, train avg acc: 0.721470
Validation: 221, time: 6.749347, loss: 1.600062, validation acc: 0.874865, validation avg acc: 0.790570
Train: 222, time: 6.712394, loss: 1.769481, train acc: 0.815172, train avg acc: 0.727588
Validation: 222, time: 6.712394, loss: 1.593683, validation acc: 0.874323, validation avg acc: 0.790406
Train: 223, time: 6.730016, loss: 1.765118, train acc: 0.817844, train avg acc: 0.724630
Validation: 223, time: 6.730016, loss: 1.593015, validation acc: 0.878657, validation avg acc: 0.799758
Train: 224, time: 6.684063, loss: 1.766943, train acc: 0.814243, train avg acc: 0.718670
Validation: 224, time: 6.684063, loss: 1.592311, validation acc: 0.877031, validation avg acc: 0.793848
Train: 225, time: 6.683894, loss: 1.759072, train acc: 0.817031, train avg acc: 0.723374
Validation: 225, time: 6.683894, loss: 1.592386, validation acc: 0.878657, validation avg acc: 0.800103
Train: 226, time: 6.767256, loss: 1.764722, train acc: 0.816914, train avg acc: 0.723786
Validation: 226, time: 6.767256, loss: 1.595216, validation acc: 0.878657, validation avg acc: 0.798404
Train: 227, time: 6.569790, loss: 1.765885, train acc: 0.818425, train avg acc: 0.724281
Validation: 227, time: 6.569790, loss: 1.602995, validation acc: 0.873239, validation avg acc: 0.791049
Train: 228, time: 6.486917, loss: 1.765418, train acc: 0.815753, train avg acc: 0.722351
Validation: 228, time: 6.486917, loss: 1.593617, validation acc: 0.878115, validation avg acc: 0.793870
Train: 229, time: 6.767502, loss: 1.756175, train acc: 0.822839, train avg acc: 0.734304
Validation: 229, time: 6.767502, loss: 1.595490, validation acc: 0.872698, validation avg acc: 0.794946
Train: 230, time: 6.788200, loss: 1.760771, train acc: 0.819470, train avg acc: 0.727015
Validation: 230, time: 6.788200, loss: 1.593319, validation acc: 0.880282, validation avg acc: 0.799707
Train: 231, time: 6.705637, loss: 1.767348, train acc: 0.812035, train avg acc: 0.719177
Validation: 231, time: 6.705637, loss: 1.588862, validation acc: 0.874865, validation avg acc: 0.790049
Train: 232, time: 6.588379, loss: 1.758690, train acc: 0.818425, train avg acc: 0.721648
Validation: 232, time: 6.588379, loss: 1.590725, validation acc: 0.880282, validation avg acc: 0.796342
Train: 233, time: 6.648794, loss: 1.761458, train acc: 0.813778, train avg acc: 0.720489
Validation: 233, time: 6.648794, loss: 1.590847, validation acc: 0.881907, validation avg acc: 0.807643
Train: 234, time: 6.579638, loss: 1.759823, train acc: 0.817147, train avg acc: 0.725617
Validation: 234, time: 6.579638, loss: 1.591371, validation acc: 0.877573, validation avg acc: 0.798450
Train: 235, time: 6.507710, loss: 1.763010, train acc: 0.819122, train avg acc: 0.727292
Validation: 235, time: 6.507710, loss: 1.592550, validation acc: 0.874865, validation avg acc: 0.795472
Train: 236, time: 6.820109, loss: 1.754007, train acc: 0.823652, train avg acc: 0.733248
Validation: 236, time: 6.820109, loss: 1.587244, validation acc: 0.880823, validation avg acc: 0.800382
Train: 237, time: 6.708349, loss: 1.750179, train acc: 0.824349, train avg acc: 0.730098
Validation: 237, time: 6.708349, loss: 1.590343, validation acc: 0.872698, validation avg acc: 0.787960
Train: 238, time: 6.521978, loss: 1.756701, train acc: 0.820632, train avg acc: 0.729809
Validation: 238, time: 6.521978, loss: 1.590708, validation acc: 0.873239, validation avg acc: 0.793402
Train: 239, time: 6.659360, loss: 1.754470, train acc: 0.819703, train avg acc: 0.723354
Validation: 239, time: 6.659360, loss: 1.590515, validation acc: 0.883532, validation avg acc: 0.804175
Train: 240, time: 6.589598, loss: 1.754343, train acc: 0.820632, train avg acc: 0.727597
Validation: 240, time: 6.589598, loss: 1.590873, validation acc: 0.879740, validation avg acc: 0.800500
Train: 241, time: 6.648578, loss: 1.750657, train acc: 0.818192, train avg acc: 0.726978
Validation: 241, time: 6.648578, loss: 1.587149, validation acc: 0.880282, validation avg acc: 0.801054
Train: 242, time: 6.673143, loss: 1.756283, train acc: 0.816566, train avg acc: 0.725418
Validation: 242, time: 6.673143, loss: 1.586447, validation acc: 0.877573, validation avg acc: 0.794234
Train: 243, time: 6.593786, loss: 1.752699, train acc: 0.821329, train avg acc: 0.729889
Validation: 243, time: 6.593786, loss: 1.589674, validation acc: 0.879740, validation avg acc: 0.805159
Train: 244, time: 6.786650, loss: 1.753714, train acc: 0.820167, train avg acc: 0.728805
Validation: 244, time: 6.786650, loss: 1.584548, validation acc: 0.881365, validation avg acc: 0.807127
Train: 245, time: 6.689349, loss: 1.751160, train acc: 0.823885, train avg acc: 0.728211
Validation: 245, time: 6.689349, loss: 1.584894, validation acc: 0.881907, validation avg acc: 0.802005
Train: 246, time: 6.689326, loss: 1.750621, train acc: 0.821097, train avg acc: 0.731422
Validation: 246, time: 6.689326, loss: 1.584427, validation acc: 0.881365, validation avg acc: 0.802465
Train: 247, time: 6.664276, loss: 1.758723, train acc: 0.815637, train avg acc: 0.718805
Validation: 247, time: 6.664276, loss: 1.583386, validation acc: 0.880282, validation avg acc: 0.803413
Train: 248, time: 6.668208, loss: 1.752601, train acc: 0.823420, train avg acc: 0.727878
Validation: 248, time: 6.668208, loss: 1.586311, validation acc: 0.877573, validation avg acc: 0.798575
Train: 249, time: 6.790007, loss: 1.752794, train acc: 0.821329, train avg acc: 0.728772
Validation: 249, time: 6.790007, loss: 1.586623, validation acc: 0.884074, validation avg acc: 0.805239
Train: 250, time: 6.670463, loss: 1.743640, train acc: 0.824117, train avg acc: 0.733119
Validation: 250, time: 6.670463, loss: 1.588434, validation acc: 0.875406, validation avg acc: 0.795116
Train: 251, time: 6.702753, loss: 1.743594, train acc: 0.827835, train avg acc: 0.740962
Validation: 251, time: 6.702753, loss: 1.584703, validation acc: 0.881365, validation avg acc: 0.803391
Train: 252, time: 6.689805, loss: 1.745348, train acc: 0.824001, train avg acc: 0.739211
Validation: 252, time: 6.689805, loss: 1.583411, validation acc: 0.878115, validation avg acc: 0.802422
Train: 253, time: 6.851693, loss: 1.743520, train acc: 0.826905, train avg acc: 0.736801
Validation: 253, time: 6.851693, loss: 1.583807, validation acc: 0.881907, validation avg acc: 0.807244
Train: 254, time: 6.697657, loss: 1.746751, train acc: 0.822258, train avg acc: 0.733518
Validation: 254, time: 6.697657, loss: 1.581260, validation acc: 0.882990, validation avg acc: 0.803606
Train: 255, time: 6.678786, loss: 1.747088, train acc: 0.822839, train avg acc: 0.732339
Validation: 255, time: 6.678786, loss: 1.584426, validation acc: 0.882990, validation avg acc: 0.807993
Train: 256, time: 6.672074, loss: 1.744688, train acc: 0.822723, train avg acc: 0.729476
Validation: 256, time: 6.672074, loss: 1.582337, validation acc: 0.879740, validation avg acc: 0.805677
Train: 257, time: 6.680101, loss: 1.740066, train acc: 0.825046, train avg acc: 0.737670
Validation: 257, time: 6.680101, loss: 1.582523, validation acc: 0.881365, validation avg acc: 0.800903
Train: 258, time: 6.862629, loss: 1.754532, train acc: 0.819122, train avg acc: 0.729355
Validation: 258, time: 6.862629, loss: 1.580012, validation acc: 0.881907, validation avg acc: 0.807367
Train: 259, time: 6.901031, loss: 1.744857, train acc: 0.828996, train avg acc: 0.737108
Validation: 259, time: 6.901031, loss: 1.583577, validation acc: 0.881907, validation avg acc: 0.805618
Train: 260, time: 6.766425, loss: 1.741888, train acc: 0.824466, train avg acc: 0.734087
Validation: 260, time: 6.766425, loss: 1.582274, validation acc: 0.881365, validation avg acc: 0.807619
Train: 261, time: 6.812526, loss: 1.746815, train acc: 0.823072, train avg acc: 0.728174
Validation: 261, time: 6.812526, loss: 1.579277, validation acc: 0.883532, validation avg acc: 0.814120
Train: 262, time: 6.879955, loss: 1.737340, train acc: 0.826208, train avg acc: 0.736614
Validation: 262, time: 6.879955, loss: 1.578968, validation acc: 0.883532, validation avg acc: 0.803898
Train: 263, time: 6.757738, loss: 1.740249, train acc: 0.822026, train avg acc: 0.727404
Validation: 263, time: 6.757738, loss: 1.579904, validation acc: 0.882990, validation avg acc: 0.809245
Train: 264, time: 6.776761, loss: 1.743033, train acc: 0.827138, train avg acc: 0.737899
Validation: 264, time: 6.776761, loss: 1.578851, validation acc: 0.877573, validation avg acc: 0.801541
Train: 265, time: 6.809461, loss: 1.741578, train acc: 0.829693, train avg acc: 0.744505
Validation: 265, time: 6.809461, loss: 1.583812, validation acc: 0.882449, validation avg acc: 0.806398
Train: 266, time: 6.741049, loss: 1.744626, train acc: 0.821678, train avg acc: 0.735161
Validation: 266, time: 6.741049, loss: 1.577332, validation acc: 0.882990, validation avg acc: 0.803238
Train: 267, time: 6.680448, loss: 1.737734, train acc: 0.826441, train avg acc: 0.737936
Validation: 267, time: 6.680448, loss: 1.579692, validation acc: 0.881365, validation avg acc: 0.808764
Train: 268, time: 6.867796, loss: 1.740942, train acc: 0.827486, train avg acc: 0.736049
Validation: 268, time: 6.867796, loss: 1.577317, validation acc: 0.881907, validation avg acc: 0.801800
Train: 269, time: 6.685017, loss: 1.737561, train acc: 0.826905, train avg acc: 0.736723
Validation: 269, time: 6.685017, loss: 1.576846, validation acc: 0.890033, validation avg acc: 0.819513
Train: 270, time: 6.777444, loss: 1.741982, train acc: 0.827021, train avg acc: 0.740882
Validation: 270, time: 6.777444, loss: 1.580838, validation acc: 0.880282, validation avg acc: 0.798872
Train: 271, time: 6.837245, loss: 1.739357, train acc: 0.823769, train avg acc: 0.737620
Validation: 271, time: 6.837245, loss: 1.580731, validation acc: 0.884615, validation avg acc: 0.809300
Train: 272, time: 6.762828, loss: 1.745444, train acc: 0.828880, train avg acc: 0.738523
Validation: 272, time: 6.762828, loss: 1.575205, validation acc: 0.886782, validation avg acc: 0.812705
Train: 273, time: 6.882489, loss: 1.742204, train acc: 0.825860, train avg acc: 0.736594
Validation: 273, time: 6.882489, loss: 1.577151, validation acc: 0.882990, validation avg acc: 0.808281
Train: 274, time: 6.637848, loss: 1.738543, train acc: 0.826789, train avg acc: 0.737302
Validation: 274, time: 6.637848, loss: 1.571783, validation acc: 0.886241, validation avg acc: 0.813179
Train: 275, time: 6.669768, loss: 1.731362, train acc: 0.830623, train avg acc: 0.742411
Validation: 275, time: 6.669768, loss: 1.573276, validation acc: 0.886782, validation avg acc: 0.808496
Train: 276, time: 6.795804, loss: 1.736856, train acc: 0.825279, train avg acc: 0.735292
Validation: 276, time: 6.795804, loss: 1.579123, validation acc: 0.882449, validation avg acc: 0.802152
Train: 277, time: 6.745314, loss: 1.738689, train acc: 0.826092, train avg acc: 0.736845
Validation: 277, time: 6.745314, loss: 1.573315, validation acc: 0.879198, validation avg acc: 0.800367
Train: 278, time: 6.943975, loss: 1.731273, train acc: 0.828648, train avg acc: 0.738120
Validation: 278, time: 6.943975, loss: 1.574527, validation acc: 0.884615, validation avg acc: 0.813357
Train: 279, time: 6.889958, loss: 1.730684, train acc: 0.830158, train avg acc: 0.741110
Validation: 279, time: 6.889958, loss: 1.579170, validation acc: 0.884074, validation avg acc: 0.808473
Train: 280, time: 6.833808, loss: 1.736554, train acc: 0.828532, train avg acc: 0.742876
Validation: 280, time: 6.833808, loss: 1.577386, validation acc: 0.881907, validation avg acc: 0.796035
Train: 281, time: 6.684497, loss: 1.730043, train acc: 0.830623, train avg acc: 0.740564
Validation: 281, time: 6.684497, loss: 1.575584, validation acc: 0.885699, validation avg acc: 0.811052
Train: 282, time: 6.697984, loss: 1.732665, train acc: 0.827254, train avg acc: 0.739709
Validation: 282, time: 6.697984, loss: 1.577038, validation acc: 0.883532, validation avg acc: 0.803603
Train: 283, time: 6.604429, loss: 1.734627, train acc: 0.825743, train avg acc: 0.735082
Validation: 283, time: 6.604429, loss: 1.575632, validation acc: 0.881907, validation avg acc: 0.800785
Train: 284, time: 6.644703, loss: 1.735169, train acc: 0.832830, train avg acc: 0.744318
Validation: 284, time: 6.644703, loss: 1.577299, validation acc: 0.886241, validation avg acc: 0.805020
Train: 285, time: 6.603085, loss: 1.738773, train acc: 0.825395, train avg acc: 0.732884
Validation: 285, time: 6.603085, loss: 1.578783, validation acc: 0.883532, validation avg acc: 0.809089
Train: 286, time: 6.895263, loss: 1.728848, train acc: 0.829926, train avg acc: 0.746282
Validation: 286, time: 6.895263, loss: 1.575980, validation acc: 0.884615, validation avg acc: 0.806310
Train: 287, time: 6.858341, loss: 1.734540, train acc: 0.828764, train avg acc: 0.740950
Validation: 287, time: 6.858341, loss: 1.572800, validation acc: 0.891116, validation avg acc: 0.818647
Train: 288, time: 6.951742, loss: 1.738383, train acc: 0.822839, train avg acc: 0.732569
Validation: 288, time: 6.951742, loss: 1.575411, validation acc: 0.885699, validation avg acc: 0.811614
Train: 289, time: 6.794360, loss: 1.733390, train acc: 0.829926, train avg acc: 0.742365
Validation: 289, time: 6.794360, loss: 1.576650, validation acc: 0.882449, validation avg acc: 0.800228
Train: 290, time: 6.858956, loss: 1.726320, train acc: 0.830739, train avg acc: 0.742873
Validation: 290, time: 6.858956, loss: 1.578674, validation acc: 0.882990, validation avg acc: 0.804237
Train: 291, time: 6.789977, loss: 1.736759, train acc: 0.827138, train avg acc: 0.741619
Validation: 291, time: 6.789977, loss: 1.576068, validation acc: 0.884615, validation avg acc: 0.808768
Train: 292, time: 6.897624, loss: 1.730560, train acc: 0.826441, train avg acc: 0.739079
Validation: 292, time: 6.897624, loss: 1.576151, validation acc: 0.883532, validation avg acc: 0.800920
Train: 293, time: 6.998986, loss: 1.727175, train acc: 0.838058, train avg acc: 0.753638
Validation: 293, time: 6.998986, loss: 1.572365, validation acc: 0.885157, validation avg acc: 0.812184
Train: 294, time: 6.595827, loss: 1.731879, train acc: 0.830042, train avg acc: 0.744352
Validation: 294, time: 6.595827, loss: 1.572957, validation acc: 0.886241, validation avg acc: 0.811128
Train: 295, time: 6.676303, loss: 1.730263, train acc: 0.829577, train avg acc: 0.743480
Validation: 295, time: 6.676303, loss: 1.571484, validation acc: 0.885699, validation avg acc: 0.816312
Train: 296, time: 6.912813, loss: 1.729529, train acc: 0.833178, train avg acc: 0.745512
Validation: 296, time: 6.912813, loss: 1.569620, validation acc: 0.886241, validation avg acc: 0.808428
Train: 297, time: 7.027534, loss: 1.730952, train acc: 0.832017, train avg acc: 0.743855
Validation: 297, time: 7.027534, loss: 1.568265, validation acc: 0.887866, validation avg acc: 0.817451
Train: 298, time: 6.877338, loss: 1.732235, train acc: 0.828880, train avg acc: 0.739447
Validation: 298, time: 6.877338, loss: 1.565704, validation acc: 0.885157, validation avg acc: 0.813038
Train: 299, time: 6.718258, loss: 1.719946, train acc: 0.838290, train avg acc: 0.751129
Validation: 299, time: 6.718258, loss: 1.572125, validation acc: 0.887324, validation avg acc: 0.813654
====================================================================
TEST:: test acc: 0.878722, test avg acc: 0.810614
