MADGCNN(
  (bn1): BatchNorm2d(64, eps=1e-05, momentum=0.1, affine=True, track_running_stats=True)
  (bn2): BatchNorm2d(64, eps=1e-05, momentum=0.1, affine=True, track_running_stats=True)
  (bn3): BatchNorm2d(128, eps=1e-05, momentum=0.1, affine=True, track_running_stats=True)
  (bn4): BatchNorm2d(256, eps=1e-05, momentum=0.1, affine=True, track_running_stats=True)
  (bn5): BatchNorm1d(1024, eps=1e-05, momentum=0.1, affine=True, track_running_stats=True)
  (bn1_att): BatchNorm1d(64, eps=1e-05, momentum=0.1, affine=True, track_running_stats=True)
  (bn2_att): BatchNorm1d(64, eps=1e-05, momentum=0.1, affine=True, track_running_stats=True)
  (bn3_att): BatchNorm1d(128, eps=1e-05, momentum=0.1, affine=True, track_running_stats=True)
  (bn4_att): BatchNorm1d(256, eps=1e-05, momentum=0.1, affine=True, track_running_stats=True)
  (attn1): MultiheadAttention(
    (out_proj): NonDynamicallyQuantizableLinear(in_features=64, out_features=64, bias=True)
  )
  (attn2): MultiheadAttention(
    (out_proj): NonDynamicallyQuantizableLinear(in_features=64, out_features=64, bias=True)
  )
  (attn3): MultiheadAttention(
    (out_proj): NonDynamicallyQuantizableLinear(in_features=128, out_features=128, bias=True)
  )
  (attn4): MultiheadAttention(
    (out_proj): NonDynamicallyQuantizableLinear(in_features=256, out_features=256, bias=True)
  )
  (conv1): Sequential(
    (0): Conv2d(6, 64, kernel_size=(1, 1), stride=(1, 1), bias=False)
    (1): BatchNorm2d(64, eps=1e-05, momentum=0.1, affine=True, track_running_stats=True)
    (2): LeakyReLU(negative_slope=0.2)
  )
  (conv2): Sequential(
    (0): Conv2d(128, 64, kernel_size=(1, 1), stride=(1, 1), bias=False)
    (1): BatchNorm2d(64, eps=1e-05, momentum=0.1, affine=True, track_running_stats=True)
    (2): LeakyReLU(negative_slope=0.2)
  )
  (conv3): Sequential(
    (0): Conv2d(128, 128, kernel_size=(1, 1), stride=(1, 1), bias=False)
    (1): BatchNorm2d(128, eps=1e-05, momentum=0.1, affine=True, track_running_stats=True)
    (2): LeakyReLU(negative_slope=0.2)
  )
  (conv4): Sequential(
    (0): Conv2d(256, 256, kernel_size=(1, 1), stride=(1, 1), bias=False)
    (1): BatchNorm2d(256, eps=1e-05, momentum=0.1, affine=True, track_running_stats=True)
    (2): LeakyReLU(negative_slope=0.2)
  )
  (conv5): Sequential(
    (0): Conv1d(512, 1024, kernel_size=(1,), stride=(1,), bias=False)
    (1): BatchNorm1d(1024, eps=1e-05, momentum=0.1, affine=True, track_running_stats=True)
    (2): LeakyReLU(negative_slope=0.2)
  )
  (linear1): Linear(in_features=2048, out_features=512, bias=False)
  (bn6): BatchNorm1d(512, eps=1e-05, momentum=0.1, affine=True, track_running_stats=True)
  (dp1): Dropout(p=0.5, inplace=False)
  (linear2): Linear(in_features=512, out_features=256, bias=True)
  (bn7): BatchNorm1d(256, eps=1e-05, momentum=0.1, affine=True, track_running_stats=True)
  (dp2): Dropout(p=0.5, inplace=False)
  (linear3): Linear(in_features=256, out_features=40, bias=True)
)
Train: 0, time: 47.051378, loss: 2.672308, train acc: 0.447258, train avg acc: 0.283604
Validation: 0, time: 47.051378, loss: 2.200698, validation acc: 0.648971, validation avg acc: 0.466840
Train: 1, time: 47.648954, loss: 2.195519, train acc: 0.635920, train avg acc: 0.470141
Validation: 1, time: 47.648954, loss: 1.857382, validation acc: 0.790358, validation avg acc: 0.652806
Train: 2, time: 47.672204, loss: 2.036234, train acc: 0.716775, train avg acc: 0.577518
Validation: 2, time: 47.672204, loss: 1.786376, validation acc: 0.803359, validation avg acc: 0.678279
Train: 3, time: 47.674922, loss: 1.951708, train acc: 0.746863, train avg acc: 0.619514
Validation: 3, time: 47.674922, loss: 1.735076, validation acc: 0.838028, validation avg acc: 0.748702
Train: 4, time: 47.683705, loss: 1.895145, train acc: 0.770098, train avg acc: 0.650539
Validation: 4, time: 47.683705, loss: 1.705710, validation acc: 0.847779, validation avg acc: 0.749102
Train: 5, time: 47.794565, loss: 1.857470, train acc: 0.787175, train avg acc: 0.674792
Validation: 5, time: 47.794565, loss: 1.665271, validation acc: 0.859155, validation avg acc: 0.776561
Train: 6, time: 48.125651, loss: 1.815744, train acc: 0.807388, train avg acc: 0.698551
Validation: 6, time: 48.125651, loss: 1.615402, validation acc: 0.877031, validation avg acc: 0.799503
Train: 7, time: 47.850669, loss: 1.782234, train acc: 0.824117, train avg acc: 0.724178
Validation: 7, time: 47.850669, loss: 1.624394, validation acc: 0.873781, validation avg acc: 0.791292
Train: 8, time: 47.427587, loss: 1.765975, train acc: 0.830971, train avg acc: 0.736166
Validation: 8, time: 47.427587, loss: 1.607287, validation acc: 0.882449, validation avg acc: 0.818679
Train: 9, time: 47.528767, loss: 1.743646, train acc: 0.835270, train avg acc: 0.744289
Validation: 9, time: 47.528767, loss: 1.594954, validation acc: 0.889491, validation avg acc: 0.831111
Train: 10, time: 47.813357, loss: 1.727762, train acc: 0.839568, train avg acc: 0.748055
Validation: 10, time: 47.813357, loss: 1.563640, validation acc: 0.904117, validation avg acc: 0.852209
Train: 11, time: 47.768871, loss: 1.714749, train acc: 0.847816, train avg acc: 0.762644
Validation: 11, time: 47.768871, loss: 1.555278, validation acc: 0.900325, validation avg acc: 0.844435
Train: 12, time: 47.736478, loss: 1.693890, train acc: 0.855948, train avg acc: 0.774633
Validation: 12, time: 47.736478, loss: 1.570211, validation acc: 0.891116, validation avg acc: 0.827331
Train: 13, time: 48.003708, loss: 1.688990, train acc: 0.860362, train avg acc: 0.782817
Validation: 13, time: 48.003708, loss: 1.553802, validation acc: 0.904659, validation avg acc: 0.856718
Train: 14, time: 47.869275, loss: 1.674628, train acc: 0.862570, train avg acc: 0.787790
Validation: 14, time: 47.869275, loss: 1.533116, validation acc: 0.905742, validation avg acc: 0.848799
Train: 15, time: 47.831573, loss: 1.662361, train acc: 0.870353, train avg acc: 0.796376
Validation: 15, time: 47.831573, loss: 1.525233, validation acc: 0.907367, validation avg acc: 0.862394
Train: 16, time: 47.716830, loss: 1.655693, train acc: 0.873257, train avg acc: 0.802883
Validation: 16, time: 47.716830, loss: 1.527302, validation acc: 0.910618, validation avg acc: 0.867582
Train: 17, time: 47.731143, loss: 1.647796, train acc: 0.874303, train avg acc: 0.804436
Validation: 17, time: 47.731143, loss: 1.516848, validation acc: 0.910618, validation avg acc: 0.864456
Train: 18, time: 47.807183, loss: 1.638584, train acc: 0.879298, train avg acc: 0.814647
Validation: 18, time: 47.807183, loss: 1.525633, validation acc: 0.913868, validation avg acc: 0.866240
Train: 19, time: 47.720980, loss: 1.634627, train acc: 0.875813, train avg acc: 0.804903
Validation: 19, time: 47.720980, loss: 1.525893, validation acc: 0.914410, validation avg acc: 0.872485
Train: 20, time: 47.783538, loss: 1.619537, train acc: 0.883829, train avg acc: 0.817182
Validation: 20, time: 47.783538, loss: 1.513701, validation acc: 0.912784, validation avg acc: 0.863034
Train: 21, time: 47.893503, loss: 1.610697, train acc: 0.889289, train avg acc: 0.823374
Validation: 21, time: 47.893503, loss: 1.509724, validation acc: 0.916035, validation avg acc: 0.874891
Train: 22, time: 47.664756, loss: 1.610070, train acc: 0.889870, train avg acc: 0.827634
Validation: 22, time: 47.664756, loss: 1.500085, validation acc: 0.920368, validation avg acc: 0.875899
Train: 23, time: 47.710999, loss: 1.598459, train acc: 0.893239, train avg acc: 0.831044
Validation: 23, time: 47.710999, loss: 1.497526, validation acc: 0.914410, validation avg acc: 0.869731
Train: 24, time: 48.039060, loss: 1.594259, train acc: 0.897421, train avg acc: 0.838916
Validation: 24, time: 48.039060, loss: 1.500281, validation acc: 0.919285, validation avg acc: 0.875977
Train: 25, time: 47.636373, loss: 1.594601, train acc: 0.896492, train avg acc: 0.839948
Validation: 25, time: 47.636373, loss: 1.500343, validation acc: 0.915493, validation avg acc: 0.875863
Train: 26, time: 47.701779, loss: 1.588756, train acc: 0.899861, train avg acc: 0.841266
Validation: 26, time: 47.701779, loss: 1.487773, validation acc: 0.923077, validation avg acc: 0.877323
Train: 27, time: 47.751535, loss: 1.578614, train acc: 0.903230, train avg acc: 0.848393
Validation: 27, time: 47.751535, loss: 1.475301, validation acc: 0.929036, validation avg acc: 0.881803
Train: 28, time: 47.640414, loss: 1.578866, train acc: 0.896259, train avg acc: 0.837596
Validation: 28, time: 47.640414, loss: 1.490092, validation acc: 0.921452, validation avg acc: 0.881949
Train: 29, time: 47.701064, loss: 1.563985, train acc: 0.910781, train avg acc: 0.860929
Validation: 29, time: 47.701064, loss: 1.485532, validation acc: 0.922535, validation avg acc: 0.885782
Train: 30, time: 47.611352, loss: 1.570920, train acc: 0.905437, train avg acc: 0.848101
Validation: 30, time: 47.611352, loss: 1.486303, validation acc: 0.919827, validation avg acc: 0.869768
Train: 31, time: 47.673832, loss: 1.563146, train acc: 0.907876, train avg acc: 0.851145
Validation: 31, time: 47.673832, loss: 1.474495, validation acc: 0.925244, validation avg acc: 0.879581
Train: 32, time: 47.387251, loss: 1.559322, train acc: 0.906947, train avg acc: 0.854480
Validation: 32, time: 47.387251, loss: 1.469559, validation acc: 0.921993, validation avg acc: 0.887487
Train: 33, time: 47.416684, loss: 1.551870, train acc: 0.911362, train avg acc: 0.859792
Validation: 33, time: 47.416684, loss: 1.465458, validation acc: 0.927411, validation avg acc: 0.895158
Train: 34, time: 48.012850, loss: 1.551941, train acc: 0.913917, train avg acc: 0.865764
Validation: 34, time: 48.012850, loss: 1.484136, validation acc: 0.925785, validation avg acc: 0.880844
Train: 35, time: 48.033590, loss: 1.542259, train acc: 0.917751, train avg acc: 0.871576
Validation: 35, time: 48.033590, loss: 1.471187, validation acc: 0.929577, validation avg acc: 0.895405
Train: 36, time: 47.850434, loss: 1.550829, train acc: 0.910316, train avg acc: 0.858941
Validation: 36, time: 47.850434, loss: 1.470834, validation acc: 0.930661, validation avg acc: 0.897680
Train: 37, time: 47.676273, loss: 1.538913, train acc: 0.919145, train avg acc: 0.871008
Validation: 37, time: 47.676273, loss: 1.479810, validation acc: 0.918743, validation avg acc: 0.881991
Train: 38, time: 47.581933, loss: 1.537980, train acc: 0.916241, train avg acc: 0.871186
Validation: 38, time: 47.581933, loss: 1.467604, validation acc: 0.929577, validation avg acc: 0.895929
Train: 39, time: 47.975113, loss: 1.535204, train acc: 0.917751, train avg acc: 0.869893
Validation: 39, time: 47.975113, loss: 1.487363, validation acc: 0.926327, validation avg acc: 0.887193
Train: 40, time: 47.902707, loss: 1.526035, train acc: 0.923095, train avg acc: 0.876974
Validation: 40, time: 47.902707, loss: 1.473801, validation acc: 0.932828, validation avg acc: 0.903480
Train: 41, time: 47.996745, loss: 1.531348, train acc: 0.920539, train avg acc: 0.872556
Validation: 41, time: 47.996745, loss: 1.457152, validation acc: 0.933369, validation avg acc: 0.894650
Train: 42, time: 47.788844, loss: 1.525393, train acc: 0.921120, train avg acc: 0.875523
Validation: 42, time: 47.788844, loss: 1.464734, validation acc: 0.927411, validation avg acc: 0.898012
Train: 43, time: 47.484340, loss: 1.524319, train acc: 0.923443, train avg acc: 0.879364
Validation: 43, time: 47.484340, loss: 1.459199, validation acc: 0.931203, validation avg acc: 0.894996
Train: 44, time: 48.019855, loss: 1.517066, train acc: 0.925070, train avg acc: 0.884502
Validation: 44, time: 48.019855, loss: 1.454057, validation acc: 0.925785, validation avg acc: 0.890732
Train: 45, time: 47.687088, loss: 1.516508, train acc: 0.925999, train avg acc: 0.883882
Validation: 45, time: 47.687088, loss: 1.463127, validation acc: 0.927952, validation avg acc: 0.896290
Train: 46, time: 47.364840, loss: 1.510193, train acc: 0.929949, train avg acc: 0.892469
Validation: 46, time: 47.364840, loss: 1.455463, validation acc: 0.929577, validation avg acc: 0.897306
Train: 47, time: 47.616727, loss: 1.515059, train acc: 0.924373, train avg acc: 0.881080
Validation: 47, time: 47.616727, loss: 1.460081, validation acc: 0.926869, validation avg acc: 0.891287
Train: 48, time: 47.584658, loss: 1.507602, train acc: 0.931343, train avg acc: 0.894380
Validation: 48, time: 47.584658, loss: 1.449869, validation acc: 0.932286, validation avg acc: 0.898464
Train: 49, time: 47.716617, loss: 1.508883, train acc: 0.927393, train avg acc: 0.887192
Validation: 49, time: 47.716617, loss: 1.467959, validation acc: 0.923077, validation avg acc: 0.894642
Train: 50, time: 47.685251, loss: 1.507062, train acc: 0.931575, train avg acc: 0.893278
Validation: 50, time: 47.685251, loss: 1.456026, validation acc: 0.933911, validation avg acc: 0.901836
Train: 51, time: 47.929451, loss: 1.501386, train acc: 0.932388, train avg acc: 0.894484
Validation: 51, time: 47.929451, loss: 1.446529, validation acc: 0.927411, validation avg acc: 0.879200
Train: 52, time: 47.589328, loss: 1.499367, train acc: 0.931808, train avg acc: 0.890834
Validation: 52, time: 47.589328, loss: 1.453568, validation acc: 0.932286, validation avg acc: 0.898237
Train: 53, time: 47.706740, loss: 1.501557, train acc: 0.932621, train avg acc: 0.896962
Validation: 53, time: 47.706740, loss: 1.454877, validation acc: 0.927952, validation avg acc: 0.892213
Train: 54, time: 47.739526, loss: 1.494682, train acc: 0.937849, train avg acc: 0.905525
Validation: 54, time: 47.739526, loss: 1.439963, validation acc: 0.931744, validation avg acc: 0.901703
Train: 55, time: 47.806280, loss: 1.492675, train acc: 0.936919, train avg acc: 0.902359
Validation: 55, time: 47.806280, loss: 1.439095, validation acc: 0.932828, validation avg acc: 0.898840
Train: 56, time: 47.657943, loss: 1.487946, train acc: 0.939359, train avg acc: 0.903800
Validation: 56, time: 47.657943, loss: 1.446603, validation acc: 0.933369, validation avg acc: 0.906466
Train: 57, time: 47.816024, loss: 1.493395, train acc: 0.935525, train avg acc: 0.897041
Validation: 57, time: 47.816024, loss: 1.441971, validation acc: 0.942579, validation avg acc: 0.906824
Train: 58, time: 47.541132, loss: 1.488540, train acc: 0.937500, train avg acc: 0.905042
Validation: 58, time: 47.541132, loss: 1.447596, validation acc: 0.930661, validation avg acc: 0.903137
Train: 59, time: 47.800662, loss: 1.485100, train acc: 0.940056, train avg acc: 0.905855
Validation: 59, time: 47.800662, loss: 1.448933, validation acc: 0.930661, validation avg acc: 0.900074
Train: 60, time: 47.889973, loss: 1.480537, train acc: 0.941566, train avg acc: 0.908706
Validation: 60, time: 47.889973, loss: 1.443759, validation acc: 0.931203, validation avg acc: 0.892652
Train: 61, time: 47.867378, loss: 1.481766, train acc: 0.940520, train avg acc: 0.906886
Validation: 61, time: 47.867378, loss: 1.429500, validation acc: 0.935536, validation avg acc: 0.900160
Train: 62, time: 47.734384, loss: 1.477577, train acc: 0.940520, train avg acc: 0.906374
Validation: 62, time: 47.734384, loss: 1.437346, validation acc: 0.934995, validation avg acc: 0.907148
Train: 63, time: 48.003378, loss: 1.477041, train acc: 0.942379, train avg acc: 0.910033
Validation: 63, time: 48.003378, loss: 1.460914, validation acc: 0.937703, validation avg acc: 0.904343
Train: 64, time: 47.852525, loss: 1.471791, train acc: 0.944819, train avg acc: 0.913314
Validation: 64, time: 47.852525, loss: 1.434732, validation acc: 0.933369, validation avg acc: 0.904104
Train: 65, time: 47.833785, loss: 1.472034, train acc: 0.942147, train avg acc: 0.906982
Validation: 65, time: 47.833785, loss: 1.436722, validation acc: 0.934453, validation avg acc: 0.905491
Train: 66, time: 47.819975, loss: 1.472630, train acc: 0.943076, train avg acc: 0.911643
Validation: 66, time: 47.819975, loss: 1.433060, validation acc: 0.931744, validation avg acc: 0.902998
Train: 67, time: 47.846343, loss: 1.467676, train acc: 0.944238, train avg acc: 0.913790
Validation: 67, time: 47.846343, loss: 1.432670, validation acc: 0.935536, validation avg acc: 0.906078
Train: 68, time: 47.937777, loss: 1.469669, train acc: 0.945516, train avg acc: 0.914577
Validation: 68, time: 47.937777, loss: 1.451877, validation acc: 0.933369, validation avg acc: 0.898420
Train: 69, time: 47.708423, loss: 1.468778, train acc: 0.943657, train avg acc: 0.911958
Validation: 69, time: 47.708423, loss: 1.442096, validation acc: 0.933911, validation avg acc: 0.901391
Train: 70, time: 47.787965, loss: 1.473817, train acc: 0.947607, train avg acc: 0.918625
Validation: 70, time: 47.787965, loss: 1.434729, validation acc: 0.934453, validation avg acc: 0.905176
Train: 71, time: 47.805476, loss: 1.465714, train acc: 0.947026, train avg acc: 0.919078
Validation: 71, time: 47.805476, loss: 1.430963, validation acc: 0.937161, validation avg acc: 0.906105
Train: 72, time: 48.105970, loss: 1.462451, train acc: 0.948885, train avg acc: 0.919456
Validation: 72, time: 48.105970, loss: 1.443264, validation acc: 0.930119, validation avg acc: 0.897537
Train: 73, time: 47.680576, loss: 1.466533, train acc: 0.944819, train avg acc: 0.915010
Validation: 73, time: 47.680576, loss: 1.446113, validation acc: 0.938787, validation avg acc: 0.906767
Train: 74, time: 47.932452, loss: 1.462372, train acc: 0.949117, train avg acc: 0.920306
Validation: 74, time: 47.932452, loss: 1.437724, validation acc: 0.932286, validation avg acc: 0.896536
Train: 75, time: 47.528992, loss: 1.464395, train acc: 0.945283, train avg acc: 0.916894
Validation: 75, time: 47.528992, loss: 1.436986, validation acc: 0.935536, validation avg acc: 0.905161
Train: 76, time: 47.652592, loss: 1.460006, train acc: 0.946910, train avg acc: 0.919626
Validation: 76, time: 47.652592, loss: 1.446685, validation acc: 0.927411, validation avg acc: 0.898125
Train: 77, time: 47.908351, loss: 1.461684, train acc: 0.948652, train avg acc: 0.920931
Validation: 77, time: 47.908351, loss: 1.433577, validation acc: 0.935536, validation avg acc: 0.899133
Train: 78, time: 47.633168, loss: 1.460153, train acc: 0.948420, train avg acc: 0.920169
Validation: 78, time: 47.633168, loss: 1.435413, validation acc: 0.933369, validation avg acc: 0.900900
Train: 79, time: 48.073293, loss: 1.457486, train acc: 0.949814, train avg acc: 0.923362
Validation: 79, time: 48.073293, loss: 1.432339, validation acc: 0.938787, validation avg acc: 0.911075
Train: 80, time: 47.640207, loss: 1.456554, train acc: 0.950860, train avg acc: 0.923757
Validation: 80, time: 47.640207, loss: 1.425151, validation acc: 0.936620, validation avg acc: 0.909246
Train: 81, time: 47.495023, loss: 1.453561, train acc: 0.951673, train avg acc: 0.924310
Validation: 81, time: 47.495023, loss: 1.430851, validation acc: 0.930661, validation avg acc: 0.893954
Train: 82, time: 48.076951, loss: 1.454284, train acc: 0.953648, train avg acc: 0.929571
Validation: 82, time: 48.076951, loss: 1.443420, validation acc: 0.936078, validation avg acc: 0.907257
Train: 83, time: 47.947332, loss: 1.451974, train acc: 0.949582, train avg acc: 0.923157
Validation: 83, time: 47.947332, loss: 1.427736, validation acc: 0.937161, validation avg acc: 0.904050
Train: 84, time: 48.228195, loss: 1.452596, train acc: 0.950976, train avg acc: 0.927312
Validation: 84, time: 48.228195, loss: 1.431753, validation acc: 0.932828, validation avg acc: 0.904396
Train: 85, time: 47.938912, loss: 1.452592, train acc: 0.951324, train avg acc: 0.922564
Validation: 85, time: 47.938912, loss: 1.425681, validation acc: 0.940412, validation avg acc: 0.911113
Train: 86, time: 47.473993, loss: 1.448784, train acc: 0.953996, train avg acc: 0.927536
Validation: 86, time: 47.473993, loss: 1.434728, validation acc: 0.931744, validation avg acc: 0.896460
Train: 87, time: 47.884153, loss: 1.442675, train acc: 0.955507, train avg acc: 0.929287
Validation: 87, time: 47.884153, loss: 1.436136, validation acc: 0.931744, validation avg acc: 0.903401
Train: 88, time: 47.856243, loss: 1.451648, train acc: 0.951673, train avg acc: 0.926356
Validation: 88, time: 47.856243, loss: 1.428700, validation acc: 0.937703, validation avg acc: 0.910021
Train: 89, time: 47.727758, loss: 1.443556, train acc: 0.951324, train avg acc: 0.925052
Validation: 89, time: 47.727758, loss: 1.427767, validation acc: 0.942579, validation avg acc: 0.914776
Train: 90, time: 47.798506, loss: 1.445672, train acc: 0.953415, train avg acc: 0.928524
Validation: 90, time: 47.798506, loss: 1.434240, validation acc: 0.932828, validation avg acc: 0.900895
Train: 91, time: 47.813361, loss: 1.439534, train acc: 0.955855, train avg acc: 0.930073
Validation: 91, time: 47.813361, loss: 1.427739, validation acc: 0.930119, validation avg acc: 0.895772
Train: 92, time: 48.039187, loss: 1.440818, train acc: 0.955390, train avg acc: 0.928881
Validation: 92, time: 48.039187, loss: 1.424590, validation acc: 0.934995, validation avg acc: 0.904324
Train: 93, time: 47.881366, loss: 1.446119, train acc: 0.952718, train avg acc: 0.928346
Validation: 93, time: 47.881366, loss: 1.447396, validation acc: 0.933369, validation avg acc: 0.907167
Train: 94, time: 47.600031, loss: 1.440466, train acc: 0.958411, train avg acc: 0.936201
Validation: 94, time: 47.600031, loss: 1.424679, validation acc: 0.932286, validation avg acc: 0.902840
Train: 95, time: 47.733070, loss: 1.437526, train acc: 0.955739, train avg acc: 0.934506
Validation: 95, time: 47.733070, loss: 1.419244, validation acc: 0.937703, validation avg acc: 0.906038
Train: 96, time: 47.983247, loss: 1.434465, train acc: 0.959456, train avg acc: 0.937920
Validation: 96, time: 47.983247, loss: 1.427304, validation acc: 0.934995, validation avg acc: 0.901089
Train: 97, time: 47.889706, loss: 1.434243, train acc: 0.959572, train avg acc: 0.937130
Validation: 97, time: 47.889706, loss: 1.431209, validation acc: 0.935536, validation avg acc: 0.905492
Train: 98, time: 47.607497, loss: 1.436981, train acc: 0.956784, train avg acc: 0.934053
Validation: 98, time: 47.607497, loss: 1.424823, validation acc: 0.934453, validation avg acc: 0.905454
Train: 99, time: 47.695138, loss: 1.436560, train acc: 0.957133, train avg acc: 0.935972
Validation: 99, time: 47.695138, loss: 1.427721, validation acc: 0.939870, validation avg acc: 0.915399
Train: 100, time: 47.534853, loss: 1.432217, train acc: 0.959689, train avg acc: 0.936807
Validation: 100, time: 47.534853, loss: 1.427695, validation acc: 0.940953, validation avg acc: 0.906266
Train: 101, time: 47.836647, loss: 1.431024, train acc: 0.959456, train avg acc: 0.935925
Validation: 101, time: 47.836647, loss: 1.413597, validation acc: 0.940412, validation avg acc: 0.911058
Train: 102, time: 47.805207, loss: 1.438805, train acc: 0.956552, train avg acc: 0.933933
Validation: 102, time: 47.805207, loss: 1.424895, validation acc: 0.931203, validation avg acc: 0.903949
Train: 103, time: 48.107158, loss: 1.433092, train acc: 0.959108, train avg acc: 0.938317
Validation: 103, time: 48.107158, loss: 1.428563, validation acc: 0.936078, validation avg acc: 0.907382
Train: 104, time: 47.833109, loss: 1.432350, train acc: 0.959340, train avg acc: 0.937439
Validation: 104, time: 47.833109, loss: 1.421677, validation acc: 0.937161, validation avg acc: 0.913119
Train: 105, time: 47.708510, loss: 1.426142, train acc: 0.960618, train avg acc: 0.940191
Validation: 105, time: 47.708510, loss: 1.432115, validation acc: 0.933911, validation avg acc: 0.901941
Train: 106, time: 47.466131, loss: 1.428368, train acc: 0.960734, train avg acc: 0.937745
Validation: 106, time: 47.466131, loss: 1.429147, validation acc: 0.931203, validation avg acc: 0.901400
Train: 107, time: 47.756131, loss: 1.426439, train acc: 0.961896, train avg acc: 0.938785
Validation: 107, time: 47.756131, loss: 1.430741, validation acc: 0.934453, validation avg acc: 0.908717
Train: 108, time: 47.707292, loss: 1.424989, train acc: 0.960734, train avg acc: 0.939633
Validation: 108, time: 47.707292, loss: 1.439079, validation acc: 0.928494, validation avg acc: 0.894794
Train: 109, time: 47.554404, loss: 1.423708, train acc: 0.962012, train avg acc: 0.940025
Validation: 109, time: 47.554404, loss: 1.427227, validation acc: 0.931203, validation avg acc: 0.900893
Train: 110, time: 47.851263, loss: 1.425580, train acc: 0.961896, train avg acc: 0.943859
Validation: 110, time: 47.851263, loss: 1.447952, validation acc: 0.932828, validation avg acc: 0.896124
Train: 111, time: 47.488958, loss: 1.425048, train acc: 0.962593, train avg acc: 0.944050
Validation: 111, time: 47.488958, loss: 1.415775, validation acc: 0.933369, validation avg acc: 0.907105
Train: 112, time: 48.157146, loss: 1.428433, train acc: 0.959689, train avg acc: 0.938102
Validation: 112, time: 48.157146, loss: 1.434734, validation acc: 0.935536, validation avg acc: 0.909258
Train: 113, time: 47.740917, loss: 1.428313, train acc: 0.959340, train avg acc: 0.937867
Validation: 113, time: 47.740917, loss: 1.439698, validation acc: 0.933369, validation avg acc: 0.908294
Train: 114, time: 47.444251, loss: 1.428030, train acc: 0.961664, train avg acc: 0.941055
Validation: 114, time: 47.444251, loss: 1.433353, validation acc: 0.934453, validation avg acc: 0.902263
Train: 115, time: 47.527117, loss: 1.425900, train acc: 0.962361, train avg acc: 0.941986
Validation: 115, time: 47.527117, loss: 1.424695, validation acc: 0.938245, validation avg acc: 0.908922
Train: 116, time: 47.916873, loss: 1.420280, train acc: 0.966310, train avg acc: 0.947127
Validation: 116, time: 47.916873, loss: 1.437890, validation acc: 0.930661, validation avg acc: 0.903597
Train: 117, time: 47.723710, loss: 1.423235, train acc: 0.961431, train avg acc: 0.938961
Validation: 117, time: 47.723710, loss: 1.423622, validation acc: 0.937703, validation avg acc: 0.914335
Train: 118, time: 47.766363, loss: 1.418007, train acc: 0.964568, train avg acc: 0.944176
Validation: 118, time: 47.766363, loss: 1.421343, validation acc: 0.932828, validation avg acc: 0.903086
Train: 119, time: 48.025591, loss: 1.420494, train acc: 0.963871, train avg acc: 0.940390
Validation: 119, time: 48.025591, loss: 1.420932, validation acc: 0.934995, validation avg acc: 0.906913
Train: 120, time: 47.889376, loss: 1.415104, train acc: 0.967356, train avg acc: 0.951627
Validation: 120, time: 47.889376, loss: 1.421792, validation acc: 0.934995, validation avg acc: 0.904170
Train: 121, time: 47.982682, loss: 1.416618, train acc: 0.964568, train avg acc: 0.945006
Validation: 121, time: 47.982682, loss: 1.421091, validation acc: 0.933911, validation avg acc: 0.896957
Train: 122, time: 47.353033, loss: 1.417549, train acc: 0.965149, train avg acc: 0.944790
Validation: 122, time: 47.353033, loss: 1.419999, validation acc: 0.936078, validation avg acc: 0.907912
Train: 123, time: 47.646472, loss: 1.418015, train acc: 0.966310, train avg acc: 0.947051
Validation: 123, time: 47.646472, loss: 1.420823, validation acc: 0.940953, validation avg acc: 0.916193
Train: 124, time: 47.781585, loss: 1.414179, train acc: 0.967356, train avg acc: 0.948134
Validation: 124, time: 47.781585, loss: 1.419947, validation acc: 0.938245, validation avg acc: 0.903993
Train: 125, time: 47.398334, loss: 1.418008, train acc: 0.963522, train avg acc: 0.944828
Validation: 125, time: 47.398334, loss: 1.429791, validation acc: 0.928494, validation avg acc: 0.896448
Train: 126, time: 47.567536, loss: 1.419211, train acc: 0.966078, train avg acc: 0.948666
Validation: 126, time: 47.567536, loss: 1.431226, validation acc: 0.932828, validation avg acc: 0.899491
Train: 127, time: 47.998042, loss: 1.414245, train acc: 0.967007, train avg acc: 0.950470
Validation: 127, time: 47.998042, loss: 1.423642, validation acc: 0.936078, validation avg acc: 0.906127
Train: 128, time: 48.038689, loss: 1.412416, train acc: 0.966659, train avg acc: 0.945793
Validation: 128, time: 48.038689, loss: 1.415063, validation acc: 0.939328, validation avg acc: 0.909273
Train: 129, time: 47.762631, loss: 1.408966, train acc: 0.967124, train avg acc: 0.950390
Validation: 129, time: 47.762631, loss: 1.431109, validation acc: 0.929577, validation avg acc: 0.898163
Train: 130, time: 47.391501, loss: 1.414389, train acc: 0.965613, train avg acc: 0.946743
Validation: 130, time: 47.391501, loss: 1.421903, validation acc: 0.934453, validation avg acc: 0.903184
Train: 131, time: 47.791140, loss: 1.411868, train acc: 0.965613, train avg acc: 0.947532
Validation: 131, time: 47.791140, loss: 1.414785, validation acc: 0.929577, validation avg acc: 0.897358
Train: 132, time: 47.672053, loss: 1.411841, train acc: 0.968169, train avg acc: 0.953569
Validation: 132, time: 47.672053, loss: 1.426854, validation acc: 0.932286, validation avg acc: 0.897926
Train: 133, time: 47.592843, loss: 1.407583, train acc: 0.968169, train avg acc: 0.951081
Validation: 133, time: 47.592843, loss: 1.417576, validation acc: 0.940412, validation avg acc: 0.912833
Train: 134, time: 47.976348, loss: 1.409568, train acc: 0.966659, train avg acc: 0.949420
Validation: 134, time: 47.976348, loss: 1.416538, validation acc: 0.933911, validation avg acc: 0.901885
Train: 135, time: 48.026147, loss: 1.407352, train acc: 0.967937, train avg acc: 0.951101
Validation: 135, time: 48.026147, loss: 1.423424, validation acc: 0.935536, validation avg acc: 0.900024
Train: 136, time: 47.705220, loss: 1.412501, train acc: 0.968169, train avg acc: 0.949554
Validation: 136, time: 47.705220, loss: 1.421442, validation acc: 0.935536, validation avg acc: 0.903844
Train: 137, time: 47.810461, loss: 1.409733, train acc: 0.967356, train avg acc: 0.947964
Validation: 137, time: 47.810461, loss: 1.440794, validation acc: 0.932828, validation avg acc: 0.902804
Train: 138, time: 47.933880, loss: 1.411769, train acc: 0.967007, train avg acc: 0.950032
Validation: 138, time: 47.933880, loss: 1.415127, validation acc: 0.936078, validation avg acc: 0.902577
Train: 139, time: 47.687919, loss: 1.406113, train acc: 0.969796, train avg acc: 0.954059
Validation: 139, time: 47.687919, loss: 1.422436, validation acc: 0.936620, validation avg acc: 0.909980
Train: 140, time: 47.927058, loss: 1.409629, train acc: 0.965265, train avg acc: 0.947740
Validation: 140, time: 47.927058, loss: 1.430785, validation acc: 0.937161, validation avg acc: 0.912318
Train: 141, time: 47.689377, loss: 1.412332, train acc: 0.967588, train avg acc: 0.948554
Validation: 141, time: 47.689377, loss: 1.413584, validation acc: 0.942037, validation avg acc: 0.911854
Train: 142, time: 47.691482, loss: 1.408511, train acc: 0.966543, train avg acc: 0.949135
Validation: 142, time: 47.691482, loss: 1.420109, validation acc: 0.933911, validation avg acc: 0.904396
Train: 143, time: 47.598978, loss: 1.405209, train acc: 0.970260, train avg acc: 0.953013
Validation: 143, time: 47.598978, loss: 1.434636, validation acc: 0.933911, validation avg acc: 0.907118
Train: 144, time: 47.652760, loss: 1.406862, train acc: 0.967472, train avg acc: 0.949946
Validation: 144, time: 47.652760, loss: 1.420946, validation acc: 0.934995, validation avg acc: 0.908033
Train: 145, time: 48.092698, loss: 1.403960, train acc: 0.967821, train avg acc: 0.951612
Validation: 145, time: 48.092698, loss: 1.419482, validation acc: 0.933911, validation avg acc: 0.906687
Train: 146, time: 47.941799, loss: 1.405023, train acc: 0.968982, train avg acc: 0.952326
Validation: 146, time: 47.941799, loss: 1.420674, validation acc: 0.932286, validation avg acc: 0.900007
Train: 147, time: 47.812018, loss: 1.400207, train acc: 0.972003, train avg acc: 0.955831
Validation: 147, time: 47.812018, loss: 1.414308, validation acc: 0.936620, validation avg acc: 0.914386
Train: 148, time: 47.515349, loss: 1.403441, train acc: 0.970144, train avg acc: 0.955173
Validation: 148, time: 47.515349, loss: 1.425747, validation acc: 0.932828, validation avg acc: 0.903008
Train: 149, time: 47.580789, loss: 1.402611, train acc: 0.969099, train avg acc: 0.952969
Validation: 149, time: 47.580789, loss: 1.421718, validation acc: 0.934995, validation avg acc: 0.899493
====================================================================
TEST:: test acc: 0.919870, test avg acc: 0.888775
