DGCNN(
  (bn1): BatchNorm2d(64, eps=1e-05, momentum=0.1, affine=True, track_running_stats=True)
  (bn2): BatchNorm2d(64, eps=1e-05, momentum=0.1, affine=True, track_running_stats=True)
  (bn3): BatchNorm2d(128, eps=1e-05, momentum=0.1, affine=True, track_running_stats=True)
  (bn4): BatchNorm2d(256, eps=1e-05, momentum=0.1, affine=True, track_running_stats=True)
  (bn5): BatchNorm1d(1024, eps=1e-05, momentum=0.1, affine=True, track_running_stats=True)
  (conv1): Sequential(
    (0): Conv2d(6, 64, kernel_size=(1, 1), stride=(1, 1), bias=False)
    (1): BatchNorm2d(64, eps=1e-05, momentum=0.1, affine=True, track_running_stats=True)
    (2): LeakyReLU(negative_slope=0.2)
  )
  (conv2): Sequential(
    (0): Conv2d(128, 64, kernel_size=(1, 1), stride=(1, 1), bias=False)
    (1): BatchNorm2d(64, eps=1e-05, momentum=0.1, affine=True, track_running_stats=True)
    (2): LeakyReLU(negative_slope=0.2)
  )
  (conv3): Sequential(
    (0): Conv2d(128, 128, kernel_size=(1, 1), stride=(1, 1), bias=False)
    (1): BatchNorm2d(128, eps=1e-05, momentum=0.1, affine=True, track_running_stats=True)
    (2): LeakyReLU(negative_slope=0.2)
  )
  (conv4): Sequential(
    (0): Conv2d(256, 256, kernel_size=(1, 1), stride=(1, 1), bias=False)
    (1): BatchNorm2d(256, eps=1e-05, momentum=0.1, affine=True, track_running_stats=True)
    (2): LeakyReLU(negative_slope=0.2)
  )
  (conv5): Sequential(
    (0): Conv1d(512, 1024, kernel_size=(1,), stride=(1,), bias=False)
    (1): BatchNorm1d(1024, eps=1e-05, momentum=0.1, affine=True, track_running_stats=True)
    (2): LeakyReLU(negative_slope=0.2)
  )
  (linear1): Linear(in_features=2048, out_features=512, bias=False)
  (bn6): BatchNorm1d(512, eps=1e-05, momentum=0.1, affine=True, track_running_stats=True)
  (dp1): Dropout(p=0.5, inplace=False)
  (linear2): Linear(in_features=512, out_features=256, bias=True)
  (bn7): BatchNorm1d(256, eps=1e-05, momentum=0.1, affine=True, track_running_stats=True)
  (dp2): Dropout(p=0.5, inplace=False)
  (linear3): Linear(in_features=256, out_features=40, bias=True)
)
Train: 0, time: 16.199378, loss: 3.410961, train acc: 0.127641, train avg acc: 0.127545
Validation: 0, time: 16.199378, loss: 3.033619, validation acc: 0.265980, validation avg acc: 0.226054
Train: 1, time: 16.158105, loss: 2.895159, train acc: 0.319542, train avg acc: 0.319502
Validation: 1, time: 16.158105, loss: 2.446851, validation acc: 0.583424, validation avg acc: 0.536687
Train: 2, time: 16.137327, loss: 2.656408, train acc: 0.412852, train avg acc: 0.412704
Validation: 2, time: 16.137327, loss: 2.261224, validation acc: 0.652221, validation avg acc: 0.571988
Train: 3, time: 15.973134, loss: 2.511988, train acc: 0.481074, train avg acc: 0.480843
Validation: 3, time: 15.973134, loss: 2.095351, validation acc: 0.722644, validation avg acc: 0.627670
Train: 4, time: 15.883462, loss: 2.404394, train acc: 0.521127, train avg acc: 0.521233
Validation: 4, time: 15.883462, loss: 2.054240, validation acc: 0.691766, validation avg acc: 0.626045
Train: 5, time: 16.082892, loss: 2.322752, train acc: 0.573944, train avg acc: 0.574303
Validation: 5, time: 16.082892, loss: 2.024213, validation acc: 0.750813, validation avg acc: 0.721523
Train: 6, time: 15.669755, loss: 2.237020, train acc: 0.619718, train avg acc: 0.619654
Validation: 6, time: 15.669755, loss: 1.908495, validation acc: 0.767606, validation avg acc: 0.720691
Train: 7, time: 15.559718, loss: 2.194594, train acc: 0.632042, train avg acc: 0.631839
Validation: 7, time: 15.559718, loss: 1.920431, validation acc: 0.769772, validation avg acc: 0.731001
Train: 8, time: 15.845135, loss: 2.169819, train acc: 0.637764, train avg acc: 0.637399
Validation: 8, time: 15.845135, loss: 1.809036, validation acc: 0.834778, validation avg acc: 0.792294
Train: 9, time: 15.978154, loss: 2.123301, train acc: 0.660651, train avg acc: 0.660411
Validation: 9, time: 15.978154, loss: 1.809958, validation acc: 0.832069, validation avg acc: 0.790621
Train: 10, time: 16.005796, loss: 2.072914, train acc: 0.680018, train avg acc: 0.679932
Validation: 10, time: 16.005796, loss: 1.812499, validation acc: 0.807692, validation avg acc: 0.755296
Train: 11, time: 16.155764, loss: 2.062158, train acc: 0.695863, train avg acc: 0.696092
Validation: 11, time: 16.155764, loss: 1.828589, validation acc: 0.812026, validation avg acc: 0.789497
Train: 12, time: 16.186736, loss: 2.037688, train acc: 0.716549, train avg acc: 0.716721
Validation: 12, time: 16.186736, loss: 1.765470, validation acc: 0.838570, validation avg acc: 0.783375
Train: 13, time: 15.869731, loss: 1.994180, train acc: 0.727553, train avg acc: 0.727569
Validation: 13, time: 15.869731, loss: 1.748025, validation acc: 0.849946, validation avg acc: 0.804372
Train: 14, time: 16.070303, loss: 1.977094, train acc: 0.731954, train avg acc: 0.732339
Validation: 14, time: 16.070303, loss: 1.768047, validation acc: 0.823944, validation avg acc: 0.788835
Train: 15, time: 15.858324, loss: 1.952090, train acc: 0.736356, train avg acc: 0.736171
Validation: 15, time: 15.858324, loss: 1.725751, validation acc: 0.854280, validation avg acc: 0.826408
Train: 16, time: 16.049513, loss: 1.948565, train acc: 0.747799, train avg acc: 0.747979
Validation: 16, time: 16.049513, loss: 1.752879, validation acc: 0.828277, validation avg acc: 0.795486
Train: 17, time: 16.134408, loss: 1.937262, train acc: 0.753521, train avg acc: 0.753493
Validation: 17, time: 16.134408, loss: 1.711436, validation acc: 0.857530, validation avg acc: 0.833066
Train: 18, time: 16.210453, loss: 1.917482, train acc: 0.771567, train avg acc: 0.771319
Validation: 18, time: 16.210453, loss: 1.702837, validation acc: 0.864572, validation avg acc: 0.832926
Train: 19, time: 15.899065, loss: 1.907610, train acc: 0.768046, train avg acc: 0.768175
Validation: 19, time: 15.899065, loss: 1.764683, validation acc: 0.825569, validation avg acc: 0.794912
Train: 20, time: 16.324237, loss: 1.873265, train acc: 0.782570, train avg acc: 0.782768
Validation: 20, time: 16.324237, loss: 1.694042, validation acc: 0.862947, validation avg acc: 0.841482
Train: 21, time: 16.262124, loss: 1.864865, train acc: 0.786532, train avg acc: 0.786368
Validation: 21, time: 16.262124, loss: 1.710701, validation acc: 0.847779, validation avg acc: 0.828283
Train: 22, time: 15.964470, loss: 1.856240, train acc: 0.787412, train avg acc: 0.787782
Validation: 22, time: 15.964470, loss: 1.668342, validation acc: 0.867822, validation avg acc: 0.844806
Train: 23, time: 16.069745, loss: 1.847998, train acc: 0.793134, train avg acc: 0.792741
Validation: 23, time: 16.069745, loss: 1.744377, validation acc: 0.836945, validation avg acc: 0.792213
Train: 24, time: 16.065044, loss: 1.830254, train acc: 0.796215, train avg acc: 0.795833
Validation: 24, time: 16.065044, loss: 1.678890, validation acc: 0.863489, validation avg acc: 0.841460
Train: 25, time: 16.083001, loss: 1.824606, train acc: 0.792694, train avg acc: 0.792489
Validation: 25, time: 16.083001, loss: 1.671324, validation acc: 0.861863, validation avg acc: 0.842737
Train: 26, time: 16.040812, loss: 1.812343, train acc: 0.817342, train avg acc: 0.817409
Validation: 26, time: 16.040812, loss: 1.645963, validation acc: 0.889491, validation avg acc: 0.854758
Train: 27, time: 16.226613, loss: 1.798378, train acc: 0.817342, train avg acc: 0.817142
Validation: 27, time: 16.226613, loss: 1.666935, validation acc: 0.866739, validation avg acc: 0.830085
Train: 28, time: 15.899967, loss: 1.812372, train acc: 0.818662, train avg acc: 0.818492
Validation: 28, time: 15.899967, loss: 1.667688, validation acc: 0.862405, validation avg acc: 0.845822
Train: 29, time: 15.968027, loss: 1.800981, train acc: 0.816901, train avg acc: 0.816784
Validation: 29, time: 15.968027, loss: 1.631500, validation acc: 0.874865, validation avg acc: 0.847534
Train: 30, time: 16.070644, loss: 1.776909, train acc: 0.824824, train avg acc: 0.825258
Validation: 30, time: 16.070644, loss: 1.635409, validation acc: 0.886782, validation avg acc: 0.855996
Train: 31, time: 15.865681, loss: 1.774655, train acc: 0.829225, train avg acc: 0.829178
Validation: 31, time: 15.865681, loss: 1.666266, validation acc: 0.860238, validation avg acc: 0.839170
Train: 32, time: 15.783049, loss: 1.763059, train acc: 0.837148, train avg acc: 0.837483
Validation: 32, time: 15.783049, loss: 1.624812, validation acc: 0.884615, validation avg acc: 0.855878
Train: 33, time: 15.812557, loss: 1.755280, train acc: 0.847271, train avg acc: 0.847102
Validation: 33, time: 15.812557, loss: 1.664244, validation acc: 0.869989, validation avg acc: 0.838990
Train: 34, time: 16.110688, loss: 1.741517, train acc: 0.850352, train avg acc: 0.850188
Validation: 34, time: 16.110688, loss: 1.652399, validation acc: 0.866197, validation avg acc: 0.841725
Train: 35, time: 15.916781, loss: 1.746992, train acc: 0.840229, train avg acc: 0.840043
Validation: 35, time: 15.916781, loss: 1.616502, validation acc: 0.873781, validation avg acc: 0.851163
Train: 36, time: 16.024018, loss: 1.738082, train acc: 0.843750, train avg acc: 0.843874
Validation: 36, time: 16.024018, loss: 1.646564, validation acc: 0.863489, validation avg acc: 0.850332
Train: 37, time: 15.934777, loss: 1.732592, train acc: 0.849472, train avg acc: 0.849717
Validation: 37, time: 15.934777, loss: 1.637194, validation acc: 0.869447, validation avg acc: 0.843303
Train: 38, time: 15.665078, loss: 1.729524, train acc: 0.854754, train avg acc: 0.854621
Validation: 38, time: 15.665078, loss: 1.622677, validation acc: 0.869989, validation avg acc: 0.845122
Train: 39, time: 15.951764, loss: 1.733771, train acc: 0.859155, train avg acc: 0.859265
Validation: 39, time: 15.951764, loss: 1.672993, validation acc: 0.858613, validation avg acc: 0.842295
Train: 40, time: 16.020188, loss: 1.709648, train acc: 0.867518, train avg acc: 0.867294
Validation: 40, time: 16.020188, loss: 1.612385, validation acc: 0.884074, validation avg acc: 0.873683
Train: 41, time: 15.963317, loss: 1.710785, train acc: 0.859595, train avg acc: 0.859614
Validation: 41, time: 15.963317, loss: 1.618875, validation acc: 0.887866, validation avg acc: 0.861948
Train: 42, time: 15.827007, loss: 1.690157, train acc: 0.875880, train avg acc: 0.875666
Validation: 42, time: 15.827007, loss: 1.597629, validation acc: 0.890033, validation avg acc: 0.860665
Train: 43, time: 16.192840, loss: 1.689522, train acc: 0.869278, train avg acc: 0.869079
Validation: 43, time: 16.192840, loss: 1.605017, validation acc: 0.882990, validation avg acc: 0.862570
Train: 44, time: 16.262064, loss: 1.700068, train acc: 0.868838, train avg acc: 0.869039
Validation: 44, time: 16.262064, loss: 1.618334, validation acc: 0.886241, validation avg acc: 0.852543
Train: 45, time: 15.801209, loss: 1.691047, train acc: 0.871039, train avg acc: 0.871185
Validation: 45, time: 15.801209, loss: 1.599890, validation acc: 0.895450, validation avg acc: 0.867114
Train: 46, time: 16.199038, loss: 1.683456, train acc: 0.875000, train avg acc: 0.874828
Validation: 46, time: 16.199038, loss: 1.592472, validation acc: 0.881907, validation avg acc: 0.861527
Train: 47, time: 15.817643, loss: 1.681859, train acc: 0.878081, train avg acc: 0.877927
Validation: 47, time: 15.817643, loss: 1.613013, validation acc: 0.879740, validation avg acc: 0.861772
Train: 48, time: 15.623319, loss: 1.667425, train acc: 0.880722, train avg acc: 0.880661
Validation: 48, time: 15.623319, loss: 1.590939, validation acc: 0.898700, validation avg acc: 0.876378
Train: 49, time: 16.396128, loss: 1.663945, train acc: 0.883803, train avg acc: 0.883866
Validation: 49, time: 16.396128, loss: 1.620454, validation acc: 0.865114, validation avg acc: 0.847779
Train: 50, time: 15.978098, loss: 1.652613, train acc: 0.892606, train avg acc: 0.892605
Validation: 50, time: 15.978098, loss: 1.608977, validation acc: 0.879740, validation avg acc: 0.858286
Train: 51, time: 15.958986, loss: 1.647691, train acc: 0.896127, train avg acc: 0.896232
Validation: 51, time: 15.958986, loss: 1.606062, validation acc: 0.881365, validation avg acc: 0.862577
Train: 52, time: 15.740961, loss: 1.655954, train acc: 0.885563, train avg acc: 0.885526
Validation: 52, time: 15.740961, loss: 1.573530, validation acc: 0.887866, validation avg acc: 0.869547
Train: 53, time: 16.179930, loss: 1.651809, train acc: 0.889525, train avg acc: 0.889544
Validation: 53, time: 16.179930, loss: 1.578024, validation acc: 0.892199, validation avg acc: 0.863305
Train: 54, time: 16.088448, loss: 1.641664, train acc: 0.898768, train avg acc: 0.898716
Validation: 54, time: 16.088448, loss: 1.573551, validation acc: 0.901408, validation avg acc: 0.867948
Train: 55, time: 15.923787, loss: 1.638363, train acc: 0.893046, train avg acc: 0.893178
Validation: 55, time: 15.923787, loss: 1.572674, validation acc: 0.891658, validation avg acc: 0.867882
Train: 56, time: 15.940005, loss: 1.637844, train acc: 0.897007, train avg acc: 0.896936
Validation: 56, time: 15.940005, loss: 1.585059, validation acc: 0.895450, validation avg acc: 0.869229
Train: 57, time: 16.027917, loss: 1.631320, train acc: 0.900968, train avg acc: 0.900979
Validation: 57, time: 16.027917, loss: 1.597399, validation acc: 0.880823, validation avg acc: 0.861329
Train: 58, time: 15.746122, loss: 1.634723, train acc: 0.897447, train avg acc: 0.897470
Validation: 58, time: 15.746122, loss: 1.579013, validation acc: 0.886782, validation avg acc: 0.863041
Train: 59, time: 15.848726, loss: 1.607985, train acc: 0.911972, train avg acc: 0.911998
Validation: 59, time: 15.848726, loss: 1.591967, validation acc: 0.888407, validation avg acc: 0.864161
Train: 60, time: 15.854399, loss: 1.615354, train acc: 0.908011, train avg acc: 0.908058
Validation: 60, time: 15.854399, loss: 1.578216, validation acc: 0.894366, validation avg acc: 0.872391
Train: 61, time: 15.742782, loss: 1.619054, train acc: 0.903609, train avg acc: 0.903657
Validation: 61, time: 15.742782, loss: 1.613454, validation acc: 0.875948, validation avg acc: 0.862642
Train: 62, time: 15.892119, loss: 1.620793, train acc: 0.898768, train avg acc: 0.898888
Validation: 62, time: 15.892119, loss: 1.582977, validation acc: 0.891658, validation avg acc: 0.863804
Train: 63, time: 15.814273, loss: 1.602385, train acc: 0.915053, train avg acc: 0.915186
Validation: 63, time: 15.814273, loss: 1.582833, validation acc: 0.886241, validation avg acc: 0.870661
Train: 64, time: 15.874698, loss: 1.609511, train acc: 0.908451, train avg acc: 0.908607
Validation: 64, time: 15.874698, loss: 1.561115, validation acc: 0.897616, validation avg acc: 0.878845
Train: 65, time: 15.819772, loss: 1.603430, train acc: 0.912852, train avg acc: 0.912578
Validation: 65, time: 15.819772, loss: 1.600278, validation acc: 0.883532, validation avg acc: 0.866731
Train: 66, time: 16.032438, loss: 1.592246, train acc: 0.911092, train avg acc: 0.910977
Validation: 66, time: 16.032438, loss: 1.592824, validation acc: 0.877573, validation avg acc: 0.857768
Train: 67, time: 15.970329, loss: 1.591504, train acc: 0.917254, train avg acc: 0.917230
Validation: 67, time: 15.970329, loss: 1.575228, validation acc: 0.888407, validation avg acc: 0.861142
Train: 68, time: 15.969323, loss: 1.588191, train acc: 0.910651, train avg acc: 0.910317
Validation: 68, time: 15.969323, loss: 1.551638, validation acc: 0.900867, validation avg acc: 0.877842
Train: 69, time: 15.909009, loss: 1.589910, train acc: 0.918574, train avg acc: 0.918621
Validation: 69, time: 15.909009, loss: 1.571097, validation acc: 0.896533, validation avg acc: 0.874424
Train: 70, time: 15.943919, loss: 1.583810, train acc: 0.919894, train avg acc: 0.919923
Validation: 70, time: 15.943919, loss: 1.563358, validation acc: 0.896533, validation avg acc: 0.875044
Train: 71, time: 16.058062, loss: 1.591964, train acc: 0.917694, train avg acc: 0.917525
Validation: 71, time: 16.058062, loss: 1.563760, validation acc: 0.893824, validation avg acc: 0.880434
Train: 72, time: 15.673156, loss: 1.583843, train acc: 0.918134, train avg acc: 0.918170
Validation: 72, time: 15.673156, loss: 1.554760, validation acc: 0.899783, validation avg acc: 0.874454
Train: 73, time: 15.833694, loss: 1.580254, train acc: 0.914613, train avg acc: 0.914748
Validation: 73, time: 15.833694, loss: 1.619570, validation acc: 0.872156, validation avg acc: 0.854247
Train: 74, time: 15.840785, loss: 1.574193, train acc: 0.919894, train avg acc: 0.919987
Validation: 74, time: 15.840785, loss: 1.561553, validation acc: 0.898700, validation avg acc: 0.872759
Train: 75, time: 15.531121, loss: 1.568274, train acc: 0.924296, train avg acc: 0.924209
Validation: 75, time: 15.531121, loss: 1.575774, validation acc: 0.891658, validation avg acc: 0.874634
Train: 76, time: 15.399488, loss: 1.568709, train acc: 0.932218, train avg acc: 0.932330
Validation: 76, time: 15.399488, loss: 1.556522, validation acc: 0.894366, validation avg acc: 0.874053
Train: 77, time: 15.414266, loss: 1.552942, train acc: 0.930458, train avg acc: 0.930529
Validation: 77, time: 15.414266, loss: 1.567030, validation acc: 0.894366, validation avg acc: 0.875388
Train: 78, time: 15.427116, loss: 1.571312, train acc: 0.917254, train avg acc: 0.917129
Validation: 78, time: 15.427116, loss: 1.607250, validation acc: 0.874323, validation avg acc: 0.858239
Train: 79, time: 15.509176, loss: 1.566609, train acc: 0.922975, train avg acc: 0.923058
Validation: 79, time: 15.509176, loss: 1.604471, validation acc: 0.875406, validation avg acc: 0.871689
Train: 80, time: 15.755296, loss: 1.553870, train acc: 0.927377, train avg acc: 0.927333
Validation: 80, time: 15.755296, loss: 1.592250, validation acc: 0.881907, validation avg acc: 0.859774
Train: 81, time: 15.859835, loss: 1.563637, train acc: 0.931338, train avg acc: 0.931137
Validation: 81, time: 15.859835, loss: 1.570678, validation acc: 0.888407, validation avg acc: 0.869067
Train: 82, time: 15.467451, loss: 1.552460, train acc: 0.933539, train avg acc: 0.933717
Validation: 82, time: 15.467451, loss: 1.565583, validation acc: 0.895991, validation avg acc: 0.876677
Train: 83, time: 15.461818, loss: 1.553035, train acc: 0.933979, train avg acc: 0.933921
Validation: 83, time: 15.461818, loss: 1.574815, validation acc: 0.891116, validation avg acc: 0.875334
Train: 84, time: 15.418428, loss: 1.544866, train acc: 0.939261, train avg acc: 0.939239
Validation: 84, time: 15.418428, loss: 1.541703, validation acc: 0.903575, validation avg acc: 0.878928
Train: 85, time: 15.488881, loss: 1.554485, train acc: 0.925616, train avg acc: 0.925689
Validation: 85, time: 15.488881, loss: 1.555311, validation acc: 0.883532, validation avg acc: 0.865690
Train: 86, time: 15.497992, loss: 1.546413, train acc: 0.927377, train avg acc: 0.927263
Validation: 86, time: 15.497992, loss: 1.568657, validation acc: 0.888407, validation avg acc: 0.863791
Train: 87, time: 15.481469, loss: 1.551961, train acc: 0.931778, train avg acc: 0.931814
Validation: 87, time: 15.481469, loss: 1.564168, validation acc: 0.888949, validation avg acc: 0.863389
Train: 88, time: 15.473518, loss: 1.541176, train acc: 0.938820, train avg acc: 0.938821
Validation: 88, time: 15.473518, loss: 1.559140, validation acc: 0.896533, validation avg acc: 0.878965
Train: 89, time: 15.549853, loss: 1.534022, train acc: 0.941901, train avg acc: 0.941823
Validation: 89, time: 15.549853, loss: 1.579538, validation acc: 0.892741, validation avg acc: 0.879509
Train: 90, time: 15.532036, loss: 1.517619, train acc: 0.947183, train avg acc: 0.947149
Validation: 90, time: 15.532036, loss: 1.565624, validation acc: 0.892741, validation avg acc: 0.876078
Train: 91, time: 15.622006, loss: 1.525725, train acc: 0.941901, train avg acc: 0.941823
Validation: 91, time: 15.622006, loss: 1.554041, validation acc: 0.901950, validation avg acc: 0.875696
Train: 92, time: 15.492776, loss: 1.518343, train acc: 0.945863, train avg acc: 0.945808
Validation: 92, time: 15.492776, loss: 1.543254, validation acc: 0.896533, validation avg acc: 0.870045
Train: 93, time: 15.405046, loss: 1.534011, train acc: 0.941461, train avg acc: 0.941328
Validation: 93, time: 15.405046, loss: 1.547050, validation acc: 0.894366, validation avg acc: 0.874758
Train: 94, time: 15.693688, loss: 1.524195, train acc: 0.948504, train avg acc: 0.948613
Validation: 94, time: 15.693688, loss: 1.581619, validation acc: 0.881907, validation avg acc: 0.868333
Train: 95, time: 15.844917, loss: 1.524692, train acc: 0.941461, train avg acc: 0.941447
Validation: 95, time: 15.844917, loss: 1.545470, validation acc: 0.899783, validation avg acc: 0.887507
Train: 96, time: 15.559595, loss: 1.505919, train acc: 0.957746, train avg acc: 0.957785
Validation: 96, time: 15.559595, loss: 1.557409, validation acc: 0.900867, validation avg acc: 0.881815
Train: 97, time: 15.476027, loss: 1.520920, train acc: 0.952465, train avg acc: 0.952514
Validation: 97, time: 15.476027, loss: 1.564986, validation acc: 0.876490, validation avg acc: 0.865809
Train: 98, time: 15.778823, loss: 1.516015, train acc: 0.946743, train avg acc: 0.946624
Validation: 98, time: 15.778823, loss: 1.575027, validation acc: 0.889491, validation avg acc: 0.877914
Train: 99, time: 15.668332, loss: 1.507668, train acc: 0.951144, train avg acc: 0.951065
Validation: 99, time: 15.668332, loss: 1.530447, validation acc: 0.904117, validation avg acc: 0.881175
====================================================================
TEST:: test acc: 0.891175, test avg acc: 0.868494
